TpTrace Verbose: 0 : 37412, 1, 2024/03/17, 14:31:50.804, 311497724665, vstest.console.dll, Version: 17.8.0-release-23523-03 Current process architecture: X64
TpTrace Verbose: 0 : 37412, 1, 2024/03/17, 14:31:50.808, 311497763392, vstest.console.dll, Runtime location: C:\Program Files\dotnet\shared\Microsoft.NETCore.App\8.0.0
TpTrace Verbose: 0 : 37412, 1, 2024/03/17, 14:31:50.811, 311497792664, vstest.console.dll, ArtifactProcessingPostProcessModeProcessorExecutor.Initialize: ArtifactProcessingMode.Collect
TpTrace Verbose: 0 : 37412, 1, 2024/03/17, 14:31:50.811, 311497793579, vstest.console.dll, TestSessionCorrelationIdProcessorModeProcessorExecutor.Initialize: TestSessionCorrelationId '24340_0e02d97f-03fe-470f-9a23-9225ed24e721'
TpTrace Information: 0 : 37412, 1, 2024/03/17, 14:31:50.820, 311497882284, vstest.console.dll, FilePatternParser: The given file C:\Users\petko\OneDrive\Documents\GitHub\Backend-Test--Automation\Eventmi-AppSkeleton\Eventmi.Tests\bin\Debug\net6.0\fine-code-coverage\build-output\Eventmi.Tests.dll is a full path.
TpTrace Verbose: 0 : 37412, 1, 2024/03/17, 14:31:50.825, 311497933538, vstest.console.dll, TestPluginCache.DiscoverTestExtensions: finding test extensions in assemblies ends with: RuntimeProvider.dll TPluginInfo: Microsoft.VisualStudio.TestPlatform.Common.ExtensionFramework.Utilities.TestRuntimePluginInformation TExtension: Microsoft.VisualStudio.TestPlatform.ObjectModel.Host.ITestRuntimeProvider
TpTrace Verbose: 0 : 37412, 1, 2024/03/17, 14:31:50.825, 311497937723, vstest.console.dll, TestPluginCache.GetExtensionPaths: Filtered extension paths: 
TpTrace Verbose: 0 : 37412, 1, 2024/03/17, 14:31:50.825, 311497938392, vstest.console.dll, TestPluginCache.GetExtensionPaths: Added default extension paths: C:\Program Files\dotnet\sdk\8.0.100\Extensions\Microsoft.Diagnostics.NETCore.Client.dll
C:\Program Files\dotnet\sdk\8.0.100\Extensions\Microsoft.TestPlatform.Extensions.BlameDataCollector.dll
C:\Program Files\dotnet\sdk\8.0.100\Extensions\Microsoft.TestPlatform.Extensions.EventLogCollector.dll
C:\Program Files\dotnet\sdk\8.0.100\Extensions\Microsoft.TestPlatform.TestHostRuntimeProvider.dll
C:\Program Files\dotnet\sdk\8.0.100\Extensions\Microsoft.VisualStudio.TestPlatform.Extensions.Html.TestLogger.dll
C:\Program Files\dotnet\sdk\8.0.100\Extensions\Microsoft.VisualStudio.TestPlatform.Extensions.Trx.TestLogger.dll
TpTrace Verbose: 0 : 37412, 1, 2024/03/17, 14:31:50.826, 311497939545, vstest.console.dll, TestPluginCache.GetExtensionPaths: Added unfilterableExtensionPaths: 
TpTrace Information: 0 : 37412, 1, 2024/03/17, 14:31:50.826, 311497943391, vstest.console.dll, AssemblyResolver.ctor: Creating AssemblyResolver with searchDirectories C:\Program Files\dotnet\sdk\8.0.100\Extensions,C:\Program Files\dotnet\sdk\8.0.100
TpTrace Verbose: 0 : 37412, 1, 2024/03/17, 14:31:50.827, 311497955316, vstest.console.dll, TestPluginCache.DiscoverTestExtensions: Discovering the extensions using extension path.
TpTrace Verbose: 0 : 37412, 1, 2024/03/17, 14:31:50.827, 311497956139, vstest.console.dll, TestPluginCache.GetExtensionPaths: Filtered extension paths: 
TpTrace Verbose: 0 : 37412, 1, 2024/03/17, 14:31:50.827, 311497956410, vstest.console.dll, TestPluginCache.GetExtensionPaths: Added default extension paths: C:\Program Files\dotnet\sdk\8.0.100\Extensions\Microsoft.Diagnostics.NETCore.Client.dll
C:\Program Files\dotnet\sdk\8.0.100\Extensions\Microsoft.TestPlatform.Extensions.BlameDataCollector.dll
C:\Program Files\dotnet\sdk\8.0.100\Extensions\Microsoft.TestPlatform.Extensions.EventLogCollector.dll
C:\Program Files\dotnet\sdk\8.0.100\Extensions\Microsoft.TestPlatform.TestHostRuntimeProvider.dll
C:\Program Files\dotnet\sdk\8.0.100\Extensions\Microsoft.VisualStudio.TestPlatform.Extensions.Html.TestLogger.dll
C:\Program Files\dotnet\sdk\8.0.100\Extensions\Microsoft.VisualStudio.TestPlatform.Extensions.Trx.TestLogger.dll
TpTrace Verbose: 0 : 37412, 1, 2024/03/17, 14:31:50.827, 311497956572, vstest.console.dll, TestPluginCache.GetExtensionPaths: Added unfilterableExtensionPaths: 
TpTrace Verbose: 0 : 37412, 1, 2024/03/17, 14:31:50.827, 311497956917, vstest.console.dll, TestPluginCache.DiscoverTestExtensions: Discovering the extensions using allExtensionPaths: C:\Program Files\dotnet\sdk\8.0.100\Extensions\Microsoft.Diagnostics.NETCore.Client.dll
C:\Program Files\dotnet\sdk\8.0.100\Extensions\Microsoft.TestPlatform.Extensions.BlameDataCollector.dll
C:\Program Files\dotnet\sdk\8.0.100\Extensions\Microsoft.TestPlatform.Extensions.EventLogCollector.dll
C:\Program Files\dotnet\sdk\8.0.100\Extensions\Microsoft.TestPlatform.TestHostRuntimeProvider.dll
C:\Program Files\dotnet\sdk\8.0.100\Extensions\Microsoft.VisualStudio.TestPlatform.Extensions.Html.TestLogger.dll
C:\Program Files\dotnet\sdk\8.0.100\Extensions\Microsoft.VisualStudio.TestPlatform.Extensions.Trx.TestLogger.dll
TpTrace Information: 0 : 37412, 1, 2024/03/17, 14:31:50.827, 311497957896, vstest.console.dll, AssemblyResolver.AddSearchDirectories: Adding more searchDirectories C:\Program Files\dotnet\sdk\8.0.100\Extensions,C:\Program Files\dotnet\sdk\8.0.100
TpTrace Information: 0 : 37412, 1, 2024/03/17, 14:31:50.827, 311497958235, vstest.console.dll, AssemblyResolver.AddSearchDirectories: Adding more searchDirectories C:\Program Files\dotnet\sdk\8.0.100\Extensions,C:\Program Files\dotnet\sdk\8.0.100
TpTrace Information: 0 : 37412, 1, 2024/03/17, 14:31:50.827, 311497958489, vstest.console.dll, AssemblyResolver.AddSearchDirectories: Adding more searchDirectories C:\Program Files\dotnet\sdk\8.0.100\Extensions,C:\Program Files\dotnet\sdk\8.0.100
TpTrace Information: 0 : 37412, 1, 2024/03/17, 14:31:50.827, 311497958648, vstest.console.dll, AssemblyResolver.AddSearchDirectories: Adding more searchDirectories C:\Program Files\dotnet\sdk\8.0.100\Extensions,C:\Program Files\dotnet\sdk\8.0.100
TpTrace Information: 0 : 37412, 1, 2024/03/17, 14:31:50.828, 311497958839, vstest.console.dll, AssemblyResolver.AddSearchDirectories: Adding more searchDirectories C:\Program Files\dotnet\sdk\8.0.100\Extensions,C:\Program Files\dotnet\sdk\8.0.100
TpTrace Information: 0 : 37412, 1, 2024/03/17, 14:31:50.828, 311497958949, vstest.console.dll, AssemblyResolver.AddSearchDirectories: Adding more searchDirectories C:\Program Files\dotnet\sdk\8.0.100\Extensions,C:\Program Files\dotnet\sdk\8.0.100
TpTrace Information: 0 : 37412, 1, 2024/03/17, 14:31:50.828, 311497962061, vstest.console.dll, AssemblyResolver.OnResolve: Microsoft.Diagnostics.NETCore.Client: Resolving assembly.
TpTrace Information: 0 : 37412, 1, 2024/03/17, 14:31:50.828, 311497962512, vstest.console.dll, AssemblyResolver.OnResolve: Microsoft.Diagnostics.NETCore.Client: Searching in: 'C:\Program Files\dotnet\sdk\8.0.100\Extensions'.
TpTrace Information: 0 : 37412, 1, 2024/03/17, 14:31:50.837, 311498049146, vstest.console.dll, AssemblyResolver.OnResolve: Microsoft.Diagnostics.NETCore.Client: Loading assembly 'C:\Program Files\dotnet\sdk\8.0.100\Extensions\Microsoft.Diagnostics.NETCore.Client.dll'.
TpTrace Information: 0 : 37412, 1, 2024/03/17, 14:31:50.837, 311498053610, vstest.console.dll, AssemblyResolver.OnResolve: Resolved assembly: Microsoft.Diagnostics.NETCore.Client, from path: C:\Program Files\dotnet\sdk\8.0.100\Extensions\Microsoft.Diagnostics.NETCore.Client.dll
TpTrace Verbose: 0 : 37412, 1, 2024/03/17, 14:31:50.840, 311498082246, vstest.console.dll, MetadataReaderExtensionsHelper: Discovering extensions inside assembly 'Microsoft.Diagnostics.NETCore.Client, Version=0.2.8.21101, Culture=neutral, PublicKeyToken=31bf3856ad364e35' file path 'C:\Program Files\dotnet\sdk\8.0.100\Extensions\Microsoft.Diagnostics.NETCore.Client.dll'
TpTrace Information: 0 : 37412, 1, 2024/03/17, 14:31:50.842, 311498102506, vstest.console.dll, AssemblyResolver.OnResolve: Microsoft.Bcl.AsyncInterfaces: Resolving assembly.
TpTrace Information: 0 : 37412, 1, 2024/03/17, 14:31:50.842, 311498103133, vstest.console.dll, AssemblyResolver.OnResolve: Microsoft.Bcl.AsyncInterfaces: Searching in: 'C:\Program Files\dotnet\sdk\8.0.100\Extensions'.
TpTrace Information: 0 : 37412, 1, 2024/03/17, 14:31:50.842, 311498103638, vstest.console.dll, AssemblyResolver.OnResolve: Microsoft.Bcl.AsyncInterfaces: Assembly path does not exist: 'C:\Program Files\dotnet\sdk\8.0.100\Extensions\Microsoft.Bcl.AsyncInterfaces.dll', returning.
TpTrace Information: 0 : 37412, 1, 2024/03/17, 14:31:50.842, 311498104231, vstest.console.dll, AssemblyResolver.OnResolve: Microsoft.Bcl.AsyncInterfaces: Assembly path does not exist: 'C:\Program Files\dotnet\sdk\8.0.100\Extensions\Microsoft.Bcl.AsyncInterfaces.exe', returning.
TpTrace Information: 0 : 37412, 1, 2024/03/17, 14:31:50.842, 311498104367, vstest.console.dll, AssemblyResolver.OnResolve: Microsoft.Bcl.AsyncInterfaces: Searching in: 'C:\Program Files\dotnet\sdk\8.0.100'.
TpTrace Information: 0 : 37412, 1, 2024/03/17, 14:31:50.842, 311498104689, vstest.console.dll, AssemblyResolver.OnResolve: Microsoft.Bcl.AsyncInterfaces: Assembly path does not exist: 'C:\Program Files\dotnet\sdk\8.0.100\Microsoft.Bcl.AsyncInterfaces.dll', returning.
TpTrace Information: 0 : 37412, 1, 2024/03/17, 14:31:50.842, 311498104914, vstest.console.dll, AssemblyResolver.OnResolve: Microsoft.Bcl.AsyncInterfaces: Assembly path does not exist: 'C:\Program Files\dotnet\sdk\8.0.100\Microsoft.Bcl.AsyncInterfaces.exe', returning.
TpTrace Information: 0 : 37412, 1, 2024/03/17, 14:31:50.842, 311498105033, vstest.console.dll, AssemblyResolver.OnResolve: Microsoft.Bcl.AsyncInterfaces: Failed to load assembly.
TpTrace Verbose: 0 : 37412, 1, 2024/03/17, 14:31:50.842, 311498105192, vstest.console.dll, CurrentDomainAssemblyResolve: Resolving assembly 'Microsoft.Bcl.AsyncInterfaces'.
TpTrace Information: 0 : 37412, 1, 2024/03/17, 14:31:50.842, 311498105484, vstest.console.dll, AssemblyResolver.OnResolve: Microsoft.Bcl.AsyncInterfaces: Resolving assembly.
TpTrace Information: 0 : 37412, 1, 2024/03/17, 14:31:50.842, 311498105642, vstest.console.dll, AssemblyResolver.OnResolve: Microsoft.Bcl.AsyncInterfaces: Resolved from cache.
TpTrace Verbose: 0 : 37412, 1, 2024/03/17, 14:31:50.842, 311498105743, vstest.console.dll, CurrentDomainAssemblyResolve: Resolving assembly 'Microsoft.Bcl.AsyncInterfaces'.
TpTrace Verbose: 0 : 37412, 1, 2024/03/17, 14:31:50.842, 311498105873, vstest.console.dll, CurrentDomainAssemblyResolve: Failed to resolve assembly 'Microsoft.Bcl.AsyncInterfaces'.
TpTrace Verbose: 0 : 37412, 1, 2024/03/17, 14:31:50.843, 311498109168, vstest.console.dll, CurrentDomainAssemblyResolve: Failed to resolve assembly 'Microsoft.Bcl.AsyncInterfaces'.
TpTrace Warning: 0 : 37412, 1, 2024/03/17, 14:31:50.851, 311498194622, vstest.console.dll, TestPluginDiscoverer: Failed to get types from assembly 'Microsoft.Diagnostics.NETCore.Client, Version=0.2.8.21101, Culture=neutral, PublicKeyToken=31bf3856ad364e35'. Error: System.Reflection.ReflectionTypeLoadException: Unable to load one or more of the requested types.
Could not load file or assembly 'Microsoft.Bcl.AsyncInterfaces, Version=1.0.0.0, Culture=neutral, PublicKeyToken=cc7b13ffcd2ddd51'. The system cannot find the file specified.
   at System.Reflection.RuntimeModule.GetTypes(RuntimeModule module)
   at System.Reflection.RuntimeModule.GetTypes()
   at Microsoft.VisualStudio.TestPlatform.Common.ExtensionFramework.TestPluginDiscoverer.GetTestExtensionsFromAssembly[TPluginInfo,TExtension](Assembly assembly, Dictionary`2 pluginInfos, String filePath) in /_/src/Microsoft.TestPlatform.Common/ExtensionFramework/TestPluginDiscoverer.cs:line 158
System.IO.FileNotFoundException: Could not load file or assembly 'Microsoft.Bcl.AsyncInterfaces, Version=1.0.0.0, Culture=neutral, PublicKeyToken=cc7b13ffcd2ddd51'. The system cannot find the file specified.
File name: 'Microsoft.Bcl.AsyncInterfaces, Version=1.0.0.0, Culture=neutral, PublicKeyToken=cc7b13ffcd2ddd51'
 ---> System.IO.FileNotFoundException: Could not load file or assembly 'Microsoft.Bcl.AsyncInterfaces, Culture=neutral, PublicKeyToken=null'. The system cannot find the file specified.
File name: 'Microsoft.Bcl.AsyncInterfaces, Culture=neutral, PublicKeyToken=null'
   at System.Reflection.RuntimeAssembly.InternalLoad(AssemblyName assemblyName, StackCrawlMark& stackMark, AssemblyLoadContext assemblyLoadContext, RuntimeAssembly requestingAssembly, Boolean throwOnFileNotFound)
   at System.Reflection.Assembly.Load(AssemblyName assemblyRef)
   at Microsoft.VisualStudio.TestPlatform.Common.ExtensionFramework.TestPluginCache.CurrentDomainAssemblyResolve(Object sender, AssemblyResolveEventArgs args) in /_/src/Microsoft.TestPlatform.Common/ExtensionFramework/TestPluginCache.cs:line 513
   at System.Runtime.Loader.AssemblyLoadContext.GetFirstResolvedAssemblyFromResolvingEvent(AssemblyName assemblyName)
   at System.Runtime.Loader.AssemblyLoadContext.ResolveUsingEvent(AssemblyName assemblyName)
   at System.Runtime.Loader.AssemblyLoadContext.ResolveUsingResolvingEvent(IntPtr gchManagedAssemblyLoadContext, AssemblyName assemblyName)
TpTrace Warning: 0 : 37412, 1, 2024/03/17, 14:31:50.851, 311498198174, vstest.console.dll, LoaderExceptions: System.IO.FileNotFoundException: Could not load file or assembly 'Microsoft.Bcl.AsyncInterfaces, Version=1.0.0.0, Culture=neutral, PublicKeyToken=cc7b13ffcd2ddd51'. The system cannot find the file specified.
File name: 'Microsoft.Bcl.AsyncInterfaces, Version=1.0.0.0, Culture=neutral, PublicKeyToken=cc7b13ffcd2ddd51'
 ---> System.IO.FileNotFoundException: Could not load file or assembly 'Microsoft.Bcl.AsyncInterfaces, Culture=neutral, PublicKeyToken=null'. The system cannot find the file specified.
File name: 'Microsoft.Bcl.AsyncInterfaces, Culture=neutral, PublicKeyToken=null'
   at System.Reflection.RuntimeAssembly.InternalLoad(AssemblyName assemblyName, StackCrawlMark& stackMark, AssemblyLoadContext assemblyLoadContext, RuntimeAssembly requestingAssembly, Boolean throwOnFileNotFound)
   at System.Reflection.Assembly.Load(AssemblyName assemblyRef)
   at Microsoft.VisualStudio.TestPlatform.Common.ExtensionFramework.TestPluginCache.CurrentDomainAssemblyResolve(Object sender, AssemblyResolveEventArgs args) in /_/src/Microsoft.TestPlatform.Common/ExtensionFramework/TestPluginCache.cs:line 513
   at System.Runtime.Loader.AssemblyLoadContext.GetFirstResolvedAssemblyFromResolvingEvent(AssemblyName assemblyName)
   at System.Runtime.Loader.AssemblyLoadContext.ResolveUsingEvent(AssemblyName assemblyName)
   at System.Runtime.Loader.AssemblyLoadContext.ResolveUsingResolvingEvent(IntPtr gchManagedAssemblyLoadContext, AssemblyName assemblyName)
TpTrace Information: 0 : 37412, 1, 2024/03/17, 14:31:50.852, 311498199588, vstest.console.dll, AssemblyResolver.OnResolve: Microsoft.TestPlatform.Extensions.BlameDataCollector: Resolving assembly.
TpTrace Information: 0 : 37412, 1, 2024/03/17, 14:31:50.852, 311498199886, vstest.console.dll, AssemblyResolver.OnResolve: Microsoft.TestPlatform.Extensions.BlameDataCollector: Searching in: 'C:\Program Files\dotnet\sdk\8.0.100\Extensions'.
TpTrace Information: 0 : 37412, 1, 2024/03/17, 14:31:50.852, 311498202240, vstest.console.dll, AssemblyResolver.OnResolve: Microsoft.TestPlatform.Extensions.BlameDataCollector: Loading assembly 'C:\Program Files\dotnet\sdk\8.0.100\Extensions\Microsoft.TestPlatform.Extensions.BlameDataCollector.dll'.
TpTrace Information: 0 : 37412, 1, 2024/03/17, 14:31:50.852, 311498204691, vstest.console.dll, AssemblyResolver.OnResolve: Resolved assembly: Microsoft.TestPlatform.Extensions.BlameDataCollector, from path: C:\Program Files\dotnet\sdk\8.0.100\Extensions\Microsoft.TestPlatform.Extensions.BlameDataCollector.dll
TpTrace Verbose: 0 : 37412, 1, 2024/03/17, 14:31:50.852, 311498205124, vstest.console.dll, MetadataReaderExtensionsHelper: Discovering extensions inside assembly 'Microsoft.TestPlatform.Extensions.BlameDataCollector, Version=15.0.0.0, Culture=neutral, PublicKeyToken=b03f5f7f11d50a3a' file path 'C:\Program Files\dotnet\sdk\8.0.100\Extensions\Microsoft.TestPlatform.Extensions.BlameDataCollector.dll'
TpTrace Information: 0 : 37412, 1, 2024/03/17, 14:31:50.853, 311498214033, vstest.console.dll, AssemblyResolver.OnResolve: Microsoft.TestPlatform.Extensions.EventLogCollector: Resolving assembly.
TpTrace Information: 0 : 37412, 1, 2024/03/17, 14:31:50.853, 311498214397, vstest.console.dll, AssemblyResolver.OnResolve: Microsoft.TestPlatform.Extensions.EventLogCollector: Searching in: 'C:\Program Files\dotnet\sdk\8.0.100\Extensions'.
TpTrace Information: 0 : 37412, 1, 2024/03/17, 14:31:50.853, 311498216474, vstest.console.dll, AssemblyResolver.OnResolve: Microsoft.TestPlatform.Extensions.EventLogCollector: Loading assembly 'C:\Program Files\dotnet\sdk\8.0.100\Extensions\Microsoft.TestPlatform.Extensions.EventLogCollector.dll'.
TpTrace Information: 0 : 37412, 1, 2024/03/17, 14:31:50.854, 311498221435, vstest.console.dll, AssemblyResolver.OnResolve: Resolved assembly: Microsoft.TestPlatform.Extensions.EventLogCollector, from path: C:\Program Files\dotnet\sdk\8.0.100\Extensions\Microsoft.TestPlatform.Extensions.EventLogCollector.dll
TpTrace Verbose: 0 : 37412, 1, 2024/03/17, 14:31:50.854, 311498222184, vstest.console.dll, MetadataReaderExtensionsHelper: Discovering extensions inside assembly 'Microsoft.TestPlatform.Extensions.EventLogCollector, Version=15.0.0.0, Culture=neutral, PublicKeyToken=b03f5f7f11d50a3a' file path 'C:\Program Files\dotnet\sdk\8.0.100\Extensions\Microsoft.TestPlatform.Extensions.EventLogCollector.dll'
TpTrace Information: 0 : 37412, 1, 2024/03/17, 14:31:50.855, 311498237508, vstest.console.dll, AssemblyResolver.OnResolve: Microsoft.TestPlatform.TestHostRuntimeProvider: Resolving assembly.
TpTrace Information: 0 : 37412, 1, 2024/03/17, 14:31:50.855, 311498237981, vstest.console.dll, AssemblyResolver.OnResolve: Microsoft.TestPlatform.TestHostRuntimeProvider: Searching in: 'C:\Program Files\dotnet\sdk\8.0.100\Extensions'.
TpTrace Information: 0 : 37412, 1, 2024/03/17, 14:31:50.856, 311498240260, vstest.console.dll, AssemblyResolver.OnResolve: Microsoft.TestPlatform.TestHostRuntimeProvider: Loading assembly 'C:\Program Files\dotnet\sdk\8.0.100\Extensions\Microsoft.TestPlatform.TestHostRuntimeProvider.dll'.
TpTrace Information: 0 : 37412, 1, 2024/03/17, 14:31:50.856, 311498244521, vstest.console.dll, AssemblyResolver.OnResolve: Resolved assembly: Microsoft.TestPlatform.TestHostRuntimeProvider, from path: C:\Program Files\dotnet\sdk\8.0.100\Extensions\Microsoft.TestPlatform.TestHostRuntimeProvider.dll
TpTrace Verbose: 0 : 37412, 1, 2024/03/17, 14:31:50.856, 311498244972, vstest.console.dll, MetadataReaderExtensionsHelper: Discovering extensions inside assembly 'Microsoft.TestPlatform.TestHostRuntimeProvider, Version=15.0.0.0, Culture=neutral, PublicKeyToken=b03f5f7f11d50a3a' file path 'C:\Program Files\dotnet\sdk\8.0.100\Extensions\Microsoft.TestPlatform.TestHostRuntimeProvider.dll'
TpTrace Information: 0 : 37412, 1, 2024/03/17, 14:31:50.858, 311498266567, vstest.console.dll, GetTestExtensionFromType: Register extension with identifier data 'HostProvider://DefaultTestHost' and type 'Microsoft.VisualStudio.TestPlatform.CrossPlatEngine.Hosting.DefaultTestHostManager, Microsoft.TestPlatform.TestHostRuntimeProvider, Version=15.0.0.0, Culture=neutral, PublicKeyToken=b03f5f7f11d50a3a' inside file 'C:\Program Files\dotnet\sdk\8.0.100\Extensions\Microsoft.TestPlatform.TestHostRuntimeProvider.dll'
TpTrace Information: 0 : 37412, 1, 2024/03/17, 14:31:50.859, 311498268827, vstest.console.dll, GetTestExtensionFromType: Register extension with identifier data 'HostProvider://DotnetTestHost' and type 'Microsoft.VisualStudio.TestPlatform.CrossPlatEngine.Hosting.DotnetTestHostManager, Microsoft.TestPlatform.TestHostRuntimeProvider, Version=15.0.0.0, Culture=neutral, PublicKeyToken=b03f5f7f11d50a3a' inside file 'C:\Program Files\dotnet\sdk\8.0.100\Extensions\Microsoft.TestPlatform.TestHostRuntimeProvider.dll'
TpTrace Information: 0 : 37412, 1, 2024/03/17, 14:31:50.859, 311498269338, vstest.console.dll, AssemblyResolver.OnResolve: Microsoft.VisualStudio.TestPlatform.Extensions.Html.TestLogger: Resolving assembly.
TpTrace Information: 0 : 37412, 1, 2024/03/17, 14:31:50.859, 311498269491, vstest.console.dll, AssemblyResolver.OnResolve: Microsoft.VisualStudio.TestPlatform.Extensions.Html.TestLogger: Searching in: 'C:\Program Files\dotnet\sdk\8.0.100\Extensions'.
TpTrace Information: 0 : 37412, 1, 2024/03/17, 14:31:50.859, 311498274315, vstest.console.dll, AssemblyResolver.OnResolve: Microsoft.VisualStudio.TestPlatform.Extensions.Html.TestLogger: Loading assembly 'C:\Program Files\dotnet\sdk\8.0.100\Extensions\Microsoft.VisualStudio.TestPlatform.Extensions.Html.TestLogger.dll'.
TpTrace Information: 0 : 37412, 1, 2024/03/17, 14:31:50.860, 311498280432, vstest.console.dll, AssemblyResolver.OnResolve: Resolved assembly: Microsoft.VisualStudio.TestPlatform.Extensions.Html.TestLogger, from path: C:\Program Files\dotnet\sdk\8.0.100\Extensions\Microsoft.VisualStudio.TestPlatform.Extensions.Html.TestLogger.dll
TpTrace Verbose: 0 : 37412, 1, 2024/03/17, 14:31:50.860, 311498280913, vstest.console.dll, MetadataReaderExtensionsHelper: Discovering extensions inside assembly 'Microsoft.VisualStudio.TestPlatform.Extensions.Html.TestLogger, Version=15.0.0.0, Culture=neutral, PublicKeyToken=b03f5f7f11d50a3a' file path 'C:\Program Files\dotnet\sdk\8.0.100\Extensions\Microsoft.VisualStudio.TestPlatform.Extensions.Html.TestLogger.dll'
TpTrace Information: 0 : 37412, 1, 2024/03/17, 14:31:50.860, 311498288459, vstest.console.dll, AssemblyResolver.OnResolve: Microsoft.VisualStudio.TestPlatform.Extensions.Trx.TestLogger: Resolving assembly.
TpTrace Information: 0 : 37412, 1, 2024/03/17, 14:31:50.861, 311498288862, vstest.console.dll, AssemblyResolver.OnResolve: Microsoft.VisualStudio.TestPlatform.Extensions.Trx.TestLogger: Searching in: 'C:\Program Files\dotnet\sdk\8.0.100\Extensions'.
TpTrace Information: 0 : 37412, 1, 2024/03/17, 14:31:50.861, 311498292413, vstest.console.dll, AssemblyResolver.OnResolve: Microsoft.VisualStudio.TestPlatform.Extensions.Trx.TestLogger: Loading assembly 'C:\Program Files\dotnet\sdk\8.0.100\Extensions\Microsoft.VisualStudio.TestPlatform.Extensions.Trx.TestLogger.dll'.
TpTrace Information: 0 : 37412, 1, 2024/03/17, 14:31:50.862, 311498300883, vstest.console.dll, AssemblyResolver.OnResolve: Resolved assembly: Microsoft.VisualStudio.TestPlatform.Extensions.Trx.TestLogger, from path: C:\Program Files\dotnet\sdk\8.0.100\Extensions\Microsoft.VisualStudio.TestPlatform.Extensions.Trx.TestLogger.dll
TpTrace Verbose: 0 : 37412, 1, 2024/03/17, 14:31:50.862, 311498301330, vstest.console.dll, MetadataReaderExtensionsHelper: Discovering extensions inside assembly 'Microsoft.VisualStudio.TestPlatform.Extensions.Trx.TestLogger, Version=15.0.0.0, Culture=neutral, PublicKeyToken=b03f5f7f11d50a3a' file path 'C:\Program Files\dotnet\sdk\8.0.100\Extensions\Microsoft.VisualStudio.TestPlatform.Extensions.Trx.TestLogger.dll'
TpTrace Verbose: 0 : 37412, 1, 2024/03/17, 14:31:50.863, 311498311299, vstest.console.dll, TestPluginCache: Discovered the extensions using extension path ''.
TpTrace Verbose: 0 : 37412, 1, 2024/03/17, 14:31:50.863, 311498311760, vstest.console.dll, TestPluginCache: Discoverers are ''.
TpTrace Verbose: 0 : 37412, 1, 2024/03/17, 14:31:50.863, 311498311881, vstest.console.dll, TestPluginCache: Executors are ''.
TpTrace Verbose: 0 : 37412, 1, 2024/03/17, 14:31:50.863, 311498312035, vstest.console.dll, TestPluginCache: Executors2 are ''.
TpTrace Verbose: 0 : 37412, 1, 2024/03/17, 14:31:50.863, 311498312134, vstest.console.dll, TestPluginCache: Setting providers are ''.
TpTrace Verbose: 0 : 37412, 1, 2024/03/17, 14:31:50.863, 311498312234, vstest.console.dll, TestPluginCache: Loggers are ''.
TpTrace Verbose: 0 : 37412, 1, 2024/03/17, 14:31:50.863, 311498313852, vstest.console.dll, TestPluginCache: TestHosts are 'HostProvider://DefaultTestHost,HostProvider://DotnetTestHost'.
TpTrace Verbose: 0 : 37412, 1, 2024/03/17, 14:31:50.863, 311498314088, vstest.console.dll, TestPluginCache: DataCollectors are ''.
TpTrace Information: 0 : 37412, 1, 2024/03/17, 14:31:50.880, 311498480146, vstest.console.dll, RunTestsArgumentProcessor:Execute: Test run is starting.
TpTrace Verbose: 0 : 37412, 1, 2024/03/17, 14:31:50.880, 311498481081, vstest.console.dll, RunTestsArgumentProcessor:Execute: Queuing Test run.
TpTrace Information: 0 : 37412, 1, 2024/03/17, 14:31:50.881, 311498492327, vstest.console.dll, TestRequestManager.RunTests: run tests started.
TpTrace Information: 0 : 37412, 1, 2024/03/17, 14:31:50.883, 311498515275, vstest.console.dll, AssemblyMetadataProvider.GetFrameworkName: Determined framework:'.NETCoreApp,Version=v6.0' for source: 'C:\Users\petko\OneDrive\Documents\GitHub\Backend-Test--Automation\Eventmi-AppSkeleton\Eventmi.Tests\bin\Debug\net6.0\fine-code-coverage\build-output\Eventmi.Tests.dll'
TpTrace Information: 0 : 37412, 1, 2024/03/17, 14:31:50.883, 311498517257, vstest.console.dll, Determined framework for all sources: .NETCoreApp,Version=v6.0
TpTrace Verbose: 0 : 37412, 1, 2024/03/17, 14:31:50.884, 311498520181, vstest.console.dll, TestRequestManager.UpdateRunSettingsIfRequired: Default architecture: X64 IsDefaultTargetArchitecture: True, Current process architecture: X64 OperatingSystem: Windows.
TpTrace Information: 0 : 37412, 1, 2024/03/17, 14:31:50.885, 311498536232, vstest.console.dll, AssemblyMetadataProvider.GetArchitecture: Determined architecture:AnyCPU info for assembly: C:\Users\petko\OneDrive\Documents\GitHub\Backend-Test--Automation\Eventmi-AppSkeleton\Eventmi.Tests\bin\Debug\net6.0\fine-code-coverage\build-output\Eventmi.Tests.dll
TpTrace Information: 0 : 37412, 1, 2024/03/17, 14:31:50.885, 311498536693, vstest.console.dll, Determined platform for source 'C:\Users\petko\OneDrive\Documents\GitHub\Backend-Test--Automation\Eventmi-AppSkeleton\Eventmi.Tests\bin\Debug\net6.0\fine-code-coverage\build-output\Eventmi.Tests.dll' was AnyCPU and it will use the default plaform X64.
TpTrace Information: 0 : 37412, 1, 2024/03/17, 14:31:50.885, 311498536930, vstest.console.dll, None of the sources provided any runnable platform, using the default platform: X64
TpTrace Information: 0 : 37412, 1, 2024/03/17, 14:31:50.886, 311498540162, vstest.console.dll, Platform was updated to 'X64'.
TpTrace Information: 0 : 37412, 1, 2024/03/17, 14:31:50.890, 311498585421, vstest.console.dll, InferRunSettingsHelper.IsTestSettingsEnabled: Unable to navigate to RunSettings/MSTest. Current node: RunSettings
TpTrace Information: 0 : 37412, 1, 2024/03/17, 14:31:50.891, 311498595737, vstest.console.dll, AssemblyResolver.OnResolve: Microsoft.VisualStudio.TestPlatform.Fakes: Resolving assembly.
TpTrace Information: 0 : 37412, 1, 2024/03/17, 14:31:50.891, 311498596253, vstest.console.dll, AssemblyResolver.OnResolve: Microsoft.VisualStudio.TestPlatform.Fakes: Searching in: 'C:\Program Files\dotnet\sdk\8.0.100\Extensions'.
TpTrace Information: 0 : 37412, 1, 2024/03/17, 14:31:50.891, 311498597002, vstest.console.dll, AssemblyResolver.OnResolve: Microsoft.VisualStudio.TestPlatform.Fakes: Assembly path does not exist: 'C:\Program Files\dotnet\sdk\8.0.100\Extensions\Microsoft.VisualStudio.TestPlatform.Fakes.dll', returning.
TpTrace Information: 0 : 37412, 1, 2024/03/17, 14:31:50.891, 311498598615, vstest.console.dll, AssemblyResolver.OnResolve: Microsoft.VisualStudio.TestPlatform.Fakes: Assembly path does not exist: 'C:\Program Files\dotnet\sdk\8.0.100\Extensions\Microsoft.VisualStudio.TestPlatform.Fakes.exe', returning.
TpTrace Information: 0 : 37412, 1, 2024/03/17, 14:31:50.892, 311498598889, vstest.console.dll, AssemblyResolver.OnResolve: Microsoft.VisualStudio.TestPlatform.Fakes: Searching in: 'C:\Program Files\dotnet\sdk\8.0.100'.
TpTrace Information: 0 : 37412, 1, 2024/03/17, 14:31:50.892, 311498599278, vstest.console.dll, AssemblyResolver.OnResolve: Microsoft.VisualStudio.TestPlatform.Fakes: Assembly path does not exist: 'C:\Program Files\dotnet\sdk\8.0.100\Microsoft.VisualStudio.TestPlatform.Fakes.dll', returning.
TpTrace Information: 0 : 37412, 1, 2024/03/17, 14:31:50.892, 311498599686, vstest.console.dll, AssemblyResolver.OnResolve: Microsoft.VisualStudio.TestPlatform.Fakes: Assembly path does not exist: 'C:\Program Files\dotnet\sdk\8.0.100\Microsoft.VisualStudio.TestPlatform.Fakes.exe', returning.
TpTrace Information: 0 : 37412, 1, 2024/03/17, 14:31:50.892, 311498599915, vstest.console.dll, AssemblyResolver.OnResolve: Microsoft.VisualStudio.TestPlatform.Fakes: Failed to load assembly.
TpTrace Information: 0 : 37412, 1, 2024/03/17, 14:31:50.892, 311498601949, vstest.console.dll, Failed to load assembly Microsoft.VisualStudio.TestPlatform.Fakes, Version=17.0.0.0, Culture=neutral. Reason:System.IO.FileNotFoundException: Could not load file or assembly 'Microsoft.VisualStudio.TestPlatform.Fakes, Version=17.0.0.0, Culture=neutral, PublicKeyToken=null'. The system cannot find the file specified.
File name: 'Microsoft.VisualStudio.TestPlatform.Fakes, Version=17.0.0.0, Culture=neutral, PublicKeyToken=null'
   at System.Reflection.RuntimeAssembly.InternalLoad(AssemblyName assemblyName, StackCrawlMark& stackMark, AssemblyLoadContext assemblyLoadContext, RuntimeAssembly requestingAssembly, Boolean throwOnFileNotFound)
   at System.Reflection.Assembly.Load(AssemblyName assemblyRef)
   at Microsoft.VisualStudio.TestPlatform.Common.Utilities.FakesUtilities.LoadTestPlatformAssembly() in /_/src/Microsoft.TestPlatform.Common/Utilities/FakesUtilities.cs:line 272
TpTrace Verbose: 0 : 37412, 1, 2024/03/17, 14:31:50.897, 311498653692, vstest.console.dll, TestPluginCache.DiscoverTestExtensions: finding test extensions in assemblies ends with: TestLogger.dll TPluginInfo: Microsoft.VisualStudio.TestPlatform.Common.ExtensionFramework.Utilities.TestLoggerPluginInformation TExtension: Microsoft.VisualStudio.TestPlatform.ObjectModel.Client.ITestLogger
TpTrace Verbose: 0 : 37412, 1, 2024/03/17, 14:31:50.897, 311498654851, vstest.console.dll, TestPluginCache.GetExtensionPaths: Filtered extension paths: 
TpTrace Verbose: 0 : 37412, 1, 2024/03/17, 14:31:50.897, 311498655147, vstest.console.dll, TestPluginCache.GetExtensionPaths: Added default extension paths: C:\Program Files\dotnet\sdk\8.0.100\Extensions\Microsoft.Diagnostics.NETCore.Client.dll
C:\Program Files\dotnet\sdk\8.0.100\Extensions\Microsoft.TestPlatform.Extensions.BlameDataCollector.dll
C:\Program Files\dotnet\sdk\8.0.100\Extensions\Microsoft.TestPlatform.Extensions.EventLogCollector.dll
C:\Program Files\dotnet\sdk\8.0.100\Extensions\Microsoft.TestPlatform.TestHostRuntimeProvider.dll
C:\Program Files\dotnet\sdk\8.0.100\Extensions\Microsoft.VisualStudio.TestPlatform.Extensions.Html.TestLogger.dll
C:\Program Files\dotnet\sdk\8.0.100\Extensions\Microsoft.VisualStudio.TestPlatform.Extensions.Trx.TestLogger.dll
TpTrace Verbose: 0 : 37412, 1, 2024/03/17, 14:31:50.897, 311498655311, vstest.console.dll, TestPluginCache.GetExtensionPaths: Added unfilterableExtensionPaths: 
TpTrace Information: 0 : 37412, 1, 2024/03/17, 14:31:50.897, 311498656411, vstest.console.dll, AssemblyResolver.AddSearchDirectories: Adding more searchDirectories C:\Program Files\dotnet\sdk\8.0.100\Extensions,C:\Program Files\dotnet\sdk\8.0.100
TpTrace Verbose: 0 : 37412, 1, 2024/03/17, 14:31:50.897, 311498656818, vstest.console.dll, TestPluginCache.DiscoverTestExtensions: Discovering the extensions using extension path.
TpTrace Verbose: 0 : 37412, 1, 2024/03/17, 14:31:50.897, 311498657035, vstest.console.dll, TestPluginCache.GetExtensionPaths: Filtered extension paths: 
TpTrace Verbose: 0 : 37412, 1, 2024/03/17, 14:31:50.897, 311498657302, vstest.console.dll, TestPluginCache.GetExtensionPaths: Added default extension paths: C:\Program Files\dotnet\sdk\8.0.100\Extensions\Microsoft.Diagnostics.NETCore.Client.dll
C:\Program Files\dotnet\sdk\8.0.100\Extensions\Microsoft.TestPlatform.Extensions.BlameDataCollector.dll
C:\Program Files\dotnet\sdk\8.0.100\Extensions\Microsoft.TestPlatform.Extensions.EventLogCollector.dll
C:\Program Files\dotnet\sdk\8.0.100\Extensions\Microsoft.TestPlatform.TestHostRuntimeProvider.dll
C:\Program Files\dotnet\sdk\8.0.100\Extensions\Microsoft.VisualStudio.TestPlatform.Extensions.Html.TestLogger.dll
C:\Program Files\dotnet\sdk\8.0.100\Extensions\Microsoft.VisualStudio.TestPlatform.Extensions.Trx.TestLogger.dll
TpTrace Verbose: 0 : 37412, 1, 2024/03/17, 14:31:50.897, 311498657435, vstest.console.dll, TestPluginCache.GetExtensionPaths: Added unfilterableExtensionPaths: 
TpTrace Verbose: 0 : 37412, 1, 2024/03/17, 14:31:50.897, 311498657880, vstest.console.dll, TestPluginCache.DiscoverTestExtensions: Discovering the extensions using allExtensionPaths: C:\Program Files\dotnet\sdk\8.0.100\Extensions\Microsoft.Diagnostics.NETCore.Client.dll
C:\Program Files\dotnet\sdk\8.0.100\Extensions\Microsoft.TestPlatform.Extensions.BlameDataCollector.dll
C:\Program Files\dotnet\sdk\8.0.100\Extensions\Microsoft.TestPlatform.Extensions.EventLogCollector.dll
C:\Program Files\dotnet\sdk\8.0.100\Extensions\Microsoft.TestPlatform.TestHostRuntimeProvider.dll
C:\Program Files\dotnet\sdk\8.0.100\Extensions\Microsoft.VisualStudio.TestPlatform.Extensions.Html.TestLogger.dll
C:\Program Files\dotnet\sdk\8.0.100\Extensions\Microsoft.VisualStudio.TestPlatform.Extensions.Trx.TestLogger.dll
TpTrace Information: 0 : 37412, 1, 2024/03/17, 14:31:50.897, 311498658699, vstest.console.dll, AssemblyResolver.AddSearchDirectories: Adding more searchDirectories C:\Program Files\dotnet\sdk\8.0.100\Extensions,C:\Program Files\dotnet\sdk\8.0.100
TpTrace Information: 0 : 37412, 1, 2024/03/17, 14:31:50.898, 311498660030, vstest.console.dll, AssemblyResolver.AddSearchDirectories: Adding more searchDirectories C:\Program Files\dotnet\sdk\8.0.100\Extensions,C:\Program Files\dotnet\sdk\8.0.100
TpTrace Information: 0 : 37412, 1, 2024/03/17, 14:31:50.898, 311498660273, vstest.console.dll, AssemblyResolver.AddSearchDirectories: Adding more searchDirectories C:\Program Files\dotnet\sdk\8.0.100\Extensions,C:\Program Files\dotnet\sdk\8.0.100
TpTrace Information: 0 : 37412, 1, 2024/03/17, 14:31:50.898, 311498660515, vstest.console.dll, AssemblyResolver.AddSearchDirectories: Adding more searchDirectories C:\Program Files\dotnet\sdk\8.0.100\Extensions,C:\Program Files\dotnet\sdk\8.0.100
TpTrace Information: 0 : 37412, 1, 2024/03/17, 14:31:50.898, 311498660640, vstest.console.dll, AssemblyResolver.AddSearchDirectories: Adding more searchDirectories C:\Program Files\dotnet\sdk\8.0.100\Extensions,C:\Program Files\dotnet\sdk\8.0.100
TpTrace Information: 0 : 37412, 1, 2024/03/17, 14:31:50.898, 311498661243, vstest.console.dll, AssemblyResolver.AddSearchDirectories: Adding more searchDirectories C:\Program Files\dotnet\sdk\8.0.100\Extensions,C:\Program Files\dotnet\sdk\8.0.100
TpTrace Verbose: 0 : 37412, 1, 2024/03/17, 14:31:50.898, 311498661998, vstest.console.dll, MetadataReaderExtensionsHelper: Discovering extensions inside assembly 'Microsoft.Diagnostics.NETCore.Client, Version=0.2.8.21101, Culture=neutral, PublicKeyToken=31bf3856ad364e35' file path 'C:\Program Files\dotnet\sdk\8.0.100\Extensions\Microsoft.Diagnostics.NETCore.Client.dll'
TpTrace Information: 0 : 37412, 1, 2024/03/17, 14:31:50.898, 311498667442, vstest.console.dll, AssemblyResolver.OnResolve: Microsoft.Bcl.AsyncInterfaces: Resolving assembly.
TpTrace Information: 0 : 37412, 1, 2024/03/17, 14:31:50.898, 311498667925, vstest.console.dll, AssemblyResolver.OnResolve: Microsoft.Bcl.AsyncInterfaces: Resolved from cache.
TpTrace Verbose: 0 : 37412, 1, 2024/03/17, 14:31:50.898, 311498668104, vstest.console.dll, CurrentDomainAssemblyResolve: Resolving assembly 'Microsoft.Bcl.AsyncInterfaces'.
TpTrace Information: 0 : 37412, 1, 2024/03/17, 14:31:50.898, 311498668408, vstest.console.dll, AssemblyResolver.OnResolve: Microsoft.Bcl.AsyncInterfaces: Resolving assembly.
TpTrace Information: 0 : 37412, 1, 2024/03/17, 14:31:50.898, 311498668626, vstest.console.dll, AssemblyResolver.OnResolve: Microsoft.Bcl.AsyncInterfaces: Resolved from cache.
TpTrace Verbose: 0 : 37412, 1, 2024/03/17, 14:31:50.899, 311498668815, vstest.console.dll, CurrentDomainAssemblyResolve: Resolving assembly 'Microsoft.Bcl.AsyncInterfaces'.
TpTrace Verbose: 0 : 37412, 1, 2024/03/17, 14:31:50.899, 311498668955, vstest.console.dll, CurrentDomainAssemblyResolve: Failed to resolve assembly 'Microsoft.Bcl.AsyncInterfaces'.
TpTrace Verbose: 0 : 37412, 1, 2024/03/17, 14:31:50.899, 311498670052, vstest.console.dll, CurrentDomainAssemblyResolve: Failed to resolve assembly 'Microsoft.Bcl.AsyncInterfaces'.
TpTrace Warning: 0 : 37412, 1, 2024/03/17, 14:31:50.899, 311498674634, vstest.console.dll, TestPluginDiscoverer: Failed to get types from assembly 'Microsoft.Diagnostics.NETCore.Client, Version=0.2.8.21101, Culture=neutral, PublicKeyToken=31bf3856ad364e35'. Error: System.Reflection.ReflectionTypeLoadException: Unable to load one or more of the requested types.
Could not load file or assembly 'Microsoft.Bcl.AsyncInterfaces, Version=1.0.0.0, Culture=neutral, PublicKeyToken=cc7b13ffcd2ddd51'. The system cannot find the file specified.
   at System.Reflection.RuntimeModule.GetTypes(RuntimeModule module)
   at System.Reflection.RuntimeModule.GetTypes()
   at Microsoft.VisualStudio.TestPlatform.Common.ExtensionFramework.TestPluginDiscoverer.GetTestExtensionsFromAssembly[TPluginInfo,TExtension](Assembly assembly, Dictionary`2 pluginInfos, String filePath) in /_/src/Microsoft.TestPlatform.Common/ExtensionFramework/TestPluginDiscoverer.cs:line 158
System.IO.FileNotFoundException: Could not load file or assembly 'Microsoft.Bcl.AsyncInterfaces, Version=1.0.0.0, Culture=neutral, PublicKeyToken=cc7b13ffcd2ddd51'. The system cannot find the file specified.
File name: 'Microsoft.Bcl.AsyncInterfaces, Version=1.0.0.0, Culture=neutral, PublicKeyToken=cc7b13ffcd2ddd51'
 ---> System.IO.FileNotFoundException: Could not load file or assembly 'Microsoft.Bcl.AsyncInterfaces, Culture=neutral, PublicKeyToken=null'. The system cannot find the file specified.
File name: 'Microsoft.Bcl.AsyncInterfaces, Culture=neutral, PublicKeyToken=null'
   at System.Reflection.RuntimeAssembly.InternalLoad(AssemblyName assemblyName, StackCrawlMark& stackMark, AssemblyLoadContext assemblyLoadContext, RuntimeAssembly requestingAssembly, Boolean throwOnFileNotFound)
   at System.Reflection.Assembly.Load(AssemblyName assemblyRef)
   at Microsoft.VisualStudio.TestPlatform.Common.ExtensionFramework.TestPluginCache.CurrentDomainAssemblyResolve(Object sender, AssemblyResolveEventArgs args) in /_/src/Microsoft.TestPlatform.Common/ExtensionFramework/TestPluginCache.cs:line 513
   at System.Runtime.Loader.AssemblyLoadContext.GetFirstResolvedAssemblyFromResolvingEvent(AssemblyName assemblyName)
   at System.Runtime.Loader.AssemblyLoadContext.ResolveUsingEvent(AssemblyName assemblyName)
   at System.Runtime.Loader.AssemblyLoadContext.ResolveUsingResolvingEvent(IntPtr gchManagedAssemblyLoadContext, AssemblyName assemblyName)
TpTrace Warning: 0 : 37412, 1, 2024/03/17, 14:31:50.900, 311498679467, vstest.console.dll, LoaderExceptions: System.IO.FileNotFoundException: Could not load file or assembly 'Microsoft.Bcl.AsyncInterfaces, Version=1.0.0.0, Culture=neutral, PublicKeyToken=cc7b13ffcd2ddd51'. The system cannot find the file specified.
File name: 'Microsoft.Bcl.AsyncInterfaces, Version=1.0.0.0, Culture=neutral, PublicKeyToken=cc7b13ffcd2ddd51'
 ---> System.IO.FileNotFoundException: Could not load file or assembly 'Microsoft.Bcl.AsyncInterfaces, Culture=neutral, PublicKeyToken=null'. The system cannot find the file specified.
File name: 'Microsoft.Bcl.AsyncInterfaces, Culture=neutral, PublicKeyToken=null'
   at System.Reflection.RuntimeAssembly.InternalLoad(AssemblyName assemblyName, StackCrawlMark& stackMark, AssemblyLoadContext assemblyLoadContext, RuntimeAssembly requestingAssembly, Boolean throwOnFileNotFound)
   at System.Reflection.Assembly.Load(AssemblyName assemblyRef)
   at Microsoft.VisualStudio.TestPlatform.Common.ExtensionFramework.TestPluginCache.CurrentDomainAssemblyResolve(Object sender, AssemblyResolveEventArgs args) in /_/src/Microsoft.TestPlatform.Common/ExtensionFramework/TestPluginCache.cs:line 513
   at System.Runtime.Loader.AssemblyLoadContext.GetFirstResolvedAssemblyFromResolvingEvent(AssemblyName assemblyName)
   at System.Runtime.Loader.AssemblyLoadContext.ResolveUsingEvent(AssemblyName assemblyName)
   at System.Runtime.Loader.AssemblyLoadContext.ResolveUsingResolvingEvent(IntPtr gchManagedAssemblyLoadContext, AssemblyName assemblyName)
TpTrace Verbose: 0 : 37412, 1, 2024/03/17, 14:31:50.900, 311498679997, vstest.console.dll, MetadataReaderExtensionsHelper: Discovering extensions inside assembly 'Microsoft.TestPlatform.Extensions.BlameDataCollector, Version=15.0.0.0, Culture=neutral, PublicKeyToken=b03f5f7f11d50a3a' file path 'C:\Program Files\dotnet\sdk\8.0.100\Extensions\Microsoft.TestPlatform.Extensions.BlameDataCollector.dll'
TpTrace Information: 0 : 37412, 1, 2024/03/17, 14:31:50.900, 311498686771, vstest.console.dll, GetTestExtensionFromType: Register extension with identifier data 'logger://Microsoft/TestPlatform/Extensions/Blame/v1' and type 'Microsoft.TestPlatform.Extensions.BlameDataCollector.BlameLogger, Microsoft.TestPlatform.Extensions.BlameDataCollector, Version=15.0.0.0, Culture=neutral, PublicKeyToken=b03f5f7f11d50a3a' inside file 'C:\Program Files\dotnet\sdk\8.0.100\Extensions\Microsoft.TestPlatform.Extensions.BlameDataCollector.dll'
TpTrace Verbose: 0 : 37412, 1, 2024/03/17, 14:31:50.900, 311498687257, vstest.console.dll, MetadataReaderExtensionsHelper: Discovering extensions inside assembly 'Microsoft.TestPlatform.Extensions.EventLogCollector, Version=15.0.0.0, Culture=neutral, PublicKeyToken=b03f5f7f11d50a3a' file path 'C:\Program Files\dotnet\sdk\8.0.100\Extensions\Microsoft.TestPlatform.Extensions.EventLogCollector.dll'
TpTrace Verbose: 0 : 37412, 1, 2024/03/17, 14:31:50.901, 311498691203, vstest.console.dll, MetadataReaderExtensionsHelper: Discovering extensions inside assembly 'Microsoft.TestPlatform.TestHostRuntimeProvider, Version=15.0.0.0, Culture=neutral, PublicKeyToken=b03f5f7f11d50a3a' file path 'C:\Program Files\dotnet\sdk\8.0.100\Extensions\Microsoft.TestPlatform.TestHostRuntimeProvider.dll'
TpTrace Verbose: 0 : 37412, 1, 2024/03/17, 14:31:50.901, 311498693236, vstest.console.dll, MetadataReaderExtensionsHelper: Discovering extensions inside assembly 'Microsoft.VisualStudio.TestPlatform.Extensions.Html.TestLogger, Version=15.0.0.0, Culture=neutral, PublicKeyToken=b03f5f7f11d50a3a' file path 'C:\Program Files\dotnet\sdk\8.0.100\Extensions\Microsoft.VisualStudio.TestPlatform.Extensions.Html.TestLogger.dll'
TpTrace Information: 0 : 37412, 1, 2024/03/17, 14:31:50.901, 311498697957, vstest.console.dll, GetTestExtensionFromType: Register extension with identifier data 'logger://Microsoft/TestPlatform/HtmlLogger/v1' and type 'Microsoft.VisualStudio.TestPlatform.Extensions.HtmlLogger.HtmlLogger, Microsoft.VisualStudio.TestPlatform.Extensions.Html.TestLogger, Version=15.0.0.0, Culture=neutral, PublicKeyToken=b03f5f7f11d50a3a' inside file 'C:\Program Files\dotnet\sdk\8.0.100\Extensions\Microsoft.VisualStudio.TestPlatform.Extensions.Html.TestLogger.dll'
TpTrace Verbose: 0 : 37412, 1, 2024/03/17, 14:31:50.901, 311498698391, vstest.console.dll, MetadataReaderExtensionsHelper: Discovering extensions inside assembly 'Microsoft.VisualStudio.TestPlatform.Extensions.Trx.TestLogger, Version=15.0.0.0, Culture=neutral, PublicKeyToken=b03f5f7f11d50a3a' file path 'C:\Program Files\dotnet\sdk\8.0.100\Extensions\Microsoft.VisualStudio.TestPlatform.Extensions.Trx.TestLogger.dll'
TpTrace Information: 0 : 37412, 1, 2024/03/17, 14:31:50.902, 311498700907, vstest.console.dll, GetTestExtensionFromType: Register extension with identifier data 'logger://Microsoft/TestPlatform/TrxLogger/v1' and type 'Microsoft.VisualStudio.TestPlatform.Extensions.TrxLogger.TrxLogger, Microsoft.VisualStudio.TestPlatform.Extensions.Trx.TestLogger, Version=15.0.0.0, Culture=neutral, PublicKeyToken=b03f5f7f11d50a3a' inside file 'C:\Program Files\dotnet\sdk\8.0.100\Extensions\Microsoft.VisualStudio.TestPlatform.Extensions.Trx.TestLogger.dll'
TpTrace Verbose: 0 : 37412, 1, 2024/03/17, 14:31:50.902, 311498702192, vstest.console.dll, TestPluginCache: Discovered the extensions using extension path ''.
TpTrace Verbose: 0 : 37412, 1, 2024/03/17, 14:31:50.902, 311498702417, vstest.console.dll, TestPluginCache: Discoverers are ''.
TpTrace Verbose: 0 : 37412, 1, 2024/03/17, 14:31:50.902, 311498702520, vstest.console.dll, TestPluginCache: Executors are ''.
TpTrace Verbose: 0 : 37412, 1, 2024/03/17, 14:31:50.902, 311498702655, vstest.console.dll, TestPluginCache: Executors2 are ''.
TpTrace Verbose: 0 : 37412, 1, 2024/03/17, 14:31:50.902, 311498702836, vstest.console.dll, TestPluginCache: Setting providers are ''.
TpTrace Verbose: 0 : 37412, 1, 2024/03/17, 14:31:50.902, 311498703279, vstest.console.dll, TestPluginCache: Loggers are 'logger://Microsoft/TestPlatform/Extensions/Blame/v1,logger://Microsoft/TestPlatform/HtmlLogger/v1,logger://Microsoft/TestPlatform/TrxLogger/v1'.
TpTrace Verbose: 0 : 37412, 1, 2024/03/17, 14:31:50.902, 311498704271, vstest.console.dll, TestPluginCache: TestHosts are 'HostProvider://DefaultTestHost,HostProvider://DotnetTestHost'.
TpTrace Verbose: 0 : 37412, 1, 2024/03/17, 14:31:50.902, 311498704447, vstest.console.dll, TestPluginCache: DataCollectors are ''.
TpTrace Information: 0 : 37412, 1, 2024/03/17, 14:31:50.903, 311498709826, vstest.console.dll, TestPluginManager.CreateTestExtension: Attempting to load test extension: Microsoft.TestPlatform.Extensions.BlameDataCollector.BlameLogger
TpTrace Verbose: 0 : 37412, 1, 2024/03/17, 14:31:50.910, 311498785315, vstest.console.dll, TestEngine: Initializing Parallel Execution as MaxCpuCount is set to: 1
TpTrace Information: 0 : 37412, 1, 2024/03/17, 14:31:50.912, 311498800379, vstest.console.dll, TestPluginManager.CreateTestExtension: Attempting to load test extension: Microsoft.VisualStudio.TestPlatform.CrossPlatEngine.Hosting.DefaultTestHostManager
TpTrace Information: 0 : 37412, 1, 2024/03/17, 14:31:50.912, 311498807393, vstest.console.dll, TestPluginManager.CreateTestExtension: Attempting to load test extension: Microsoft.VisualStudio.TestPlatform.CrossPlatEngine.Hosting.DotnetTestHostManager
TpTrace Information: 0 : 37412, 1, 2024/03/17, 14:31:50.914, 311498823490, vstest.console.dll, InferRunSettingsHelper.IsTestSettingsEnabled: Unable to navigate to RunSettings/MSTest. Current node: RunSettings
TpTrace Verbose: 0 : 37412, 1, 2024/03/17, 14:31:50.915, 311498829582, vstest.console.dll, ParallelOperationManager.ClearSlots: Clearing all slots. Slots should accept more work: True
TpTrace Verbose: 0 : 37412, 1, 2024/03/17, 14:31:50.915, 311498837339, vstest.console.dll, ParallelOperationManager.SetOccupiedSlotCount: Setting slot counts AvailableSlotCount = 1, OccupiedSlotCount = 0.
TpTrace Verbose: 0 : 37412, 1, 2024/03/17, 14:31:50.916, 311498840510, vstest.console.dll, Occupied slots:

TpTrace Verbose: 0 : 37412, 1, 2024/03/17, 14:31:50.919, 311498874111, vstest.console.dll, TestEngine.GetExecutionManager: Chosen execution manager 'Microsoft.VisualStudio.TestPlatform.CrossPlatEngine.Client.Parallel.ParallelProxyExecutionManager, Microsoft.TestPlatform.CrossPlatEngine, Version=15.0.0.0, Culture=neutral, PublicKeyToken=b03f5f7f11d50a3a' ParallelLevel '1'.
TpTrace Verbose: 0 : 37412, 1, 2024/03/17, 14:31:50.919, 311498875109, vstest.console.dll, TestRunRequest.ExecuteAsync: Creating test run request.
TpTrace Verbose: 0 : 37412, 1, 2024/03/17, 14:31:50.919, 311498876605, vstest.console.dll, TestRunRequest.ExecuteAsync: Starting.
TpTrace Information: 0 : 37412, 1, 2024/03/17, 14:31:50.920, 311498886775, vstest.console.dll, TestRunRequest.ExecuteAsync: Starting run with settings:TestRunCriteria:
   KeepAlive=False,FrequencyOfRunStatsChangeEvent=10,RunStatsChangeEventTimeout=00:00:01.5000000,TestCaseFilter=,TestExecutorLauncher=
   Settingsxml=<RunSettings>
  <RunConfiguration>
    <ResultsDirectory>C:\Users\petko\OneDrive\Documents\GitHub\Backend-Test--Automation\Eventmi-AppSkeleton\Eventmi.Tests\bin\Debug\net6.0\fine-code-coverage\coverage-tool-output</ResultsDirectory>
    <TargetPlatform>X64</TargetPlatform>
    <TargetFrameworkVersion>.NETCoreApp,Version=v6.0</TargetFrameworkVersion>
    <DesignMode>False</DesignMode>
    <CollectSourceInformation>False</CollectSourceInformation>
  </RunConfiguration>
  <LoggerRunSettings>
    <Loggers>
      <Logger friendlyName="blame" enabled="True" />
      <Logger friendlyName="Console" uri="logger://microsoft/TestPlatform/ConsoleLogger/v1" assemblyQualifiedName="Microsoft.VisualStudio.TestPlatform.CommandLine.Internal.ConsoleLogger, vstest.console, Version=15.0.0.0, Culture=neutral, PublicKeyToken=b03f5f7f11d50a3a" codeBase="C:\Program Files\dotnet\sdk\8.0.100\vstest.console.dll" enabled="True" />
    </Loggers>
  </LoggerRunSettings>
  <DataCollectionRunSettings>
    <DataCollectors>
      <DataCollector friendlyName="blame" enabled="True">
        <Configuration>
          <ResultsDirectory>C:\Users\petko\OneDrive\Documents\GitHub\Backend-Test--Automation\Eventmi-AppSkeleton\Eventmi.Tests\bin\Debug\net6.0\fine-code-coverage\coverage-tool-output</ResultsDirectory>
        </Configuration>
      </DataCollector>
    </DataCollectors>
  </DataCollectionRunSettings>
</RunSettings>

TpTrace Verbose: 0 : 37412, 1, 2024/03/17, 14:31:50.920, 311498887300, vstest.console.dll, TestRunRequest.ExecuteAsync: Wait for the first run request is over.
TpTrace Verbose: 0 : 37412, 1, 2024/03/17, 14:31:50.921, 311498889813, vstest.console.dll, MulticastDelegateUtilities.SafeInvoke: TestRun.TestRunStart: Invoking callbacks was skipped because there are no subscribers.
TpTrace Verbose: 0 : 37412, 4, 2024/03/17, 14:31:50.921, 311498891669, vstest.console.dll, MulticastDelegateUtilities.SafeInvoke: InternalTestLoggerEvents.SendTestRunStart: Invoking callback 1/1 for Microsoft.VisualStudio.TestPlatform.CommandLine.Internal.ConsoleLogger., took 0 ms.
TpTrace Verbose: 0 : 37412, 1, 2024/03/17, 14:31:50.922, 311498900968, vstest.console.dll, ParallelProxyExecutionManager: Start execution. Total sources: 1
TpTrace Verbose: 0 : 37412, 1, 2024/03/17, 14:31:50.922, 311498906187, vstest.console.dll, ParallelOperationManager.StartWork: Starting adding 1 workloads.
TpTrace Verbose: 0 : 37412, 1, 2024/03/17, 14:31:50.922, 311498908721, vstest.console.dll, ParallelOperationManager.ClearSlots: Clearing all slots. Slots should accept more work: True
TpTrace Verbose: 0 : 37412, 1, 2024/03/17, 14:31:50.923, 311498909661, vstest.console.dll, ParallelOperationManager.SetOccupiedSlotCount: Setting slot counts AvailableSlotCount = 1, OccupiedSlotCount = 0.
TpTrace Verbose: 0 : 37412, 1, 2024/03/17, 14:31:50.923, 311498909844, vstest.console.dll, Occupied slots:

TpTrace Verbose: 0 : 37412, 1, 2024/03/17, 14:31:50.925, 311498932832, vstest.console.dll, TestRequestSender is acting as server.
TpTrace Verbose: 0 : 37412, 1, 2024/03/17, 14:31:50.927, 311498948779, vstest.console.dll, ParallelOperationManager.RunWorkInParallel: Adding 1 workload to slot, remaining workloads 0.
TpTrace Verbose: 0 : 37412, 1, 2024/03/17, 14:31:50.927, 311498949179, vstest.console.dll, ParallelOperationManager.SetOccupiedSlotCount: Setting slot counts AvailableSlotCount = 0, OccupiedSlotCount = 1.
TpTrace Verbose: 0 : 37412, 1, 2024/03/17, 14:31:50.927, 311498949807, vstest.console.dll, Occupied slots:
0: C:\Users\petko\OneDrive\Documents\GitHub\Backend-Test--Automation\Eventmi-AppSkeleton\Eventmi.Tests\bin\Debug\net6.0\fine-code-coverage\build-output\Eventmi.Tests.dll
TpTrace Verbose: 0 : 37412, 1, 2024/03/17, 14:31:50.927, 311498957455, vstest.console.dll, ParallelOperationManager.RunWorkInParallel: Started host in slot number 0 for work (source): C:\Users\petko\OneDrive\Documents\GitHub\Backend-Test--Automation\Eventmi-AppSkeleton\Eventmi.Tests\bin\Debug\net6.0\fine-code-coverage\build-output\Eventmi.Tests.dll.
TpTrace Verbose: 0 : 37412, 1, 2024/03/17, 14:31:50.929, 311498974081, vstest.console.dll, ParallelOperationManager.RunWorkInParallel: We started 1 work items, which is the max parallel level. Won't start more work.
TpTrace Verbose: 0 : 37412, 5, 2024/03/17, 14:31:50.929, 311498974073, vstest.console.dll, ParallelProxyExecutionManager.StartTestRunOnConcurrentManager: Initializing uninitialized client. Started clients: 0
TpTrace Verbose: 0 : 37412, 1, 2024/03/17, 14:31:50.929, 311498974842, vstest.console.dll, ParallelOperationManager.RunWorkInParallel: We started 1 work items in here, returning True.
TpTrace Verbose: 0 : 37412, 5, 2024/03/17, 14:31:50.929, 311498976983, vstest.console.dll, DataCollectionRequestSender.InitializeCommunication : Initialize communication. 
TpTrace Information: 0 : 37412, 1, 2024/03/17, 14:31:50.929, 311498977285, vstest.console.dll, TestRunRequest.ExecuteAsync: Started.
TpTrace Verbose: 0 : 37412, 1, 2024/03/17, 14:31:50.930, 311498985199, vstest.console.dll, TestRunRequest.WaitForCompletion: Waiting with timeout -1.
TpTrace Information: 0 : 37412, 5, 2024/03/17, 14:31:50.936, 311499039777, vstest.console.dll, Listening on Endpoint : 127.0.0.1:56082
TpTrace Verbose: 0 : 37412, 5, 2024/03/17, 14:31:50.942, 311499104535, vstest.console.dll, DotnetDataCollectionLauncher: Adding  --runtimeconfig "C:\Program Files\dotnet\sdk\8.0.100\datacollector.runtimeconfig.json" in args
TpTrace Verbose: 0 : 37412, 5, 2024/03/17, 14:31:50.942, 311499105617, vstest.console.dll, DotnetDataCollectionLauncher: Adding  --depsfile "C:\Program Files\dotnet\sdk\8.0.100\datacollector.deps.json" in args
TpTrace Verbose: 0 : 37412, 5, 2024/03/17, 14:31:50.942, 311499108059, vstest.console.dll, DotnetDataCollectionLauncher: Full path of dotnet.exe is C:\Program Files\dotnet\dotnet.exe
TpTrace Information: 0 : 37412, 5, 2024/03/17, 14:31:50.957, 311499249061, vstest.console.dll, ProxyDataCollectionManager.Initialize: Launched datacollector processId: 35044 port: 56082
TpTrace Information: 0 : 37412, 5, 2024/03/17, 14:31:50.957, 311499250132, vstest.console.dll, ProxyDataCollectionManager.Initialize: waiting for connection with timeout: 90 seconds
TpTrace Verbose: 0 : 37412, 5, 2024/03/17, 14:31:50.957, 311499250544, vstest.console.dll, DataCollectionRequestSender.WaitForRequestHandlerConnection : Waiting for connection with timeout: 90000
TpTrace Information: 0 : 37412, 7, 2024/03/17, 14:31:51.087, 311500550693, vstest.console.dll, Using the buffer size of 16384 bytes
TpTrace Information: 0 : 37412, 7, 2024/03/17, 14:31:51.087, 311500551680, vstest.console.dll, Accepted Client request and set the flag
TpTrace Verbose: 0 : 37412, 5, 2024/03/17, 14:31:51.087, 311500551772, vstest.console.dll, SocketCommunicationManager.WaitForClientConnection took: 130 ms, with 90000 ms timeout, and finished with True.
TpTrace Verbose: 0 : 37412, 5, 2024/03/17, 14:31:51.087, 311500552906, vstest.console.dll, ProxyDataCollectionManager.InvokeDataCollectionServiceAction: Starting.
TpTrace Information: 0 : 37412, 5, 2024/03/17, 14:31:51.087, 311500555063, vstest.console.dll, ProxyDataCollectionManager.BeforeTestRunStart: Get environment variable and port for datacollector processId: 35044 port: 56082
TpTrace Verbose: 0 : 37412, 5, 2024/03/17, 14:31:51.087, 311500556318, vstest.console.dll, DataCollectionRequestSender.SendBeforeTestRunStartAndGetResult: Send BeforeTestRunStart message with settingsXml <RunSettings><RunConfiguration><ResultsDirectory>C:\Users\petko\OneDrive\Documents\GitHub\Backend-Test--Automation\Eventmi-AppSkeleton\Eventmi.Tests\bin\Debug\net6.0\fine-code-coverage\coverage-tool-output</ResultsDirectory><TargetPlatform>X64</TargetPlatform><TargetFrameworkVersion>.NETCoreApp,Version=v6.0</TargetFrameworkVersion><DesignMode>False</DesignMode><CollectSourceInformation>False</CollectSourceInformation><TestAdaptersPaths>C:\Program Files\dotnet\sdk\8.0.100\Extensions</TestAdaptersPaths></RunConfiguration><LoggerRunSettings><Loggers><Logger friendlyName="blame" enabled="True" /><Logger friendlyName="Console" uri="logger://microsoft/TestPlatform/ConsoleLogger/v1" assemblyQualifiedName="Microsoft.VisualStudio.TestPlatform.CommandLine.Internal.ConsoleLogger, vstest.console, Version=15.0.0.0, Culture=neutral, PublicKeyToken=b03f5f7f11d50a3a" codeBase="C:\Program Files\dotnet\sdk\8.0.100\vstest.console.dll" enabled="True" /></Loggers></LoggerRunSettings><DataCollectionRunSettings><DataCollectors><DataCollector friendlyName="blame" enabled="True"><Configuration><ResultsDirectory>C:\Users\petko\OneDrive\Documents\GitHub\Backend-Test--Automation\Eventmi-AppSkeleton\Eventmi.Tests\bin\Debug\net6.0\fine-code-coverage\coverage-tool-output</ResultsDirectory></Configuration></DataCollector></DataCollectors></DataCollectionRunSettings></RunSettings> and sources System.Collections.Generic.List`1[System.String]: 
TpTrace Verbose: 0 : 37412, 5, 2024/03/17, 14:31:51.145, 311501135586, vstest.console.dll, DataCollectionRequestSender.SendBeforeTestRunStartAndGetResult: Received message: (DataCollection.SendMessage) -> {"MessageType":"DataCollection.SendMessage","Payload":{"FriendlyName":null,"Uri":null,"TestCaseId":"00000000-0000-0000-0000-000000000000","Message":"Logging DataCollector Diagnostics in file: C:\\Users\\petko\\OneDrive\\Documents\\GitHub\\Backend-Test--Automation\\Eventmi-AppSkeleton\\Eventmi.Tests\\bin\\Debug\\net6.0\\fine-code-coverage\\coverage-tool-output\\diagnostics.datacollector.24-03-17_14-31-50_94217_5.log","Level":0}}
TpTrace Verbose: 0 : 37412, 5, 2024/03/17, 14:31:51.224, 311501927992, vstest.console.dll, DataCollectionRequestSender.SendBeforeTestRunStartAndGetResult: Received message: (DataCollection.BeforeTestRunStartResult) -> {"MessageType":"DataCollection.BeforeTestRunStartResult","Payload":{"EnvironmentVariables":{},"DataCollectionEventsPort":56084}}
TpTrace Information: 0 : 37412, 5, 2024/03/17, 14:31:51.230, 311501979014, vstest.console.dll, ProxyDataCollectionManager.BeforeTestRunStart: SendBeforeTestRunStartAndGetResult successful, env variable from datacollector:   and testhost port: 56084
TpTrace Information: 0 : 37412, 5, 2024/03/17, 14:31:51.230, 311501979790, vstest.console.dll, ProxyDataCollectionManager.InvokeDataCollectionServiceAction: Completed.
TpTrace Verbose: 0 : 37412, 5, 2024/03/17, 14:31:51.230, 311501980118, vstest.console.dll, ParallelProxyExecutionManager.StartTestRunOnConcurrentManager: Initializing test run. Started clients: 0
TpTrace Verbose: 0 : 37412, 5, 2024/03/17, 14:31:51.230, 311501980692, vstest.console.dll, ProxyExecutionManager: Test host is always Lazy initialize.
TpTrace Verbose: 0 : 37412, 5, 2024/03/17, 14:31:51.230, 311501982047, vstest.console.dll, TestRequestSender.InitializeCommunication: initialize communication. 
TpTrace Information: 0 : 37412, 5, 2024/03/17, 14:31:51.230, 311501985571, vstest.console.dll, SocketServer.Start: Listening on endpoint : 127.0.0.1:56087
TpTrace Verbose: 0 : 37412, 5, 2024/03/17, 14:31:51.231, 311501993416, vstest.console.dll, DotnetTestHostmanager.GetTestHostProcessStartInfo: Platform environment 'X64' target architecture 'X64' framework '.NETCoreApp,Version=v6.0' OS 'Windows'
TpTrace Verbose: 0 : 37412, 5, 2024/03/17, 14:31:51.231, 311501995313, vstest.console.dll, DotnetTestHostmanager: Adding  --runtimeconfig "C:\Users\petko\OneDrive\Documents\GitHub\Backend-Test--Automation\Eventmi-AppSkeleton\Eventmi.Tests\bin\Debug\net6.0\fine-code-coverage\build-output\Eventmi.Tests.runtimeconfig.json" in args
TpTrace Verbose: 0 : 37412, 5, 2024/03/17, 14:31:51.231, 311501996351, vstest.console.dll, DotnetTestHostmanager: Adding  --depsfile "C:\Users\petko\OneDrive\Documents\GitHub\Backend-Test--Automation\Eventmi-AppSkeleton\Eventmi.Tests\bin\Debug\net6.0\fine-code-coverage\build-output\Eventmi.Tests.deps.json" in args
TpTrace Verbose: 0 : 37412, 5, 2024/03/17, 14:31:51.231, 311501998098, vstest.console.dll, DotnetTestHostmanager.IsWinOnArm: Current PROCESSOR_ARCHITECTURE from environment variable 'AMD64'
TpTrace Verbose: 0 : 37412, 5, 2024/03/17, 14:31:51.231, 311501998480, vstest.console.dll, DotnetTestHostmanager.IsWinOnArm: Is Windows on ARM 'False'
TpTrace Verbose: 0 : 37412, 5, 2024/03/17, 14:31:51.232, 311501999432, vstest.console.dll, DotnetTestHostManager: testhost.exe found at path: C:\Users\petko\OneDrive\Documents\GitHub\Backend-Test--Automation\Eventmi-AppSkeleton\Eventmi.Tests\bin\Debug\net6.0\fine-code-coverage\build-output\testhost.exe
TpTrace Verbose: 0 : 37412, 5, 2024/03/17, 14:31:51.232, 311501999766, vstest.console.dll, DotnetTestHostmanager: Full path of host exe is C:\Users\petko\OneDrive\Documents\GitHub\Backend-Test--Automation\Eventmi-AppSkeleton\Eventmi.Tests\bin\Debug\net6.0\fine-code-coverage\build-output\testhost.exe
TpTrace Verbose: 0 : 37412, 5, 2024/03/17, 14:31:51.232, 311502000509, vstest.console.dll, DotnetTestHostmanager.LaunchTestHostAsync: Found 'VSTEST_WINAPPHOST_DOTNET_ROOT' in env variables, value 'C:\Program Files\dotnet', forwarding to 'DOTNET_ROOT'
TpTrace Verbose: 0 : 37412, 5, 2024/03/17, 14:31:51.232, 311502001465, vstest.console.dll, DotnetTestHostManager: Starting process 'C:\Users\petko\OneDrive\Documents\GitHub\Backend-Test--Automation\Eventmi-AppSkeleton\Eventmi.Tests\bin\Debug\net6.0\fine-code-coverage\build-output\testhost.exe' with command line ' --runtimeconfig "C:\Users\petko\OneDrive\Documents\GitHub\Backend-Test--Automation\Eventmi-AppSkeleton\Eventmi.Tests\bin\Debug\net6.0\fine-code-coverage\build-output\Eventmi.Tests.runtimeconfig.json" --depsfile "C:\Users\petko\OneDrive\Documents\GitHub\Backend-Test--Automation\Eventmi-AppSkeleton\Eventmi.Tests\bin\Debug\net6.0\fine-code-coverage\build-output\Eventmi.Tests.deps.json" --port 56087 --endpoint 127.0.0.1:056087 --role client --parentprocessid 37412 --diag "C:\Users\petko\OneDrive\Documents\GitHub\Backend-Test--Automation\Eventmi-AppSkeleton\Eventmi.Tests\bin\Debug\net6.0\fine-code-coverage\coverage-tool-output\diagnostics.host.24-03-17_14-31-51_23113_5.log" --tracelevel 4 --datacollectionport 56084 --telemetryoptedin false'
TpTrace Verbose: 0 : 37412, 5, 2024/03/17, 14:31:51.265, 311502330773, vstest.console.dll, MulticastDelegateUtilities.SafeInvoke: HostProviderEvents.OnHostLaunched: Invoking callback 1/2 for Microsoft.VisualStudio.TestPlatform.CrossPlatEngine.Client.ProxyExecutionManagerWithDataCollection., took 10 ms.
TpTrace Verbose: 0 : 37412, 5, 2024/03/17, 14:31:51.267, 311502349865, vstest.console.dll, Test Runtime launched
TpTrace Verbose: 0 : 37412, 5, 2024/03/17, 14:31:51.267, 311502353812, vstest.console.dll, MulticastDelegateUtilities.SafeInvoke: HostProviderEvents.OnHostLaunched: Invoking callback 2/2 for Microsoft.VisualStudio.TestPlatform.CrossPlatEngine.Client.ProxyOperationManager., took 2 ms.
TpTrace Verbose: 0 : 37412, 5, 2024/03/17, 14:31:51.267, 311502355260, vstest.console.dll, TestRequestSender.WaitForRequestHandlerConnection: waiting for connection with timeout: 90000.
TpTrace Verbose: 0 : 37412, 7, 2024/03/17, 14:31:51.440, 311504084865, vstest.console.dll, MulticastDelegateUtilities.SafeInvoke: SocketServer: ClientConnected: Invoking callback 1/1 for Microsoft.VisualStudio.TestPlatform.CommunicationUtilities.TestRequestSender., took 0 ms.
TpTrace Verbose: 0 : 37412, 5, 2024/03/17, 14:31:51.440, 311504084866, vstest.console.dll, TestRequestSender.WaitForRequestHandlerConnection: waiting took 172 ms, with timeout 90000 ms, and result 0, which is success.
TpTrace Verbose: 0 : 37412, 7, 2024/03/17, 14:31:51.440, 311504085751, vstest.console.dll, SocketServer.OnClientConnected: Client connected for endPoint: 127.0.0.1:56087, starting MessageLoopAsync:
TpTrace Verbose: 0 : 37412, 14, 2024/03/17, 14:31:51.441, 311504091398, vstest.console.dll, TcpClientExtensions.MessageLoopAsync: Polling on remoteEndPoint: 127.0.0.1:56091 localEndPoint: 127.0.0.1:56087
TpTrace Verbose: 0 : 37412, 5, 2024/03/17, 14:31:51.441, 311504092454, vstest.console.dll, TestRequestSender.CheckVersionWithTestHost: Sending check version message: {"MessageType":"ProtocolVersion","Payload":7}
TpTrace Verbose: 0 : 37412, 14, 2024/03/17, 14:31:51.552, 311505207790, vstest.console.dll, TcpClientExtensions.MessageLoopAsync: NotifyDataAvailable remoteEndPoint: 127.0.0.1:56091 localEndPoint: 127.0.0.1:56087
TpTrace Verbose: 0 : 37412, 14, 2024/03/17, 14:31:51.553, 311505209814, vstest.console.dll, TestRequestSender.CheckVersionWithTestHost: onMessageReceived received message: (ProtocolVersion) -> {"MessageType":"ProtocolVersion","Payload":7}
TpTrace Verbose: 0 : 37412, 14, 2024/03/17, 14:31:51.553, 311505214087, vstest.console.dll, MulticastDelegateUtilities.SafeInvoke: LengthPrefixCommunicationChannel: MessageReceived: Invoking callback 1/1 for Microsoft.VisualStudio.TestPlatform.CommunicationUtilities.TestRequestSender+<>c__DisplayClass29_0., took 0 ms.
TpTrace Verbose: 0 : 37412, 5, 2024/03/17, 14:31:51.553, 311505214664, vstest.console.dll, TestPluginCache.GetExtensionPaths: Filtered extension paths: 
TpTrace Verbose: 0 : 37412, 14, 2024/03/17, 14:31:51.553, 311505214810, vstest.console.dll, TcpClientExtensions.MessageLoopAsync: Polling on remoteEndPoint: 127.0.0.1:56091 localEndPoint: 127.0.0.1:56087
TpTrace Verbose: 0 : 37412, 5, 2024/03/17, 14:31:51.553, 311505215306, vstest.console.dll, TestPluginCache.GetExtensionPaths: Added default extension paths: C:\Program Files\dotnet\sdk\8.0.100\Extensions\Microsoft.Diagnostics.NETCore.Client.dll
C:\Program Files\dotnet\sdk\8.0.100\Extensions\Microsoft.TestPlatform.Extensions.BlameDataCollector.dll
C:\Program Files\dotnet\sdk\8.0.100\Extensions\Microsoft.TestPlatform.Extensions.EventLogCollector.dll
C:\Program Files\dotnet\sdk\8.0.100\Extensions\Microsoft.TestPlatform.TestHostRuntimeProvider.dll
C:\Program Files\dotnet\sdk\8.0.100\Extensions\Microsoft.VisualStudio.TestPlatform.Extensions.Html.TestLogger.dll
C:\Program Files\dotnet\sdk\8.0.100\Extensions\Microsoft.VisualStudio.TestPlatform.Extensions.Trx.TestLogger.dll
TpTrace Verbose: 0 : 37412, 5, 2024/03/17, 14:31:51.553, 311505216400, vstest.console.dll, TestPluginCache.GetExtensionPaths: Added unfilterableExtensionPaths: 
TpTrace Verbose: 0 : 37412, 5, 2024/03/17, 14:31:51.556, 311505239307, vstest.console.dll, TestRequestSender.InitializeExecution: Sending initialize execution with message: {"Version":7,"MessageType":"TestExecution.Initialize","Payload":["C:\\Users\\petko\\OneDrive\\Documents\\GitHub\\Backend-Test--Automation\\Eventmi-AppSkeleton\\Eventmi.Tests\\bin\\Debug\\net6.0\\fine-code-coverage\\build-output\\NUnit3.TestAdapter.dll"]}
TpTrace Verbose: 0 : 37412, 5, 2024/03/17, 14:31:51.556, 311505241092, vstest.console.dll, ParallelProxyExecutionManager.StartTestRunOnConcurrentManager: Execution starting. Started clients: 1
TpTrace Verbose: 0 : 37412, 5, 2024/03/17, 14:31:51.556, 311505242760, vstest.console.dll, TestRunRequest:SendTestRunMessage: Starting.
TpTrace Verbose: 0 : 37412, 14, 2024/03/17, 14:31:51.556, 311505243519, vstest.console.dll, TcpClientExtensions.MessageLoopAsync: NotifyDataAvailable remoteEndPoint: 127.0.0.1:56091 localEndPoint: 127.0.0.1:56087
TpTrace Verbose: 0 : 37412, 5, 2024/03/17, 14:31:51.556, 311505243748, vstest.console.dll, MulticastDelegateUtilities.SafeInvoke: TestRun.LogMessages: Invoking callback 1/1 for Microsoft.VisualStudio.TestPlatform.CommandLine.TestRunResultAggregator., took 0 ms.
TpTrace Information: 0 : 37412, 5, 2024/03/17, 14:31:51.556, 311505244727, vstest.console.dll, TestRunRequest:SendTestRunMessage: Completed.
TpTrace Verbose: 0 : 37412, 14, 2024/03/17, 14:31:51.556, 311505245488, vstest.console.dll, LengthPrefixCommunicationChannel.NotifyDataAvailable: New data are waiting to be received, but there is no subscriber to be notified. Not reading them from the stream.
TpTrace Verbose: 0 : 37412, 14, 2024/03/17, 14:31:51.556, 311505246232, vstest.console.dll, TcpClientExtensions.MessageLoopAsync: Polling on remoteEndPoint: 127.0.0.1:56091 localEndPoint: 127.0.0.1:56087
TpTrace Verbose: 0 : 37412, 14, 2024/03/17, 14:31:51.556, 311505246505, vstest.console.dll, TcpClientExtensions.MessageLoopAsync: NotifyDataAvailable remoteEndPoint: 127.0.0.1:56091 localEndPoint: 127.0.0.1:56087
TpTrace Verbose: 0 : 37412, 14, 2024/03/17, 14:31:51.556, 311505246629, vstest.console.dll, LengthPrefixCommunicationChannel.NotifyDataAvailable: New data are waiting to be received, but there is no subscriber to be notified. Not reading them from the stream.
TpTrace Verbose: 0 : 37412, 14, 2024/03/17, 14:31:51.556, 311505246736, vstest.console.dll, TcpClientExtensions.MessageLoopAsync: Polling on remoteEndPoint: 127.0.0.1:56091 localEndPoint: 127.0.0.1:56087
TpTrace Verbose: 0 : 37412, 14, 2024/03/17, 14:31:51.556, 311505246890, vstest.console.dll, TcpClientExtensions.MessageLoopAsync: NotifyDataAvailable remoteEndPoint: 127.0.0.1:56091 localEndPoint: 127.0.0.1:56087
TpTrace Verbose: 0 : 37412, 14, 2024/03/17, 14:31:51.556, 311505246992, vstest.console.dll, LengthPrefixCommunicationChannel.NotifyDataAvailable: New data are waiting to be received, but there is no subscriber to be notified. Not reading them from the stream.
TpTrace Warning: 0 : 37412, 5, 2024/03/17, 14:31:51.556, 311505247028, vstest.console.dll, InferRunSettingsHelper.MakeRunsettingsCompatible: Removing the following settings: TargetPlatform from RunSettings file. To use those settings please move to latest version of Microsoft.NET.Test.Sdk
TpTrace Verbose: 0 : 37412, 14, 2024/03/17, 14:31:51.556, 311505247100, vstest.console.dll, TcpClientExtensions.MessageLoopAsync: Polling on remoteEndPoint: 127.0.0.1:56091 localEndPoint: 127.0.0.1:56087
TpTrace Verbose: 0 : 37412, 14, 2024/03/17, 14:31:51.556, 311505248123, vstest.console.dll, TcpClientExtensions.MessageLoopAsync: NotifyDataAvailable remoteEndPoint: 127.0.0.1:56091 localEndPoint: 127.0.0.1:56087
TpTrace Verbose: 0 : 37412, 14, 2024/03/17, 14:31:51.556, 311505248278, vstest.console.dll, LengthPrefixCommunicationChannel.NotifyDataAvailable: New data are waiting to be received, but there is no subscriber to be notified. Not reading them from the stream.
TpTrace Verbose: 0 : 37412, 14, 2024/03/17, 14:31:51.556, 311505248463, vstest.console.dll, TcpClientExtensions.MessageLoopAsync: Polling on remoteEndPoint: 127.0.0.1:56091 localEndPoint: 127.0.0.1:56087
TpTrace Verbose: 0 : 37412, 14, 2024/03/17, 14:31:51.556, 311505248718, vstest.console.dll, TcpClientExtensions.MessageLoopAsync: NotifyDataAvailable remoteEndPoint: 127.0.0.1:56091 localEndPoint: 127.0.0.1:56087
TpTrace Verbose: 0 : 37412, 14, 2024/03/17, 14:31:51.557, 311505248864, vstest.console.dll, LengthPrefixCommunicationChannel.NotifyDataAvailable: New data are waiting to be received, but there is no subscriber to be notified. Not reading them from the stream.
TpTrace Verbose: 0 : 37412, 14, 2024/03/17, 14:31:51.557, 311505248971, vstest.console.dll, TcpClientExtensions.MessageLoopAsync: Polling on remoteEndPoint: 127.0.0.1:56091 localEndPoint: 127.0.0.1:56087
TpTrace Verbose: 0 : 37412, 14, 2024/03/17, 14:31:51.557, 311505249087, vstest.console.dll, TcpClientExtensions.MessageLoopAsync: NotifyDataAvailable remoteEndPoint: 127.0.0.1:56091 localEndPoint: 127.0.0.1:56087
TpTrace Verbose: 0 : 37412, 14, 2024/03/17, 14:31:51.557, 311505249190, vstest.console.dll, LengthPrefixCommunicationChannel.NotifyDataAvailable: New data are waiting to be received, but there is no subscriber to be notified. Not reading them from the stream.
TpTrace Verbose: 0 : 37412, 14, 2024/03/17, 14:31:51.557, 311505249336, vstest.console.dll, TcpClientExtensions.MessageLoopAsync: Polling on remoteEndPoint: 127.0.0.1:56091 localEndPoint: 127.0.0.1:56087
TpTrace Verbose: 0 : 37412, 14, 2024/03/17, 14:31:51.557, 311505249447, vstest.console.dll, TcpClientExtensions.MessageLoopAsync: NotifyDataAvailable remoteEndPoint: 127.0.0.1:56091 localEndPoint: 127.0.0.1:56087
TpTrace Verbose: 0 : 37412, 14, 2024/03/17, 14:31:51.557, 311505249549, vstest.console.dll, LengthPrefixCommunicationChannel.NotifyDataAvailable: New data are waiting to be received, but there is no subscriber to be notified. Not reading them from the stream.
TpTrace Verbose: 0 : 37412, 14, 2024/03/17, 14:31:51.557, 311505249653, vstest.console.dll, TcpClientExtensions.MessageLoopAsync: Polling on remoteEndPoint: 127.0.0.1:56091 localEndPoint: 127.0.0.1:56087
TpTrace Verbose: 0 : 37412, 14, 2024/03/17, 14:31:51.557, 311505249771, vstest.console.dll, TcpClientExtensions.MessageLoopAsync: NotifyDataAvailable remoteEndPoint: 127.0.0.1:56091 localEndPoint: 127.0.0.1:56087
TpTrace Verbose: 0 : 37412, 14, 2024/03/17, 14:31:51.557, 311505251299, vstest.console.dll, TestRequestSender.OnExecutionMessageReceived: Received message: {"Version":7,"MessageType":"TestSession.Message","Payload":{"MessageLevel":0,"Message":"Logging TestHost Diagnostics in file: C:\\Users\\petko\\OneDrive\\Documents\\GitHub\\Backend-Test--Automation\\Eventmi-AppSkeleton\\Eventmi.Tests\\bin\\Debug\\net6.0\\fine-code-coverage\\coverage-tool-output\\diagnostics.host.24-03-17_14-31-51_23113_5.log"}}
TpTrace Verbose: 0 : 37412, 4, 2024/03/17, 14:31:51.557, 311505257471, vstest.console.dll, MulticastDelegateUtilities.SafeInvoke: InternalTestLoggerEvents.SendTestRunMessage: Invoking callback 1/1 for Microsoft.VisualStudio.TestPlatform.CommandLine.Internal.ConsoleLogger., took 1 ms.
TpTrace Verbose: 0 : 37412, 14, 2024/03/17, 14:31:51.558, 311505264246, vstest.console.dll, TestRunRequest:SendTestRunMessage: Starting.
TpTrace Verbose: 0 : 37412, 14, 2024/03/17, 14:31:51.558, 311505265001, vstest.console.dll, MulticastDelegateUtilities.SafeInvoke: TestRun.LogMessages: Invoking callback 1/1 for Microsoft.VisualStudio.TestPlatform.CommandLine.TestRunResultAggregator., took 0 ms.
TpTrace Information: 0 : 37412, 14, 2024/03/17, 14:31:51.558, 311505265239, vstest.console.dll, TestRunRequest:SendTestRunMessage: Completed.
TpTrace Verbose: 0 : 37412, 14, 2024/03/17, 14:31:51.558, 311505265406, vstest.console.dll, MulticastDelegateUtilities.SafeInvoke: LengthPrefixCommunicationChannel: MessageReceived: Invoking callback 1/1 for Microsoft.VisualStudio.TestPlatform.CommunicationUtilities.TestRequestSender+<>c__DisplayClass34_0., took 1 ms.
TpTrace Verbose: 0 : 37412, 14, 2024/03/17, 14:31:51.558, 311505265936, vstest.console.dll, TcpClientExtensions.MessageLoopAsync: Polling on remoteEndPoint: 127.0.0.1:56091 localEndPoint: 127.0.0.1:56087
TpTrace Verbose: 0 : 37412, 4, 2024/03/17, 14:31:51.558, 311505265339, vstest.console.dll, MulticastDelegateUtilities.SafeInvoke: InternalTestLoggerEvents.SendTestRunMessage: Invoking callback 1/1 for Microsoft.VisualStudio.TestPlatform.CommandLine.Internal.ConsoleLogger., took 0 ms.
TpTrace Verbose: 0 : 37412, 5, 2024/03/17, 14:31:51.559, 311505276671, vstest.console.dll, TestRequestSender.StartTestRun: Sending test run with message: {"Version":7,"MessageType":"TestExecution.StartWithSources","Payload":{"AdapterSourceMap":{"_none_":["C:\\Users\\petko\\OneDrive\\Documents\\GitHub\\Backend-Test--Automation\\Eventmi-AppSkeleton\\Eventmi.Tests\\bin\\Debug\\net6.0\\fine-code-coverage\\build-output\\Eventmi.Tests.dll"]},"RunSettings":"<RunSettings>\r\n  <RunConfiguration>\r\n    <ResultsDirectory>C:\\Users\\petko\\OneDrive\\Documents\\GitHub\\Backend-Test--Automation\\Eventmi-AppSkeleton\\Eventmi.Tests\\bin\\Debug\\net6.0\\fine-code-coverage\\coverage-tool-output</ResultsDirectory>\r\n    <TargetFrameworkVersion>.NETCoreApp,Version=v6.0</TargetFrameworkVersion>\r\n    <DesignMode>False</DesignMode>\r\n    <CollectSourceInformation>False</CollectSourceInformation>\r\n  </RunConfiguration>\r\n  <LoggerRunSettings>\r\n    <Loggers>\r\n      <Logger friendlyName=\"blame\" enabled=\"True\" />\r\n      <Logger friendlyName=\"Console\" uri=\"logger://microsoft/TestPlatform/ConsoleLogger/v1\" assemblyQualifiedName=\"Microsoft.VisualStudio.TestPlatform.CommandLine.Internal.ConsoleLogger, vstest.console, Version=15.0.0.0, Culture=neutral, PublicKeyToken=b03f5f7f11d50a3a\" codeBase=\"C:\\Program Files\\dotnet\\sdk\\8.0.100\\vstest.console.dll\" enabled=\"True\" />\r\n    </Loggers>\r\n  </LoggerRunSettings>\r\n  <DataCollectionRunSettings>\r\n    <DataCollectors>\r\n      <DataCollector friendlyName=\"blame\" enabled=\"True\">\r\n        <Configuration>\r\n          <ResultsDirectory>C:\\Users\\petko\\OneDrive\\Documents\\GitHub\\Backend-Test--Automation\\Eventmi-AppSkeleton\\Eventmi.Tests\\bin\\Debug\\net6.0\\fine-code-coverage\\coverage-tool-output</ResultsDirectory>\r\n        </Configuration>\r\n      </DataCollector>\r\n    </DataCollectors>\r\n  </DataCollectionRunSettings>\r\n</RunSettings>","TestExecutionContext":{"FrequencyOfRunStatsChangeEvent":10,"RunStatsChangeEventTimeout":"00:00:01.5000000","InIsolation":false,"KeepAlive":false,"AreTestCaseLevelEventsRequired":false,"IsDebug":false,"TestCaseFilter":null,"FilterOptions":null},"Package":null}}
TpTrace Verbose: 0 : 37412, 5, 2024/03/17, 14:31:51.559, 311505277508, vstest.console.dll, ParallelProxyExecutionManager.StartTestRunOnConcurrentManager: Execution started. Started clients: 1
TpTrace Verbose: 0 : 37412, 14, 2024/03/17, 14:31:51.676, 311506446414, vstest.console.dll, TcpClientExtensions.MessageLoopAsync: NotifyDataAvailable remoteEndPoint: 127.0.0.1:56091 localEndPoint: 127.0.0.1:56087
TpTrace Verbose: 0 : 37412, 14, 2024/03/17, 14:31:51.676, 311506447681, vstest.console.dll, TestRequestSender.OnExecutionMessageReceived: Received message: {"Version":7,"MessageType":"TestSession.Message","Payload":{"MessageLevel":0,"Message":"NUnit Adapter 4.4.0.0: Test execution started"}}
TpTrace Verbose: 0 : 37412, 14, 2024/03/17, 14:31:51.677, 311506449107, vstest.console.dll, TestRunRequest:SendTestRunMessage: Starting.
TpTrace Verbose: 0 : 37412, 14, 2024/03/17, 14:31:51.677, 311506449564, vstest.console.dll, MulticastDelegateUtilities.SafeInvoke: TestRun.LogMessages: Invoking callback 1/1 for Microsoft.VisualStudio.TestPlatform.CommandLine.TestRunResultAggregator., took 0 ms.
TpTrace Information: 0 : 37412, 14, 2024/03/17, 14:31:51.677, 311506449743, vstest.console.dll, TestRunRequest:SendTestRunMessage: Completed.
TpTrace Verbose: 0 : 37412, 14, 2024/03/17, 14:31:51.677, 311506449869, vstest.console.dll, MulticastDelegateUtilities.SafeInvoke: LengthPrefixCommunicationChannel: MessageReceived: Invoking callback 1/1 for Microsoft.VisualStudio.TestPlatform.CommunicationUtilities.TestRequestSender+<>c__DisplayClass34_0., took 0 ms.
TpTrace Verbose: 0 : 37412, 14, 2024/03/17, 14:31:51.677, 311506450042, vstest.console.dll, TcpClientExtensions.MessageLoopAsync: Polling on remoteEndPoint: 127.0.0.1:56091 localEndPoint: 127.0.0.1:56087
TpTrace Verbose: 0 : 37412, 4, 2024/03/17, 14:31:51.677, 311506450227, vstest.console.dll, MulticastDelegateUtilities.SafeInvoke: InternalTestLoggerEvents.SendTestRunMessage: Invoking callback 1/1 for Microsoft.VisualStudio.TestPlatform.CommandLine.Internal.ConsoleLogger., took 0 ms.
TpTrace Verbose: 0 : 37412, 14, 2024/03/17, 14:31:51.697, 311506658094, vstest.console.dll, TcpClientExtensions.MessageLoopAsync: NotifyDataAvailable remoteEndPoint: 127.0.0.1:56091 localEndPoint: 127.0.0.1:56087
TpTrace Verbose: 0 : 37412, 14, 2024/03/17, 14:31:51.698, 311506659391, vstest.console.dll, TestRequestSender.OnExecutionMessageReceived: Received message: {"Version":7,"MessageType":"TestSession.Message","Payload":{"MessageLevel":0,"Message":"Running all tests in C:\\Users\\petko\\OneDrive\\Documents\\GitHub\\Backend-Test--Automation\\Eventmi-AppSkeleton\\Eventmi.Tests\\bin\\Debug\\net6.0\\fine-code-coverage\\build-output\\Eventmi.Tests.dll"}}
TpTrace Verbose: 0 : 37412, 14, 2024/03/17, 14:31:51.698, 311506660331, vstest.console.dll, TestRunRequest:SendTestRunMessage: Starting.
TpTrace Verbose: 0 : 37412, 14, 2024/03/17, 14:31:51.698, 311506660724, vstest.console.dll, MulticastDelegateUtilities.SafeInvoke: TestRun.LogMessages: Invoking callback 1/1 for Microsoft.VisualStudio.TestPlatform.CommandLine.TestRunResultAggregator., took 0 ms.
TpTrace Information: 0 : 37412, 14, 2024/03/17, 14:31:51.698, 311506660927, vstest.console.dll, TestRunRequest:SendTestRunMessage: Completed.
TpTrace Verbose: 0 : 37412, 14, 2024/03/17, 14:31:51.698, 311506661055, vstest.console.dll, MulticastDelegateUtilities.SafeInvoke: LengthPrefixCommunicationChannel: MessageReceived: Invoking callback 1/1 for Microsoft.VisualStudio.TestPlatform.CommunicationUtilities.TestRequestSender+<>c__DisplayClass34_0., took 0 ms.
TpTrace Verbose: 0 : 37412, 14, 2024/03/17, 14:31:51.698, 311506661190, vstest.console.dll, TcpClientExtensions.MessageLoopAsync: Polling on remoteEndPoint: 127.0.0.1:56091 localEndPoint: 127.0.0.1:56087
TpTrace Verbose: 0 : 37412, 4, 2024/03/17, 14:31:51.698, 311506661375, vstest.console.dll, MulticastDelegateUtilities.SafeInvoke: InternalTestLoggerEvents.SendTestRunMessage: Invoking callback 1/1 for Microsoft.VisualStudio.TestPlatform.CommandLine.Internal.ConsoleLogger., took 0 ms.
TpTrace Verbose: 0 : 37412, 14, 2024/03/17, 14:31:52.243, 311512110625, vstest.console.dll, TcpClientExtensions.MessageLoopAsync: NotifyDataAvailable remoteEndPoint: 127.0.0.1:56091 localEndPoint: 127.0.0.1:56087
TpTrace Verbose: 0 : 37412, 14, 2024/03/17, 14:31:52.243, 311512112594, vstest.console.dll, TestRequestSender.OnExecutionMessageReceived: Received message: {"Version":7,"MessageType":"TestSession.Message","Payload":{"MessageLevel":0,"Message":"   NUnit3TestExecutor discovered 3 of 3 NUnit test cases using Current Discovery mode, Non-Explicit run"}}
TpTrace Verbose: 0 : 37412, 14, 2024/03/17, 14:31:52.243, 311512117227, vstest.console.dll, TestRunRequest:SendTestRunMessage: Starting.
TpTrace Verbose: 0 : 37412, 14, 2024/03/17, 14:31:52.243, 311512117716, vstest.console.dll, MulticastDelegateUtilities.SafeInvoke: TestRun.LogMessages: Invoking callback 1/1 for Microsoft.VisualStudio.TestPlatform.CommandLine.TestRunResultAggregator., took 0 ms.
TpTrace Information: 0 : 37412, 14, 2024/03/17, 14:31:52.243, 311512117881, vstest.console.dll, TestRunRequest:SendTestRunMessage: Completed.
TpTrace Verbose: 0 : 37412, 4, 2024/03/17, 14:31:52.244, 311512121102, vstest.console.dll, MulticastDelegateUtilities.SafeInvoke: InternalTestLoggerEvents.SendTestRunMessage: Invoking callback 1/1 for Microsoft.VisualStudio.TestPlatform.CommandLine.Internal.ConsoleLogger., took 0 ms.
TpTrace Verbose: 0 : 37412, 14, 2024/03/17, 14:31:52.244, 311512121293, vstest.console.dll, MulticastDelegateUtilities.SafeInvoke: LengthPrefixCommunicationChannel: MessageReceived: Invoking callback 1/1 for Microsoft.VisualStudio.TestPlatform.CommunicationUtilities.TestRequestSender+<>c__DisplayClass34_0., took 0 ms.
TpTrace Verbose: 0 : 37412, 14, 2024/03/17, 14:31:52.244, 311512121796, vstest.console.dll, TcpClientExtensions.MessageLoopAsync: Polling on remoteEndPoint: 127.0.0.1:56091 localEndPoint: 127.0.0.1:56087
TpTrace Verbose: 0 : 37412, 14, 2024/03/17, 14:31:53.141, 311521092792, vstest.console.dll, TcpClientExtensions.MessageLoopAsync: NotifyDataAvailable remoteEndPoint: 127.0.0.1:56091 localEndPoint: 127.0.0.1:56087
TpTrace Verbose: 0 : 37412, 14, 2024/03/17, 14:31:53.141, 311521097397, vstest.console.dll, TestRequestSender.OnExecutionMessageReceived: Received message: {"Version":7,"MessageType":"TestExecution.StatsChange","Payload":{"NewTestResults":[],"TestRunStatistics":{"ExecutedTests":0,"Stats":{}},"ActiveTests":[{"Id":"382fb36c-86bc-e517-810a-48a71f8b5dfe","FullyQualifiedName":"Eventmi.Tests.Tests.Add_GetRequestReturnsAddView","DisplayName":"Add_GetRequestReturnsAddView","ExecutorUri":"executor://NUnit3TestExecutor","Source":"C:\\Users\\petko\\OneDrive\\Documents\\GitHub\\Backend-Test--Automation\\Eventmi-AppSkeleton\\Eventmi.Tests\\bin\\Debug\\net6.0\\fine-code-coverage\\build-output\\Eventmi.Tests.dll","CodeFilePath":null,"LineNumber":0,"Properties":[{"Key":{"Id":"NUnit.Seed","Label":"Seed","Category":"","Description":"","Attributes":0,"ValueType":"System.String"},"Value":"49975540"}]}]}}
TpTrace Verbose: 0 : 37412, 14, 2024/03/17, 14:31:53.159, 311521273910, vstest.console.dll, TestRunRequest:SendTestRunStatsChange: Starting.
TpTrace Verbose: 0 : 37412, 14, 2024/03/17, 14:31:53.159, 311521275142, vstest.console.dll, InProgress is Add_GetRequestReturnsAddView
TpTrace Verbose: 0 : 37412, 14, 2024/03/17, 14:31:53.159, 311521275604, vstest.console.dll, MulticastDelegateUtilities.SafeInvoke: TestRun.RunStatsChanged: Invoking callbacks was skipped because there are no subscribers.
TpTrace Information: 0 : 37412, 14, 2024/03/17, 14:31:53.159, 311521275738, vstest.console.dll, TestRunRequest:SendTestRunStatsChange: Completed.
TpTrace Verbose: 0 : 37412, 14, 2024/03/17, 14:31:53.159, 311521275952, vstest.console.dll, MulticastDelegateUtilities.SafeInvoke: LengthPrefixCommunicationChannel: MessageReceived: Invoking callback 1/1 for Microsoft.VisualStudio.TestPlatform.CommunicationUtilities.TestRequestSender+<>c__DisplayClass34_0., took 17 ms.
TpTrace Verbose: 0 : 37412, 14, 2024/03/17, 14:31:53.159, 311521276173, vstest.console.dll, TcpClientExtensions.MessageLoopAsync: Polling on remoteEndPoint: 127.0.0.1:56091 localEndPoint: 127.0.0.1:56087
TpTrace Verbose: 0 : 37412, 14, 2024/03/17, 14:31:54.163, 311531312915, vstest.console.dll, TcpClientExtensions.MessageLoopAsync: Polling on remoteEndPoint: 127.0.0.1:56091 localEndPoint: 127.0.0.1:56087
TpTrace Verbose: 0 : 37412, 14, 2024/03/17, 14:31:55.169, 311541373318, vstest.console.dll, TcpClientExtensions.MessageLoopAsync: Polling on remoteEndPoint: 127.0.0.1:56091 localEndPoint: 127.0.0.1:56087
TpTrace Verbose: 0 : 37412, 14, 2024/03/17, 14:31:56.183, 311551514918, vstest.console.dll, TcpClientExtensions.MessageLoopAsync: Polling on remoteEndPoint: 127.0.0.1:56091 localEndPoint: 127.0.0.1:56087
TpTrace Verbose: 0 : 37412, 14, 2024/03/17, 14:31:56.471, 311554392090, vstest.console.dll, TcpClientExtensions.MessageLoopAsync: NotifyDataAvailable remoteEndPoint: 127.0.0.1:56091 localEndPoint: 127.0.0.1:56087
TpTrace Verbose: 0 : 37412, 14, 2024/03/17, 14:31:56.471, 311554394050, vstest.console.dll, TestRequestSender.OnExecutionMessageReceived: Received message: {"Version":7,"MessageType":"TestExecution.StatsChange","Payload":{"NewTestResults":[{"TestCase":{"Id":"382fb36c-86bc-e517-810a-48a71f8b5dfe","FullyQualifiedName":"Eventmi.Tests.Tests.Add_GetRequestReturnsAddView","DisplayName":"Add_GetRequestReturnsAddView","ExecutorUri":"executor://NUnit3TestExecutor","Source":"C:\\Users\\petko\\OneDrive\\Documents\\GitHub\\Backend-Test--Automation\\Eventmi-AppSkeleton\\Eventmi.Tests\\bin\\Debug\\net6.0\\fine-code-coverage\\build-output\\Eventmi.Tests.dll","CodeFilePath":null,"LineNumber":0,"Properties":[{"Key":{"Id":"NUnit.Seed","Label":"Seed","Category":"","Description":"","Attributes":0,"ValueType":"System.String"},"Value":"49975540"}]},"Attachments":[],"Outcome":2,"ErrorMessage":"  Expected: OK\r\n  But was:  0\r\n","ErrorStackTrace":"   at Eventmi.Tests.Tests.Add_GetRequestReturnsAddView() in C:\\Users\\petko\\OneDrive\\Documents\\GitHub\\Backend-Test--Automation\\Eventmi-AppSkeleton\\Eventmi.Tests\\EventControlletTests.cs:line 36\r\n   at NUnit.Framework.Internal.TaskAwaitAdapter.GenericAdapter`1.BlockUntilCompleted()\r\n   at NUnit.Framework.Internal.MessagePumpStrategy.NoMessagePumpStrategy.WaitForCompletion(AwaitAdapter awaiter)\r\n   at NUnit.Framework.Internal.AsyncToSyncAdapter.Await(Func`1 invoke)\r\n   at NUnit.Framework.Internal.Commands.TestMethodCommand.RunTestMethod(TestExecutionContext context)\r\n   at NUnit.Framework.Internal.Commands.TestMethodCommand.Execute(TestExecutionContext context)\r\n   at NUnit.Framework.Internal.Commands.BeforeAndAfterTestCommand.<>c__DisplayClass1_0.<Execute>b__0()\r\n   at NUnit.Framework.Internal.Commands.DelegatingTestCommand.RunTestMethodInThreadAbortSafeZone(TestExecutionContext context, Action action)\r\n\n1)    at Eventmi.Tests.Tests.Add_GetRequestReturnsAddView() in C:\\Users\\petko\\OneDrive\\Documents\\GitHub\\Backend-Test--Automation\\Eventmi-AppSkeleton\\Eventmi.Tests\\EventControlletTests.cs:line 36\r\n   at System.Runtime.CompilerServices.AsyncTaskMethodBuilder`1.AsyncStateMachineBox`1.ExecutionContextCallback(Object s)\r\n\n","DisplayName":"Add_GetRequestReturnsAddView","Messages":[],"ComputerName":"KONSTANTIN","Duration":"00:00:04.1793060","StartTime":"2024-03-17T14:31:52.2617252+00:00","EndTime":"2024-03-17T14:31:56.440996+00:00","Properties":[{"Key":{"Id":"NUnit.Seed","Label":"Seed","Category":"","Description":"","Attributes":0,"ValueType":"System.String"},"Value":"49975540"}]}],"TestRunStatistics":{"ExecutedTests":1,"Stats":{"Failed":1}},"ActiveTests":[{"Id":"b8b5d72c-01e7-c388-41a5-caa8beeaba29","FullyQualifiedName":"Eventmi.Tests.Tests.Add_PostRequest_AddsNewEventAddRedirects","DisplayName":"Add_PostRequest_AddsNewEventAddRedirects","ExecutorUri":"executor://NUnit3TestExecutor","Source":"C:\\Users\\petko\\OneDrive\\Documents\\GitHub\\Backend-Test--Automation\\Eventmi-AppSkeleton\\Eventmi.Tests\\bin\\Debug\\net6.0\\fine-code-coverage\\build-output\\Eventmi.Tests.dll","CodeFilePath":null,"LineNumber":0,"Properties":[{"Key":{"Id":"NUnit.Seed","Label":"Seed","Category":"","Description":"","Attributes":0,"ValueType":"System.String"},"Value":"1760108258"}]}]}}
TpTrace Verbose: 0 : 37412, 14, 2024/03/17, 14:31:56.475, 311554435421, vstest.console.dll, TestRunRequest:SendTestRunStatsChange: Starting.
TpTrace Verbose: 0 : 37412, 14, 2024/03/17, 14:31:56.475, 311554435838, vstest.console.dll, InProgress is Add_PostRequest_AddsNewEventAddRedirects
TpTrace Verbose: 0 : 37412, 14, 2024/03/17, 14:31:56.475, 311554436654, vstest.console.dll, MulticastDelegateUtilities.SafeInvoke: TestRun.RunStatsChanged: Invoking callbacks was skipped because there are no subscribers.
TpTrace Information: 0 : 37412, 14, 2024/03/17, 14:31:56.475, 311554436840, vstest.console.dll, TestRunRequest:SendTestRunStatsChange: Completed.
TpTrace Verbose: 0 : 37412, 14, 2024/03/17, 14:31:56.475, 311554436995, vstest.console.dll, MulticastDelegateUtilities.SafeInvoke: LengthPrefixCommunicationChannel: MessageReceived: Invoking callback 1/1 for Microsoft.VisualStudio.TestPlatform.CommunicationUtilities.TestRequestSender+<>c__DisplayClass34_0., took 4 ms.
TpTrace Verbose: 0 : 37412, 14, 2024/03/17, 14:31:56.475, 311554437190, vstest.console.dll, TcpClientExtensions.MessageLoopAsync: Polling on remoteEndPoint: 127.0.0.1:56091 localEndPoint: 127.0.0.1:56087
TpTrace Verbose: 0 : 37412, 4, 2024/03/17, 14:31:56.477, 311554449105, vstest.console.dll, MulticastDelegateUtilities.SafeInvoke: InternalTestLoggerEvents.SendTestResult: Invoking callback 1/1 for Microsoft.VisualStudio.TestPlatform.CommandLine.Internal.ConsoleLogger., took 1 ms.
TpTrace Verbose: 0 : 37412, 14, 2024/03/17, 14:31:57.484, 311564526348, vstest.console.dll, TcpClientExtensions.MessageLoopAsync: Polling on remoteEndPoint: 127.0.0.1:56091 localEndPoint: 127.0.0.1:56087
TpTrace Verbose: 0 : 37412, 14, 2024/03/17, 14:31:58.493, 311574618528, vstest.console.dll, TcpClientExtensions.MessageLoopAsync: Polling on remoteEndPoint: 127.0.0.1:56091 localEndPoint: 127.0.0.1:56087
TpTrace Verbose: 0 : 37412, 14, 2024/03/17, 14:31:59.499, 311584677506, vstest.console.dll, TcpClientExtensions.MessageLoopAsync: Polling on remoteEndPoint: 127.0.0.1:56091 localEndPoint: 127.0.0.1:56087
TpTrace Verbose: 0 : 37412, 14, 2024/03/17, 14:32:00.514, 311594826254, vstest.console.dll, TcpClientExtensions.MessageLoopAsync: Polling on remoteEndPoint: 127.0.0.1:56091 localEndPoint: 127.0.0.1:56087
TpTrace Verbose: 0 : 37412, 14, 2024/03/17, 14:32:01.053, 311600210741, vstest.console.dll, TcpClientExtensions.MessageLoopAsync: NotifyDataAvailable remoteEndPoint: 127.0.0.1:56091 localEndPoint: 127.0.0.1:56087
TpTrace Verbose: 0 : 37412, 14, 2024/03/17, 14:32:01.053, 311600211832, vstest.console.dll, TestRequestSender.OnExecutionMessageReceived: Received message: {"Version":7,"MessageType":"TestExecution.StatsChange","Payload":{"NewTestResults":[{"TestCase":{"Id":"b8b5d72c-01e7-c388-41a5-caa8beeaba29","FullyQualifiedName":"Eventmi.Tests.Tests.Add_PostRequest_AddsNewEventAddRedirects","DisplayName":"Add_PostRequest_AddsNewEventAddRedirects","ExecutorUri":"executor://NUnit3TestExecutor","Source":"C:\\Users\\petko\\OneDrive\\Documents\\GitHub\\Backend-Test--Automation\\Eventmi-AppSkeleton\\Eventmi.Tests\\bin\\Debug\\net6.0\\fine-code-coverage\\build-output\\Eventmi.Tests.dll","CodeFilePath":null,"LineNumber":0,"Properties":[{"Key":{"Id":"NUnit.Seed","Label":"Seed","Category":"","Description":"","Attributes":0,"ValueType":"System.String"},"Value":"1760108258"}]},"Attachments":[],"Outcome":2,"ErrorMessage":"  Expected: OK\r\n  But was:  0\r\n","ErrorStackTrace":"   at Eventmi.Tests.Tests.Add_PostRequest_AddsNewEventAddRedirects() in C:\\Users\\petko\\OneDrive\\Documents\\GitHub\\Backend-Test--Automation\\Eventmi-AppSkeleton\\Eventmi.Tests\\EventControlletTests.cs:line 57\r\n   at NUnit.Framework.Internal.TaskAwaitAdapter.GenericAdapter`1.BlockUntilCompleted()\r\n   at NUnit.Framework.Internal.MessagePumpStrategy.NoMessagePumpStrategy.WaitForCompletion(AwaitAdapter awaiter)\r\n   at NUnit.Framework.Internal.AsyncToSyncAdapter.Await(Func`1 invoke)\r\n   at NUnit.Framework.Internal.Commands.TestMethodCommand.RunTestMethod(TestExecutionContext context)\r\n   at NUnit.Framework.Internal.Commands.TestMethodCommand.Execute(TestExecutionContext context)\r\n   at NUnit.Framework.Internal.Commands.BeforeAndAfterTestCommand.<>c__DisplayClass1_0.<Execute>b__0()\r\n   at NUnit.Framework.Internal.Commands.DelegatingTestCommand.RunTestMethodInThreadAbortSafeZone(TestExecutionContext context, Action action)\r\n\n1)    at Eventmi.Tests.Tests.Add_PostRequest_AddsNewEventAddRedirects() in C:\\Users\\petko\\OneDrive\\Documents\\GitHub\\Backend-Test--Automation\\Eventmi-AppSkeleton\\Eventmi.Tests\\EventControlletTests.cs:line 57\r\n   at System.Runtime.CompilerServices.AsyncTaskMethodBuilder`1.AsyncStateMachineBox`1.ExecutionContextCallback(Object s)\r\n\n","DisplayName":"Add_PostRequest_AddsNewEventAddRedirects","Messages":[],"ComputerName":"KONSTANTIN","Duration":"00:00:04.6062880","StartTime":"2024-03-17T14:31:56.4417173+00:00","EndTime":"2024-03-17T14:32:01.0480054+00:00","Properties":[{"Key":{"Id":"NUnit.Seed","Label":"Seed","Category":"","Description":"","Attributes":0,"ValueType":"System.String"},"Value":"1760108258"}]}],"TestRunStatistics":{"ExecutedTests":2,"Stats":{"Failed":2}},"ActiveTests":[{"Id":"a0e7ab6b-de27-4225-d5da-5606f0423183","FullyQualifiedName":"Eventmi.Tests.Tests.GetAllEvents_ReturnsSuccessStatusCode","DisplayName":"GetAllEvents_ReturnsSuccessStatusCode","ExecutorUri":"executor://NUnit3TestExecutor","Source":"C:\\Users\\petko\\OneDrive\\Documents\\GitHub\\Backend-Test--Automation\\Eventmi-AppSkeleton\\Eventmi.Tests\\bin\\Debug\\net6.0\\fine-code-coverage\\build-output\\Eventmi.Tests.dll","CodeFilePath":null,"LineNumber":0,"Properties":[{"Key":{"Id":"NUnit.Seed","Label":"Seed","Category":"","Description":"","Attributes":0,"ValueType":"System.String"},"Value":"582603587"}]}]}}
TpTrace Verbose: 0 : 37412, 14, 2024/03/17, 14:32:01.053, 311600218229, vstest.console.dll, TestRunRequest:SendTestRunStatsChange: Starting.
TpTrace Verbose: 0 : 37412, 14, 2024/03/17, 14:32:01.053, 311600218591, vstest.console.dll, InProgress is GetAllEvents_ReturnsSuccessStatusCode
TpTrace Verbose: 0 : 37412, 14, 2024/03/17, 14:32:01.054, 311600218899, vstest.console.dll, MulticastDelegateUtilities.SafeInvoke: TestRun.RunStatsChanged: Invoking callbacks was skipped because there are no subscribers.
TpTrace Information: 0 : 37412, 14, 2024/03/17, 14:32:01.054, 311600219019, vstest.console.dll, TestRunRequest:SendTestRunStatsChange: Completed.
TpTrace Verbose: 0 : 37412, 14, 2024/03/17, 14:32:01.054, 311600219139, vstest.console.dll, MulticastDelegateUtilities.SafeInvoke: LengthPrefixCommunicationChannel: MessageReceived: Invoking callback 1/1 for Microsoft.VisualStudio.TestPlatform.CommunicationUtilities.TestRequestSender+<>c__DisplayClass34_0., took 0 ms.
TpTrace Verbose: 0 : 37412, 14, 2024/03/17, 14:32:01.054, 311600219276, vstest.console.dll, TcpClientExtensions.MessageLoopAsync: Polling on remoteEndPoint: 127.0.0.1:56091 localEndPoint: 127.0.0.1:56087
TpTrace Verbose: 0 : 37412, 4, 2024/03/17, 14:32:01.054, 311600222000, vstest.console.dll, MulticastDelegateUtilities.SafeInvoke: InternalTestLoggerEvents.SendTestResult: Invoking callback 1/1 for Microsoft.VisualStudio.TestPlatform.CommandLine.Internal.ConsoleLogger., took 0 ms.
TpTrace Verbose: 0 : 37412, 14, 2024/03/17, 14:32:02.054, 311610228033, vstest.console.dll, TcpClientExtensions.MessageLoopAsync: Polling on remoteEndPoint: 127.0.0.1:56091 localEndPoint: 127.0.0.1:56087
TpTrace Verbose: 0 : 37412, 14, 2024/03/17, 14:32:03.069, 311620371104, vstest.console.dll, TcpClientExtensions.MessageLoopAsync: Polling on remoteEndPoint: 127.0.0.1:56091 localEndPoint: 127.0.0.1:56087
TpTrace Verbose: 0 : 37412, 14, 2024/03/17, 14:32:04.075, 311630430226, vstest.console.dll, TcpClientExtensions.MessageLoopAsync: Polling on remoteEndPoint: 127.0.0.1:56091 localEndPoint: 127.0.0.1:56087
TpTrace Verbose: 0 : 37412, 14, 2024/03/17, 14:32:05.083, 311640513856, vstest.console.dll, TcpClientExtensions.MessageLoopAsync: Polling on remoteEndPoint: 127.0.0.1:56091 localEndPoint: 127.0.0.1:56087
TpTrace Verbose: 0 : 37412, 14, 2024/03/17, 14:32:05.155, 311641229632, vstest.console.dll, TcpClientExtensions.MessageLoopAsync: NotifyDataAvailable remoteEndPoint: 127.0.0.1:56091 localEndPoint: 127.0.0.1:56087
TpTrace Verbose: 0 : 37412, 14, 2024/03/17, 14:32:05.155, 311641231010, vstest.console.dll, TestRequestSender.OnExecutionMessageReceived: Received message: {"Version":7,"MessageType":"TestSession.Message","Payload":{"MessageLevel":0,"Message":"NUnit Adapter 4.4.0.0: Test execution complete"}}
TpTrace Verbose: 0 : 37412, 14, 2024/03/17, 14:32:05.155, 311641232100, vstest.console.dll, TestRunRequest:SendTestRunMessage: Starting.
TpTrace Verbose: 0 : 37412, 14, 2024/03/17, 14:32:05.155, 311641232653, vstest.console.dll, MulticastDelegateUtilities.SafeInvoke: TestRun.LogMessages: Invoking callback 1/1 for Microsoft.VisualStudio.TestPlatform.CommandLine.TestRunResultAggregator., took 0 ms.
TpTrace Information: 0 : 37412, 14, 2024/03/17, 14:32:05.155, 311641232960, vstest.console.dll, TestRunRequest:SendTestRunMessage: Completed.
TpTrace Verbose: 0 : 37412, 14, 2024/03/17, 14:32:05.155, 311641233249, vstest.console.dll, MulticastDelegateUtilities.SafeInvoke: LengthPrefixCommunicationChannel: MessageReceived: Invoking callback 1/1 for Microsoft.VisualStudio.TestPlatform.CommunicationUtilities.TestRequestSender+<>c__DisplayClass34_0., took 0 ms.
TpTrace Verbose: 0 : 37412, 14, 2024/03/17, 14:32:05.155, 311641233491, vstest.console.dll, TcpClientExtensions.MessageLoopAsync: Polling on remoteEndPoint: 127.0.0.1:56091 localEndPoint: 127.0.0.1:56087
TpTrace Verbose: 0 : 37412, 4, 2024/03/17, 14:32:05.155, 311641233719, vstest.console.dll, MulticastDelegateUtilities.SafeInvoke: InternalTestLoggerEvents.SendTestRunMessage: Invoking callback 1/1 for Microsoft.VisualStudio.TestPlatform.CommandLine.Internal.ConsoleLogger., took 0 ms.
TpTrace Verbose: 0 : 37412, 14, 2024/03/17, 14:32:05.172, 311641403399, vstest.console.dll, TcpClientExtensions.MessageLoopAsync: NotifyDataAvailable remoteEndPoint: 127.0.0.1:56091 localEndPoint: 127.0.0.1:56087
TpTrace Verbose: 0 : 37412, 14, 2024/03/17, 14:32:05.172, 311641405106, vstest.console.dll, TestRequestSender.OnExecutionMessageReceived: Received message: {"Version":7,"MessageType":"TestExecution.Completed","Payload":{"TestRunCompleteArgs":{"TestRunStatistics":{"ExecutedTests":3,"Stats":{"Failed":3}},"IsCanceled":false,"IsAborted":false,"Error":null,"AttachmentSets":[],"InvokedDataCollectors":[],"ElapsedTimeInRunningTests":"00:00:13.4982910","Metrics":{},"DiscoveredExtensions":{"TestDiscoverers":["NUnit.VisualStudio.TestAdapter.NUnit3TestDiscoverer, NUnit3.TestAdapter, Version=4.4.0.0, Culture=neutral, PublicKeyToken=4cb40d35494691ac"],"TestExecutors":["executor://NUnit3TestExecutor"],"TestExecutors2":[],"TestSettingsProviders":[]}},"LastRunTests":{"NewTestResults":[{"TestCase":{"Id":"a0e7ab6b-de27-4225-d5da-5606f0423183","FullyQualifiedName":"Eventmi.Tests.Tests.GetAllEvents_ReturnsSuccessStatusCode","DisplayName":"GetAllEvents_ReturnsSuccessStatusCode","ExecutorUri":"executor://NUnit3TestExecutor","Source":"C:\\Users\\petko\\OneDrive\\Documents\\GitHub\\Backend-Test--Automation\\Eventmi-AppSkeleton\\Eventmi.Tests\\bin\\Debug\\net6.0\\fine-code-coverage\\build-output\\Eventmi.Tests.dll","CodeFilePath":null,"LineNumber":0,"Properties":[{"Key":{"Id":"NUnit.Seed","Label":"Seed","Category":"","Description":"","Attributes":0,"ValueType":"System.String"},"Value":"582603587"}]},"Attachments":[],"Outcome":2,"ErrorMessage":"  Expected: OK\r\n  But was:  0\r\n","ErrorStackTrace":"   at Eventmi.Tests.Tests.GetAllEvents_ReturnsSuccessStatusCode() in C:\\Users\\petko\\OneDrive\\Documents\\GitHub\\Backend-Test--Automation\\Eventmi-AppSkeleton\\Eventmi.Tests\\EventControlletTests.cs:line 27\r\n\n1)    at Eventmi.Tests.Tests.GetAllEvents_ReturnsSuccessStatusCode() in C:\\Users\\petko\\OneDrive\\Documents\\GitHub\\Backend-Test--Automation\\Eventmi-AppSkeleton\\Eventmi.Tests\\EventControlletTests.cs:line 27\r\n\n","DisplayName":"GetAllEvents_ReturnsSuccessStatusCode","Messages":[],"ComputerName":"KONSTANTIN","Duration":"00:00:04.1018910","StartTime":"2024-03-17T14:32:01.0480326+00:00","EndTime":"2024-03-17T14:32:05.1499239+00:00","Properties":[{"Key":{"Id":"NUnit.Seed","Label":"Seed","Category":"","Description":"","Attributes":0,"ValueType":"System.String"},"Value":"582603587"}]}],"TestRunStatistics":{"ExecutedTests":3,"Stats":{"Failed":3}},"ActiveTests":[]},"RunAttachments":[],"ExecutorUris":["executor://nunit3testexecutor/"]}}
TpTrace Verbose: 0 : 37412, 14, 2024/03/17, 14:32:05.172, 311641406075, vstest.console.dll, TestRequestSender.EndSession: Sending end session.
TpTrace Verbose: 0 : 37412, 14, 2024/03/17, 14:32:05.172, 311641407816, vstest.console.dll, ProxyOperationManager.Close: waiting for test host to exit for 100 ms
TpTrace Warning: 0 : 37412, 14, 2024/03/17, 14:32:05.285, 311642533548, vstest.console.dll, ProxyOperationManager: Timed out waiting for test host to exit. Will terminate process.
TpTrace Information: 0 : 37412, 14, 2024/03/17, 14:32:05.285, 311642534717, vstest.console.dll, SocketServer.Stop: Stop server endPoint: 127.0.0.1:56087
TpTrace Information: 0 : 37412, 14, 2024/03/17, 14:32:05.285, 311642534865, vstest.console.dll, SocketServer.Stop: Cancellation requested. Stopping message loop.
TpTrace Information: 0 : 37412, 14, 2024/03/17, 14:32:05.285, 311642536965, vstest.console.dll, Closing the connection
TpTrace Verbose: 0 : 37412, 13, 2024/03/17, 14:32:05.694, 311646625355, vstest.console.dll, TestHostManagerCallbacks.ctor: Experimental forwarding output is disabled.
TpTrace Warning: 0 : 37412, 13, 2024/03/17, 14:32:05.694, 311646626255, vstest.console.dll, TestHostManagerCallbacks.ErrorReceivedCallback Test host standard error line: 
TpTrace Verbose: 0 : 37412, 14, 2024/03/17, 14:32:05.700, 311646679903, vstest.console.dll, TestHostProvider.ExitCallBack: Host exited starting callback.
TpTrace Information: 0 : 37412, 14, 2024/03/17, 14:32:05.700, 311646681049, vstest.console.dll, TestHostManagerCallbacks.ExitCallBack: Testhost processId: 23452 exited with exitcode: 0 error: ''
TpTrace Verbose: 0 : 37412, 14, 2024/03/17, 14:32:05.700, 311646681335, vstest.console.dll, DotnetTestHostManager.OnHostExited: invoking OnHostExited callback
TpTrace Verbose: 0 : 37412, 14, 2024/03/17, 14:32:05.700, 311646681768, vstest.console.dll, CrossPlatEngine.TestHostManagerHostExited: calling on client process exit callback.
TpTrace Information: 0 : 37412, 14, 2024/03/17, 14:32:05.700, 311646682564, vstest.console.dll, TestRequestSender.OnClientProcessExit: Test host process exited. Standard error: 
TpTrace Information: 0 : 37412, 14, 2024/03/17, 14:32:05.700, 311646683050, vstest.console.dll, SocketServer.Stop: Stop server endPoint: 127.0.0.1:56087
TpTrace Information: 0 : 37412, 14, 2024/03/17, 14:32:05.700, 311646683182, vstest.console.dll, SocketServer.Stop: Cancellation requested. Stopping message loop.
TpTrace Verbose: 0 : 37412, 14, 2024/03/17, 14:32:05.700, 311646683418, vstest.console.dll, MulticastDelegateUtilities.SafeInvoke: HostProviderEvents.OnHostExited: Invoking callback 1/1 for Microsoft.VisualStudio.TestPlatform.CrossPlatEngine.Client.ProxyOperationManager., took 0 ms.
TpTrace Verbose: 0 : 37412, 14, 2024/03/17, 14:32:05.700, 311646685109, vstest.console.dll, ProxyDataCollectionManager.InvokeDataCollectionServiceAction: Starting.
TpTrace Information: 0 : 37412, 14, 2024/03/17, 14:32:05.700, 311646685344, vstest.console.dll, ProxyDataCollectionManager.AfterTestRunEnd: Get attachment set and invoked data collectors processId: 35044 port: 56082
TpTrace Verbose: 0 : 37412, 14, 2024/03/17, 14:32:05.700, 311646685578, vstest.console.dll, DataCollectionRequestSender.SendAfterTestRunStartAndGetResult: Send AfterTestRunEnd message with isCancelled: False
TpTrace Verbose: 0 : 37412, 14, 2024/03/17, 14:32:05.705, 311646735848, vstest.console.dll, DataCollectionRequestSender.SendAfterTestRunStartAndGetResult: Received message: (DataCollection.AfterTestRunEndResult) -> {"MessageType":"DataCollection.AfterTestRunEndResult","Payload":{"AttachmentSets":[],"InvokedDataCollectors":[{"Uri":"datacollector://Microsoft/TestPlatform/Extensions/Blame/v1","FriendlyName":"Blame","AssemblyQualifiedName":"Microsoft.TestPlatform.Extensions.BlameDataCollector.BlameCollector, Microsoft.TestPlatform.Extensions.BlameDataCollector, Version=15.0.0.0, Culture=neutral, PublicKeyToken=b03f5f7f11d50a3a","FilePath":"C:\\Program Files\\dotnet\\sdk\\8.0.100\\Extensions\\Microsoft.TestPlatform.Extensions.BlameDataCollector.dll","HasAttachmentProcessor":false}],"Metrics":{}}}
TpTrace Information: 0 : 37412, 14, 2024/03/17, 14:32:05.708, 311646766063, vstest.console.dll, ProxyDataCollectionManager.InvokeDataCollectionServiceAction: Completed.
TpTrace Verbose: 0 : 37412, 14, 2024/03/17, 14:32:05.728, 311646966249, vstest.console.dll, TestRunRequest:SendTestRunStatsChange: Starting.
TpTrace Verbose: 0 : 37412, 14, 2024/03/17, 14:32:05.728, 311646966935, vstest.console.dll, MulticastDelegateUtilities.SafeInvoke: TestRun.RunStatsChanged: Invoking callbacks was skipped because there are no subscribers.
TpTrace Information: 0 : 37412, 14, 2024/03/17, 14:32:05.728, 311646967075, vstest.console.dll, TestRunRequest:SendTestRunStatsChange: Completed.
TpTrace Verbose: 0 : 37412, 4, 2024/03/17, 14:32:05.728, 311646968317, vstest.console.dll, MulticastDelegateUtilities.SafeInvoke: InternalTestLoggerEvents.SendTestResult: Invoking callback 1/1 for Microsoft.VisualStudio.TestPlatform.CommandLine.Internal.ConsoleLogger., took 0 ms.
TpTrace Verbose: 0 : 37412, 14, 2024/03/17, 14:32:05.728, 311646968523, vstest.console.dll, ParallelProxyExecutionManager: HandlePartialRunComplete: Total workloads = 1, Total started clients = 1 Total completed clients = 1, Run complete = True, Run canceled: False.
TpTrace Verbose: 0 : 37412, 14, 2024/03/17, 14:32:05.729, 311646970032, vstest.console.dll, ParallelProxyExecutionManager: HandlePartialRunComplete: All runs completed stopping all managers.
TpTrace Verbose: 0 : 37412, 14, 2024/03/17, 14:32:05.729, 311646970224, vstest.console.dll, ParallelOperationManager.StopAllManagers: Stopping all managers.
TpTrace Verbose: 0 : 37412, 14, 2024/03/17, 14:32:05.729, 311646970391, vstest.console.dll, ParallelOperationManager.ClearSlots: Clearing all slots. Slots should accept more work: False
TpTrace Verbose: 0 : 37412, 14, 2024/03/17, 14:32:05.729, 311646970659, vstest.console.dll, ParallelOperationManager.SetOccupiedSlotCount: Setting slot counts AvailableSlotCount = 1, OccupiedSlotCount = 0.
TpTrace Verbose: 0 : 37412, 14, 2024/03/17, 14:32:05.729, 311646970955, vstest.console.dll, Occupied slots:

TpTrace Verbose: 0 : 37412, 4, 2024/03/17, 14:32:05.734, 311647027426, vstest.console.dll, MulticastDelegateUtilities.SafeInvoke: InternalTestLoggerEvents.SendTestRunComplete: Invoking callback 1/2 for Microsoft.TestPlatform.Extensions.BlameDataCollector.BlameLogger., took 0 ms.
TpTrace Verbose: 0 : 37412, 4, 2024/03/17, 14:32:05.739, 311647071680, vstest.console.dll, MulticastDelegateUtilities.SafeInvoke: InternalTestLoggerEvents.SendTestRunComplete: Invoking callback 2/2 for Microsoft.VisualStudio.TestPlatform.CommandLine.Internal.ConsoleLogger., took 4 ms.
TpTrace Verbose: 0 : 37412, 14, 2024/03/17, 14:32:05.739, 311647075302, vstest.console.dll, TestRunRequest:TestRunComplete: Starting. IsAborted:False IsCanceled:False.
TpTrace Verbose: 0 : 37412, 14, 2024/03/17, 14:32:05.739, 311647076257, vstest.console.dll, ParallelOperationManager.DoActionOnAllManagers: Calling an action on all managers.
TpTrace Verbose: 0 : 37412, 14, 2024/03/17, 14:32:05.740, 311647081179, vstest.console.dll, TestLoggerManager.HandleTestRunComplete: Ignoring as the object is disposed.
TpTrace Verbose: 0 : 37412, 14, 2024/03/17, 14:32:05.740, 311647082591, vstest.console.dll, MulticastDelegateUtilities.SafeInvoke: TestRun.TestRunComplete: Invoking callback 1/2 for Microsoft.VisualStudio.TestPlatform.CommandLine.TestRunResultAggregator., took 0 ms.
TpTrace Verbose: 0 : 37412, 14, 2024/03/17, 14:32:05.740, 311647083269, vstest.console.dll, MulticastDelegateUtilities.SafeInvoke: TestRun.TestRunComplete: Invoking callback 2/2 for Microsoft.VisualStudio.TestPlatform.CommandLine.Processors.RunTestsArgumentExecutor+TestRunRequestEventsRegistrar., took 0 ms.
TpTrace Information: 0 : 37412, 14, 2024/03/17, 14:32:05.740, 311647083751, vstest.console.dll, TestRunRequest:TestRunComplete: Completed.
TpTrace Verbose: 0 : 37412, 14, 2024/03/17, 14:32:05.740, 311647083955, vstest.console.dll, TestRequestSender.SetOperationComplete: Setting operation complete.
TpTrace Information: 0 : 37412, 14, 2024/03/17, 14:32:05.740, 311647084068, vstest.console.dll, SocketServer.Stop: Stop server endPoint: 127.0.0.1:56087
TpTrace Information: 0 : 37412, 14, 2024/03/17, 14:32:05.740, 311647084179, vstest.console.dll, SocketServer.Stop: Cancellation requested. Stopping message loop.
TpTrace Verbose: 0 : 37412, 14, 2024/03/17, 14:32:05.740, 311647084306, vstest.console.dll, MulticastDelegateUtilities.SafeInvoke: LengthPrefixCommunicationChannel: MessageReceived: Invoking callback 1/1 for Microsoft.VisualStudio.TestPlatform.CommunicationUtilities.TestRequestSender+<>c__DisplayClass34_0., took 567 ms.
TpTrace Information: 0 : 37412, 14, 2024/03/17, 14:32:05.740, 311647084473, vstest.console.dll, SocketServer.PrivateStop: Stopping server endPoint: 127.0.0.1:56087 error: 
TpTrace Verbose: 0 : 37412, 1, 2024/03/17, 14:32:05.740, 311647084837, vstest.console.dll, TestRunRequest.Dispose: Starting.
TpTrace Information: 0 : 37412, 1, 2024/03/17, 14:32:05.740, 311647085214, vstest.console.dll, TestRunRequest.Dispose: Completed.
TpTrace Information: 0 : 37412, 1, 2024/03/17, 14:32:05.740, 311647085440, vstest.console.dll, TestRequestManager.RunTests: run tests completed.
TpTrace Information: 0 : 37412, 1, 2024/03/17, 14:32:05.740, 311647085816, vstest.console.dll, RunTestsArgumentProcessor:Execute: Test run is completed.
TpTrace Verbose: 0 : 37412, 1, 2024/03/17, 14:32:05.740, 311647087512, vstest.console.dll, Executor.Execute: Exiting with exit code of 1
TpTrace Verbose: 0 : 37412, 14, 2024/03/17, 14:32:05.741, 311647088921, vstest.console.dll, LengthPrefixCommunicationChannel.Dispose: Dispose reader and writer.
TpTrace Information: 0 : 37412, 14, 2024/03/17, 14:32:05.741, 311647089644, vstest.console.dll, SocketServer.Stop: Raise disconnected event endPoint: 127.0.0.1:56087 error: 
TpTrace Verbose: 0 : 37412, 14, 2024/03/17, 14:32:05.741, 311647090154, vstest.console.dll, TestRequestSender: OnTestRunAbort: Operation is already complete. Skip error message.
TpTrace Verbose: 0 : 37412, 14, 2024/03/17, 14:32:05.741, 311647090304, vstest.console.dll, MulticastDelegateUtilities.SafeInvoke: SocketServer: ClientDisconnected: Invoking callback 1/1 for Microsoft.VisualStudio.TestPlatform.CommunicationUtilities.TestRequestSender., took 0 ms.
TpTrace Verbose: 0 : 37412, 14, 2024/03/17, 14:32:05.741, 311647090602, vstest.console.dll, TcpClientExtensions.MessageLoopAsync: exiting MessageLoopAsync remoteEndPoint: 127.0.0.1:56091 localEndPoint: 127.0.0.1:56087
