TpTrace Verbose: 0 : 30260, 1, 2024/02/22, 21:40:28.840, 4026866898529, vstest.console.dll, Version: 17.8.0-release-23523-03 Current process architecture: X64
TpTrace Verbose: 0 : 30260, 1, 2024/02/22, 21:40:28.842, 4026866914387, vstest.console.dll, Runtime location: C:\Program Files\dotnet\shared\Microsoft.NETCore.App\8.0.0
TpTrace Verbose: 0 : 30260, 1, 2024/02/22, 21:40:28.843, 4026866924786, vstest.console.dll, ArtifactProcessingPostProcessModeProcessorExecutor.Initialize: ArtifactProcessingMode.Collect
TpTrace Verbose: 0 : 30260, 1, 2024/02/22, 21:40:28.843, 4026866925473, vstest.console.dll, TestSessionCorrelationIdProcessorModeProcessorExecutor.Initialize: TestSessionCorrelationId '46488_b3c3f5f6-0cd1-4cac-b311-7957c768d05b'
TpTrace Information: 0 : 30260, 1, 2024/02/22, 21:40:28.846, 4026866959353, vstest.console.dll, FilePatternParser: The given file C:\Users\petko\Downloads\03-Contacts-Resources\ContactsConsoleAPI\ContactsConsoleAPI.IntegrationTests.NUnit\bin\Debug\net6.0\fine-code-coverage\build-output\ContactsConsoleAPI.IntegrationTests.NUnit.dll is a full path.
TpTrace Verbose: 0 : 30260, 1, 2024/02/22, 21:40:28.848, 4026866981755, vstest.console.dll, TestPluginCache.DiscoverTestExtensions: finding test extensions in assemblies ends with: RuntimeProvider.dll TPluginInfo: Microsoft.VisualStudio.TestPlatform.Common.ExtensionFramework.Utilities.TestRuntimePluginInformation TExtension: Microsoft.VisualStudio.TestPlatform.ObjectModel.Host.ITestRuntimeProvider
TpTrace Verbose: 0 : 30260, 1, 2024/02/22, 21:40:28.849, 4026866983638, vstest.console.dll, TestPluginCache.GetExtensionPaths: Filtered extension paths: 
TpTrace Verbose: 0 : 30260, 1, 2024/02/22, 21:40:28.849, 4026866984079, vstest.console.dll, TestPluginCache.GetExtensionPaths: Added default extension paths: C:\Program Files\dotnet\sdk\8.0.100\Extensions\Microsoft.Diagnostics.NETCore.Client.dll
C:\Program Files\dotnet\sdk\8.0.100\Extensions\Microsoft.TestPlatform.Extensions.BlameDataCollector.dll
C:\Program Files\dotnet\sdk\8.0.100\Extensions\Microsoft.TestPlatform.Extensions.EventLogCollector.dll
C:\Program Files\dotnet\sdk\8.0.100\Extensions\Microsoft.TestPlatform.TestHostRuntimeProvider.dll
C:\Program Files\dotnet\sdk\8.0.100\Extensions\Microsoft.VisualStudio.TestPlatform.Extensions.Html.TestLogger.dll
C:\Program Files\dotnet\sdk\8.0.100\Extensions\Microsoft.VisualStudio.TestPlatform.Extensions.Trx.TestLogger.dll
TpTrace Verbose: 0 : 30260, 1, 2024/02/22, 21:40:28.849, 4026866984237, vstest.console.dll, TestPluginCache.GetExtensionPaths: Added unfilterableExtensionPaths: 
TpTrace Information: 0 : 30260, 1, 2024/02/22, 21:40:28.849, 4026866987195, vstest.console.dll, AssemblyResolver.ctor: Creating AssemblyResolver with searchDirectories C:\Program Files\dotnet\sdk\8.0.100\Extensions,C:\Program Files\dotnet\sdk\8.0.100
TpTrace Verbose: 0 : 30260, 1, 2024/02/22, 21:40:28.850, 4026866994046, vstest.console.dll, TestPluginCache.DiscoverTestExtensions: Discovering the extensions using extension path.
TpTrace Verbose: 0 : 30260, 1, 2024/02/22, 21:40:28.850, 4026866994765, vstest.console.dll, TestPluginCache.GetExtensionPaths: Filtered extension paths: 
TpTrace Verbose: 0 : 30260, 1, 2024/02/22, 21:40:28.850, 4026866994921, vstest.console.dll, TestPluginCache.GetExtensionPaths: Added default extension paths: C:\Program Files\dotnet\sdk\8.0.100\Extensions\Microsoft.Diagnostics.NETCore.Client.dll
C:\Program Files\dotnet\sdk\8.0.100\Extensions\Microsoft.TestPlatform.Extensions.BlameDataCollector.dll
C:\Program Files\dotnet\sdk\8.0.100\Extensions\Microsoft.TestPlatform.Extensions.EventLogCollector.dll
C:\Program Files\dotnet\sdk\8.0.100\Extensions\Microsoft.TestPlatform.TestHostRuntimeProvider.dll
C:\Program Files\dotnet\sdk\8.0.100\Extensions\Microsoft.VisualStudio.TestPlatform.Extensions.Html.TestLogger.dll
C:\Program Files\dotnet\sdk\8.0.100\Extensions\Microsoft.VisualStudio.TestPlatform.Extensions.Trx.TestLogger.dll
TpTrace Verbose: 0 : 30260, 1, 2024/02/22, 21:40:28.850, 4026866995062, vstest.console.dll, TestPluginCache.GetExtensionPaths: Added unfilterableExtensionPaths: 
TpTrace Verbose: 0 : 30260, 1, 2024/02/22, 21:40:28.850, 4026866995684, vstest.console.dll, TestPluginCache.DiscoverTestExtensions: Discovering the extensions using allExtensionPaths: C:\Program Files\dotnet\sdk\8.0.100\Extensions\Microsoft.Diagnostics.NETCore.Client.dll
C:\Program Files\dotnet\sdk\8.0.100\Extensions\Microsoft.TestPlatform.Extensions.BlameDataCollector.dll
C:\Program Files\dotnet\sdk\8.0.100\Extensions\Microsoft.TestPlatform.Extensions.EventLogCollector.dll
C:\Program Files\dotnet\sdk\8.0.100\Extensions\Microsoft.TestPlatform.TestHostRuntimeProvider.dll
C:\Program Files\dotnet\sdk\8.0.100\Extensions\Microsoft.VisualStudio.TestPlatform.Extensions.Html.TestLogger.dll
C:\Program Files\dotnet\sdk\8.0.100\Extensions\Microsoft.VisualStudio.TestPlatform.Extensions.Trx.TestLogger.dll
TpTrace Information: 0 : 30260, 1, 2024/02/22, 21:40:28.850, 4026866996188, vstest.console.dll, AssemblyResolver.AddSearchDirectories: Adding more searchDirectories C:\Program Files\dotnet\sdk\8.0.100\Extensions,C:\Program Files\dotnet\sdk\8.0.100
TpTrace Information: 0 : 30260, 1, 2024/02/22, 21:40:28.850, 4026866996384, vstest.console.dll, AssemblyResolver.AddSearchDirectories: Adding more searchDirectories C:\Program Files\dotnet\sdk\8.0.100\Extensions,C:\Program Files\dotnet\sdk\8.0.100
TpTrace Information: 0 : 30260, 1, 2024/02/22, 21:40:28.850, 4026866996494, vstest.console.dll, AssemblyResolver.AddSearchDirectories: Adding more searchDirectories C:\Program Files\dotnet\sdk\8.0.100\Extensions,C:\Program Files\dotnet\sdk\8.0.100
TpTrace Information: 0 : 30260, 1, 2024/02/22, 21:40:28.850, 4026866996619, vstest.console.dll, AssemblyResolver.AddSearchDirectories: Adding more searchDirectories C:\Program Files\dotnet\sdk\8.0.100\Extensions,C:\Program Files\dotnet\sdk\8.0.100
TpTrace Information: 0 : 30260, 1, 2024/02/22, 21:40:28.850, 4026866996722, vstest.console.dll, AssemblyResolver.AddSearchDirectories: Adding more searchDirectories C:\Program Files\dotnet\sdk\8.0.100\Extensions,C:\Program Files\dotnet\sdk\8.0.100
TpTrace Information: 0 : 30260, 1, 2024/02/22, 21:40:28.850, 4026866996823, vstest.console.dll, AssemblyResolver.AddSearchDirectories: Adding more searchDirectories C:\Program Files\dotnet\sdk\8.0.100\Extensions,C:\Program Files\dotnet\sdk\8.0.100
TpTrace Information: 0 : 30260, 1, 2024/02/22, 21:40:28.850, 4026866999434, vstest.console.dll, AssemblyResolver.OnResolve: Microsoft.Diagnostics.NETCore.Client: Resolving assembly.
TpTrace Information: 0 : 30260, 1, 2024/02/22, 21:40:28.850, 4026866999799, vstest.console.dll, AssemblyResolver.OnResolve: Microsoft.Diagnostics.NETCore.Client: Searching in: 'C:\Program Files\dotnet\sdk\8.0.100\Extensions'.
TpTrace Information: 0 : 30260, 1, 2024/02/22, 21:40:28.854, 4026867033325, vstest.console.dll, AssemblyResolver.OnResolve: Microsoft.Diagnostics.NETCore.Client: Loading assembly 'C:\Program Files\dotnet\sdk\8.0.100\Extensions\Microsoft.Diagnostics.NETCore.Client.dll'.
TpTrace Information: 0 : 30260, 1, 2024/02/22, 21:40:28.854, 4026867035869, vstest.console.dll, AssemblyResolver.OnResolve: Resolved assembly: Microsoft.Diagnostics.NETCore.Client, from path: C:\Program Files\dotnet\sdk\8.0.100\Extensions\Microsoft.Diagnostics.NETCore.Client.dll
TpTrace Verbose: 0 : 30260, 1, 2024/02/22, 21:40:28.856, 4026867058478, vstest.console.dll, MetadataReaderExtensionsHelper: Discovering extensions inside assembly 'Microsoft.Diagnostics.NETCore.Client, Version=0.2.8.21101, Culture=neutral, PublicKeyToken=31bf3856ad364e35' file path 'C:\Program Files\dotnet\sdk\8.0.100\Extensions\Microsoft.Diagnostics.NETCore.Client.dll'
TpTrace Information: 0 : 30260, 1, 2024/02/22, 21:40:28.858, 4026867076125, vstest.console.dll, AssemblyResolver.OnResolve: Microsoft.Bcl.AsyncInterfaces: Resolving assembly.
TpTrace Information: 0 : 30260, 1, 2024/02/22, 21:40:28.858, 4026867076484, vstest.console.dll, AssemblyResolver.OnResolve: Microsoft.Bcl.AsyncInterfaces: Searching in: 'C:\Program Files\dotnet\sdk\8.0.100\Extensions'.
TpTrace Information: 0 : 30260, 1, 2024/02/22, 21:40:28.858, 4026867076891, vstest.console.dll, AssemblyResolver.OnResolve: Microsoft.Bcl.AsyncInterfaces: Assembly path does not exist: 'C:\Program Files\dotnet\sdk\8.0.100\Extensions\Microsoft.Bcl.AsyncInterfaces.dll', returning.
TpTrace Information: 0 : 30260, 1, 2024/02/22, 21:40:28.858, 4026867077430, vstest.console.dll, AssemblyResolver.OnResolve: Microsoft.Bcl.AsyncInterfaces: Assembly path does not exist: 'C:\Program Files\dotnet\sdk\8.0.100\Extensions\Microsoft.Bcl.AsyncInterfaces.exe', returning.
TpTrace Information: 0 : 30260, 1, 2024/02/22, 21:40:28.858, 4026867077590, vstest.console.dll, AssemblyResolver.OnResolve: Microsoft.Bcl.AsyncInterfaces: Searching in: 'C:\Program Files\dotnet\sdk\8.0.100'.
TpTrace Information: 0 : 30260, 1, 2024/02/22, 21:40:28.858, 4026867077857, vstest.console.dll, AssemblyResolver.OnResolve: Microsoft.Bcl.AsyncInterfaces: Assembly path does not exist: 'C:\Program Files\dotnet\sdk\8.0.100\Microsoft.Bcl.AsyncInterfaces.dll', returning.
TpTrace Information: 0 : 30260, 1, 2024/02/22, 21:40:28.858, 4026867078075, vstest.console.dll, AssemblyResolver.OnResolve: Microsoft.Bcl.AsyncInterfaces: Assembly path does not exist: 'C:\Program Files\dotnet\sdk\8.0.100\Microsoft.Bcl.AsyncInterfaces.exe', returning.
TpTrace Information: 0 : 30260, 1, 2024/02/22, 21:40:28.858, 4026867078186, vstest.console.dll, AssemblyResolver.OnResolve: Microsoft.Bcl.AsyncInterfaces: Failed to load assembly.
TpTrace Verbose: 0 : 30260, 1, 2024/02/22, 21:40:28.858, 4026867078332, vstest.console.dll, CurrentDomainAssemblyResolve: Resolving assembly 'Microsoft.Bcl.AsyncInterfaces'.
TpTrace Information: 0 : 30260, 1, 2024/02/22, 21:40:28.858, 4026867078606, vstest.console.dll, AssemblyResolver.OnResolve: Microsoft.Bcl.AsyncInterfaces: Resolving assembly.
TpTrace Information: 0 : 30260, 1, 2024/02/22, 21:40:28.858, 4026867078736, vstest.console.dll, AssemblyResolver.OnResolve: Microsoft.Bcl.AsyncInterfaces: Resolved from cache.
TpTrace Verbose: 0 : 30260, 1, 2024/02/22, 21:40:28.858, 4026867078832, vstest.console.dll, CurrentDomainAssemblyResolve: Resolving assembly 'Microsoft.Bcl.AsyncInterfaces'.
TpTrace Verbose: 0 : 30260, 1, 2024/02/22, 21:40:28.858, 4026867078957, vstest.console.dll, CurrentDomainAssemblyResolve: Failed to resolve assembly 'Microsoft.Bcl.AsyncInterfaces'.
TpTrace Verbose: 0 : 30260, 1, 2024/02/22, 21:40:28.858, 4026867081901, vstest.console.dll, CurrentDomainAssemblyResolve: Failed to resolve assembly 'Microsoft.Bcl.AsyncInterfaces'.
TpTrace Warning: 0 : 30260, 1, 2024/02/22, 21:40:28.863, 4026867126489, vstest.console.dll, TestPluginDiscoverer: Failed to get types from assembly 'Microsoft.Diagnostics.NETCore.Client, Version=0.2.8.21101, Culture=neutral, PublicKeyToken=31bf3856ad364e35'. Error: System.Reflection.ReflectionTypeLoadException: Unable to load one or more of the requested types.
Could not load file or assembly 'Microsoft.Bcl.AsyncInterfaces, Version=1.0.0.0, Culture=neutral, PublicKeyToken=cc7b13ffcd2ddd51'. The system cannot find the file specified.
   at System.Reflection.RuntimeModule.GetTypes(RuntimeModule module)
   at System.Reflection.RuntimeModule.GetTypes()
   at Microsoft.VisualStudio.TestPlatform.Common.ExtensionFramework.TestPluginDiscoverer.GetTestExtensionsFromAssembly[TPluginInfo,TExtension](Assembly assembly, Dictionary`2 pluginInfos, String filePath) in /_/src/Microsoft.TestPlatform.Common/ExtensionFramework/TestPluginDiscoverer.cs:line 158
System.IO.FileNotFoundException: Could not load file or assembly 'Microsoft.Bcl.AsyncInterfaces, Version=1.0.0.0, Culture=neutral, PublicKeyToken=cc7b13ffcd2ddd51'. The system cannot find the file specified.
File name: 'Microsoft.Bcl.AsyncInterfaces, Version=1.0.0.0, Culture=neutral, PublicKeyToken=cc7b13ffcd2ddd51'
 ---> System.IO.FileNotFoundException: Could not load file or assembly 'Microsoft.Bcl.AsyncInterfaces, Culture=neutral, PublicKeyToken=null'. The system cannot find the file specified.
File name: 'Microsoft.Bcl.AsyncInterfaces, Culture=neutral, PublicKeyToken=null'
   at System.Reflection.RuntimeAssembly.InternalLoad(AssemblyName assemblyName, StackCrawlMark& stackMark, AssemblyLoadContext assemblyLoadContext, RuntimeAssembly requestingAssembly, Boolean throwOnFileNotFound)
   at System.Reflection.Assembly.Load(AssemblyName assemblyRef)
   at Microsoft.VisualStudio.TestPlatform.Common.ExtensionFramework.TestPluginCache.CurrentDomainAssemblyResolve(Object sender, AssemblyResolveEventArgs args) in /_/src/Microsoft.TestPlatform.Common/ExtensionFramework/TestPluginCache.cs:line 513
   at System.Runtime.Loader.AssemblyLoadContext.GetFirstResolvedAssemblyFromResolvingEvent(AssemblyName assemblyName)
   at System.Runtime.Loader.AssemblyLoadContext.ResolveUsingEvent(AssemblyName assemblyName)
   at System.Runtime.Loader.AssemblyLoadContext.ResolveUsingResolvingEvent(IntPtr gchManagedAssemblyLoadContext, AssemblyName assemblyName)
TpTrace Warning: 0 : 30260, 1, 2024/02/22, 21:40:28.863, 4026867128138, vstest.console.dll, LoaderExceptions: System.IO.FileNotFoundException: Could not load file or assembly 'Microsoft.Bcl.AsyncInterfaces, Version=1.0.0.0, Culture=neutral, PublicKeyToken=cc7b13ffcd2ddd51'. The system cannot find the file specified.
File name: 'Microsoft.Bcl.AsyncInterfaces, Version=1.0.0.0, Culture=neutral, PublicKeyToken=cc7b13ffcd2ddd51'
 ---> System.IO.FileNotFoundException: Could not load file or assembly 'Microsoft.Bcl.AsyncInterfaces, Culture=neutral, PublicKeyToken=null'. The system cannot find the file specified.
File name: 'Microsoft.Bcl.AsyncInterfaces, Culture=neutral, PublicKeyToken=null'
   at System.Reflection.RuntimeAssembly.InternalLoad(AssemblyName assemblyName, StackCrawlMark& stackMark, AssemblyLoadContext assemblyLoadContext, RuntimeAssembly requestingAssembly, Boolean throwOnFileNotFound)
   at System.Reflection.Assembly.Load(AssemblyName assemblyRef)
   at Microsoft.VisualStudio.TestPlatform.Common.ExtensionFramework.TestPluginCache.CurrentDomainAssemblyResolve(Object sender, AssemblyResolveEventArgs args) in /_/src/Microsoft.TestPlatform.Common/ExtensionFramework/TestPluginCache.cs:line 513
   at System.Runtime.Loader.AssemblyLoadContext.GetFirstResolvedAssemblyFromResolvingEvent(AssemblyName assemblyName)
   at System.Runtime.Loader.AssemblyLoadContext.ResolveUsingEvent(AssemblyName assemblyName)
   at System.Runtime.Loader.AssemblyLoadContext.ResolveUsingResolvingEvent(IntPtr gchManagedAssemblyLoadContext, AssemblyName assemblyName)
TpTrace Information: 0 : 30260, 1, 2024/02/22, 21:40:28.863, 4026867128801, vstest.console.dll, AssemblyResolver.OnResolve: Microsoft.TestPlatform.Extensions.BlameDataCollector: Resolving assembly.
TpTrace Information: 0 : 30260, 1, 2024/02/22, 21:40:28.863, 4026867128984, vstest.console.dll, AssemblyResolver.OnResolve: Microsoft.TestPlatform.Extensions.BlameDataCollector: Searching in: 'C:\Program Files\dotnet\sdk\8.0.100\Extensions'.
TpTrace Information: 0 : 30260, 1, 2024/02/22, 21:40:28.863, 4026867130628, vstest.console.dll, AssemblyResolver.OnResolve: Microsoft.TestPlatform.Extensions.BlameDataCollector: Loading assembly 'C:\Program Files\dotnet\sdk\8.0.100\Extensions\Microsoft.TestPlatform.Extensions.BlameDataCollector.dll'.
TpTrace Information: 0 : 30260, 1, 2024/02/22, 21:40:28.863, 4026867132703, vstest.console.dll, AssemblyResolver.OnResolve: Resolved assembly: Microsoft.TestPlatform.Extensions.BlameDataCollector, from path: C:\Program Files\dotnet\sdk\8.0.100\Extensions\Microsoft.TestPlatform.Extensions.BlameDataCollector.dll
TpTrace Verbose: 0 : 30260, 1, 2024/02/22, 21:40:28.863, 4026867133061, vstest.console.dll, MetadataReaderExtensionsHelper: Discovering extensions inside assembly 'Microsoft.TestPlatform.Extensions.BlameDataCollector, Version=15.0.0.0, Culture=neutral, PublicKeyToken=b03f5f7f11d50a3a' file path 'C:\Program Files\dotnet\sdk\8.0.100\Extensions\Microsoft.TestPlatform.Extensions.BlameDataCollector.dll'
TpTrace Information: 0 : 30260, 1, 2024/02/22, 21:40:28.864, 4026867139153, vstest.console.dll, AssemblyResolver.OnResolve: Microsoft.TestPlatform.Extensions.EventLogCollector: Resolving assembly.
TpTrace Information: 0 : 30260, 1, 2024/02/22, 21:40:28.864, 4026867139777, vstest.console.dll, AssemblyResolver.OnResolve: Microsoft.TestPlatform.Extensions.EventLogCollector: Searching in: 'C:\Program Files\dotnet\sdk\8.0.100\Extensions'.
TpTrace Information: 0 : 30260, 1, 2024/02/22, 21:40:28.864, 4026867141092, vstest.console.dll, AssemblyResolver.OnResolve: Microsoft.TestPlatform.Extensions.EventLogCollector: Loading assembly 'C:\Program Files\dotnet\sdk\8.0.100\Extensions\Microsoft.TestPlatform.Extensions.EventLogCollector.dll'.
TpTrace Information: 0 : 30260, 1, 2024/02/22, 21:40:28.864, 4026867142953, vstest.console.dll, AssemblyResolver.OnResolve: Resolved assembly: Microsoft.TestPlatform.Extensions.EventLogCollector, from path: C:\Program Files\dotnet\sdk\8.0.100\Extensions\Microsoft.TestPlatform.Extensions.EventLogCollector.dll
TpTrace Verbose: 0 : 30260, 1, 2024/02/22, 21:40:28.865, 4026867143299, vstest.console.dll, MetadataReaderExtensionsHelper: Discovering extensions inside assembly 'Microsoft.TestPlatform.Extensions.EventLogCollector, Version=15.0.0.0, Culture=neutral, PublicKeyToken=b03f5f7f11d50a3a' file path 'C:\Program Files\dotnet\sdk\8.0.100\Extensions\Microsoft.TestPlatform.Extensions.EventLogCollector.dll'
TpTrace Information: 0 : 30260, 1, 2024/02/22, 21:40:28.865, 4026867151351, vstest.console.dll, AssemblyResolver.OnResolve: Microsoft.TestPlatform.TestHostRuntimeProvider: Resolving assembly.
TpTrace Information: 0 : 30260, 1, 2024/02/22, 21:40:28.865, 4026867151709, vstest.console.dll, AssemblyResolver.OnResolve: Microsoft.TestPlatform.TestHostRuntimeProvider: Searching in: 'C:\Program Files\dotnet\sdk\8.0.100\Extensions'.
TpTrace Information: 0 : 30260, 1, 2024/02/22, 21:40:28.865, 4026867153029, vstest.console.dll, AssemblyResolver.OnResolve: Microsoft.TestPlatform.TestHostRuntimeProvider: Loading assembly 'C:\Program Files\dotnet\sdk\8.0.100\Extensions\Microsoft.TestPlatform.TestHostRuntimeProvider.dll'.
TpTrace Information: 0 : 30260, 1, 2024/02/22, 21:40:28.866, 4026867154742, vstest.console.dll, AssemblyResolver.OnResolve: Resolved assembly: Microsoft.TestPlatform.TestHostRuntimeProvider, from path: C:\Program Files\dotnet\sdk\8.0.100\Extensions\Microsoft.TestPlatform.TestHostRuntimeProvider.dll
TpTrace Verbose: 0 : 30260, 1, 2024/02/22, 21:40:28.866, 4026867155036, vstest.console.dll, MetadataReaderExtensionsHelper: Discovering extensions inside assembly 'Microsoft.TestPlatform.TestHostRuntimeProvider, Version=15.0.0.0, Culture=neutral, PublicKeyToken=b03f5f7f11d50a3a' file path 'C:\Program Files\dotnet\sdk\8.0.100\Extensions\Microsoft.TestPlatform.TestHostRuntimeProvider.dll'
TpTrace Information: 0 : 30260, 1, 2024/02/22, 21:40:28.866, 4026867161979, vstest.console.dll, GetTestExtensionFromType: Register extension with identifier data 'HostProvider://DefaultTestHost' and type 'Microsoft.VisualStudio.TestPlatform.CrossPlatEngine.Hosting.DefaultTestHostManager, Microsoft.TestPlatform.TestHostRuntimeProvider, Version=15.0.0.0, Culture=neutral, PublicKeyToken=b03f5f7f11d50a3a' inside file 'C:\Program Files\dotnet\sdk\8.0.100\Extensions\Microsoft.TestPlatform.TestHostRuntimeProvider.dll'
TpTrace Information: 0 : 30260, 1, 2024/02/22, 21:40:28.867, 4026867163388, vstest.console.dll, GetTestExtensionFromType: Register extension with identifier data 'HostProvider://DotnetTestHost' and type 'Microsoft.VisualStudio.TestPlatform.CrossPlatEngine.Hosting.DotnetTestHostManager, Microsoft.TestPlatform.TestHostRuntimeProvider, Version=15.0.0.0, Culture=neutral, PublicKeyToken=b03f5f7f11d50a3a' inside file 'C:\Program Files\dotnet\sdk\8.0.100\Extensions\Microsoft.TestPlatform.TestHostRuntimeProvider.dll'
TpTrace Information: 0 : 30260, 1, 2024/02/22, 21:40:28.867, 4026867163764, vstest.console.dll, AssemblyResolver.OnResolve: Microsoft.VisualStudio.TestPlatform.Extensions.Html.TestLogger: Resolving assembly.
TpTrace Information: 0 : 30260, 1, 2024/02/22, 21:40:28.867, 4026867163939, vstest.console.dll, AssemblyResolver.OnResolve: Microsoft.VisualStudio.TestPlatform.Extensions.Html.TestLogger: Searching in: 'C:\Program Files\dotnet\sdk\8.0.100\Extensions'.
TpTrace Information: 0 : 30260, 1, 2024/02/22, 21:40:28.867, 4026867165348, vstest.console.dll, AssemblyResolver.OnResolve: Microsoft.VisualStudio.TestPlatform.Extensions.Html.TestLogger: Loading assembly 'C:\Program Files\dotnet\sdk\8.0.100\Extensions\Microsoft.VisualStudio.TestPlatform.Extensions.Html.TestLogger.dll'.
TpTrace Information: 0 : 30260, 1, 2024/02/22, 21:40:28.867, 4026867167201, vstest.console.dll, AssemblyResolver.OnResolve: Resolved assembly: Microsoft.VisualStudio.TestPlatform.Extensions.Html.TestLogger, from path: C:\Program Files\dotnet\sdk\8.0.100\Extensions\Microsoft.VisualStudio.TestPlatform.Extensions.Html.TestLogger.dll
TpTrace Verbose: 0 : 30260, 1, 2024/02/22, 21:40:28.867, 4026867167502, vstest.console.dll, MetadataReaderExtensionsHelper: Discovering extensions inside assembly 'Microsoft.VisualStudio.TestPlatform.Extensions.Html.TestLogger, Version=15.0.0.0, Culture=neutral, PublicKeyToken=b03f5f7f11d50a3a' file path 'C:\Program Files\dotnet\sdk\8.0.100\Extensions\Microsoft.VisualStudio.TestPlatform.Extensions.Html.TestLogger.dll'
TpTrace Information: 0 : 30260, 1, 2024/02/22, 21:40:28.867, 4026867170730, vstest.console.dll, AssemblyResolver.OnResolve: Microsoft.VisualStudio.TestPlatform.Extensions.Trx.TestLogger: Resolving assembly.
TpTrace Information: 0 : 30260, 1, 2024/02/22, 21:40:28.867, 4026867171042, vstest.console.dll, AssemblyResolver.OnResolve: Microsoft.VisualStudio.TestPlatform.Extensions.Trx.TestLogger: Searching in: 'C:\Program Files\dotnet\sdk\8.0.100\Extensions'.
TpTrace Information: 0 : 30260, 1, 2024/02/22, 21:40:28.867, 4026867172314, vstest.console.dll, AssemblyResolver.OnResolve: Microsoft.VisualStudio.TestPlatform.Extensions.Trx.TestLogger: Loading assembly 'C:\Program Files\dotnet\sdk\8.0.100\Extensions\Microsoft.VisualStudio.TestPlatform.Extensions.Trx.TestLogger.dll'.
TpTrace Information: 0 : 30260, 1, 2024/02/22, 21:40:28.868, 4026867174350, vstest.console.dll, AssemblyResolver.OnResolve: Resolved assembly: Microsoft.VisualStudio.TestPlatform.Extensions.Trx.TestLogger, from path: C:\Program Files\dotnet\sdk\8.0.100\Extensions\Microsoft.VisualStudio.TestPlatform.Extensions.Trx.TestLogger.dll
TpTrace Verbose: 0 : 30260, 1, 2024/02/22, 21:40:28.868, 4026867174651, vstest.console.dll, MetadataReaderExtensionsHelper: Discovering extensions inside assembly 'Microsoft.VisualStudio.TestPlatform.Extensions.Trx.TestLogger, Version=15.0.0.0, Culture=neutral, PublicKeyToken=b03f5f7f11d50a3a' file path 'C:\Program Files\dotnet\sdk\8.0.100\Extensions\Microsoft.VisualStudio.TestPlatform.Extensions.Trx.TestLogger.dll'
TpTrace Verbose: 0 : 30260, 1, 2024/02/22, 21:40:28.868, 4026867179084, vstest.console.dll, TestPluginCache: Discovered the extensions using extension path ''.
TpTrace Verbose: 0 : 30260, 1, 2024/02/22, 21:40:28.868, 4026867179419, vstest.console.dll, TestPluginCache: Discoverers are ''.
TpTrace Verbose: 0 : 30260, 1, 2024/02/22, 21:40:28.868, 4026867179530, vstest.console.dll, TestPluginCache: Executors are ''.
TpTrace Verbose: 0 : 30260, 1, 2024/02/22, 21:40:28.868, 4026867179622, vstest.console.dll, TestPluginCache: Executors2 are ''.
TpTrace Verbose: 0 : 30260, 1, 2024/02/22, 21:40:28.868, 4026867179711, vstest.console.dll, TestPluginCache: Setting providers are ''.
TpTrace Verbose: 0 : 30260, 1, 2024/02/22, 21:40:28.868, 4026867179838, vstest.console.dll, TestPluginCache: Loggers are ''.
TpTrace Verbose: 0 : 30260, 1, 2024/02/22, 21:40:28.868, 4026867180760, vstest.console.dll, TestPluginCache: TestHosts are 'HostProvider://DefaultTestHost,HostProvider://DotnetTestHost'.
TpTrace Verbose: 0 : 30260, 1, 2024/02/22, 21:40:28.868, 4026867180892, vstest.console.dll, TestPluginCache: DataCollectors are ''.
TpTrace Information: 0 : 30260, 1, 2024/02/22, 21:40:28.874, 4026867240555, vstest.console.dll, RunTestsArgumentProcessor:Execute: Test run is starting.
TpTrace Verbose: 0 : 30260, 1, 2024/02/22, 21:40:28.874, 4026867240932, vstest.console.dll, RunTestsArgumentProcessor:Execute: Queuing Test run.
TpTrace Information: 0 : 30260, 1, 2024/02/22, 21:40:28.874, 4026867242164, vstest.console.dll, TestRequestManager.RunTests: run tests started.
TpTrace Information: 0 : 30260, 1, 2024/02/22, 21:40:28.875, 4026867248127, vstest.console.dll, AssemblyMetadataProvider.GetFrameworkName: Determined framework:'.NETCoreApp,Version=v6.0' for source: 'C:\Users\petko\Downloads\03-Contacts-Resources\ContactsConsoleAPI\ContactsConsoleAPI.IntegrationTests.NUnit\bin\Debug\net6.0\fine-code-coverage\build-output\ContactsConsoleAPI.IntegrationTests.NUnit.dll'
TpTrace Information: 0 : 30260, 1, 2024/02/22, 21:40:28.875, 4026867248836, vstest.console.dll, Determined framework for all sources: .NETCoreApp,Version=v6.0
TpTrace Verbose: 0 : 30260, 1, 2024/02/22, 21:40:28.875, 4026867250566, vstest.console.dll, TestRequestManager.UpdateRunSettingsIfRequired: Default architecture: X64 IsDefaultTargetArchitecture: True, Current process architecture: X64 OperatingSystem: Windows.
TpTrace Information: 0 : 30260, 1, 2024/02/22, 21:40:28.876, 4026867258573, vstest.console.dll, AssemblyMetadataProvider.GetArchitecture: Determined architecture:AnyCPU info for assembly: C:\Users\petko\Downloads\03-Contacts-Resources\ContactsConsoleAPI\ContactsConsoleAPI.IntegrationTests.NUnit\bin\Debug\net6.0\fine-code-coverage\build-output\ContactsConsoleAPI.IntegrationTests.NUnit.dll
TpTrace Information: 0 : 30260, 1, 2024/02/22, 21:40:28.876, 4026867258878, vstest.console.dll, Determined platform for source 'C:\Users\petko\Downloads\03-Contacts-Resources\ContactsConsoleAPI\ContactsConsoleAPI.IntegrationTests.NUnit\bin\Debug\net6.0\fine-code-coverage\build-output\ContactsConsoleAPI.IntegrationTests.NUnit.dll' was AnyCPU and it will use the default plaform X64.
TpTrace Information: 0 : 30260, 1, 2024/02/22, 21:40:28.876, 4026867258998, vstest.console.dll, None of the sources provided any runnable platform, using the default platform: X64
TpTrace Information: 0 : 30260, 1, 2024/02/22, 21:40:28.876, 4026867259475, vstest.console.dll, Platform was updated to 'X64'.
TpTrace Information: 0 : 30260, 1, 2024/02/22, 21:40:28.878, 4026867275453, vstest.console.dll, InferRunSettingsHelper.IsTestSettingsEnabled: Unable to navigate to RunSettings/MSTest. Current node: RunSettings
TpTrace Information: 0 : 30260, 1, 2024/02/22, 21:40:28.878, 4026867278432, vstest.console.dll, AssemblyResolver.OnResolve: Microsoft.VisualStudio.TestPlatform.Fakes: Resolving assembly.
TpTrace Information: 0 : 30260, 1, 2024/02/22, 21:40:28.878, 4026867278736, vstest.console.dll, AssemblyResolver.OnResolve: Microsoft.VisualStudio.TestPlatform.Fakes: Searching in: 'C:\Program Files\dotnet\sdk\8.0.100\Extensions'.
TpTrace Information: 0 : 30260, 1, 2024/02/22, 21:40:28.878, 4026867279216, vstest.console.dll, AssemblyResolver.OnResolve: Microsoft.VisualStudio.TestPlatform.Fakes: Assembly path does not exist: 'C:\Program Files\dotnet\sdk\8.0.100\Extensions\Microsoft.VisualStudio.TestPlatform.Fakes.dll', returning.
TpTrace Information: 0 : 30260, 1, 2024/02/22, 21:40:28.878, 4026867279483, vstest.console.dll, AssemblyResolver.OnResolve: Microsoft.VisualStudio.TestPlatform.Fakes: Assembly path does not exist: 'C:\Program Files\dotnet\sdk\8.0.100\Extensions\Microsoft.VisualStudio.TestPlatform.Fakes.exe', returning.
TpTrace Information: 0 : 30260, 1, 2024/02/22, 21:40:28.878, 4026867279762, vstest.console.dll, AssemblyResolver.OnResolve: Microsoft.VisualStudio.TestPlatform.Fakes: Searching in: 'C:\Program Files\dotnet\sdk\8.0.100'.
TpTrace Information: 0 : 30260, 1, 2024/02/22, 21:40:28.878, 4026867280092, vstest.console.dll, AssemblyResolver.OnResolve: Microsoft.VisualStudio.TestPlatform.Fakes: Assembly path does not exist: 'C:\Program Files\dotnet\sdk\8.0.100\Microsoft.VisualStudio.TestPlatform.Fakes.dll', returning.
TpTrace Information: 0 : 30260, 1, 2024/02/22, 21:40:28.878, 4026867280399, vstest.console.dll, AssemblyResolver.OnResolve: Microsoft.VisualStudio.TestPlatform.Fakes: Assembly path does not exist: 'C:\Program Files\dotnet\sdk\8.0.100\Microsoft.VisualStudio.TestPlatform.Fakes.exe', returning.
TpTrace Information: 0 : 30260, 1, 2024/02/22, 21:40:28.878, 4026867280531, vstest.console.dll, AssemblyResolver.OnResolve: Microsoft.VisualStudio.TestPlatform.Fakes: Failed to load assembly.
TpTrace Information: 0 : 30260, 1, 2024/02/22, 21:40:28.878, 4026867281917, vstest.console.dll, Failed to load assembly Microsoft.VisualStudio.TestPlatform.Fakes, Version=17.0.0.0, Culture=neutral. Reason:System.IO.FileNotFoundException: Could not load file or assembly 'Microsoft.VisualStudio.TestPlatform.Fakes, Version=17.0.0.0, Culture=neutral, PublicKeyToken=null'. The system cannot find the file specified.
File name: 'Microsoft.VisualStudio.TestPlatform.Fakes, Version=17.0.0.0, Culture=neutral, PublicKeyToken=null'
   at System.Reflection.RuntimeAssembly.InternalLoad(AssemblyName assemblyName, StackCrawlMark& stackMark, AssemblyLoadContext assemblyLoadContext, RuntimeAssembly requestingAssembly, Boolean throwOnFileNotFound)
   at System.Reflection.Assembly.Load(AssemblyName assemblyRef)
   at Microsoft.VisualStudio.TestPlatform.Common.Utilities.FakesUtilities.LoadTestPlatformAssembly() in /_/src/Microsoft.TestPlatform.Common/Utilities/FakesUtilities.cs:line 272
TpTrace Verbose: 0 : 30260, 1, 2024/02/22, 21:40:28.880, 4026867298351, vstest.console.dll, TestPluginCache.DiscoverTestExtensions: finding test extensions in assemblies ends with: TestLogger.dll TPluginInfo: Microsoft.VisualStudio.TestPlatform.Common.ExtensionFramework.Utilities.TestLoggerPluginInformation TExtension: Microsoft.VisualStudio.TestPlatform.ObjectModel.Client.ITestLogger
TpTrace Verbose: 0 : 30260, 1, 2024/02/22, 21:40:28.880, 4026867298835, vstest.console.dll, TestPluginCache.GetExtensionPaths: Filtered extension paths: 
TpTrace Verbose: 0 : 30260, 1, 2024/02/22, 21:40:28.880, 4026867298974, vstest.console.dll, TestPluginCache.GetExtensionPaths: Added default extension paths: C:\Program Files\dotnet\sdk\8.0.100\Extensions\Microsoft.Diagnostics.NETCore.Client.dll
C:\Program Files\dotnet\sdk\8.0.100\Extensions\Microsoft.TestPlatform.Extensions.BlameDataCollector.dll
C:\Program Files\dotnet\sdk\8.0.100\Extensions\Microsoft.TestPlatform.Extensions.EventLogCollector.dll
C:\Program Files\dotnet\sdk\8.0.100\Extensions\Microsoft.TestPlatform.TestHostRuntimeProvider.dll
C:\Program Files\dotnet\sdk\8.0.100\Extensions\Microsoft.VisualStudio.TestPlatform.Extensions.Html.TestLogger.dll
C:\Program Files\dotnet\sdk\8.0.100\Extensions\Microsoft.VisualStudio.TestPlatform.Extensions.Trx.TestLogger.dll
TpTrace Verbose: 0 : 30260, 1, 2024/02/22, 21:40:28.880, 4026867299083, vstest.console.dll, TestPluginCache.GetExtensionPaths: Added unfilterableExtensionPaths: 
TpTrace Information: 0 : 30260, 1, 2024/02/22, 21:40:28.880, 4026867299750, vstest.console.dll, AssemblyResolver.AddSearchDirectories: Adding more searchDirectories C:\Program Files\dotnet\sdk\8.0.100\Extensions,C:\Program Files\dotnet\sdk\8.0.100
TpTrace Verbose: 0 : 30260, 1, 2024/02/22, 21:40:28.880, 4026867299939, vstest.console.dll, TestPluginCache.DiscoverTestExtensions: Discovering the extensions using extension path.
TpTrace Verbose: 0 : 30260, 1, 2024/02/22, 21:40:28.880, 4026867300071, vstest.console.dll, TestPluginCache.GetExtensionPaths: Filtered extension paths: 
TpTrace Verbose: 0 : 30260, 1, 2024/02/22, 21:40:28.880, 4026867300187, vstest.console.dll, TestPluginCache.GetExtensionPaths: Added default extension paths: C:\Program Files\dotnet\sdk\8.0.100\Extensions\Microsoft.Diagnostics.NETCore.Client.dll
C:\Program Files\dotnet\sdk\8.0.100\Extensions\Microsoft.TestPlatform.Extensions.BlameDataCollector.dll
C:\Program Files\dotnet\sdk\8.0.100\Extensions\Microsoft.TestPlatform.Extensions.EventLogCollector.dll
C:\Program Files\dotnet\sdk\8.0.100\Extensions\Microsoft.TestPlatform.TestHostRuntimeProvider.dll
C:\Program Files\dotnet\sdk\8.0.100\Extensions\Microsoft.VisualStudio.TestPlatform.Extensions.Html.TestLogger.dll
C:\Program Files\dotnet\sdk\8.0.100\Extensions\Microsoft.VisualStudio.TestPlatform.Extensions.Trx.TestLogger.dll
TpTrace Verbose: 0 : 30260, 1, 2024/02/22, 21:40:28.880, 4026867300290, vstest.console.dll, TestPluginCache.GetExtensionPaths: Added unfilterableExtensionPaths: 
TpTrace Verbose: 0 : 30260, 1, 2024/02/22, 21:40:28.880, 4026867300755, vstest.console.dll, TestPluginCache.DiscoverTestExtensions: Discovering the extensions using allExtensionPaths: C:\Program Files\dotnet\sdk\8.0.100\Extensions\Microsoft.Diagnostics.NETCore.Client.dll
C:\Program Files\dotnet\sdk\8.0.100\Extensions\Microsoft.TestPlatform.Extensions.BlameDataCollector.dll
C:\Program Files\dotnet\sdk\8.0.100\Extensions\Microsoft.TestPlatform.Extensions.EventLogCollector.dll
C:\Program Files\dotnet\sdk\8.0.100\Extensions\Microsoft.TestPlatform.TestHostRuntimeProvider.dll
C:\Program Files\dotnet\sdk\8.0.100\Extensions\Microsoft.VisualStudio.TestPlatform.Extensions.Html.TestLogger.dll
C:\Program Files\dotnet\sdk\8.0.100\Extensions\Microsoft.VisualStudio.TestPlatform.Extensions.Trx.TestLogger.dll
TpTrace Information: 0 : 30260, 1, 2024/02/22, 21:40:28.880, 4026867300936, vstest.console.dll, AssemblyResolver.AddSearchDirectories: Adding more searchDirectories C:\Program Files\dotnet\sdk\8.0.100\Extensions,C:\Program Files\dotnet\sdk\8.0.100
TpTrace Information: 0 : 30260, 1, 2024/02/22, 21:40:28.880, 4026867301072, vstest.console.dll, AssemblyResolver.AddSearchDirectories: Adding more searchDirectories C:\Program Files\dotnet\sdk\8.0.100\Extensions,C:\Program Files\dotnet\sdk\8.0.100
TpTrace Information: 0 : 30260, 1, 2024/02/22, 21:40:28.880, 4026867301172, vstest.console.dll, AssemblyResolver.AddSearchDirectories: Adding more searchDirectories C:\Program Files\dotnet\sdk\8.0.100\Extensions,C:\Program Files\dotnet\sdk\8.0.100
TpTrace Information: 0 : 30260, 1, 2024/02/22, 21:40:28.880, 4026867301270, vstest.console.dll, AssemblyResolver.AddSearchDirectories: Adding more searchDirectories C:\Program Files\dotnet\sdk\8.0.100\Extensions,C:\Program Files\dotnet\sdk\8.0.100
TpTrace Information: 0 : 30260, 1, 2024/02/22, 21:40:28.880, 4026867301371, vstest.console.dll, AssemblyResolver.AddSearchDirectories: Adding more searchDirectories C:\Program Files\dotnet\sdk\8.0.100\Extensions,C:\Program Files\dotnet\sdk\8.0.100
TpTrace Information: 0 : 30260, 1, 2024/02/22, 21:40:28.880, 4026867301494, vstest.console.dll, AssemblyResolver.AddSearchDirectories: Adding more searchDirectories C:\Program Files\dotnet\sdk\8.0.100\Extensions,C:\Program Files\dotnet\sdk\8.0.100
TpTrace Verbose: 0 : 30260, 1, 2024/02/22, 21:40:28.880, 4026867301964, vstest.console.dll, MetadataReaderExtensionsHelper: Discovering extensions inside assembly 'Microsoft.Diagnostics.NETCore.Client, Version=0.2.8.21101, Culture=neutral, PublicKeyToken=31bf3856ad364e35' file path 'C:\Program Files\dotnet\sdk\8.0.100\Extensions\Microsoft.Diagnostics.NETCore.Client.dll'
TpTrace Information: 0 : 30260, 1, 2024/02/22, 21:40:28.881, 4026867305413, vstest.console.dll, AssemblyResolver.OnResolve: Microsoft.Bcl.AsyncInterfaces: Resolving assembly.
TpTrace Information: 0 : 30260, 1, 2024/02/22, 21:40:28.881, 4026867305682, vstest.console.dll, AssemblyResolver.OnResolve: Microsoft.Bcl.AsyncInterfaces: Resolved from cache.
TpTrace Verbose: 0 : 30260, 1, 2024/02/22, 21:40:28.881, 4026867305796, vstest.console.dll, CurrentDomainAssemblyResolve: Resolving assembly 'Microsoft.Bcl.AsyncInterfaces'.
TpTrace Information: 0 : 30260, 1, 2024/02/22, 21:40:28.881, 4026867305979, vstest.console.dll, AssemblyResolver.OnResolve: Microsoft.Bcl.AsyncInterfaces: Resolving assembly.
TpTrace Information: 0 : 30260, 1, 2024/02/22, 21:40:28.881, 4026867306076, vstest.console.dll, AssemblyResolver.OnResolve: Microsoft.Bcl.AsyncInterfaces: Resolved from cache.
TpTrace Verbose: 0 : 30260, 1, 2024/02/22, 21:40:28.881, 4026867306182, vstest.console.dll, CurrentDomainAssemblyResolve: Resolving assembly 'Microsoft.Bcl.AsyncInterfaces'.
TpTrace Verbose: 0 : 30260, 1, 2024/02/22, 21:40:28.881, 4026867306272, vstest.console.dll, CurrentDomainAssemblyResolve: Failed to resolve assembly 'Microsoft.Bcl.AsyncInterfaces'.
TpTrace Verbose: 0 : 30260, 1, 2024/02/22, 21:40:28.881, 4026867306919, vstest.console.dll, CurrentDomainAssemblyResolve: Failed to resolve assembly 'Microsoft.Bcl.AsyncInterfaces'.
TpTrace Warning: 0 : 30260, 1, 2024/02/22, 21:40:28.881, 4026867308514, vstest.console.dll, TestPluginDiscoverer: Failed to get types from assembly 'Microsoft.Diagnostics.NETCore.Client, Version=0.2.8.21101, Culture=neutral, PublicKeyToken=31bf3856ad364e35'. Error: System.Reflection.ReflectionTypeLoadException: Unable to load one or more of the requested types.
Could not load file or assembly 'Microsoft.Bcl.AsyncInterfaces, Version=1.0.0.0, Culture=neutral, PublicKeyToken=cc7b13ffcd2ddd51'. The system cannot find the file specified.
   at System.Reflection.RuntimeModule.GetTypes(RuntimeModule module)
   at System.Reflection.RuntimeModule.GetTypes()
   at Microsoft.VisualStudio.TestPlatform.Common.ExtensionFramework.TestPluginDiscoverer.GetTestExtensionsFromAssembly[TPluginInfo,TExtension](Assembly assembly, Dictionary`2 pluginInfos, String filePath) in /_/src/Microsoft.TestPlatform.Common/ExtensionFramework/TestPluginDiscoverer.cs:line 158
System.IO.FileNotFoundException: Could not load file or assembly 'Microsoft.Bcl.AsyncInterfaces, Version=1.0.0.0, Culture=neutral, PublicKeyToken=cc7b13ffcd2ddd51'. The system cannot find the file specified.
File name: 'Microsoft.Bcl.AsyncInterfaces, Version=1.0.0.0, Culture=neutral, PublicKeyToken=cc7b13ffcd2ddd51'
 ---> System.IO.FileNotFoundException: Could not load file or assembly 'Microsoft.Bcl.AsyncInterfaces, Culture=neutral, PublicKeyToken=null'. The system cannot find the file specified.
File name: 'Microsoft.Bcl.AsyncInterfaces, Culture=neutral, PublicKeyToken=null'
   at System.Reflection.RuntimeAssembly.InternalLoad(AssemblyName assemblyName, StackCrawlMark& stackMark, AssemblyLoadContext assemblyLoadContext, RuntimeAssembly requestingAssembly, Boolean throwOnFileNotFound)
   at System.Reflection.Assembly.Load(AssemblyName assemblyRef)
   at Microsoft.VisualStudio.TestPlatform.Common.ExtensionFramework.TestPluginCache.CurrentDomainAssemblyResolve(Object sender, AssemblyResolveEventArgs args) in /_/src/Microsoft.TestPlatform.Common/ExtensionFramework/TestPluginCache.cs:line 513
   at System.Runtime.Loader.AssemblyLoadContext.GetFirstResolvedAssemblyFromResolvingEvent(AssemblyName assemblyName)
   at System.Runtime.Loader.AssemblyLoadContext.ResolveUsingEvent(AssemblyName assemblyName)
   at System.Runtime.Loader.AssemblyLoadContext.ResolveUsingResolvingEvent(IntPtr gchManagedAssemblyLoadContext, AssemblyName assemblyName)
TpTrace Warning: 0 : 30260, 1, 2024/02/22, 21:40:28.881, 4026867309181, vstest.console.dll, LoaderExceptions: System.IO.FileNotFoundException: Could not load file or assembly 'Microsoft.Bcl.AsyncInterfaces, Version=1.0.0.0, Culture=neutral, PublicKeyToken=cc7b13ffcd2ddd51'. The system cannot find the file specified.
File name: 'Microsoft.Bcl.AsyncInterfaces, Version=1.0.0.0, Culture=neutral, PublicKeyToken=cc7b13ffcd2ddd51'
 ---> System.IO.FileNotFoundException: Could not load file or assembly 'Microsoft.Bcl.AsyncInterfaces, Culture=neutral, PublicKeyToken=null'. The system cannot find the file specified.
File name: 'Microsoft.Bcl.AsyncInterfaces, Culture=neutral, PublicKeyToken=null'
   at System.Reflection.RuntimeAssembly.InternalLoad(AssemblyName assemblyName, StackCrawlMark& stackMark, AssemblyLoadContext assemblyLoadContext, RuntimeAssembly requestingAssembly, Boolean throwOnFileNotFound)
   at System.Reflection.Assembly.Load(AssemblyName assemblyRef)
   at Microsoft.VisualStudio.TestPlatform.Common.ExtensionFramework.TestPluginCache.CurrentDomainAssemblyResolve(Object sender, AssemblyResolveEventArgs args) in /_/src/Microsoft.TestPlatform.Common/ExtensionFramework/TestPluginCache.cs:line 513
   at System.Runtime.Loader.AssemblyLoadContext.GetFirstResolvedAssemblyFromResolvingEvent(AssemblyName assemblyName)
   at System.Runtime.Loader.AssemblyLoadContext.ResolveUsingEvent(AssemblyName assemblyName)
   at System.Runtime.Loader.AssemblyLoadContext.ResolveUsingResolvingEvent(IntPtr gchManagedAssemblyLoadContext, AssemblyName assemblyName)
TpTrace Verbose: 0 : 30260, 1, 2024/02/22, 21:40:28.881, 4026867309494, vstest.console.dll, MetadataReaderExtensionsHelper: Discovering extensions inside assembly 'Microsoft.TestPlatform.Extensions.BlameDataCollector, Version=15.0.0.0, Culture=neutral, PublicKeyToken=b03f5f7f11d50a3a' file path 'C:\Program Files\dotnet\sdk\8.0.100\Extensions\Microsoft.TestPlatform.Extensions.BlameDataCollector.dll'
TpTrace Information: 0 : 30260, 1, 2024/02/22, 21:40:28.881, 4026867311531, vstest.console.dll, GetTestExtensionFromType: Register extension with identifier data 'logger://Microsoft/TestPlatform/Extensions/Blame/v1' and type 'Microsoft.TestPlatform.Extensions.BlameDataCollector.BlameLogger, Microsoft.TestPlatform.Extensions.BlameDataCollector, Version=15.0.0.0, Culture=neutral, PublicKeyToken=b03f5f7f11d50a3a' inside file 'C:\Program Files\dotnet\sdk\8.0.100\Extensions\Microsoft.TestPlatform.Extensions.BlameDataCollector.dll'
TpTrace Verbose: 0 : 30260, 1, 2024/02/22, 21:40:28.881, 4026867311809, vstest.console.dll, MetadataReaderExtensionsHelper: Discovering extensions inside assembly 'Microsoft.TestPlatform.Extensions.EventLogCollector, Version=15.0.0.0, Culture=neutral, PublicKeyToken=b03f5f7f11d50a3a' file path 'C:\Program Files\dotnet\sdk\8.0.100\Extensions\Microsoft.TestPlatform.Extensions.EventLogCollector.dll'
TpTrace Verbose: 0 : 30260, 1, 2024/02/22, 21:40:28.881, 4026867313046, vstest.console.dll, MetadataReaderExtensionsHelper: Discovering extensions inside assembly 'Microsoft.TestPlatform.TestHostRuntimeProvider, Version=15.0.0.0, Culture=neutral, PublicKeyToken=b03f5f7f11d50a3a' file path 'C:\Program Files\dotnet\sdk\8.0.100\Extensions\Microsoft.TestPlatform.TestHostRuntimeProvider.dll'
TpTrace Verbose: 0 : 30260, 1, 2024/02/22, 21:40:28.882, 4026867314182, vstest.console.dll, MetadataReaderExtensionsHelper: Discovering extensions inside assembly 'Microsoft.VisualStudio.TestPlatform.Extensions.Html.TestLogger, Version=15.0.0.0, Culture=neutral, PublicKeyToken=b03f5f7f11d50a3a' file path 'C:\Program Files\dotnet\sdk\8.0.100\Extensions\Microsoft.VisualStudio.TestPlatform.Extensions.Html.TestLogger.dll'
TpTrace Information: 0 : 30260, 1, 2024/02/22, 21:40:28.882, 4026867316416, vstest.console.dll, GetTestExtensionFromType: Register extension with identifier data 'logger://Microsoft/TestPlatform/HtmlLogger/v1' and type 'Microsoft.VisualStudio.TestPlatform.Extensions.HtmlLogger.HtmlLogger, Microsoft.VisualStudio.TestPlatform.Extensions.Html.TestLogger, Version=15.0.0.0, Culture=neutral, PublicKeyToken=b03f5f7f11d50a3a' inside file 'C:\Program Files\dotnet\sdk\8.0.100\Extensions\Microsoft.VisualStudio.TestPlatform.Extensions.Html.TestLogger.dll'
TpTrace Verbose: 0 : 30260, 1, 2024/02/22, 21:40:28.882, 4026867316769, vstest.console.dll, MetadataReaderExtensionsHelper: Discovering extensions inside assembly 'Microsoft.VisualStudio.TestPlatform.Extensions.Trx.TestLogger, Version=15.0.0.0, Culture=neutral, PublicKeyToken=b03f5f7f11d50a3a' file path 'C:\Program Files\dotnet\sdk\8.0.100\Extensions\Microsoft.VisualStudio.TestPlatform.Extensions.Trx.TestLogger.dll'
TpTrace Information: 0 : 30260, 1, 2024/02/22, 21:40:28.882, 4026867318368, vstest.console.dll, GetTestExtensionFromType: Register extension with identifier data 'logger://Microsoft/TestPlatform/TrxLogger/v1' and type 'Microsoft.VisualStudio.TestPlatform.Extensions.TrxLogger.TrxLogger, Microsoft.VisualStudio.TestPlatform.Extensions.Trx.TestLogger, Version=15.0.0.0, Culture=neutral, PublicKeyToken=b03f5f7f11d50a3a' inside file 'C:\Program Files\dotnet\sdk\8.0.100\Extensions\Microsoft.VisualStudio.TestPlatform.Extensions.Trx.TestLogger.dll'
TpTrace Verbose: 0 : 30260, 1, 2024/02/22, 21:40:28.882, 4026867318937, vstest.console.dll, TestPluginCache: Discovered the extensions using extension path ''.
TpTrace Verbose: 0 : 30260, 1, 2024/02/22, 21:40:28.882, 4026867319084, vstest.console.dll, TestPluginCache: Discoverers are ''.
TpTrace Verbose: 0 : 30260, 1, 2024/02/22, 21:40:28.882, 4026867319179, vstest.console.dll, TestPluginCache: Executors are ''.
TpTrace Verbose: 0 : 30260, 1, 2024/02/22, 21:40:28.882, 4026867319295, vstest.console.dll, TestPluginCache: Executors2 are ''.
TpTrace Verbose: 0 : 30260, 1, 2024/02/22, 21:40:28.882, 4026867319392, vstest.console.dll, TestPluginCache: Setting providers are ''.
TpTrace Verbose: 0 : 30260, 1, 2024/02/22, 21:40:28.882, 4026867319763, vstest.console.dll, TestPluginCache: Loggers are 'logger://Microsoft/TestPlatform/Extensions/Blame/v1,logger://Microsoft/TestPlatform/HtmlLogger/v1,logger://Microsoft/TestPlatform/TrxLogger/v1'.
TpTrace Verbose: 0 : 30260, 1, 2024/02/22, 21:40:28.882, 4026867319939, vstest.console.dll, TestPluginCache: TestHosts are 'HostProvider://DefaultTestHost,HostProvider://DotnetTestHost'.
TpTrace Verbose: 0 : 30260, 1, 2024/02/22, 21:40:28.882, 4026867320057, vstest.console.dll, TestPluginCache: DataCollectors are ''.
TpTrace Information: 0 : 30260, 1, 2024/02/22, 21:40:28.883, 4026867324020, vstest.console.dll, TestPluginManager.CreateTestExtension: Attempting to load test extension: Microsoft.TestPlatform.Extensions.BlameDataCollector.BlameLogger
TpTrace Verbose: 0 : 30260, 1, 2024/02/22, 21:40:28.886, 4026867359104, vstest.console.dll, TestEngine: Initializing Parallel Execution as MaxCpuCount is set to: 1
TpTrace Information: 0 : 30260, 1, 2024/02/22, 21:40:28.887, 4026867366626, vstest.console.dll, TestPluginManager.CreateTestExtension: Attempting to load test extension: Microsoft.VisualStudio.TestPlatform.CrossPlatEngine.Hosting.DefaultTestHostManager
TpTrace Information: 0 : 30260, 1, 2024/02/22, 21:40:28.887, 4026867369912, vstest.console.dll, TestPluginManager.CreateTestExtension: Attempting to load test extension: Microsoft.VisualStudio.TestPlatform.CrossPlatEngine.Hosting.DotnetTestHostManager
TpTrace Information: 0 : 30260, 1, 2024/02/22, 21:40:28.887, 4026867372489, vstest.console.dll, InferRunSettingsHelper.IsTestSettingsEnabled: Unable to navigate to RunSettings/MSTest. Current node: RunSettings
TpTrace Verbose: 0 : 30260, 1, 2024/02/22, 21:40:28.888, 4026867374949, vstest.console.dll, ParallelOperationManager.ClearSlots: Clearing all slots. Slots should accept more work: True
TpTrace Verbose: 0 : 30260, 1, 2024/02/22, 21:40:28.888, 4026867377960, vstest.console.dll, ParallelOperationManager.SetOccupiedSlotCount: Setting slot counts AvailableSlotCount = 1, OccupiedSlotCount = 0.
TpTrace Verbose: 0 : 30260, 1, 2024/02/22, 21:40:28.888, 4026867379440, vstest.console.dll, Occupied slots:

TpTrace Verbose: 0 : 30260, 1, 2024/02/22, 21:40:28.890, 4026867396304, vstest.console.dll, TestEngine.GetExecutionManager: Chosen execution manager 'Microsoft.VisualStudio.TestPlatform.CrossPlatEngine.Client.Parallel.ParallelProxyExecutionManager, Microsoft.TestPlatform.CrossPlatEngine, Version=15.0.0.0, Culture=neutral, PublicKeyToken=b03f5f7f11d50a3a' ParallelLevel '1'.
TpTrace Verbose: 0 : 30260, 1, 2024/02/22, 21:40:28.890, 4026867397001, vstest.console.dll, TestRunRequest.ExecuteAsync: Creating test run request.
TpTrace Verbose: 0 : 30260, 1, 2024/02/22, 21:40:28.890, 4026867398014, vstest.console.dll, TestRunRequest.ExecuteAsync: Starting.
TpTrace Information: 0 : 30260, 1, 2024/02/22, 21:40:28.891, 4026867403510, vstest.console.dll, TestRunRequest.ExecuteAsync: Starting run with settings:TestRunCriteria:
   KeepAlive=False,FrequencyOfRunStatsChangeEvent=10,RunStatsChangeEventTimeout=00:00:01.5000000,TestCaseFilter=,TestExecutorLauncher=
   Settingsxml=<RunSettings>
  <RunConfiguration>
    <ResultsDirectory>C:\Users\petko\Downloads\03-Contacts-Resources\ContactsConsoleAPI\ContactsConsoleAPI.IntegrationTests.NUnit\bin\Debug\net6.0\fine-code-coverage\coverage-tool-output</ResultsDirectory>
    <TargetPlatform>X64</TargetPlatform>
    <TargetFrameworkVersion>.NETCoreApp,Version=v6.0</TargetFrameworkVersion>
    <DesignMode>False</DesignMode>
    <CollectSourceInformation>False</CollectSourceInformation>
  </RunConfiguration>
  <LoggerRunSettings>
    <Loggers>
      <Logger friendlyName="blame" enabled="True" />
      <Logger friendlyName="Console" uri="logger://microsoft/TestPlatform/ConsoleLogger/v1" assemblyQualifiedName="Microsoft.VisualStudio.TestPlatform.CommandLine.Internal.ConsoleLogger, vstest.console, Version=15.0.0.0, Culture=neutral, PublicKeyToken=b03f5f7f11d50a3a" codeBase="C:\Program Files\dotnet\sdk\8.0.100\vstest.console.dll" enabled="True" />
    </Loggers>
  </LoggerRunSettings>
  <DataCollectionRunSettings>
    <DataCollectors>
      <DataCollector friendlyName="blame" enabled="True">
        <Configuration>
          <ResultsDirectory>C:\Users\petko\Downloads\03-Contacts-Resources\ContactsConsoleAPI\ContactsConsoleAPI.IntegrationTests.NUnit\bin\Debug\net6.0\fine-code-coverage\coverage-tool-output</ResultsDirectory>
        </Configuration>
      </DataCollector>
    </DataCollectors>
  </DataCollectionRunSettings>
</RunSettings>

TpTrace Verbose: 0 : 30260, 1, 2024/02/22, 21:40:28.891, 4026867403782, vstest.console.dll, TestRunRequest.ExecuteAsync: Wait for the first run request is over.
TpTrace Verbose: 0 : 30260, 1, 2024/02/22, 21:40:28.891, 4026867405145, vstest.console.dll, MulticastDelegateUtilities.SafeInvoke: TestRun.TestRunStart: Invoking callbacks was skipped because there are no subscribers.
TpTrace Verbose: 0 : 30260, 4, 2024/02/22, 21:40:28.891, 4026867406160, vstest.console.dll, MulticastDelegateUtilities.SafeInvoke: InternalTestLoggerEvents.SendTestRunStart: Invoking callback 1/1 for Microsoft.VisualStudio.TestPlatform.CommandLine.Internal.ConsoleLogger., took 0 ms.
TpTrace Verbose: 0 : 30260, 1, 2024/02/22, 21:40:28.891, 4026867410994, vstest.console.dll, ParallelProxyExecutionManager: Start execution. Total sources: 1
TpTrace Verbose: 0 : 30260, 1, 2024/02/22, 21:40:28.892, 4026867413707, vstest.console.dll, ParallelOperationManager.StartWork: Starting adding 1 workloads.
TpTrace Verbose: 0 : 30260, 1, 2024/02/22, 21:40:28.892, 4026867414174, vstest.console.dll, ParallelOperationManager.ClearSlots: Clearing all slots. Slots should accept more work: True
TpTrace Verbose: 0 : 30260, 1, 2024/02/22, 21:40:28.892, 4026867414619, vstest.console.dll, ParallelOperationManager.SetOccupiedSlotCount: Setting slot counts AvailableSlotCount = 1, OccupiedSlotCount = 0.
TpTrace Verbose: 0 : 30260, 1, 2024/02/22, 21:40:28.892, 4026867414818, vstest.console.dll, Occupied slots:

TpTrace Verbose: 0 : 30260, 1, 2024/02/22, 21:40:28.893, 4026867423536, vstest.console.dll, TestRequestSender is acting as server.
TpTrace Verbose: 0 : 30260, 1, 2024/02/22, 21:40:28.893, 4026867430339, vstest.console.dll, ParallelOperationManager.RunWorkInParallel: Adding 1 workload to slot, remaining workloads 0.
TpTrace Verbose: 0 : 30260, 1, 2024/02/22, 21:40:28.893, 4026867430774, vstest.console.dll, ParallelOperationManager.SetOccupiedSlotCount: Setting slot counts AvailableSlotCount = 0, OccupiedSlotCount = 1.
TpTrace Verbose: 0 : 30260, 1, 2024/02/22, 21:40:28.893, 4026867431412, vstest.console.dll, Occupied slots:
0: C:\Users\petko\Downloads\03-Contacts-Resources\ContactsConsoleAPI\ContactsConsoleAPI.IntegrationTests.NUnit\bin\Debug\net6.0\fine-code-coverage\build-output\ContactsConsoleAPI.IntegrationTests.NUnit.dll
TpTrace Verbose: 0 : 30260, 1, 2024/02/22, 21:40:28.894, 4026867436311, vstest.console.dll, ParallelOperationManager.RunWorkInParallel: Started host in slot number 0 for work (source): C:\Users\petko\Downloads\03-Contacts-Resources\ContactsConsoleAPI\ContactsConsoleAPI.IntegrationTests.NUnit\bin\Debug\net6.0\fine-code-coverage\build-output\ContactsConsoleAPI.IntegrationTests.NUnit.dll.
TpTrace Verbose: 0 : 30260, 1, 2024/02/22, 21:40:28.894, 4026867441186, vstest.console.dll, ParallelOperationManager.RunWorkInParallel: We started 1 work items, which is the max parallel level. Won't start more work.
TpTrace Verbose: 0 : 30260, 1, 2024/02/22, 21:40:28.894, 4026867441561, vstest.console.dll, ParallelOperationManager.RunWorkInParallel: We started 1 work items in here, returning True.
TpTrace Information: 0 : 30260, 1, 2024/02/22, 21:40:28.894, 4026867441732, vstest.console.dll, TestRunRequest.ExecuteAsync: Started.
TpTrace Verbose: 0 : 30260, 5, 2024/02/22, 21:40:28.894, 4026867442458, vstest.console.dll, ParallelProxyExecutionManager.StartTestRunOnConcurrentManager: Initializing uninitialized client. Started clients: 0
TpTrace Verbose: 0 : 30260, 5, 2024/02/22, 21:40:28.895, 4026867443268, vstest.console.dll, DataCollectionRequestSender.InitializeCommunication : Initialize communication. 
TpTrace Verbose: 0 : 30260, 1, 2024/02/22, 21:40:28.895, 4026867444393, vstest.console.dll, TestRunRequest.WaitForCompletion: Waiting with timeout -1.
TpTrace Information: 0 : 30260, 5, 2024/02/22, 21:40:28.898, 4026867479465, vstest.console.dll, Listening on Endpoint : 127.0.0.1:57999
TpTrace Verbose: 0 : 30260, 5, 2024/02/22, 21:40:28.901, 4026867508786, vstest.console.dll, DotnetDataCollectionLauncher: Adding  --runtimeconfig "C:\Program Files\dotnet\sdk\8.0.100\datacollector.runtimeconfig.json" in args
TpTrace Verbose: 0 : 30260, 5, 2024/02/22, 21:40:28.901, 4026867509387, vstest.console.dll, DotnetDataCollectionLauncher: Adding  --depsfile "C:\Program Files\dotnet\sdk\8.0.100\datacollector.deps.json" in args
TpTrace Verbose: 0 : 30260, 5, 2024/02/22, 21:40:28.901, 4026867510149, vstest.console.dll, DotnetDataCollectionLauncher: Full path of dotnet.exe is C:\Program Files\dotnet\dotnet.exe
TpTrace Information: 0 : 30260, 5, 2024/02/22, 21:40:28.912, 4026867618890, vstest.console.dll, ProxyDataCollectionManager.Initialize: Launched datacollector processId: 31904 port: 57999
TpTrace Information: 0 : 30260, 5, 2024/02/22, 21:40:28.912, 4026867619944, vstest.console.dll, ProxyDataCollectionManager.Initialize: waiting for connection with timeout: 90 seconds
TpTrace Verbose: 0 : 30260, 5, 2024/02/22, 21:40:28.912, 4026867620335, vstest.console.dll, DataCollectionRequestSender.WaitForRequestHandlerConnection : Waiting for connection with timeout: 90000
TpTrace Information: 0 : 30260, 7, 2024/02/22, 21:40:28.997, 4026868471608, vstest.console.dll, Using the buffer size of 16384 bytes
TpTrace Verbose: 0 : 30260, 5, 2024/02/22, 21:40:28.997, 4026868471680, vstest.console.dll, SocketCommunicationManager.WaitForClientConnection took: 85 ms, with 90000 ms timeout, and finished with True.
TpTrace Information: 0 : 30260, 7, 2024/02/22, 21:40:28.997, 4026868472197, vstest.console.dll, Accepted Client request and set the flag
TpTrace Verbose: 0 : 30260, 5, 2024/02/22, 21:40:28.997, 4026868472878, vstest.console.dll, ProxyDataCollectionManager.InvokeDataCollectionServiceAction: Starting.
TpTrace Information: 0 : 30260, 5, 2024/02/22, 21:40:28.998, 4026868473251, vstest.console.dll, ProxyDataCollectionManager.BeforeTestRunStart: Get environment variable and port for datacollector processId: 31904 port: 57999
TpTrace Verbose: 0 : 30260, 5, 2024/02/22, 21:40:28.998, 4026868473769, vstest.console.dll, DataCollectionRequestSender.SendBeforeTestRunStartAndGetResult: Send BeforeTestRunStart message with settingsXml <RunSettings><RunConfiguration><ResultsDirectory>C:\Users\petko\Downloads\03-Contacts-Resources\ContactsConsoleAPI\ContactsConsoleAPI.IntegrationTests.NUnit\bin\Debug\net6.0\fine-code-coverage\coverage-tool-output</ResultsDirectory><TargetPlatform>X64</TargetPlatform><TargetFrameworkVersion>.NETCoreApp,Version=v6.0</TargetFrameworkVersion><DesignMode>False</DesignMode><CollectSourceInformation>False</CollectSourceInformation><TestAdaptersPaths>C:\Program Files\dotnet\sdk\8.0.100\Extensions</TestAdaptersPaths></RunConfiguration><LoggerRunSettings><Loggers><Logger friendlyName="blame" enabled="True" /><Logger friendlyName="Console" uri="logger://microsoft/TestPlatform/ConsoleLogger/v1" assemblyQualifiedName="Microsoft.VisualStudio.TestPlatform.CommandLine.Internal.ConsoleLogger, vstest.console, Version=15.0.0.0, Culture=neutral, PublicKeyToken=b03f5f7f11d50a3a" codeBase="C:\Program Files\dotnet\sdk\8.0.100\vstest.console.dll" enabled="True" /></Loggers></LoggerRunSettings><DataCollectionRunSettings><DataCollectors><DataCollector friendlyName="blame" enabled="True"><Configuration><ResultsDirectory>C:\Users\petko\Downloads\03-Contacts-Resources\ContactsConsoleAPI\ContactsConsoleAPI.IntegrationTests.NUnit\bin\Debug\net6.0\fine-code-coverage\coverage-tool-output</ResultsDirectory></Configuration></DataCollector></DataCollectors></DataCollectionRunSettings></RunSettings> and sources System.Collections.Generic.List`1[System.String]: 
TpTrace Verbose: 0 : 30260, 5, 2024/02/22, 21:40:29.022, 4026868713405, vstest.console.dll, DataCollectionRequestSender.SendBeforeTestRunStartAndGetResult: Received message: (DataCollection.SendMessage) -> {"MessageType":"DataCollection.SendMessage","Payload":{"FriendlyName":null,"Uri":null,"TestCaseId":"00000000-0000-0000-0000-000000000000","Message":"Logging DataCollector Diagnostics in file: C:\\Users\\petko\\Downloads\\03-Contacts-Resources\\ContactsConsoleAPI\\ContactsConsoleAPI.IntegrationTests.NUnit\\bin\\Debug\\net6.0\\fine-code-coverage\\coverage-tool-output\\diagnostics.datacollector.24-02-22_21-40-28_90142_5.log","Level":0}}
TpTrace Verbose: 0 : 30260, 5, 2024/02/22, 21:40:29.061, 4026869110463, vstest.console.dll, DataCollectionRequestSender.SendBeforeTestRunStartAndGetResult: Received message: (DataCollection.BeforeTestRunStartResult) -> {"MessageType":"DataCollection.BeforeTestRunStartResult","Payload":{"EnvironmentVariables":{},"DataCollectionEventsPort":58002}}
TpTrace Information: 0 : 30260, 5, 2024/02/22, 21:40:29.064, 4026869134185, vstest.console.dll, ProxyDataCollectionManager.BeforeTestRunStart: SendBeforeTestRunStartAndGetResult successful, env variable from datacollector:   and testhost port: 58002
TpTrace Information: 0 : 30260, 5, 2024/02/22, 21:40:29.064, 4026869134644, vstest.console.dll, ProxyDataCollectionManager.InvokeDataCollectionServiceAction: Completed.
TpTrace Verbose: 0 : 30260, 5, 2024/02/22, 21:40:29.064, 4026869134796, vstest.console.dll, ParallelProxyExecutionManager.StartTestRunOnConcurrentManager: Initializing test run. Started clients: 0
TpTrace Verbose: 0 : 30260, 5, 2024/02/22, 21:40:29.064, 4026869135197, vstest.console.dll, ProxyExecutionManager: Test host is always Lazy initialize.
TpTrace Verbose: 0 : 30260, 5, 2024/02/22, 21:40:29.064, 4026869136208, vstest.console.dll, TestRequestSender.InitializeCommunication: initialize communication. 
TpTrace Information: 0 : 30260, 5, 2024/02/22, 21:40:29.064, 4026869138637, vstest.console.dll, SocketServer.Start: Listening on endpoint : 127.0.0.1:58003
TpTrace Verbose: 0 : 30260, 5, 2024/02/22, 21:40:29.064, 4026869142255, vstest.console.dll, DotnetTestHostmanager.GetTestHostProcessStartInfo: Platform environment 'X64' target architecture 'X64' framework '.NETCoreApp,Version=v6.0' OS 'Windows'
TpTrace Verbose: 0 : 30260, 5, 2024/02/22, 21:40:29.065, 4026869143498, vstest.console.dll, DotnetTestHostmanager: Adding  --runtimeconfig "C:\Users\petko\Downloads\03-Contacts-Resources\ContactsConsoleAPI\ContactsConsoleAPI.IntegrationTests.NUnit\bin\Debug\net6.0\fine-code-coverage\build-output\ContactsConsoleAPI.IntegrationTests.NUnit.runtimeconfig.json" in args
TpTrace Verbose: 0 : 30260, 5, 2024/02/22, 21:40:29.065, 4026869143955, vstest.console.dll, DotnetTestHostmanager: Adding  --depsfile "C:\Users\petko\Downloads\03-Contacts-Resources\ContactsConsoleAPI\ContactsConsoleAPI.IntegrationTests.NUnit\bin\Debug\net6.0\fine-code-coverage\build-output\ContactsConsoleAPI.IntegrationTests.NUnit.deps.json" in args
TpTrace Verbose: 0 : 30260, 5, 2024/02/22, 21:40:29.065, 4026869144791, vstest.console.dll, DotnetTestHostmanager.IsWinOnArm: Current PROCESSOR_ARCHITECTURE from environment variable 'AMD64'
TpTrace Verbose: 0 : 30260, 5, 2024/02/22, 21:40:29.065, 4026869145021, vstest.console.dll, DotnetTestHostmanager.IsWinOnArm: Is Windows on ARM 'False'
TpTrace Verbose: 0 : 30260, 5, 2024/02/22, 21:40:29.065, 4026869145483, vstest.console.dll, DotnetTestHostManager: testhost.exe found at path: C:\Users\petko\Downloads\03-Contacts-Resources\ContactsConsoleAPI\ContactsConsoleAPI.IntegrationTests.NUnit\bin\Debug\net6.0\fine-code-coverage\build-output\testhost.exe
TpTrace Verbose: 0 : 30260, 5, 2024/02/22, 21:40:29.065, 4026869145639, vstest.console.dll, DotnetTestHostmanager: Full path of host exe is C:\Users\petko\Downloads\03-Contacts-Resources\ContactsConsoleAPI\ContactsConsoleAPI.IntegrationTests.NUnit\bin\Debug\net6.0\fine-code-coverage\build-output\testhost.exe
TpTrace Verbose: 0 : 30260, 5, 2024/02/22, 21:40:29.065, 4026869146260, vstest.console.dll, DotnetTestHostmanager.LaunchTestHostAsync: Found 'VSTEST_WINAPPHOST_DOTNET_ROOT' in env variables, value 'C:\Program Files\dotnet', forwarding to 'DOTNET_ROOT'
TpTrace Verbose: 0 : 30260, 5, 2024/02/22, 21:40:29.065, 4026869146891, vstest.console.dll, DotnetTestHostManager: Starting process 'C:\Users\petko\Downloads\03-Contacts-Resources\ContactsConsoleAPI\ContactsConsoleAPI.IntegrationTests.NUnit\bin\Debug\net6.0\fine-code-coverage\build-output\testhost.exe' with command line ' --runtimeconfig "C:\Users\petko\Downloads\03-Contacts-Resources\ContactsConsoleAPI\ContactsConsoleAPI.IntegrationTests.NUnit\bin\Debug\net6.0\fine-code-coverage\build-output\ContactsConsoleAPI.IntegrationTests.NUnit.runtimeconfig.json" --depsfile "C:\Users\petko\Downloads\03-Contacts-Resources\ContactsConsoleAPI\ContactsConsoleAPI.IntegrationTests.NUnit\bin\Debug\net6.0\fine-code-coverage\build-output\ContactsConsoleAPI.IntegrationTests.NUnit.deps.json" --port 58003 --endpoint 127.0.0.1:058003 --role client --parentprocessid 30260 --diag "C:\Users\petko\Downloads\03-Contacts-Resources\ContactsConsoleAPI\ContactsConsoleAPI.IntegrationTests.NUnit\bin\Debug\net6.0\fine-code-coverage\coverage-tool-output\diagnostics.host.24-02-22_21-40-29_06471_5.log" --tracelevel 4 --datacollectionport 58002 --telemetryoptedin false'
TpTrace Verbose: 0 : 30260, 5, 2024/02/22, 21:40:29.079, 4026869292418, vstest.console.dll, MulticastDelegateUtilities.SafeInvoke: HostProviderEvents.OnHostLaunched: Invoking callback 1/2 for Microsoft.VisualStudio.TestPlatform.CrossPlatEngine.Client.ProxyExecutionManagerWithDataCollection., took 0 ms.
TpTrace Verbose: 0 : 30260, 5, 2024/02/22, 21:40:29.080, 4026869294115, vstest.console.dll, Test Runtime launched
TpTrace Verbose: 0 : 30260, 5, 2024/02/22, 21:40:29.080, 4026869294404, vstest.console.dll, MulticastDelegateUtilities.SafeInvoke: HostProviderEvents.OnHostLaunched: Invoking callback 2/2 for Microsoft.VisualStudio.TestPlatform.CrossPlatEngine.Client.ProxyOperationManager., took 0 ms.
TpTrace Verbose: 0 : 30260, 5, 2024/02/22, 21:40:29.080, 4026869295010, vstest.console.dll, TestRequestSender.WaitForRequestHandlerConnection: waiting for connection with timeout: 90000.
TpTrace Verbose: 0 : 30260, 5, 2024/02/22, 21:40:29.183, 4026870326800, vstest.console.dll, TestRequestSender.WaitForRequestHandlerConnection: waiting took 103 ms, with timeout 90000 ms, and result 0, which is success.
TpTrace Verbose: 0 : 30260, 7, 2024/02/22, 21:40:29.183, 4026870326905, vstest.console.dll, MulticastDelegateUtilities.SafeInvoke: SocketServer: ClientConnected: Invoking callback 1/1 for Microsoft.VisualStudio.TestPlatform.CommunicationUtilities.TestRequestSender., took 0 ms.
TpTrace Verbose: 0 : 30260, 7, 2024/02/22, 21:40:29.183, 4026870327839, vstest.console.dll, SocketServer.OnClientConnected: Client connected for endPoint: 127.0.0.1:58003, starting MessageLoopAsync:
TpTrace Verbose: 0 : 30260, 14, 2024/02/22, 21:40:29.183, 4026870330765, vstest.console.dll, TcpClientExtensions.MessageLoopAsync: Polling on remoteEndPoint: 127.0.0.1:58004 localEndPoint: 127.0.0.1:58003
TpTrace Verbose: 0 : 30260, 5, 2024/02/22, 21:40:29.183, 4026870332310, vstest.console.dll, TestRequestSender.CheckVersionWithTestHost: Sending check version message: {"MessageType":"ProtocolVersion","Payload":7}
TpTrace Verbose: 0 : 30260, 14, 2024/02/22, 21:40:29.264, 4026871137153, vstest.console.dll, TcpClientExtensions.MessageLoopAsync: NotifyDataAvailable remoteEndPoint: 127.0.0.1:58004 localEndPoint: 127.0.0.1:58003
TpTrace Verbose: 0 : 30260, 14, 2024/02/22, 21:40:29.264, 4026871138597, vstest.console.dll, TestRequestSender.CheckVersionWithTestHost: onMessageReceived received message: (ProtocolVersion) -> {"MessageType":"ProtocolVersion","Payload":5}
TpTrace Verbose: 0 : 30260, 14, 2024/02/22, 21:40:29.264, 4026871143169, vstest.console.dll, MulticastDelegateUtilities.SafeInvoke: LengthPrefixCommunicationChannel: MessageReceived: Invoking callback 1/1 for Microsoft.VisualStudio.TestPlatform.CommunicationUtilities.TestRequestSender+<>c__DisplayClass29_0., took 0 ms.
TpTrace Verbose: 0 : 30260, 14, 2024/02/22, 21:40:29.265, 4026871143830, vstest.console.dll, TcpClientExtensions.MessageLoopAsync: Polling on remoteEndPoint: 127.0.0.1:58004 localEndPoint: 127.0.0.1:58003
TpTrace Verbose: 0 : 30260, 5, 2024/02/22, 21:40:29.265, 4026871144401, vstest.console.dll, TestPluginCache.GetExtensionPaths: Filtered extension paths: 
TpTrace Verbose: 0 : 30260, 5, 2024/02/22, 21:40:29.265, 4026871144842, vstest.console.dll, TestPluginCache.GetExtensionPaths: Added default extension paths: C:\Program Files\dotnet\sdk\8.0.100\Extensions\Microsoft.Diagnostics.NETCore.Client.dll
C:\Program Files\dotnet\sdk\8.0.100\Extensions\Microsoft.TestPlatform.Extensions.BlameDataCollector.dll
C:\Program Files\dotnet\sdk\8.0.100\Extensions\Microsoft.TestPlatform.Extensions.EventLogCollector.dll
C:\Program Files\dotnet\sdk\8.0.100\Extensions\Microsoft.TestPlatform.TestHostRuntimeProvider.dll
C:\Program Files\dotnet\sdk\8.0.100\Extensions\Microsoft.VisualStudio.TestPlatform.Extensions.Html.TestLogger.dll
C:\Program Files\dotnet\sdk\8.0.100\Extensions\Microsoft.VisualStudio.TestPlatform.Extensions.Trx.TestLogger.dll
TpTrace Verbose: 0 : 30260, 5, 2024/02/22, 21:40:29.265, 4026871145016, vstest.console.dll, TestPluginCache.GetExtensionPaths: Added unfilterableExtensionPaths: 
TpTrace Verbose: 0 : 30260, 5, 2024/02/22, 21:40:29.266, 4026871159747, vstest.console.dll, TestRequestSender.InitializeExecution: Sending initialize execution with message: {"Version":5,"MessageType":"TestExecution.Initialize","Payload":["C:\\Users\\petko\\Downloads\\03-Contacts-Resources\\ContactsConsoleAPI\\ContactsConsoleAPI.IntegrationTests.NUnit\\bin\\Debug\\net6.0\\fine-code-coverage\\build-output\\NUnit3.TestAdapter.dll"]}
TpTrace Verbose: 0 : 30260, 5, 2024/02/22, 21:40:29.268, 4026871177086, vstest.console.dll, ParallelProxyExecutionManager.StartTestRunOnConcurrentManager: Execution starting. Started clients: 1
TpTrace Verbose: 0 : 30260, 5, 2024/02/22, 21:40:29.268, 4026871178683, vstest.console.dll, TestRunRequest:SendTestRunMessage: Starting.
TpTrace Verbose: 0 : 30260, 5, 2024/02/22, 21:40:29.268, 4026871179593, vstest.console.dll, MulticastDelegateUtilities.SafeInvoke: TestRun.LogMessages: Invoking callback 1/1 for Microsoft.VisualStudio.TestPlatform.CommandLine.TestRunResultAggregator., took 0 ms.
TpTrace Information: 0 : 30260, 5, 2024/02/22, 21:40:29.268, 4026871179778, vstest.console.dll, TestRunRequest:SendTestRunMessage: Completed.
TpTrace Verbose: 0 : 30260, 4, 2024/02/22, 21:40:29.268, 4026871180727, vstest.console.dll, MulticastDelegateUtilities.SafeInvoke: InternalTestLoggerEvents.SendTestRunMessage: Invoking callback 1/1 for Microsoft.VisualStudio.TestPlatform.CommandLine.Internal.ConsoleLogger., took 0 ms.
TpTrace Warning: 0 : 30260, 5, 2024/02/22, 21:40:29.268, 4026871181678, vstest.console.dll, InferRunSettingsHelper.MakeRunsettingsCompatible: Removing the following settings: TargetPlatform from RunSettings file. To use those settings please move to latest version of Microsoft.NET.Test.Sdk
TpTrace Verbose: 0 : 30260, 14, 2024/02/22, 21:40:29.269, 4026871189336, vstest.console.dll, TcpClientExtensions.MessageLoopAsync: NotifyDataAvailable remoteEndPoint: 127.0.0.1:58004 localEndPoint: 127.0.0.1:58003
TpTrace Verbose: 0 : 30260, 14, 2024/02/22, 21:40:29.269, 4026871190908, vstest.console.dll, TestRequestSender.OnExecutionMessageReceived: Received message: {"Version":5,"MessageType":"TestSession.Message","Payload":{"MessageLevel":0,"Message":"Logging TestHost Diagnostics in file: C:\\Users\\petko\\Downloads\\03-Contacts-Resources\\ContactsConsoleAPI\\ContactsConsoleAPI.IntegrationTests.NUnit\\bin\\Debug\\net6.0\\fine-code-coverage\\coverage-tool-output\\diagnostics.host.24-02-22_21-40-29_06471_5.log"}}
TpTrace Verbose: 0 : 30260, 14, 2024/02/22, 21:40:29.270, 4026871202627, vstest.console.dll, TestRunRequest:SendTestRunMessage: Starting.
TpTrace Verbose: 0 : 30260, 14, 2024/02/22, 21:40:29.271, 4026871203224, vstest.console.dll, MulticastDelegateUtilities.SafeInvoke: TestRun.LogMessages: Invoking callback 1/1 for Microsoft.VisualStudio.TestPlatform.CommandLine.TestRunResultAggregator., took 0 ms.
TpTrace Information: 0 : 30260, 14, 2024/02/22, 21:40:29.271, 4026871203398, vstest.console.dll, TestRunRequest:SendTestRunMessage: Completed.
TpTrace Verbose: 0 : 30260, 14, 2024/02/22, 21:40:29.271, 4026871203547, vstest.console.dll, MulticastDelegateUtilities.SafeInvoke: LengthPrefixCommunicationChannel: MessageReceived: Invoking callback 1/1 for Microsoft.VisualStudio.TestPlatform.CommunicationUtilities.TestRequestSender+<>c__DisplayClass34_0., took 1 ms.
TpTrace Verbose: 0 : 30260, 14, 2024/02/22, 21:40:29.271, 4026871203668, vstest.console.dll, TcpClientExtensions.MessageLoopAsync: Polling on remoteEndPoint: 127.0.0.1:58004 localEndPoint: 127.0.0.1:58003
TpTrace Verbose: 0 : 30260, 4, 2024/02/22, 21:40:29.271, 4026871203805, vstest.console.dll, MulticastDelegateUtilities.SafeInvoke: InternalTestLoggerEvents.SendTestRunMessage: Invoking callback 1/1 for Microsoft.VisualStudio.TestPlatform.CommandLine.Internal.ConsoleLogger., took 0 ms.
TpTrace Verbose: 0 : 30260, 5, 2024/02/22, 21:40:29.271, 4026871208061, vstest.console.dll, TestRequestSender.StartTestRun: Sending test run with message: {"Version":5,"MessageType":"TestExecution.StartWithSources","Payload":{"AdapterSourceMap":{"_none_":["C:\\Users\\petko\\Downloads\\03-Contacts-Resources\\ContactsConsoleAPI\\ContactsConsoleAPI.IntegrationTests.NUnit\\bin\\Debug\\net6.0\\fine-code-coverage\\build-output\\ContactsConsoleAPI.IntegrationTests.NUnit.dll"]},"RunSettings":"<RunSettings>\r\n  <RunConfiguration>\r\n    <ResultsDirectory>C:\\Users\\petko\\Downloads\\03-Contacts-Resources\\ContactsConsoleAPI\\ContactsConsoleAPI.IntegrationTests.NUnit\\bin\\Debug\\net6.0\\fine-code-coverage\\coverage-tool-output</ResultsDirectory>\r\n    <TargetFrameworkVersion>.NETCoreApp,Version=v6.0</TargetFrameworkVersion>\r\n    <DesignMode>False</DesignMode>\r\n    <CollectSourceInformation>False</CollectSourceInformation>\r\n  </RunConfiguration>\r\n  <LoggerRunSettings>\r\n    <Loggers>\r\n      <Logger friendlyName=\"blame\" enabled=\"True\" />\r\n      <Logger friendlyName=\"Console\" uri=\"logger://microsoft/TestPlatform/ConsoleLogger/v1\" assemblyQualifiedName=\"Microsoft.VisualStudio.TestPlatform.CommandLine.Internal.ConsoleLogger, vstest.console, Version=15.0.0.0, Culture=neutral, PublicKeyToken=b03f5f7f11d50a3a\" codeBase=\"C:\\Program Files\\dotnet\\sdk\\8.0.100\\vstest.console.dll\" enabled=\"True\" />\r\n    </Loggers>\r\n  </LoggerRunSettings>\r\n  <DataCollectionRunSettings>\r\n    <DataCollectors>\r\n      <DataCollector friendlyName=\"blame\" enabled=\"True\">\r\n        <Configuration>\r\n          <ResultsDirectory>C:\\Users\\petko\\Downloads\\03-Contacts-Resources\\ContactsConsoleAPI\\ContactsConsoleAPI.IntegrationTests.NUnit\\bin\\Debug\\net6.0\\fine-code-coverage\\coverage-tool-output</ResultsDirectory>\r\n        </Configuration>\r\n      </DataCollector>\r\n    </DataCollectors>\r\n  </DataCollectionRunSettings>\r\n</RunSettings>","TestExecutionContext":{"FrequencyOfRunStatsChangeEvent":10,"RunStatsChangeEventTimeout":"00:00:01.5000000","InIsolation":false,"KeepAlive":false,"AreTestCaseLevelEventsRequired":false,"IsDebug":false,"TestCaseFilter":null,"FilterOptions":null},"Package":null}}
TpTrace Verbose: 0 : 30260, 5, 2024/02/22, 21:40:29.271, 4026871208830, vstest.console.dll, ParallelProxyExecutionManager.StartTestRunOnConcurrentManager: Execution started. Started clients: 1
TpTrace Verbose: 0 : 30260, 14, 2024/02/22, 21:40:29.360, 4026872101043, vstest.console.dll, TcpClientExtensions.MessageLoopAsync: NotifyDataAvailable remoteEndPoint: 127.0.0.1:58004 localEndPoint: 127.0.0.1:58003
TpTrace Verbose: 0 : 30260, 14, 2024/02/22, 21:40:29.360, 4026872102200, vstest.console.dll, TestRequestSender.OnExecutionMessageReceived: Received message: {"Version":5,"MessageType":"TestSession.Message","Payload":{"MessageLevel":0,"Message":"NUnit Adapter 4.2.0.0: Test execution started"}}
TpTrace Verbose: 0 : 30260, 14, 2024/02/22, 21:40:29.361, 4026872103499, vstest.console.dll, TestRunRequest:SendTestRunMessage: Starting.
TpTrace Verbose: 0 : 30260, 14, 2024/02/22, 21:40:29.361, 4026872104470, vstest.console.dll, MulticastDelegateUtilities.SafeInvoke: TestRun.LogMessages: Invoking callback 1/1 for Microsoft.VisualStudio.TestPlatform.CommandLine.TestRunResultAggregator., took 0 ms.
TpTrace Information: 0 : 30260, 14, 2024/02/22, 21:40:29.361, 4026872104660, vstest.console.dll, TestRunRequest:SendTestRunMessage: Completed.
TpTrace Verbose: 0 : 30260, 4, 2024/02/22, 21:40:29.361, 4026872104657, vstest.console.dll, MulticastDelegateUtilities.SafeInvoke: InternalTestLoggerEvents.SendTestRunMessage: Invoking callback 1/1 for Microsoft.VisualStudio.TestPlatform.CommandLine.Internal.ConsoleLogger., took 0 ms.
TpTrace Verbose: 0 : 30260, 14, 2024/02/22, 21:40:29.361, 4026872104774, vstest.console.dll, MulticastDelegateUtilities.SafeInvoke: LengthPrefixCommunicationChannel: MessageReceived: Invoking callback 1/1 for Microsoft.VisualStudio.TestPlatform.CommunicationUtilities.TestRequestSender+<>c__DisplayClass34_0., took 0 ms.
TpTrace Verbose: 0 : 30260, 14, 2024/02/22, 21:40:29.361, 4026872105503, vstest.console.dll, TcpClientExtensions.MessageLoopAsync: Polling on remoteEndPoint: 127.0.0.1:58004 localEndPoint: 127.0.0.1:58003
TpTrace Verbose: 0 : 30260, 14, 2024/02/22, 21:40:29.379, 4026872283487, vstest.console.dll, TcpClientExtensions.MessageLoopAsync: NotifyDataAvailable remoteEndPoint: 127.0.0.1:58004 localEndPoint: 127.0.0.1:58003
TpTrace Verbose: 0 : 30260, 14, 2024/02/22, 21:40:29.379, 4026872285180, vstest.console.dll, TestRequestSender.OnExecutionMessageReceived: Received message: {"Version":5,"MessageType":"TestSession.Message","Payload":{"MessageLevel":0,"Message":"Running all tests in C:\\Users\\petko\\Downloads\\03-Contacts-Resources\\ContactsConsoleAPI\\ContactsConsoleAPI.IntegrationTests.NUnit\\bin\\Debug\\net6.0\\fine-code-coverage\\build-output\\ContactsConsoleAPI.IntegrationTests.NUnit.dll"}}
TpTrace Verbose: 0 : 30260, 14, 2024/02/22, 21:40:29.379, 4026872286005, vstest.console.dll, TestRunRequest:SendTestRunMessage: Starting.
TpTrace Verbose: 0 : 30260, 14, 2024/02/22, 21:40:29.379, 4026872286453, vstest.console.dll, MulticastDelegateUtilities.SafeInvoke: TestRun.LogMessages: Invoking callback 1/1 for Microsoft.VisualStudio.TestPlatform.CommandLine.TestRunResultAggregator., took 0 ms.
TpTrace Information: 0 : 30260, 14, 2024/02/22, 21:40:29.379, 4026872286631, vstest.console.dll, TestRunRequest:SendTestRunMessage: Completed.
TpTrace Verbose: 0 : 30260, 4, 2024/02/22, 21:40:29.379, 4026872286623, vstest.console.dll, MulticastDelegateUtilities.SafeInvoke: InternalTestLoggerEvents.SendTestRunMessage: Invoking callback 1/1 for Microsoft.VisualStudio.TestPlatform.CommandLine.Internal.ConsoleLogger., took 0 ms.
TpTrace Verbose: 0 : 30260, 14, 2024/02/22, 21:40:29.379, 4026872287162, vstest.console.dll, MulticastDelegateUtilities.SafeInvoke: LengthPrefixCommunicationChannel: MessageReceived: Invoking callback 1/1 for Microsoft.VisualStudio.TestPlatform.CommunicationUtilities.TestRequestSender+<>c__DisplayClass34_0., took 0 ms.
TpTrace Verbose: 0 : 30260, 14, 2024/02/22, 21:40:29.379, 4026872287566, vstest.console.dll, TcpClientExtensions.MessageLoopAsync: Polling on remoteEndPoint: 127.0.0.1:58004 localEndPoint: 127.0.0.1:58003
TpTrace Verbose: 0 : 30260, 14, 2024/02/22, 21:40:30.057, 4026879067689, vstest.console.dll, TcpClientExtensions.MessageLoopAsync: NotifyDataAvailable remoteEndPoint: 127.0.0.1:58004 localEndPoint: 127.0.0.1:58003
TpTrace Verbose: 0 : 30260, 14, 2024/02/22, 21:40:30.057, 4026879069111, vstest.console.dll, TestRequestSender.OnExecutionMessageReceived: Received message: {"Version":5,"MessageType":"TestSession.Message","Payload":{"MessageLevel":0,"Message":"   NUnit3TestExecutor discovered 14 of 14 NUnit test cases using Current Discovery mode, Non-Explicit run"}}
TpTrace Verbose: 0 : 30260, 14, 2024/02/22, 21:40:30.057, 4026879070122, vstest.console.dll, TestRunRequest:SendTestRunMessage: Starting.
TpTrace Verbose: 0 : 30260, 14, 2024/02/22, 21:40:30.057, 4026879070432, vstest.console.dll, MulticastDelegateUtilities.SafeInvoke: TestRun.LogMessages: Invoking callback 1/1 for Microsoft.VisualStudio.TestPlatform.CommandLine.TestRunResultAggregator., took 0 ms.
TpTrace Information: 0 : 30260, 14, 2024/02/22, 21:40:30.057, 4026879070553, vstest.console.dll, TestRunRequest:SendTestRunMessage: Completed.
TpTrace Verbose: 0 : 30260, 14, 2024/02/22, 21:40:30.057, 4026879070707, vstest.console.dll, MulticastDelegateUtilities.SafeInvoke: LengthPrefixCommunicationChannel: MessageReceived: Invoking callback 1/1 for Microsoft.VisualStudio.TestPlatform.CommunicationUtilities.TestRequestSender+<>c__DisplayClass34_0., took 0 ms.
TpTrace Verbose: 0 : 30260, 14, 2024/02/22, 21:40:30.057, 4026879070846, vstest.console.dll, TcpClientExtensions.MessageLoopAsync: Polling on remoteEndPoint: 127.0.0.1:58004 localEndPoint: 127.0.0.1:58003
TpTrace Verbose: 0 : 30260, 4, 2024/02/22, 21:40:30.057, 4026879070892, vstest.console.dll, MulticastDelegateUtilities.SafeInvoke: InternalTestLoggerEvents.SendTestRunMessage: Invoking callback 1/1 for Microsoft.VisualStudio.TestPlatform.CommandLine.Internal.ConsoleLogger., took 0 ms.
TpTrace Verbose: 0 : 30260, 14, 2024/02/22, 21:40:30.511, 4026883609840, vstest.console.dll, TcpClientExtensions.MessageLoopAsync: NotifyDataAvailable remoteEndPoint: 127.0.0.1:58004 localEndPoint: 127.0.0.1:58003
TpTrace Verbose: 0 : 30260, 14, 2024/02/22, 21:40:30.511, 4026883612236, vstest.console.dll, TestRequestSender.OnExecutionMessageReceived: Received message: {"Version":5,"MessageType":"TestSession.Message","Payload":{"MessageLevel":1,"Message":"Validation Error: The Email field is not a valid e-mail address.\r\n"}}
TpTrace Verbose: 0 : 30260, 14, 2024/02/22, 21:40:30.512, 4026883613623, vstest.console.dll, TestRunRequest:SendTestRunMessage: Starting.
TpTrace Verbose: 0 : 30260, 14, 2024/02/22, 21:40:30.512, 4026883614428, vstest.console.dll, MulticastDelegateUtilities.SafeInvoke: TestRun.LogMessages: Invoking callback 1/1 for Microsoft.VisualStudio.TestPlatform.CommandLine.TestRunResultAggregator., took 0 ms.
TpTrace Information: 0 : 30260, 14, 2024/02/22, 21:40:30.512, 4026883614768, vstest.console.dll, TestRunRequest:SendTestRunMessage: Completed.
TpTrace Verbose: 0 : 30260, 14, 2024/02/22, 21:40:30.512, 4026883615192, vstest.console.dll, MulticastDelegateUtilities.SafeInvoke: LengthPrefixCommunicationChannel: MessageReceived: Invoking callback 1/1 for Microsoft.VisualStudio.TestPlatform.CommunicationUtilities.TestRequestSender+<>c__DisplayClass34_0., took 0 ms.
TpTrace Verbose: 0 : 30260, 14, 2024/02/22, 21:40:30.512, 4026883615592, vstest.console.dll, TcpClientExtensions.MessageLoopAsync: Polling on remoteEndPoint: 127.0.0.1:58004 localEndPoint: 127.0.0.1:58003
TpTrace Verbose: 0 : 30260, 4, 2024/02/22, 21:40:30.512, 4026883617635, vstest.console.dll, MulticastDelegateUtilities.SafeInvoke: InternalTestLoggerEvents.SendTestRunMessage: Invoking callback 1/1 for Microsoft.VisualStudio.TestPlatform.CommandLine.Internal.ConsoleLogger., took 0 ms.
TpTrace Verbose: 0 : 30260, 14, 2024/02/22, 21:40:30.569, 4026884192619, vstest.console.dll, TcpClientExtensions.MessageLoopAsync: NotifyDataAvailable remoteEndPoint: 127.0.0.1:58004 localEndPoint: 127.0.0.1:58003
TpTrace Verbose: 0 : 30260, 14, 2024/02/22, 21:40:30.570, 4026884198557, vstest.console.dll, TestRequestSender.OnExecutionMessageReceived: Received message: {"Version":5,"MessageType":"TestExecution.StatsChange","Payload":{"NewTestResults":[{"TestCase":{"Id":"f4941ba1-2c97-fd8d-de47-769048bbe098","FullyQualifiedName":"ContactsConsoleAPI.IntegrationTests.NUnit.IntegrationTests.AddContactAsync_ShouldAddNewContact","DisplayName":"AddContactAsync_ShouldAddNewContact","ExecutorUri":"executor://NUnit3TestExecutor","Source":"C:\\Users\\petko\\Downloads\\03-Contacts-Resources\\ContactsConsoleAPI\\ContactsConsoleAPI.IntegrationTests.NUnit\\bin\\Debug\\net6.0\\fine-code-coverage\\build-output\\ContactsConsoleAPI.IntegrationTests.NUnit.dll","CodeFilePath":null,"LineNumber":0,"Properties":[{"Key":{"Id":"NUnit.Seed","Label":"Seed","Category":"","Description":"","Attributes":0,"ValueType":"System.String"},"Value":"1039589600"}]},"Attachments":[],"Outcome":1,"ErrorMessage":null,"ErrorStackTrace":null,"DisplayName":"AddContactAsync_ShouldAddNewContact","Messages":[],"ComputerName":"KONSTANTIN","Duration":"00:00:00.4086590","StartTime":"2024-02-22T21:40:30.0733734+00:00","EndTime":"2024-02-22T21:40:30.4819956+00:00","Properties":[{"Key":{"Id":"NUnit.Seed","Label":"Seed","Category":"","Description":"","Attributes":0,"ValueType":"System.String"},"Value":"1039589600"}]},{"TestCase":{"Id":"55ab7dee-bb71-e26a-b365-c70104665981","FullyQualifiedName":"ContactsConsoleAPI.IntegrationTests.NUnit.IntegrationTests.AddContactAsync_TryToAddContactWithInvalidCredentials_ShouldThrowException","DisplayName":"AddContactAsync_TryToAddContactWithInvalidCredentials_ShouldThrowException","ExecutorUri":"executor://NUnit3TestExecutor","Source":"C:\\Users\\petko\\Downloads\\03-Contacts-Resources\\ContactsConsoleAPI\\ContactsConsoleAPI.IntegrationTests.NUnit\\bin\\Debug\\net6.0\\fine-code-coverage\\build-output\\ContactsConsoleAPI.IntegrationTests.NUnit.dll","CodeFilePath":null,"LineNumber":0,"Properties":[{"Key":{"Id":"NUnit.Seed","Label":"Seed","Category":"","Description":"","Attributes":0,"ValueType":"System.String"},"Value":"1023165054"}]},"Attachments":[],"Outcome":1,"ErrorMessage":null,"ErrorStackTrace":null,"DisplayName":"AddContactAsync_TryToAddContactWithInvalidCredentials_ShouldThrowException","Messages":[{"Category":"StdOutMsgs","Text":"Validation Error: The Email field is not a valid e-mail address.\r\n"}],"ComputerName":"KONSTANTIN","Duration":"00:00:00.0199380","StartTime":"2024-02-22T21:40:30.482762+00:00","EndTime":"2024-02-22T21:40:30.5027002+00:00","Properties":[{"Key":{"Id":"NUnit.Seed","Label":"Seed","Category":"","Description":"","Attributes":0,"ValueType":"System.String"},"Value":"1023165054"}]},{"TestCase":{"Id":"5c95e02e-2911-66f1-2eea-d03924ebdc7b","FullyQualifiedName":"ContactsConsoleAPI.IntegrationTests.NUnit.IntegrationTests.DeleteContactAsync_TryToDeleteWithNullOrWhiteSpaceULID_ShouldThrowException","DisplayName":"DeleteContactAsync_TryToDeleteWithNullOrWhiteSpaceULID_ShouldThrowException","ExecutorUri":"executor://NUnit3TestExecutor","Source":"C:\\Users\\petko\\Downloads\\03-Contacts-Resources\\ContactsConsoleAPI\\ContactsConsoleAPI.IntegrationTests.NUnit\\bin\\Debug\\net6.0\\fine-code-coverage\\build-output\\ContactsConsoleAPI.IntegrationTests.NUnit.dll","CodeFilePath":null,"LineNumber":0,"Properties":[{"Key":{"Id":"NUnit.Seed","Label":"Seed","Category":"","Description":"","Attributes":0,"ValueType":"System.String"},"Value":"1486821583"}]},"Attachments":[],"Outcome":1,"ErrorMessage":null,"ErrorStackTrace":null,"DisplayName":"DeleteContactAsync_TryToDeleteWithNullOrWhiteSpaceULID_ShouldThrowException","Messages":[],"ComputerName":"KONSTANTIN","Duration":"00:00:00.0098020","StartTime":"2024-02-22T21:40:30.5027226+00:00","EndTime":"2024-02-22T21:40:30.5125249+00:00","Properties":[{"Key":{"Id":"NUnit.Seed","Label":"Seed","Category":"","Description":"","Attributes":0,"ValueType":"System.String"},"Value":"1486821583"}]},{"TestCase":{"Id":"74cc77e6-db5b-ef8c-2859-82e51a662295","FullyQualifiedName":"ContactsConsoleAPI.IntegrationTests.NUnit.IntegrationTests.DeleteContactAsync_WithValidULID_ShouldRemoveContactFromDb","DisplayName":"DeleteContactAsync_WithValidULID_ShouldRemoveContactFromDb","ExecutorUri":"executor://NUnit3TestExecutor","Source":"C:\\Users\\petko\\Downloads\\03-Contacts-Resources\\ContactsConsoleAPI\\ContactsConsoleAPI.IntegrationTests.NUnit\\bin\\Debug\\net6.0\\fine-code-coverage\\build-output\\ContactsConsoleAPI.IntegrationTests.NUnit.dll","CodeFilePath":null,"LineNumber":0,"Properties":[{"Key":{"Id":"NUnit.Seed","Label":"Seed","Category":"","Description":"","Attributes":0,"ValueType":"System.String"},"Value":"1345265168"}]},"Attachments":[],"Outcome":1,"ErrorMessage":null,"ErrorStackTrace":null,"DisplayName":"DeleteContactAsync_WithValidULID_ShouldRemoveContactFromDb","Messages":[],"ComputerName":"KONSTANTIN","Duration":"00:00:00.0119370","StartTime":"2024-02-22T21:40:30.5125482+00:00","EndTime":"2024-02-22T21:40:30.5244851+00:00","Properties":[{"Key":{"Id":"NUnit.Seed","Label":"Seed","Category":"","Description":"","Attributes":0,"ValueType":"System.String"},"Value":"1345265168"}]},{"TestCase":{"Id":"e412566c-2120-8892-d55f-2c56f90d6094","FullyQualifiedName":"ContactsConsoleAPI.IntegrationTests.NUnit.IntegrationTests.GetAllAsync_WhenContactsExist_ShouldReturnAllContacts","DisplayName":"GetAllAsync_WhenContactsExist_ShouldReturnAllContacts","ExecutorUri":"executor://NUnit3TestExecutor","Source":"C:\\Users\\petko\\Downloads\\03-Contacts-Resources\\ContactsConsoleAPI\\ContactsConsoleAPI.IntegrationTests.NUnit\\bin\\Debug\\net6.0\\fine-code-coverage\\build-output\\ContactsConsoleAPI.IntegrationTests.NUnit.dll","CodeFilePath":null,"LineNumber":0,"Properties":[{"Key":{"Id":"NUnit.Seed","Label":"Seed","Category":"","Description":"","Attributes":0,"ValueType":"System.String"},"Value":"1596002525"}]},"Attachments":[],"Outcome":1,"ErrorMessage":null,"ErrorStackTrace":null,"DisplayName":"GetAllAsync_WhenContactsExist_ShouldReturnAllContacts","Messages":[],"ComputerName":"KONSTANTIN","Duration":"00:00:00.0115880","StartTime":"2024-02-22T21:40:30.524511+00:00","EndTime":"2024-02-22T21:40:30.5360985+00:00","Properties":[{"Key":{"Id":"NUnit.Seed","Label":"Seed","Category":"","Description":"","Attributes":0,"ValueType":"System.String"},"Value":"1596002525"}]},{"TestCase":{"Id":"cea60d6b-5fd5-5838-1bf2-29739f455e0c","FullyQualifiedName":"ContactsConsoleAPI.IntegrationTests.NUnit.IntegrationTests.GetAllAsync_WhenNoContactsExist_ShouldThrowKeyNotFoundException","DisplayName":"GetAllAsync_WhenNoContactsExist_ShouldThrowKeyNotFoundException","ExecutorUri":"executor://NUnit3TestExecutor","Source":"C:\\Users\\petko\\Downloads\\03-Contacts-Resources\\ContactsConsoleAPI\\ContactsConsoleAPI.IntegrationTests.NUnit\\bin\\Debug\\net6.0\\fine-code-coverage\\build-output\\ContactsConsoleAPI.IntegrationTests.NUnit.dll","CodeFilePath":null,"LineNumber":0,"Properties":[{"Key":{"Id":"NUnit.Seed","Label":"Seed","Category":"","Description":"","Attributes":0,"ValueType":"System.String"},"Value":"2012928204"}]},"Attachments":[],"Outcome":1,"ErrorMessage":null,"ErrorStackTrace":null,"DisplayName":"GetAllAsync_WhenNoContactsExist_ShouldThrowKeyNotFoundException","Messages":[],"ComputerName":"KONSTANTIN","Duration":"00:00:00.0008230","StartTime":"2024-02-22T21:40:30.536125+00:00","EndTime":"2024-02-22T21:40:30.5369477+00:00","Properties":[{"Key":{"Id":"NUnit.Seed","Label":"Seed","Category":"","Description":"","Attributes":0,"ValueType":"System.String"},"Value":"2012928204"}]},{"TestCase":{"Id":"905b0d4f-bfc1-28b8-8cd6-f6dd5841f645","FullyQualifiedName":"ContactsConsoleAPI.IntegrationTests.NUnit.IntegrationTests.GetSpecificAsync_WithInvalidULID_ShouldThrowKeyNotFoundException","DisplayName":"GetSpecificAsync_WithInvalidULID_ShouldThrowKeyNotFoundException","ExecutorUri":"executor://NUnit3TestExecutor","Source":"C:\\Users\\petko\\Downloads\\03-Contacts-Resources\\ContactsConsoleAPI\\ContactsConsoleAPI.IntegrationTests.NUnit\\bin\\Debug\\net6.0\\fine-code-coverage\\build-output\\ContactsConsoleAPI.IntegrationTests.NUnit.dll","CodeFilePath":null,"LineNumber":0,"Properties":[{"Key":{"Id":"NUnit.Seed","Label":"Seed","Category":"","Description":"","Attributes":0,"ValueType":"System.String"},"Value":"690128958"}]},"Attachments":[],"Outcome":1,"ErrorMessage":null,"ErrorStackTrace":null,"DisplayName":"GetSpecificAsync_WithInvalidULID_ShouldThrowKeyNotFoundException","Messages":[],"ComputerName":"KONSTANTIN","Duration":"00:00:00.0015310","StartTime":"2024-02-22T21:40:30.5369579+00:00","EndTime":"2024-02-22T21:40:30.5384883+00:00","Properties":[{"Key":{"Id":"NUnit.Seed","Label":"Seed","Category":"","Description":"","Attributes":0,"ValueType":"System.String"},"Value":"690128958"}]},{"TestCase":{"Id":"d813a19e-8897-55cc-5315-a599afdfda90","FullyQualifiedName":"ContactsConsoleAPI.IntegrationTests.NUnit.IntegrationTests.GetSpecificAsync_WithValidULID_ShouldReturnContact","DisplayName":"GetSpecificAsync_WithValidULID_ShouldReturnContact","ExecutorUri":"executor://NUnit3TestExecutor","Source":"C:\\Users\\petko\\Downloads\\03-Contacts-Resources\\ContactsConsoleAPI\\ContactsConsoleAPI.IntegrationTests.NUnit\\bin\\Debug\\net6.0\\fine-code-coverage\\build-output\\ContactsConsoleAPI.IntegrationTests.NUnit.dll","CodeFilePath":null,"LineNumber":0,"Properties":[{"Key":{"Id":"NUnit.Seed","Label":"Seed","Category":"","Description":"","Attributes":0,"ValueType":"System.String"},"Value":"470081458"}]},"Attachments":[],"Outcome":1,"ErrorMessage":null,"ErrorStackTrace":null,"DisplayName":"GetSpecificAsync_WithValidULID_ShouldReturnContact","Messages":[],"ComputerName":"KONSTANTIN","Duration":"00:00:00.0007820","StartTime":"2024-02-22T21:40:30.5384986+00:00","EndTime":"2024-02-22T21:40:30.5392807+00:00","Properties":[{"Key":{"Id":"NUnit.Seed","Label":"Seed","Category":"","Description":"","Attributes":0,"ValueType":"System.String"},"Value":"470081458"}]},{"TestCase":{"Id":"43147d44-0d07-353a-411d-4531b9d5f8cb","FullyQualifiedName":"ContactsConsoleAPI.IntegrationTests.NUnit.IntegrationTests.SearchByFirstNameAsync_WithExistingFirstName_ShouldReturnMatchingContacts","DisplayName":"SearchByFirstNameAsync_WithExistingFirstName_ShouldReturnMatchingContacts","ExecutorUri":"executor://NUnit3TestExecutor","Source":"C:\\Users\\petko\\Downloads\\03-Contacts-Resources\\ContactsConsoleAPI\\ContactsConsoleAPI.IntegrationTests.NUnit\\bin\\Debug\\net6.0\\fine-code-coverage\\build-output\\ContactsConsoleAPI.IntegrationTests.NUnit.dll","CodeFilePath":null,"LineNumber":0,"Properties":[{"Key":{"Id":"NUnit.Seed","Label":"Seed","Category":"","Description":"","Attributes":0,"ValueType":"System.String"},"Value":"541016692"}]},"Attachments":[],"Outcome":1,"ErrorMessage":null,"ErrorStackTrace":null,"DisplayName":"SearchByFirstNameAsync_WithExistingFirstName_ShouldReturnMatchingContacts","Messages":[],"ComputerName":"KONSTANTIN","Duration":"00:00:00.0057470","StartTime":"2024-02-22T21:40:30.5392894+00:00","EndTime":"2024-02-22T21:40:30.5450363+00:00","Properties":[{"Key":{"Id":"NUnit.Seed","Label":"Seed","Category":"","Description":"","Attributes":0,"ValueType":"System.String"},"Value":"541016692"}]}],"TestRunStatistics":{"ExecutedTests":9,"Stats":{"Passed":9}},"ActiveTests":[{"Id":"4f6c7925-6f52-eebe-29fd-d28fde0a3360","FullyQualifiedName":"ContactsConsoleAPI.IntegrationTests.NUnit.IntegrationTests.SearchByFirstNameAsync_WithNonExistingFirstName_ShouldThrowKeyNotFoundException","DisplayName":"SearchByFirstNameAsync_WithNonExistingFirstName_ShouldThrowKeyNotFoundException","ExecutorUri":"executor://NUnit3TestExecutor","Source":"C:\\Users\\petko\\Downloads\\03-Contacts-Resources\\ContactsConsoleAPI\\ContactsConsoleAPI.IntegrationTests.NUnit\\bin\\Debug\\net6.0\\fine-code-coverage\\build-output\\ContactsConsoleAPI.IntegrationTests.NUnit.dll","CodeFilePath":null,"LineNumber":0,"Properties":[{"Key":{"Id":"NUnit.Seed","Label":"Seed","Category":"","Description":"","Attributes":0,"ValueType":"System.String"},"Value":"1798303625"}]}]}}
TpTrace Verbose: 0 : 30260, 14, 2024/02/22, 21:40:30.586, 4026884354977, vstest.console.dll, TestRunRequest:SendTestRunStatsChange: Starting.
TpTrace Verbose: 0 : 30260, 14, 2024/02/22, 21:40:30.586, 4026884356038, vstest.console.dll, InProgress is SearchByFirstNameAsync_WithNonExistingFirstName_ShouldThrowKeyNotFoundException
TpTrace Verbose: 0 : 30260, 14, 2024/02/22, 21:40:30.586, 4026884357207, vstest.console.dll, MulticastDelegateUtilities.SafeInvoke: TestRun.RunStatsChanged: Invoking callbacks was skipped because there are no subscribers.
TpTrace Information: 0 : 30260, 14, 2024/02/22, 21:40:30.586, 4026884357459, vstest.console.dll, TestRunRequest:SendTestRunStatsChange: Completed.
TpTrace Verbose: 0 : 30260, 14, 2024/02/22, 21:40:30.586, 4026884357646, vstest.console.dll, MulticastDelegateUtilities.SafeInvoke: LengthPrefixCommunicationChannel: MessageReceived: Invoking callback 1/1 for Microsoft.VisualStudio.TestPlatform.CommunicationUtilities.TestRequestSender+<>c__DisplayClass34_0., took 16 ms.
TpTrace Verbose: 0 : 30260, 14, 2024/02/22, 21:40:30.586, 4026884357836, vstest.console.dll, TcpClientExtensions.MessageLoopAsync: Polling on remoteEndPoint: 127.0.0.1:58004 localEndPoint: 127.0.0.1:58003
TpTrace Verbose: 0 : 30260, 14, 2024/02/22, 21:40:30.586, 4026884358097, vstest.console.dll, TcpClientExtensions.MessageLoopAsync: NotifyDataAvailable remoteEndPoint: 127.0.0.1:58004 localEndPoint: 127.0.0.1:58003
TpTrace Verbose: 0 : 30260, 14, 2024/02/22, 21:40:30.586, 4026884358508, vstest.console.dll, TestRequestSender.OnExecutionMessageReceived: Received message: {"Version":5,"MessageType":"TestSession.Message","Payload":{"MessageLevel":1,"Message":"Validation Error: The Email field is not a valid e-mail address.\r\n"}}
TpTrace Verbose: 0 : 30260, 14, 2024/02/22, 21:40:30.586, 4026884358947, vstest.console.dll, TestRunRequest:SendTestRunMessage: Starting.
TpTrace Verbose: 0 : 30260, 14, 2024/02/22, 21:40:30.586, 4026884359665, vstest.console.dll, MulticastDelegateUtilities.SafeInvoke: TestRun.LogMessages: Invoking callback 1/1 for Microsoft.VisualStudio.TestPlatform.CommandLine.TestRunResultAggregator., took 0 ms.
TpTrace Information: 0 : 30260, 14, 2024/02/22, 21:40:30.586, 4026884360127, vstest.console.dll, TestRunRequest:SendTestRunMessage: Completed.
TpTrace Verbose: 0 : 30260, 14, 2024/02/22, 21:40:30.586, 4026884360328, vstest.console.dll, MulticastDelegateUtilities.SafeInvoke: LengthPrefixCommunicationChannel: MessageReceived: Invoking callback 1/1 for Microsoft.VisualStudio.TestPlatform.CommunicationUtilities.TestRequestSender+<>c__DisplayClass34_0., took 0 ms.
TpTrace Verbose: 0 : 30260, 14, 2024/02/22, 21:40:30.586, 4026884360567, vstest.console.dll, TcpClientExtensions.MessageLoopAsync: Polling on remoteEndPoint: 127.0.0.1:58004 localEndPoint: 127.0.0.1:58003
TpTrace Verbose: 0 : 30260, 14, 2024/02/22, 21:40:30.586, 4026884360790, vstest.console.dll, TcpClientExtensions.MessageLoopAsync: NotifyDataAvailable remoteEndPoint: 127.0.0.1:58004 localEndPoint: 127.0.0.1:58003
TpTrace Verbose: 0 : 30260, 14, 2024/02/22, 21:40:30.586, 4026884361119, vstest.console.dll, TestRequestSender.OnExecutionMessageReceived: Received message: {"Version":5,"MessageType":"TestSession.Message","Payload":{"MessageLevel":0,"Message":"NUnit Adapter 4.2.0.0: Test execution complete"}}
TpTrace Verbose: 0 : 30260, 14, 2024/02/22, 21:40:30.586, 4026884361534, vstest.console.dll, TestRunRequest:SendTestRunMessage: Starting.
TpTrace Verbose: 0 : 30260, 14, 2024/02/22, 21:40:30.586, 4026884361760, vstest.console.dll, MulticastDelegateUtilities.SafeInvoke: TestRun.LogMessages: Invoking callback 1/1 for Microsoft.VisualStudio.TestPlatform.CommandLine.TestRunResultAggregator., took 0 ms.
TpTrace Information: 0 : 30260, 14, 2024/02/22, 21:40:30.586, 4026884361876, vstest.console.dll, TestRunRequest:SendTestRunMessage: Completed.
TpTrace Verbose: 0 : 30260, 14, 2024/02/22, 21:40:30.586, 4026884362016, vstest.console.dll, MulticastDelegateUtilities.SafeInvoke: LengthPrefixCommunicationChannel: MessageReceived: Invoking callback 1/1 for Microsoft.VisualStudio.TestPlatform.CommunicationUtilities.TestRequestSender+<>c__DisplayClass34_0., took 0 ms.
TpTrace Verbose: 0 : 30260, 14, 2024/02/22, 21:40:30.586, 4026884362137, vstest.console.dll, TcpClientExtensions.MessageLoopAsync: Polling on remoteEndPoint: 127.0.0.1:58004 localEndPoint: 127.0.0.1:58003
TpTrace Verbose: 0 : 30260, 4, 2024/02/22, 21:40:30.587, 4026884367109, vstest.console.dll, MulticastDelegateUtilities.SafeInvoke: InternalTestLoggerEvents.SendTestResult: Invoking callback 1/1 for Microsoft.VisualStudio.TestPlatform.CommandLine.Internal.ConsoleLogger., took 1 ms.
TpTrace Verbose: 0 : 30260, 4, 2024/02/22, 21:40:30.587, 4026884368870, vstest.console.dll, MulticastDelegateUtilities.SafeInvoke: InternalTestLoggerEvents.SendTestResult: Invoking callback 1/1 for Microsoft.VisualStudio.TestPlatform.CommandLine.Internal.ConsoleLogger., took 0 ms.
TpTrace Verbose: 0 : 30260, 4, 2024/02/22, 21:40:30.587, 4026884369267, vstest.console.dll, MulticastDelegateUtilities.SafeInvoke: InternalTestLoggerEvents.SendTestResult: Invoking callback 1/1 for Microsoft.VisualStudio.TestPlatform.CommandLine.Internal.ConsoleLogger., took 0 ms.
TpTrace Verbose: 0 : 30260, 4, 2024/02/22, 21:40:30.587, 4026884369456, vstest.console.dll, MulticastDelegateUtilities.SafeInvoke: InternalTestLoggerEvents.SendTestResult: Invoking callback 1/1 for Microsoft.VisualStudio.TestPlatform.CommandLine.Internal.ConsoleLogger., took 0 ms.
TpTrace Verbose: 0 : 30260, 4, 2024/02/22, 21:40:30.587, 4026884370524, vstest.console.dll, MulticastDelegateUtilities.SafeInvoke: InternalTestLoggerEvents.SendTestResult: Invoking callback 1/1 for Microsoft.VisualStudio.TestPlatform.CommandLine.Internal.ConsoleLogger., took 0 ms.
TpTrace Verbose: 0 : 30260, 4, 2024/02/22, 21:40:30.587, 4026884371213, vstest.console.dll, MulticastDelegateUtilities.SafeInvoke: InternalTestLoggerEvents.SendTestResult: Invoking callback 1/1 for Microsoft.VisualStudio.TestPlatform.CommandLine.Internal.ConsoleLogger., took 0 ms.
TpTrace Verbose: 0 : 30260, 4, 2024/02/22, 21:40:30.587, 4026884371755, vstest.console.dll, MulticastDelegateUtilities.SafeInvoke: InternalTestLoggerEvents.SendTestResult: Invoking callback 1/1 for Microsoft.VisualStudio.TestPlatform.CommandLine.Internal.ConsoleLogger., took 0 ms.
TpTrace Verbose: 0 : 30260, 4, 2024/02/22, 21:40:30.587, 4026884372474, vstest.console.dll, MulticastDelegateUtilities.SafeInvoke: InternalTestLoggerEvents.SendTestResult: Invoking callback 1/1 for Microsoft.VisualStudio.TestPlatform.CommandLine.Internal.ConsoleLogger., took 0 ms.
TpTrace Verbose: 0 : 30260, 4, 2024/02/22, 21:40:30.587, 4026884372992, vstest.console.dll, MulticastDelegateUtilities.SafeInvoke: InternalTestLoggerEvents.SendTestResult: Invoking callback 1/1 for Microsoft.VisualStudio.TestPlatform.CommandLine.Internal.ConsoleLogger., took 0 ms.
TpTrace Verbose: 0 : 30260, 4, 2024/02/22, 21:40:30.588, 4026884373910, vstest.console.dll, MulticastDelegateUtilities.SafeInvoke: InternalTestLoggerEvents.SendTestRunMessage: Invoking callback 1/1 for Microsoft.VisualStudio.TestPlatform.CommandLine.Internal.ConsoleLogger., took 0 ms.
TpTrace Verbose: 0 : 30260, 4, 2024/02/22, 21:40:30.588, 4026884375672, vstest.console.dll, MulticastDelegateUtilities.SafeInvoke: InternalTestLoggerEvents.SendTestRunMessage: Invoking callback 1/1 for Microsoft.VisualStudio.TestPlatform.CommandLine.Internal.ConsoleLogger., took 0 ms.
TpTrace Verbose: 0 : 30260, 14, 2024/02/22, 21:40:30.593, 4026884432220, vstest.console.dll, TcpClientExtensions.MessageLoopAsync: NotifyDataAvailable remoteEndPoint: 127.0.0.1:58004 localEndPoint: 127.0.0.1:58003
TpTrace Verbose: 0 : 30260, 14, 2024/02/22, 21:40:30.594, 4026884434130, vstest.console.dll, TestRequestSender.OnExecutionMessageReceived: Received message: {"Version":5,"MessageType":"TestExecution.Completed","Payload":{"TestRunCompleteArgs":{"TestRunStatistics":{"ExecutedTests":14,"Stats":{"Passed":14}},"IsCanceled":false,"IsAborted":false,"Error":null,"AttachmentSets":[],"ElapsedTimeInRunningTests":"00:00:01.2362521","Metrics":{}},"LastRunTests":{"NewTestResults":[{"TestCase":{"Id":"4f6c7925-6f52-eebe-29fd-d28fde0a3360","FullyQualifiedName":"ContactsConsoleAPI.IntegrationTests.NUnit.IntegrationTests.SearchByFirstNameAsync_WithNonExistingFirstName_ShouldThrowKeyNotFoundException","DisplayName":"SearchByFirstNameAsync_WithNonExistingFirstName_ShouldThrowKeyNotFoundException","ExecutorUri":"executor://NUnit3TestExecutor","Source":"C:\\Users\\petko\\Downloads\\03-Contacts-Resources\\ContactsConsoleAPI\\ContactsConsoleAPI.IntegrationTests.NUnit\\bin\\Debug\\net6.0\\fine-code-coverage\\build-output\\ContactsConsoleAPI.IntegrationTests.NUnit.dll","CodeFilePath":null,"LineNumber":0,"Properties":[{"Key":{"Id":"NUnit.Seed","Label":"Seed","Category":"","Description":"","Attributes":0,"ValueType":"System.String"},"Value":"1798303625"}]},"Attachments":[],"Outcome":1,"ErrorMessage":null,"ErrorStackTrace":null,"DisplayName":"SearchByFirstNameAsync_WithNonExistingFirstName_ShouldThrowKeyNotFoundException","Messages":[],"ComputerName":"KONSTANTIN","Duration":"00:00:00.0009220","StartTime":"2024-02-22T21:40:30.5450484+00:00","EndTime":"2024-02-22T21:40:30.5459701+00:00","Properties":[{"Key":{"Id":"NUnit.Seed","Label":"Seed","Category":"","Description":"","Attributes":0,"ValueType":"System.String"},"Value":"1798303625"}]},{"TestCase":{"Id":"2b2547a2-3f41-844a-9dee-e9b057e784f6","FullyQualifiedName":"ContactsConsoleAPI.IntegrationTests.NUnit.IntegrationTests.SearchByLastNameAsync_WithExistingLastName_ShouldReturnMatchingContacts","DisplayName":"SearchByLastNameAsync_WithExistingLastName_ShouldReturnMatchingContacts","ExecutorUri":"executor://NUnit3TestExecutor","Source":"C:\\Users\\petko\\Downloads\\03-Contacts-Resources\\ContactsConsoleAPI\\ContactsConsoleAPI.IntegrationTests.NUnit\\bin\\Debug\\net6.0\\fine-code-coverage\\build-output\\ContactsConsoleAPI.IntegrationTests.NUnit.dll","CodeFilePath":null,"LineNumber":0,"Properties":[{"Key":{"Id":"NUnit.Seed","Label":"Seed","Category":"","Description":"","Attributes":0,"ValueType":"System.String"},"Value":"107539966"}]},"Attachments":[],"Outcome":1,"ErrorMessage":null,"ErrorStackTrace":null,"DisplayName":"SearchByLastNameAsync_WithExistingLastName_ShouldReturnMatchingContacts","Messages":[],"ComputerName":"KONSTANTIN","Duration":"00:00:00.0043310","StartTime":"2024-02-22T21:40:30.5459798+00:00","EndTime":"2024-02-22T21:40:30.5503102+00:00","Properties":[{"Key":{"Id":"NUnit.Seed","Label":"Seed","Category":"","Description":"","Attributes":0,"ValueType":"System.String"},"Value":"107539966"}]},{"TestCase":{"Id":"77b42182-c6b4-8d0b-910c-5bba22212b7a","FullyQualifiedName":"ContactsConsoleAPI.IntegrationTests.NUnit.IntegrationTests.SearchByLastNameAsync_WithNonExistingLastName_ShouldThrowException","DisplayName":"SearchByLastNameAsync_WithNonExistingLastName_ShouldThrowException","ExecutorUri":"executor://NUnit3TestExecutor","Source":"C:\\Users\\petko\\Downloads\\03-Contacts-Resources\\ContactsConsoleAPI\\ContactsConsoleAPI.IntegrationTests.NUnit\\bin\\Debug\\net6.0\\fine-code-coverage\\build-output\\ContactsConsoleAPI.IntegrationTests.NUnit.dll","CodeFilePath":null,"LineNumber":0,"Properties":[{"Key":{"Id":"NUnit.Seed","Label":"Seed","Category":"","Description":"","Attributes":0,"ValueType":"System.String"},"Value":"1212289418"}]},"Attachments":[],"Outcome":1,"ErrorMessage":null,"ErrorStackTrace":null,"DisplayName":"SearchByLastNameAsync_WithNonExistingLastName_ShouldThrowException","Messages":[],"ComputerName":"KONSTANTIN","Duration":"00:00:00.0007150","StartTime":"2024-02-22T21:40:30.5503208+00:00","EndTime":"2024-02-22T21:40:30.5510359+00:00","Properties":[{"Key":{"Id":"NUnit.Seed","Label":"Seed","Category":"","Description":"","Attributes":0,"ValueType":"System.String"},"Value":"1212289418"}]},{"TestCase":{"Id":"5eb5d99b-47a4-3015-9fb7-36735a6c7867","FullyQualifiedName":"ContactsConsoleAPI.IntegrationTests.NUnit.IntegrationTests.UpdateAsync_WithInvalidContact_ShouldThrowValidationException","DisplayName":"UpdateAsync_WithInvalidContact_ShouldThrowValidationException","ExecutorUri":"executor://NUnit3TestExecutor","Source":"C:\\Users\\petko\\Downloads\\03-Contacts-Resources\\ContactsConsoleAPI\\ContactsConsoleAPI.IntegrationTests.NUnit\\bin\\Debug\\net6.0\\fine-code-coverage\\build-output\\ContactsConsoleAPI.IntegrationTests.NUnit.dll","CodeFilePath":null,"LineNumber":0,"Properties":[{"Key":{"Id":"NUnit.Seed","Label":"Seed","Category":"","Description":"","Attributes":0,"ValueType":"System.String"},"Value":"1680250760"}]},"Attachments":[],"Outcome":1,"ErrorMessage":null,"ErrorStackTrace":null,"DisplayName":"UpdateAsync_WithInvalidContact_ShouldThrowValidationException","Messages":[{"Category":"StdOutMsgs","Text":"Validation Error: The Email field is not a valid e-mail address.\r\n"}],"ComputerName":"KONSTANTIN","Duration":"00:00:00.0010790","StartTime":"2024-02-22T21:40:30.5510456+00:00","EndTime":"2024-02-22T21:40:30.5521242+00:00","Properties":[{"Key":{"Id":"NUnit.Seed","Label":"Seed","Category":"","Description":"","Attributes":0,"ValueType":"System.String"},"Value":"1680250760"}]},{"TestCase":{"Id":"3674fb56-e7b5-1c84-6ef7-f5e7421038e4","FullyQualifiedName":"ContactsConsoleAPI.IntegrationTests.NUnit.IntegrationTests.UpdateAsync_WithValidContact_ShouldUpdateContact","DisplayName":"UpdateAsync_WithValidContact_ShouldUpdateContact","ExecutorUri":"executor://NUnit3TestExecutor","Source":"C:\\Users\\petko\\Downloads\\03-Contacts-Resources\\ContactsConsoleAPI\\ContactsConsoleAPI.IntegrationTests.NUnit\\bin\\Debug\\net6.0\\fine-code-coverage\\build-output\\ContactsConsoleAPI.IntegrationTests.NUnit.dll","CodeFilePath":null,"LineNumber":0,"Properties":[{"Key":{"Id":"NUnit.Seed","Label":"Seed","Category":"","Description":"","Attributes":0,"ValueType":"System.String"},"Value":"768503314"}]},"Attachments":[],"Outcome":1,"ErrorMessage":null,"ErrorStackTrace":null,"DisplayName":"UpdateAsync_WithValidContact_ShouldUpdateContact","Messages":[],"ComputerName":"KONSTANTIN","Duration":"00:00:00.0030610","StartTime":"2024-02-22T21:40:30.5521365+00:00","EndTime":"2024-02-22T21:40:30.5551978+00:00","Properties":[{"Key":{"Id":"NUnit.Seed","Label":"Seed","Category":"","Description":"","Attributes":0,"ValueType":"System.String"},"Value":"768503314"}]}],"TestRunStatistics":{"ExecutedTests":14,"Stats":{"Passed":14}},"ActiveTests":[]},"RunAttachments":[],"ExecutorUris":["executor://nunit3testexecutor/"]}}
TpTrace Verbose: 0 : 30260, 14, 2024/02/22, 21:40:30.594, 4026884435042, vstest.console.dll, TestRequestSender.EndSession: Sending end session.
TpTrace Verbose: 0 : 30260, 14, 2024/02/22, 21:40:30.594, 4026884436161, vstest.console.dll, ProxyOperationManager.Close: waiting for test host to exit for 100 ms
TpTrace Verbose: 0 : 30260, 13, 2024/02/22, 21:40:30.600, 4026884498700, vstest.console.dll, TestHostManagerCallbacks.ctor: Experimental forwarding output is disabled.
TpTrace Warning: 0 : 30260, 13, 2024/02/22, 21:40:30.600, 4026884500024, vstest.console.dll, TestHostManagerCallbacks.ErrorReceivedCallback Test host standard error line: 
TpTrace Verbose: 0 : 30260, 13, 2024/02/22, 21:40:30.605, 4026884543580, vstest.console.dll, TestHostProvider.ExitCallBack: Host exited starting callback.
TpTrace Information: 0 : 30260, 13, 2024/02/22, 21:40:30.605, 4026884544694, vstest.console.dll, TestHostManagerCallbacks.ExitCallBack: Testhost processId: 47928 exited with exitcode: 0 error: ''
TpTrace Verbose: 0 : 30260, 13, 2024/02/22, 21:40:30.605, 4026884544937, vstest.console.dll, DotnetTestHostManager.OnHostExited: invoking OnHostExited callback
TpTrace Verbose: 0 : 30260, 13, 2024/02/22, 21:40:30.605, 4026884545255, vstest.console.dll, CrossPlatEngine.TestHostManagerHostExited: calling on client process exit callback.
TpTrace Information: 0 : 30260, 13, 2024/02/22, 21:40:30.605, 4026884545536, vstest.console.dll, TestRequestSender.OnClientProcessExit: Test host process exited. Standard error: 
TpTrace Information: 0 : 30260, 13, 2024/02/22, 21:40:30.605, 4026884545765, vstest.console.dll, SocketServer.Stop: Stop server endPoint: 127.0.0.1:58003
TpTrace Information: 0 : 30260, 13, 2024/02/22, 21:40:30.605, 4026884545887, vstest.console.dll, SocketServer.Stop: Cancellation requested. Stopping message loop.
TpTrace Information: 0 : 30260, 14, 2024/02/22, 21:40:30.605, 4026884545840, vstest.console.dll, SocketServer.Stop: Stop server endPoint: 127.0.0.1:58003
TpTrace Information: 0 : 30260, 14, 2024/02/22, 21:40:30.605, 4026884546382, vstest.console.dll, SocketServer.Stop: Cancellation requested. Stopping message loop.
TpTrace Verbose: 0 : 30260, 13, 2024/02/22, 21:40:30.605, 4026884546401, vstest.console.dll, MulticastDelegateUtilities.SafeInvoke: HostProviderEvents.OnHostExited: Invoking callback 1/1 for Microsoft.VisualStudio.TestPlatform.CrossPlatEngine.Client.ProxyOperationManager., took 0 ms.
TpTrace Information: 0 : 30260, 14, 2024/02/22, 21:40:30.605, 4026884546625, vstest.console.dll, Closing the connection
TpTrace Verbose: 0 : 30260, 14, 2024/02/22, 21:40:30.605, 4026884547807, vstest.console.dll, ProxyDataCollectionManager.InvokeDataCollectionServiceAction: Starting.
TpTrace Information: 0 : 30260, 14, 2024/02/22, 21:40:30.605, 4026884548017, vstest.console.dll, ProxyDataCollectionManager.AfterTestRunEnd: Get attachment set and invoked data collectors processId: 31904 port: 57999
TpTrace Verbose: 0 : 30260, 14, 2024/02/22, 21:40:30.605, 4026884548464, vstest.console.dll, DataCollectionRequestSender.SendAfterTestRunStartAndGetResult: Send AfterTestRunEnd message with isCancelled: False
TpTrace Verbose: 0 : 30260, 14, 2024/02/22, 21:40:30.608, 4026884582277, vstest.console.dll, DataCollectionRequestSender.SendAfterTestRunStartAndGetResult: Received message: (DataCollection.AfterTestRunEndResult) -> {"MessageType":"DataCollection.AfterTestRunEndResult","Payload":{"AttachmentSets":[],"InvokedDataCollectors":[{"Uri":"datacollector://Microsoft/TestPlatform/Extensions/Blame/v1","FriendlyName":"Blame","AssemblyQualifiedName":"Microsoft.TestPlatform.Extensions.BlameDataCollector.BlameCollector, Microsoft.TestPlatform.Extensions.BlameDataCollector, Version=15.0.0.0, Culture=neutral, PublicKeyToken=b03f5f7f11d50a3a","FilePath":"C:\\Program Files\\dotnet\\sdk\\8.0.100\\Extensions\\Microsoft.TestPlatform.Extensions.BlameDataCollector.dll","HasAttachmentProcessor":false}],"Metrics":{}}}
TpTrace Warning: 0 : 30260, 11, 2024/02/22, 21:40:30.611, 4026884607946, vstest.console.dll, DataCollectionLauncher.ErrorReceivedCallback datacollector standard error line: 
TpTrace Information: 0 : 30260, 14, 2024/02/22, 21:40:30.611, 4026884611339, vstest.console.dll, ProxyDataCollectionManager.InvokeDataCollectionServiceAction: Completed.
TpTrace Information: 0 : 30260, 11, 2024/02/22, 21:40:30.615, 4026884643313, vstest.console.dll, DataCollectionLauncher.ExitCallBack: Data collector exited with exitcode: 0 error: ''
TpTrace Verbose: 0 : 30260, 14, 2024/02/22, 21:40:30.628, 4026884777257, vstest.console.dll, TestRunRequest:SendTestRunStatsChange: Starting.
TpTrace Verbose: 0 : 30260, 14, 2024/02/22, 21:40:30.628, 4026884778105, vstest.console.dll, MulticastDelegateUtilities.SafeInvoke: TestRun.RunStatsChanged: Invoking callbacks was skipped because there are no subscribers.
TpTrace Information: 0 : 30260, 14, 2024/02/22, 21:40:30.628, 4026884778322, vstest.console.dll, TestRunRequest:SendTestRunStatsChange: Completed.
TpTrace Verbose: 0 : 30260, 4, 2024/02/22, 21:40:30.628, 4026884778860, vstest.console.dll, MulticastDelegateUtilities.SafeInvoke: InternalTestLoggerEvents.SendTestResult: Invoking callback 1/1 for Microsoft.VisualStudio.TestPlatform.CommandLine.Internal.ConsoleLogger., took 0 ms.
TpTrace Verbose: 0 : 30260, 4, 2024/02/22, 21:40:30.628, 4026884779387, vstest.console.dll, MulticastDelegateUtilities.SafeInvoke: InternalTestLoggerEvents.SendTestResult: Invoking callback 1/1 for Microsoft.VisualStudio.TestPlatform.CommandLine.Internal.ConsoleLogger., took 0 ms.
TpTrace Verbose: 0 : 30260, 4, 2024/02/22, 21:40:30.628, 4026884779610, vstest.console.dll, MulticastDelegateUtilities.SafeInvoke: InternalTestLoggerEvents.SendTestResult: Invoking callback 1/1 for Microsoft.VisualStudio.TestPlatform.CommandLine.Internal.ConsoleLogger., took 0 ms.
TpTrace Verbose: 0 : 30260, 14, 2024/02/22, 21:40:30.628, 4026884779683, vstest.console.dll, ParallelProxyExecutionManager: HandlePartialRunComplete: Total workloads = 1, Total started clients = 1 Total completed clients = 1, Run complete = True, Run canceled: False.
TpTrace Verbose: 0 : 30260, 4, 2024/02/22, 21:40:30.628, 4026884779791, vstest.console.dll, MulticastDelegateUtilities.SafeInvoke: InternalTestLoggerEvents.SendTestResult: Invoking callback 1/1 for Microsoft.VisualStudio.TestPlatform.CommandLine.Internal.ConsoleLogger., took 0 ms.
TpTrace Verbose: 0 : 30260, 14, 2024/02/22, 21:40:30.628, 4026884779991, vstest.console.dll, ParallelProxyExecutionManager: HandlePartialRunComplete: All runs completed stopping all managers.
TpTrace Verbose: 0 : 30260, 14, 2024/02/22, 21:40:30.628, 4026884780205, vstest.console.dll, ParallelOperationManager.StopAllManagers: Stopping all managers.
TpTrace Verbose: 0 : 30260, 14, 2024/02/22, 21:40:30.628, 4026884780343, vstest.console.dll, ParallelOperationManager.ClearSlots: Clearing all slots. Slots should accept more work: False
TpTrace Verbose: 0 : 30260, 14, 2024/02/22, 21:40:30.628, 4026884780507, vstest.console.dll, ParallelOperationManager.SetOccupiedSlotCount: Setting slot counts AvailableSlotCount = 1, OccupiedSlotCount = 0.
TpTrace Verbose: 0 : 30260, 14, 2024/02/22, 21:40:30.628, 4026884780683, vstest.console.dll, Occupied slots:

TpTrace Verbose: 0 : 30260, 4, 2024/02/22, 21:40:30.629, 4026884785589, vstest.console.dll, MulticastDelegateUtilities.SafeInvoke: InternalTestLoggerEvents.SendTestResult: Invoking callback 1/1 for Microsoft.VisualStudio.TestPlatform.CommandLine.Internal.ConsoleLogger., took 0 ms.
TpTrace Verbose: 0 : 30260, 4, 2024/02/22, 21:40:30.633, 4026884825345, vstest.console.dll, MulticastDelegateUtilities.SafeInvoke: InternalTestLoggerEvents.SendTestRunComplete: Invoking callback 1/2 for Microsoft.TestPlatform.Extensions.BlameDataCollector.BlameLogger., took 0 ms.
TpTrace Verbose: 0 : 30260, 4, 2024/02/22, 21:40:30.636, 4026884854131, vstest.console.dll, MulticastDelegateUtilities.SafeInvoke: InternalTestLoggerEvents.SendTestRunComplete: Invoking callback 2/2 for Microsoft.VisualStudio.TestPlatform.CommandLine.Internal.ConsoleLogger., took 2 ms.
TpTrace Verbose: 0 : 30260, 14, 2024/02/22, 21:40:30.636, 4026884856315, vstest.console.dll, TestRunRequest:TestRunComplete: Starting. IsAborted:False IsCanceled:False.
TpTrace Verbose: 0 : 30260, 14, 2024/02/22, 21:40:30.636, 4026884857285, vstest.console.dll, ParallelOperationManager.DoActionOnAllManagers: Calling an action on all managers.
TpTrace Verbose: 0 : 30260, 14, 2024/02/22, 21:40:30.636, 4026884861535, vstest.console.dll, TestLoggerManager.HandleTestRunComplete: Ignoring as the object is disposed.
TpTrace Verbose: 0 : 30260, 14, 2024/02/22, 21:40:30.636, 4026884862509, vstest.console.dll, MulticastDelegateUtilities.SafeInvoke: TestRun.TestRunComplete: Invoking callback 1/2 for Microsoft.VisualStudio.TestPlatform.CommandLine.TestRunResultAggregator., took 0 ms.
TpTrace Verbose: 0 : 30260, 14, 2024/02/22, 21:40:30.636, 4026884863086, vstest.console.dll, MulticastDelegateUtilities.SafeInvoke: TestRun.TestRunComplete: Invoking callback 2/2 for Microsoft.VisualStudio.TestPlatform.CommandLine.Processors.RunTestsArgumentExecutor+TestRunRequestEventsRegistrar., took 0 ms.
TpTrace Information: 0 : 30260, 14, 2024/02/22, 21:40:30.637, 4026884863561, vstest.console.dll, TestRunRequest:TestRunComplete: Completed.
TpTrace Verbose: 0 : 30260, 14, 2024/02/22, 21:40:30.637, 4026884863814, vstest.console.dll, TestRequestSender.SetOperationComplete: Setting operation complete.
TpTrace Information: 0 : 30260, 14, 2024/02/22, 21:40:30.637, 4026884863999, vstest.console.dll, SocketServer.Stop: Stop server endPoint: 127.0.0.1:58003
TpTrace Information: 0 : 30260, 14, 2024/02/22, 21:40:30.637, 4026884864114, vstest.console.dll, SocketServer.Stop: Cancellation requested. Stopping message loop.
TpTrace Verbose: 0 : 30260, 1, 2024/02/22, 21:40:30.637, 4026884864074, vstest.console.dll, TestRunRequest.Dispose: Starting.
TpTrace Information: 0 : 30260, 1, 2024/02/22, 21:40:30.637, 4026884864682, vstest.console.dll, TestRunRequest.Dispose: Completed.
TpTrace Verbose: 0 : 30260, 14, 2024/02/22, 21:40:30.637, 4026884864277, vstest.console.dll, MulticastDelegateUtilities.SafeInvoke: LengthPrefixCommunicationChannel: MessageReceived: Invoking callback 1/1 for Microsoft.VisualStudio.TestPlatform.CommunicationUtilities.TestRequestSender+<>c__DisplayClass34_0., took 43 ms.
TpTrace Information: 0 : 30260, 1, 2024/02/22, 21:40:30.637, 4026884864926, vstest.console.dll, TestRequestManager.RunTests: run tests completed.
TpTrace Information: 0 : 30260, 14, 2024/02/22, 21:40:30.637, 4026884865503, vstest.console.dll, SocketServer.PrivateStop: Stopping server endPoint: 127.0.0.1:58003 error: 
TpTrace Information: 0 : 30260, 1, 2024/02/22, 21:40:30.637, 4026884865772, vstest.console.dll, RunTestsArgumentProcessor:Execute: Test run is completed.
TpTrace Verbose: 0 : 30260, 1, 2024/02/22, 21:40:30.637, 4026884866791, vstest.console.dll, Executor.Execute: Exiting with exit code of 0
TpTrace Verbose: 0 : 30260, 14, 2024/02/22, 21:40:30.637, 4026884868352, vstest.console.dll, LengthPrefixCommunicationChannel.Dispose: Dispose reader and writer.
TpTrace Information: 0 : 30260, 14, 2024/02/22, 21:40:30.637, 4026884868835, vstest.console.dll, SocketServer.Stop: Raise disconnected event endPoint: 127.0.0.1:58003 error: 
TpTrace Verbose: 0 : 30260, 14, 2024/02/22, 21:40:30.637, 4026884869237, vstest.console.dll, TestRequestSender: OnTestRunAbort: Operation is already complete. Skip error message.
TpTrace Verbose: 0 : 30260, 14, 2024/02/22, 21:40:30.637, 4026884869389, vstest.console.dll, MulticastDelegateUtilities.SafeInvoke: SocketServer: ClientDisconnected: Invoking callback 1/1 for Microsoft.VisualStudio.TestPlatform.CommunicationUtilities.TestRequestSender., took 0 ms.
TpTrace Verbose: 0 : 30260, 14, 2024/02/22, 21:40:30.637, 4026884869524, vstest.console.dll, TcpClientExtensions.MessageLoopAsync: exiting MessageLoopAsync remoteEndPoint: 127.0.0.1:58004 localEndPoint: 127.0.0.1:58003
