TpTrace Verbose: 0 : 28704, 1, 2024/03/16, 07:41:07.137, 65781019019, vstest.console.dll, Version: 17.8.0-release-23523-03 Current process architecture: X64
TpTrace Verbose: 0 : 28704, 1, 2024/03/16, 07:41:07.139, 65781038308, vstest.console.dll, Runtime location: C:\Program Files\dotnet\shared\Microsoft.NETCore.App\8.0.0
TpTrace Verbose: 0 : 28704, 1, 2024/03/16, 07:41:07.141, 65781049685, vstest.console.dll, ArtifactProcessingPostProcessModeProcessorExecutor.Initialize: ArtifactProcessingMode.Collect
TpTrace Verbose: 0 : 28704, 1, 2024/03/16, 07:41:07.141, 65781050658, vstest.console.dll, TestSessionCorrelationIdProcessorModeProcessorExecutor.Initialize: TestSessionCorrelationId '26348_58188e55-7267-44fd-abad-822676893a10'
TpTrace Information: 0 : 28704, 1, 2024/03/16, 07:41:07.147, 65781111360, vstest.console.dll, FilePatternParser: The given file C:\Users\petko\Downloads\RestSharpExercise\RestSharpExercise\TestGitHubApi\bin\Debug\net6.0\fine-code-coverage\build-output\TestGitHubApi.dll is a full path.
TpTrace Verbose: 0 : 28704, 1, 2024/03/16, 07:41:07.150, 65781140946, vstest.console.dll, TestPluginCache.DiscoverTestExtensions: finding test extensions in assemblies ends with: RuntimeProvider.dll TPluginInfo: Microsoft.VisualStudio.TestPlatform.Common.ExtensionFramework.Utilities.TestRuntimePluginInformation TExtension: Microsoft.VisualStudio.TestPlatform.ObjectModel.Host.ITestRuntimeProvider
TpTrace Verbose: 0 : 28704, 1, 2024/03/16, 07:41:07.150, 65781143056, vstest.console.dll, TestPluginCache.GetExtensionPaths: Filtered extension paths: 
TpTrace Verbose: 0 : 28704, 1, 2024/03/16, 07:41:07.150, 65781144013, vstest.console.dll, TestPluginCache.GetExtensionPaths: Added default extension paths: C:\Program Files\dotnet\sdk\8.0.100\Extensions\Microsoft.Diagnostics.NETCore.Client.dll
C:\Program Files\dotnet\sdk\8.0.100\Extensions\Microsoft.TestPlatform.Extensions.BlameDataCollector.dll
C:\Program Files\dotnet\sdk\8.0.100\Extensions\Microsoft.TestPlatform.Extensions.EventLogCollector.dll
C:\Program Files\dotnet\sdk\8.0.100\Extensions\Microsoft.TestPlatform.TestHostRuntimeProvider.dll
C:\Program Files\dotnet\sdk\8.0.100\Extensions\Microsoft.VisualStudio.TestPlatform.Extensions.Html.TestLogger.dll
C:\Program Files\dotnet\sdk\8.0.100\Extensions\Microsoft.VisualStudio.TestPlatform.Extensions.Trx.TestLogger.dll
TpTrace Verbose: 0 : 28704, 1, 2024/03/16, 07:41:07.150, 65781144247, vstest.console.dll, TestPluginCache.GetExtensionPaths: Added unfilterableExtensionPaths: 
TpTrace Information: 0 : 28704, 1, 2024/03/16, 07:41:07.150, 65781148199, vstest.console.dll, AssemblyResolver.ctor: Creating AssemblyResolver with searchDirectories C:\Program Files\dotnet\sdk\8.0.100\Extensions,C:\Program Files\dotnet\sdk\8.0.100
TpTrace Verbose: 0 : 28704, 1, 2024/03/16, 07:41:07.151, 65781157445, vstest.console.dll, TestPluginCache.DiscoverTestExtensions: Discovering the extensions using extension path.
TpTrace Verbose: 0 : 28704, 1, 2024/03/16, 07:41:07.151, 65781158165, vstest.console.dll, TestPluginCache.GetExtensionPaths: Filtered extension paths: 
TpTrace Verbose: 0 : 28704, 1, 2024/03/16, 07:41:07.151, 65781158793, vstest.console.dll, TestPluginCache.GetExtensionPaths: Added default extension paths: C:\Program Files\dotnet\sdk\8.0.100\Extensions\Microsoft.Diagnostics.NETCore.Client.dll
C:\Program Files\dotnet\sdk\8.0.100\Extensions\Microsoft.TestPlatform.Extensions.BlameDataCollector.dll
C:\Program Files\dotnet\sdk\8.0.100\Extensions\Microsoft.TestPlatform.Extensions.EventLogCollector.dll
C:\Program Files\dotnet\sdk\8.0.100\Extensions\Microsoft.TestPlatform.TestHostRuntimeProvider.dll
C:\Program Files\dotnet\sdk\8.0.100\Extensions\Microsoft.VisualStudio.TestPlatform.Extensions.Html.TestLogger.dll
C:\Program Files\dotnet\sdk\8.0.100\Extensions\Microsoft.VisualStudio.TestPlatform.Extensions.Trx.TestLogger.dll
TpTrace Verbose: 0 : 28704, 1, 2024/03/16, 07:41:07.151, 65781159011, vstest.console.dll, TestPluginCache.GetExtensionPaths: Added unfilterableExtensionPaths: 
TpTrace Verbose: 0 : 28704, 1, 2024/03/16, 07:41:07.152, 65781159750, vstest.console.dll, TestPluginCache.DiscoverTestExtensions: Discovering the extensions using allExtensionPaths: C:\Program Files\dotnet\sdk\8.0.100\Extensions\Microsoft.Diagnostics.NETCore.Client.dll
C:\Program Files\dotnet\sdk\8.0.100\Extensions\Microsoft.TestPlatform.Extensions.BlameDataCollector.dll
C:\Program Files\dotnet\sdk\8.0.100\Extensions\Microsoft.TestPlatform.Extensions.EventLogCollector.dll
C:\Program Files\dotnet\sdk\8.0.100\Extensions\Microsoft.TestPlatform.TestHostRuntimeProvider.dll
C:\Program Files\dotnet\sdk\8.0.100\Extensions\Microsoft.VisualStudio.TestPlatform.Extensions.Html.TestLogger.dll
C:\Program Files\dotnet\sdk\8.0.100\Extensions\Microsoft.VisualStudio.TestPlatform.Extensions.Trx.TestLogger.dll
TpTrace Information: 0 : 28704, 1, 2024/03/16, 07:41:07.152, 65781160924, vstest.console.dll, AssemblyResolver.AddSearchDirectories: Adding more searchDirectories C:\Program Files\dotnet\sdk\8.0.100\Extensions,C:\Program Files\dotnet\sdk\8.0.100
TpTrace Information: 0 : 28704, 1, 2024/03/16, 07:41:07.152, 65781161246, vstest.console.dll, AssemblyResolver.AddSearchDirectories: Adding more searchDirectories C:\Program Files\dotnet\sdk\8.0.100\Extensions,C:\Program Files\dotnet\sdk\8.0.100
TpTrace Information: 0 : 28704, 1, 2024/03/16, 07:41:07.152, 65781161913, vstest.console.dll, AssemblyResolver.AddSearchDirectories: Adding more searchDirectories C:\Program Files\dotnet\sdk\8.0.100\Extensions,C:\Program Files\dotnet\sdk\8.0.100
TpTrace Information: 0 : 28704, 1, 2024/03/16, 07:41:07.152, 65781162088, vstest.console.dll, AssemblyResolver.AddSearchDirectories: Adding more searchDirectories C:\Program Files\dotnet\sdk\8.0.100\Extensions,C:\Program Files\dotnet\sdk\8.0.100
TpTrace Information: 0 : 28704, 1, 2024/03/16, 07:41:07.152, 65781162214, vstest.console.dll, AssemblyResolver.AddSearchDirectories: Adding more searchDirectories C:\Program Files\dotnet\sdk\8.0.100\Extensions,C:\Program Files\dotnet\sdk\8.0.100
TpTrace Information: 0 : 28704, 1, 2024/03/16, 07:41:07.152, 65781162372, vstest.console.dll, AssemblyResolver.AddSearchDirectories: Adding more searchDirectories C:\Program Files\dotnet\sdk\8.0.100\Extensions,C:\Program Files\dotnet\sdk\8.0.100
TpTrace Information: 0 : 28704, 1, 2024/03/16, 07:41:07.152, 65781164866, vstest.console.dll, AssemblyResolver.OnResolve: Microsoft.Diagnostics.NETCore.Client: Resolving assembly.
TpTrace Information: 0 : 28704, 1, 2024/03/16, 07:41:07.152, 65781165265, vstest.console.dll, AssemblyResolver.OnResolve: Microsoft.Diagnostics.NETCore.Client: Searching in: 'C:\Program Files\dotnet\sdk\8.0.100\Extensions'.
TpTrace Information: 0 : 28704, 1, 2024/03/16, 07:41:07.156, 65781206118, vstest.console.dll, AssemblyResolver.OnResolve: Microsoft.Diagnostics.NETCore.Client: Loading assembly 'C:\Program Files\dotnet\sdk\8.0.100\Extensions\Microsoft.Diagnostics.NETCore.Client.dll'.
TpTrace Information: 0 : 28704, 1, 2024/03/16, 07:41:07.156, 65781209460, vstest.console.dll, AssemblyResolver.OnResolve: Resolved assembly: Microsoft.Diagnostics.NETCore.Client, from path: C:\Program Files\dotnet\sdk\8.0.100\Extensions\Microsoft.Diagnostics.NETCore.Client.dll
TpTrace Verbose: 0 : 28704, 1, 2024/03/16, 07:41:07.160, 65781239758, vstest.console.dll, MetadataReaderExtensionsHelper: Discovering extensions inside assembly 'Microsoft.Diagnostics.NETCore.Client, Version=0.2.8.21101, Culture=neutral, PublicKeyToken=31bf3856ad364e35' file path 'C:\Program Files\dotnet\sdk\8.0.100\Extensions\Microsoft.Diagnostics.NETCore.Client.dll'
TpTrace Information: 0 : 28704, 1, 2024/03/16, 07:41:07.162, 65781261167, vstest.console.dll, AssemblyResolver.OnResolve: Microsoft.Bcl.AsyncInterfaces: Resolving assembly.
TpTrace Information: 0 : 28704, 1, 2024/03/16, 07:41:07.162, 65781261547, vstest.console.dll, AssemblyResolver.OnResolve: Microsoft.Bcl.AsyncInterfaces: Searching in: 'C:\Program Files\dotnet\sdk\8.0.100\Extensions'.
TpTrace Information: 0 : 28704, 1, 2024/03/16, 07:41:07.162, 65781261985, vstest.console.dll, AssemblyResolver.OnResolve: Microsoft.Bcl.AsyncInterfaces: Assembly path does not exist: 'C:\Program Files\dotnet\sdk\8.0.100\Extensions\Microsoft.Bcl.AsyncInterfaces.dll', returning.
TpTrace Information: 0 : 28704, 1, 2024/03/16, 07:41:07.162, 65781262540, vstest.console.dll, AssemblyResolver.OnResolve: Microsoft.Bcl.AsyncInterfaces: Assembly path does not exist: 'C:\Program Files\dotnet\sdk\8.0.100\Extensions\Microsoft.Bcl.AsyncInterfaces.exe', returning.
TpTrace Information: 0 : 28704, 1, 2024/03/16, 07:41:07.162, 65781262738, vstest.console.dll, AssemblyResolver.OnResolve: Microsoft.Bcl.AsyncInterfaces: Searching in: 'C:\Program Files\dotnet\sdk\8.0.100'.
TpTrace Information: 0 : 28704, 1, 2024/03/16, 07:41:07.162, 65781263039, vstest.console.dll, AssemblyResolver.OnResolve: Microsoft.Bcl.AsyncInterfaces: Assembly path does not exist: 'C:\Program Files\dotnet\sdk\8.0.100\Microsoft.Bcl.AsyncInterfaces.dll', returning.
TpTrace Information: 0 : 28704, 1, 2024/03/16, 07:41:07.162, 65781263255, vstest.console.dll, AssemblyResolver.OnResolve: Microsoft.Bcl.AsyncInterfaces: Assembly path does not exist: 'C:\Program Files\dotnet\sdk\8.0.100\Microsoft.Bcl.AsyncInterfaces.exe', returning.
TpTrace Information: 0 : 28704, 1, 2024/03/16, 07:41:07.162, 65781263368, vstest.console.dll, AssemblyResolver.OnResolve: Microsoft.Bcl.AsyncInterfaces: Failed to load assembly.
TpTrace Verbose: 0 : 28704, 1, 2024/03/16, 07:41:07.162, 65781263520, vstest.console.dll, CurrentDomainAssemblyResolve: Resolving assembly 'Microsoft.Bcl.AsyncInterfaces'.
TpTrace Information: 0 : 28704, 1, 2024/03/16, 07:41:07.162, 65781263813, vstest.console.dll, AssemblyResolver.OnResolve: Microsoft.Bcl.AsyncInterfaces: Resolving assembly.
TpTrace Information: 0 : 28704, 1, 2024/03/16, 07:41:07.162, 65781263954, vstest.console.dll, AssemblyResolver.OnResolve: Microsoft.Bcl.AsyncInterfaces: Resolved from cache.
TpTrace Verbose: 0 : 28704, 1, 2024/03/16, 07:41:07.162, 65781264062, vstest.console.dll, CurrentDomainAssemblyResolve: Resolving assembly 'Microsoft.Bcl.AsyncInterfaces'.
TpTrace Verbose: 0 : 28704, 1, 2024/03/16, 07:41:07.162, 65781264197, vstest.console.dll, CurrentDomainAssemblyResolve: Failed to resolve assembly 'Microsoft.Bcl.AsyncInterfaces'.
TpTrace Verbose: 0 : 28704, 1, 2024/03/16, 07:41:07.162, 65781267434, vstest.console.dll, CurrentDomainAssemblyResolve: Failed to resolve assembly 'Microsoft.Bcl.AsyncInterfaces'.
TpTrace Warning: 0 : 28704, 1, 2024/03/16, 07:41:07.167, 65781317582, vstest.console.dll, TestPluginDiscoverer: Failed to get types from assembly 'Microsoft.Diagnostics.NETCore.Client, Version=0.2.8.21101, Culture=neutral, PublicKeyToken=31bf3856ad364e35'. Error: System.Reflection.ReflectionTypeLoadException: Unable to load one or more of the requested types.
Could not load file or assembly 'Microsoft.Bcl.AsyncInterfaces, Version=1.0.0.0, Culture=neutral, PublicKeyToken=cc7b13ffcd2ddd51'. The system cannot find the file specified.
   at System.Reflection.RuntimeModule.GetTypes(RuntimeModule module)
   at System.Reflection.RuntimeModule.GetTypes()
   at Microsoft.VisualStudio.TestPlatform.Common.ExtensionFramework.TestPluginDiscoverer.GetTestExtensionsFromAssembly[TPluginInfo,TExtension](Assembly assembly, Dictionary`2 pluginInfos, String filePath) in /_/src/Microsoft.TestPlatform.Common/ExtensionFramework/TestPluginDiscoverer.cs:line 158
System.IO.FileNotFoundException: Could not load file or assembly 'Microsoft.Bcl.AsyncInterfaces, Version=1.0.0.0, Culture=neutral, PublicKeyToken=cc7b13ffcd2ddd51'. The system cannot find the file specified.
File name: 'Microsoft.Bcl.AsyncInterfaces, Version=1.0.0.0, Culture=neutral, PublicKeyToken=cc7b13ffcd2ddd51'
 ---> System.IO.FileNotFoundException: Could not load file or assembly 'Microsoft.Bcl.AsyncInterfaces, Culture=neutral, PublicKeyToken=null'. The system cannot find the file specified.
File name: 'Microsoft.Bcl.AsyncInterfaces, Culture=neutral, PublicKeyToken=null'
   at System.Reflection.RuntimeAssembly.InternalLoad(AssemblyName assemblyName, StackCrawlMark& stackMark, AssemblyLoadContext assemblyLoadContext, RuntimeAssembly requestingAssembly, Boolean throwOnFileNotFound)
   at System.Reflection.Assembly.Load(AssemblyName assemblyRef)
   at Microsoft.VisualStudio.TestPlatform.Common.ExtensionFramework.TestPluginCache.CurrentDomainAssemblyResolve(Object sender, AssemblyResolveEventArgs args) in /_/src/Microsoft.TestPlatform.Common/ExtensionFramework/TestPluginCache.cs:line 513
   at System.Runtime.Loader.AssemblyLoadContext.GetFirstResolvedAssemblyFromResolvingEvent(AssemblyName assemblyName)
   at System.Runtime.Loader.AssemblyLoadContext.ResolveUsingEvent(AssemblyName assemblyName)
   at System.Runtime.Loader.AssemblyLoadContext.ResolveUsingResolvingEvent(IntPtr gchManagedAssemblyLoadContext, AssemblyName assemblyName)
TpTrace Warning: 0 : 28704, 1, 2024/03/16, 07:41:07.168, 65781322063, vstest.console.dll, LoaderExceptions: System.IO.FileNotFoundException: Could not load file or assembly 'Microsoft.Bcl.AsyncInterfaces, Version=1.0.0.0, Culture=neutral, PublicKeyToken=cc7b13ffcd2ddd51'. The system cannot find the file specified.
File name: 'Microsoft.Bcl.AsyncInterfaces, Version=1.0.0.0, Culture=neutral, PublicKeyToken=cc7b13ffcd2ddd51'
 ---> System.IO.FileNotFoundException: Could not load file or assembly 'Microsoft.Bcl.AsyncInterfaces, Culture=neutral, PublicKeyToken=null'. The system cannot find the file specified.
File name: 'Microsoft.Bcl.AsyncInterfaces, Culture=neutral, PublicKeyToken=null'
   at System.Reflection.RuntimeAssembly.InternalLoad(AssemblyName assemblyName, StackCrawlMark& stackMark, AssemblyLoadContext assemblyLoadContext, RuntimeAssembly requestingAssembly, Boolean throwOnFileNotFound)
   at System.Reflection.Assembly.Load(AssemblyName assemblyRef)
   at Microsoft.VisualStudio.TestPlatform.Common.ExtensionFramework.TestPluginCache.CurrentDomainAssemblyResolve(Object sender, AssemblyResolveEventArgs args) in /_/src/Microsoft.TestPlatform.Common/ExtensionFramework/TestPluginCache.cs:line 513
   at System.Runtime.Loader.AssemblyLoadContext.GetFirstResolvedAssemblyFromResolvingEvent(AssemblyName assemblyName)
   at System.Runtime.Loader.AssemblyLoadContext.ResolveUsingEvent(AssemblyName assemblyName)
   at System.Runtime.Loader.AssemblyLoadContext.ResolveUsingResolvingEvent(IntPtr gchManagedAssemblyLoadContext, AssemblyName assemblyName)
TpTrace Information: 0 : 28704, 1, 2024/03/16, 07:41:07.168, 65781323466, vstest.console.dll, AssemblyResolver.OnResolve: Microsoft.TestPlatform.Extensions.BlameDataCollector: Resolving assembly.
TpTrace Information: 0 : 28704, 1, 2024/03/16, 07:41:07.168, 65781323691, vstest.console.dll, AssemblyResolver.OnResolve: Microsoft.TestPlatform.Extensions.BlameDataCollector: Searching in: 'C:\Program Files\dotnet\sdk\8.0.100\Extensions'.
TpTrace Information: 0 : 28704, 1, 2024/03/16, 07:41:07.168, 65781325570, vstest.console.dll, AssemblyResolver.OnResolve: Microsoft.TestPlatform.Extensions.BlameDataCollector: Loading assembly 'C:\Program Files\dotnet\sdk\8.0.100\Extensions\Microsoft.TestPlatform.Extensions.BlameDataCollector.dll'.
TpTrace Information: 0 : 28704, 1, 2024/03/16, 07:41:07.168, 65781328507, vstest.console.dll, AssemblyResolver.OnResolve: Resolved assembly: Microsoft.TestPlatform.Extensions.BlameDataCollector, from path: C:\Program Files\dotnet\sdk\8.0.100\Extensions\Microsoft.TestPlatform.Extensions.BlameDataCollector.dll
TpTrace Verbose: 0 : 28704, 1, 2024/03/16, 07:41:07.168, 65781329348, vstest.console.dll, MetadataReaderExtensionsHelper: Discovering extensions inside assembly 'Microsoft.TestPlatform.Extensions.BlameDataCollector, Version=15.0.0.0, Culture=neutral, PublicKeyToken=b03f5f7f11d50a3a' file path 'C:\Program Files\dotnet\sdk\8.0.100\Extensions\Microsoft.TestPlatform.Extensions.BlameDataCollector.dll'
TpTrace Information: 0 : 28704, 1, 2024/03/16, 07:41:07.169, 65781337049, vstest.console.dll, AssemblyResolver.OnResolve: Microsoft.TestPlatform.Extensions.EventLogCollector: Resolving assembly.
TpTrace Information: 0 : 28704, 1, 2024/03/16, 07:41:07.169, 65781337462, vstest.console.dll, AssemblyResolver.OnResolve: Microsoft.TestPlatform.Extensions.EventLogCollector: Searching in: 'C:\Program Files\dotnet\sdk\8.0.100\Extensions'.
TpTrace Information: 0 : 28704, 1, 2024/03/16, 07:41:07.169, 65781339450, vstest.console.dll, AssemblyResolver.OnResolve: Microsoft.TestPlatform.Extensions.EventLogCollector: Loading assembly 'C:\Program Files\dotnet\sdk\8.0.100\Extensions\Microsoft.TestPlatform.Extensions.EventLogCollector.dll'.
TpTrace Information: 0 : 28704, 1, 2024/03/16, 07:41:07.170, 65781341118, vstest.console.dll, AssemblyResolver.OnResolve: Resolved assembly: Microsoft.TestPlatform.Extensions.EventLogCollector, from path: C:\Program Files\dotnet\sdk\8.0.100\Extensions\Microsoft.TestPlatform.Extensions.EventLogCollector.dll
TpTrace Verbose: 0 : 28704, 1, 2024/03/16, 07:41:07.170, 65781341447, vstest.console.dll, MetadataReaderExtensionsHelper: Discovering extensions inside assembly 'Microsoft.TestPlatform.Extensions.EventLogCollector, Version=15.0.0.0, Culture=neutral, PublicKeyToken=b03f5f7f11d50a3a' file path 'C:\Program Files\dotnet\sdk\8.0.100\Extensions\Microsoft.TestPlatform.Extensions.EventLogCollector.dll'
TpTrace Information: 0 : 28704, 1, 2024/03/16, 07:41:07.171, 65781350962, vstest.console.dll, AssemblyResolver.OnResolve: Microsoft.TestPlatform.TestHostRuntimeProvider: Resolving assembly.
TpTrace Information: 0 : 28704, 1, 2024/03/16, 07:41:07.171, 65781351316, vstest.console.dll, AssemblyResolver.OnResolve: Microsoft.TestPlatform.TestHostRuntimeProvider: Searching in: 'C:\Program Files\dotnet\sdk\8.0.100\Extensions'.
TpTrace Information: 0 : 28704, 1, 2024/03/16, 07:41:07.171, 65781352653, vstest.console.dll, AssemblyResolver.OnResolve: Microsoft.TestPlatform.TestHostRuntimeProvider: Loading assembly 'C:\Program Files\dotnet\sdk\8.0.100\Extensions\Microsoft.TestPlatform.TestHostRuntimeProvider.dll'.
TpTrace Information: 0 : 28704, 1, 2024/03/16, 07:41:07.171, 65781354352, vstest.console.dll, AssemblyResolver.OnResolve: Resolved assembly: Microsoft.TestPlatform.TestHostRuntimeProvider, from path: C:\Program Files\dotnet\sdk\8.0.100\Extensions\Microsoft.TestPlatform.TestHostRuntimeProvider.dll
TpTrace Verbose: 0 : 28704, 1, 2024/03/16, 07:41:07.171, 65781354677, vstest.console.dll, MetadataReaderExtensionsHelper: Discovering extensions inside assembly 'Microsoft.TestPlatform.TestHostRuntimeProvider, Version=15.0.0.0, Culture=neutral, PublicKeyToken=b03f5f7f11d50a3a' file path 'C:\Program Files\dotnet\sdk\8.0.100\Extensions\Microsoft.TestPlatform.TestHostRuntimeProvider.dll'
TpTrace Information: 0 : 28704, 1, 2024/03/16, 07:41:07.172, 65781365671, vstest.console.dll, GetTestExtensionFromType: Register extension with identifier data 'HostProvider://DefaultTestHost' and type 'Microsoft.VisualStudio.TestPlatform.CrossPlatEngine.Hosting.DefaultTestHostManager, Microsoft.TestPlatform.TestHostRuntimeProvider, Version=15.0.0.0, Culture=neutral, PublicKeyToken=b03f5f7f11d50a3a' inside file 'C:\Program Files\dotnet\sdk\8.0.100\Extensions\Microsoft.TestPlatform.TestHostRuntimeProvider.dll'
TpTrace Information: 0 : 28704, 1, 2024/03/16, 07:41:07.172, 65781367135, vstest.console.dll, GetTestExtensionFromType: Register extension with identifier data 'HostProvider://DotnetTestHost' and type 'Microsoft.VisualStudio.TestPlatform.CrossPlatEngine.Hosting.DotnetTestHostManager, Microsoft.TestPlatform.TestHostRuntimeProvider, Version=15.0.0.0, Culture=neutral, PublicKeyToken=b03f5f7f11d50a3a' inside file 'C:\Program Files\dotnet\sdk\8.0.100\Extensions\Microsoft.TestPlatform.TestHostRuntimeProvider.dll'
TpTrace Information: 0 : 28704, 1, 2024/03/16, 07:41:07.172, 65781367857, vstest.console.dll, AssemblyResolver.OnResolve: Microsoft.VisualStudio.TestPlatform.Extensions.Html.TestLogger: Resolving assembly.
TpTrace Information: 0 : 28704, 1, 2024/03/16, 07:41:07.172, 65781368042, vstest.console.dll, AssemblyResolver.OnResolve: Microsoft.VisualStudio.TestPlatform.Extensions.Html.TestLogger: Searching in: 'C:\Program Files\dotnet\sdk\8.0.100\Extensions'.
TpTrace Information: 0 : 28704, 1, 2024/03/16, 07:41:07.173, 65781369830, vstest.console.dll, AssemblyResolver.OnResolve: Microsoft.VisualStudio.TestPlatform.Extensions.Html.TestLogger: Loading assembly 'C:\Program Files\dotnet\sdk\8.0.100\Extensions\Microsoft.VisualStudio.TestPlatform.Extensions.Html.TestLogger.dll'.
TpTrace Information: 0 : 28704, 1, 2024/03/16, 07:41:07.173, 65781372528, vstest.console.dll, AssemblyResolver.OnResolve: Resolved assembly: Microsoft.VisualStudio.TestPlatform.Extensions.Html.TestLogger, from path: C:\Program Files\dotnet\sdk\8.0.100\Extensions\Microsoft.VisualStudio.TestPlatform.Extensions.Html.TestLogger.dll
TpTrace Verbose: 0 : 28704, 1, 2024/03/16, 07:41:07.173, 65781373417, vstest.console.dll, MetadataReaderExtensionsHelper: Discovering extensions inside assembly 'Microsoft.VisualStudio.TestPlatform.Extensions.Html.TestLogger, Version=15.0.0.0, Culture=neutral, PublicKeyToken=b03f5f7f11d50a3a' file path 'C:\Program Files\dotnet\sdk\8.0.100\Extensions\Microsoft.VisualStudio.TestPlatform.Extensions.Html.TestLogger.dll'
TpTrace Information: 0 : 28704, 1, 2024/03/16, 07:41:07.173, 65781377494, vstest.console.dll, AssemblyResolver.OnResolve: Microsoft.VisualStudio.TestPlatform.Extensions.Trx.TestLogger: Resolving assembly.
TpTrace Information: 0 : 28704, 1, 2024/03/16, 07:41:07.173, 65781377850, vstest.console.dll, AssemblyResolver.OnResolve: Microsoft.VisualStudio.TestPlatform.Extensions.Trx.TestLogger: Searching in: 'C:\Program Files\dotnet\sdk\8.0.100\Extensions'.
TpTrace Information: 0 : 28704, 1, 2024/03/16, 07:41:07.173, 65781379182, vstest.console.dll, AssemblyResolver.OnResolve: Microsoft.VisualStudio.TestPlatform.Extensions.Trx.TestLogger: Loading assembly 'C:\Program Files\dotnet\sdk\8.0.100\Extensions\Microsoft.VisualStudio.TestPlatform.Extensions.Trx.TestLogger.dll'.
TpTrace Information: 0 : 28704, 1, 2024/03/16, 07:41:07.174, 65781381999, vstest.console.dll, AssemblyResolver.OnResolve: Resolved assembly: Microsoft.VisualStudio.TestPlatform.Extensions.Trx.TestLogger, from path: C:\Program Files\dotnet\sdk\8.0.100\Extensions\Microsoft.VisualStudio.TestPlatform.Extensions.Trx.TestLogger.dll
TpTrace Verbose: 0 : 28704, 1, 2024/03/16, 07:41:07.174, 65781382366, vstest.console.dll, MetadataReaderExtensionsHelper: Discovering extensions inside assembly 'Microsoft.VisualStudio.TestPlatform.Extensions.Trx.TestLogger, Version=15.0.0.0, Culture=neutral, PublicKeyToken=b03f5f7f11d50a3a' file path 'C:\Program Files\dotnet\sdk\8.0.100\Extensions\Microsoft.VisualStudio.TestPlatform.Extensions.Trx.TestLogger.dll'
TpTrace Verbose: 0 : 28704, 1, 2024/03/16, 07:41:07.174, 65781387677, vstest.console.dll, TestPluginCache: Discovered the extensions using extension path ''.
TpTrace Verbose: 0 : 28704, 1, 2024/03/16, 07:41:07.174, 65781388408, vstest.console.dll, TestPluginCache: Discoverers are ''.
TpTrace Verbose: 0 : 28704, 1, 2024/03/16, 07:41:07.174, 65781388721, vstest.console.dll, TestPluginCache: Executors are ''.
TpTrace Verbose: 0 : 28704, 1, 2024/03/16, 07:41:07.174, 65781388968, vstest.console.dll, TestPluginCache: Executors2 are ''.
TpTrace Verbose: 0 : 28704, 1, 2024/03/16, 07:41:07.174, 65781389242, vstest.console.dll, TestPluginCache: Setting providers are ''.
TpTrace Verbose: 0 : 28704, 1, 2024/03/16, 07:41:07.174, 65781389486, vstest.console.dll, TestPluginCache: Loggers are ''.
TpTrace Verbose: 0 : 28704, 1, 2024/03/16, 07:41:07.175, 65781391154, vstest.console.dll, TestPluginCache: TestHosts are 'HostProvider://DefaultTestHost,HostProvider://DotnetTestHost'.
TpTrace Verbose: 0 : 28704, 1, 2024/03/16, 07:41:07.175, 65781391487, vstest.console.dll, TestPluginCache: DataCollectors are ''.
TpTrace Information: 0 : 28704, 1, 2024/03/16, 07:41:07.183, 65781473382, vstest.console.dll, RunTestsArgumentProcessor:Execute: Test run is starting.
TpTrace Verbose: 0 : 28704, 1, 2024/03/16, 07:41:07.183, 65781474073, vstest.console.dll, RunTestsArgumentProcessor:Execute: Queuing Test run.
TpTrace Information: 0 : 28704, 1, 2024/03/16, 07:41:07.183, 65781476628, vstest.console.dll, TestRequestManager.RunTests: run tests started.
TpTrace Information: 0 : 28704, 1, 2024/03/16, 07:41:07.184, 65781485246, vstest.console.dll, AssemblyMetadataProvider.GetFrameworkName: Determined framework:'.NETCoreApp,Version=v6.0' for source: 'C:\Users\petko\Downloads\RestSharpExercise\RestSharpExercise\TestGitHubApi\bin\Debug\net6.0\fine-code-coverage\build-output\TestGitHubApi.dll'
TpTrace Information: 0 : 28704, 1, 2024/03/16, 07:41:07.184, 65781486396, vstest.console.dll, Determined framework for all sources: .NETCoreApp,Version=v6.0
TpTrace Verbose: 0 : 28704, 1, 2024/03/16, 07:41:07.184, 65781489465, vstest.console.dll, TestRequestManager.UpdateRunSettingsIfRequired: Default architecture: X64 IsDefaultTargetArchitecture: True, Current process architecture: X64 OperatingSystem: Windows.
TpTrace Information: 0 : 28704, 1, 2024/03/16, 07:41:07.185, 65781499372, vstest.console.dll, AssemblyMetadataProvider.GetArchitecture: Determined architecture:AnyCPU info for assembly: C:\Users\petko\Downloads\RestSharpExercise\RestSharpExercise\TestGitHubApi\bin\Debug\net6.0\fine-code-coverage\build-output\TestGitHubApi.dll
TpTrace Information: 0 : 28704, 1, 2024/03/16, 07:41:07.186, 65781500788, vstest.console.dll, Determined platform for source 'C:\Users\petko\Downloads\RestSharpExercise\RestSharpExercise\TestGitHubApi\bin\Debug\net6.0\fine-code-coverage\build-output\TestGitHubApi.dll' was AnyCPU and it will use the default plaform X64.
TpTrace Information: 0 : 28704, 1, 2024/03/16, 07:41:07.186, 65781500973, vstest.console.dll, None of the sources provided any runnable platform, using the default platform: X64
TpTrace Information: 0 : 28704, 1, 2024/03/16, 07:41:07.186, 65781501890, vstest.console.dll, Platform was updated to 'X64'.
TpTrace Information: 0 : 28704, 1, 2024/03/16, 07:41:07.188, 65781522155, vstest.console.dll, InferRunSettingsHelper.IsTestSettingsEnabled: Unable to navigate to RunSettings/MSTest. Current node: RunSettings
TpTrace Information: 0 : 28704, 1, 2024/03/16, 07:41:07.188, 65781525507, vstest.console.dll, AssemblyResolver.OnResolve: Microsoft.VisualStudio.TestPlatform.Fakes: Resolving assembly.
TpTrace Information: 0 : 28704, 1, 2024/03/16, 07:41:07.188, 65781526502, vstest.console.dll, AssemblyResolver.OnResolve: Microsoft.VisualStudio.TestPlatform.Fakes: Searching in: 'C:\Program Files\dotnet\sdk\8.0.100\Extensions'.
TpTrace Information: 0 : 28704, 1, 2024/03/16, 07:41:07.188, 65781527136, vstest.console.dll, AssemblyResolver.OnResolve: Microsoft.VisualStudio.TestPlatform.Fakes: Assembly path does not exist: 'C:\Program Files\dotnet\sdk\8.0.100\Extensions\Microsoft.VisualStudio.TestPlatform.Fakes.dll', returning.
TpTrace Information: 0 : 28704, 1, 2024/03/16, 07:41:07.188, 65781527443, vstest.console.dll, AssemblyResolver.OnResolve: Microsoft.VisualStudio.TestPlatform.Fakes: Assembly path does not exist: 'C:\Program Files\dotnet\sdk\8.0.100\Extensions\Microsoft.VisualStudio.TestPlatform.Fakes.exe', returning.
TpTrace Information: 0 : 28704, 1, 2024/03/16, 07:41:07.188, 65781527586, vstest.console.dll, AssemblyResolver.OnResolve: Microsoft.VisualStudio.TestPlatform.Fakes: Searching in: 'C:\Program Files\dotnet\sdk\8.0.100'.
TpTrace Information: 0 : 28704, 1, 2024/03/16, 07:41:07.188, 65781527958, vstest.console.dll, AssemblyResolver.OnResolve: Microsoft.VisualStudio.TestPlatform.Fakes: Assembly path does not exist: 'C:\Program Files\dotnet\sdk\8.0.100\Microsoft.VisualStudio.TestPlatform.Fakes.dll', returning.
TpTrace Information: 0 : 28704, 1, 2024/03/16, 07:41:07.188, 65781528236, vstest.console.dll, AssemblyResolver.OnResolve: Microsoft.VisualStudio.TestPlatform.Fakes: Assembly path does not exist: 'C:\Program Files\dotnet\sdk\8.0.100\Microsoft.VisualStudio.TestPlatform.Fakes.exe', returning.
TpTrace Information: 0 : 28704, 1, 2024/03/16, 07:41:07.188, 65781528365, vstest.console.dll, AssemblyResolver.OnResolve: Microsoft.VisualStudio.TestPlatform.Fakes: Failed to load assembly.
TpTrace Information: 0 : 28704, 1, 2024/03/16, 07:41:07.189, 65781529880, vstest.console.dll, Failed to load assembly Microsoft.VisualStudio.TestPlatform.Fakes, Version=17.0.0.0, Culture=neutral. Reason:System.IO.FileNotFoundException: Could not load file or assembly 'Microsoft.VisualStudio.TestPlatform.Fakes, Version=17.0.0.0, Culture=neutral, PublicKeyToken=null'. The system cannot find the file specified.
File name: 'Microsoft.VisualStudio.TestPlatform.Fakes, Version=17.0.0.0, Culture=neutral, PublicKeyToken=null'
   at System.Reflection.RuntimeAssembly.InternalLoad(AssemblyName assemblyName, StackCrawlMark& stackMark, AssemblyLoadContext assemblyLoadContext, RuntimeAssembly requestingAssembly, Boolean throwOnFileNotFound)
   at System.Reflection.Assembly.Load(AssemblyName assemblyRef)
   at Microsoft.VisualStudio.TestPlatform.Common.Utilities.FakesUtilities.LoadTestPlatformAssembly() in /_/src/Microsoft.TestPlatform.Common/Utilities/FakesUtilities.cs:line 272
TpTrace Verbose: 0 : 28704, 1, 2024/03/16, 07:41:07.190, 65781548769, vstest.console.dll, TestPluginCache.DiscoverTestExtensions: finding test extensions in assemblies ends with: TestLogger.dll TPluginInfo: Microsoft.VisualStudio.TestPlatform.Common.ExtensionFramework.Utilities.TestLoggerPluginInformation TExtension: Microsoft.VisualStudio.TestPlatform.ObjectModel.Client.ITestLogger
TpTrace Verbose: 0 : 28704, 1, 2024/03/16, 07:41:07.190, 65781549370, vstest.console.dll, TestPluginCache.GetExtensionPaths: Filtered extension paths: 
TpTrace Verbose: 0 : 28704, 1, 2024/03/16, 07:41:07.190, 65781549614, vstest.console.dll, TestPluginCache.GetExtensionPaths: Added default extension paths: C:\Program Files\dotnet\sdk\8.0.100\Extensions\Microsoft.Diagnostics.NETCore.Client.dll
C:\Program Files\dotnet\sdk\8.0.100\Extensions\Microsoft.TestPlatform.Extensions.BlameDataCollector.dll
C:\Program Files\dotnet\sdk\8.0.100\Extensions\Microsoft.TestPlatform.Extensions.EventLogCollector.dll
C:\Program Files\dotnet\sdk\8.0.100\Extensions\Microsoft.TestPlatform.TestHostRuntimeProvider.dll
C:\Program Files\dotnet\sdk\8.0.100\Extensions\Microsoft.VisualStudio.TestPlatform.Extensions.Html.TestLogger.dll
C:\Program Files\dotnet\sdk\8.0.100\Extensions\Microsoft.VisualStudio.TestPlatform.Extensions.Trx.TestLogger.dll
TpTrace Verbose: 0 : 28704, 1, 2024/03/16, 07:41:07.191, 65781549756, vstest.console.dll, TestPluginCache.GetExtensionPaths: Added unfilterableExtensionPaths: 
TpTrace Information: 0 : 28704, 1, 2024/03/16, 07:41:07.191, 65781550526, vstest.console.dll, AssemblyResolver.AddSearchDirectories: Adding more searchDirectories C:\Program Files\dotnet\sdk\8.0.100\Extensions,C:\Program Files\dotnet\sdk\8.0.100
TpTrace Verbose: 0 : 28704, 1, 2024/03/16, 07:41:07.191, 65781550788, vstest.console.dll, TestPluginCache.DiscoverTestExtensions: Discovering the extensions using extension path.
TpTrace Verbose: 0 : 28704, 1, 2024/03/16, 07:41:07.191, 65781550953, vstest.console.dll, TestPluginCache.GetExtensionPaths: Filtered extension paths: 
TpTrace Verbose: 0 : 28704, 1, 2024/03/16, 07:41:07.191, 65781551116, vstest.console.dll, TestPluginCache.GetExtensionPaths: Added default extension paths: C:\Program Files\dotnet\sdk\8.0.100\Extensions\Microsoft.Diagnostics.NETCore.Client.dll
C:\Program Files\dotnet\sdk\8.0.100\Extensions\Microsoft.TestPlatform.Extensions.BlameDataCollector.dll
C:\Program Files\dotnet\sdk\8.0.100\Extensions\Microsoft.TestPlatform.Extensions.EventLogCollector.dll
C:\Program Files\dotnet\sdk\8.0.100\Extensions\Microsoft.TestPlatform.TestHostRuntimeProvider.dll
C:\Program Files\dotnet\sdk\8.0.100\Extensions\Microsoft.VisualStudio.TestPlatform.Extensions.Html.TestLogger.dll
C:\Program Files\dotnet\sdk\8.0.100\Extensions\Microsoft.VisualStudio.TestPlatform.Extensions.Trx.TestLogger.dll
TpTrace Verbose: 0 : 28704, 1, 2024/03/16, 07:41:07.191, 65781551236, vstest.console.dll, TestPluginCache.GetExtensionPaths: Added unfilterableExtensionPaths: 
TpTrace Verbose: 0 : 28704, 1, 2024/03/16, 07:41:07.191, 65781551401, vstest.console.dll, TestPluginCache.DiscoverTestExtensions: Discovering the extensions using allExtensionPaths: C:\Program Files\dotnet\sdk\8.0.100\Extensions\Microsoft.Diagnostics.NETCore.Client.dll
C:\Program Files\dotnet\sdk\8.0.100\Extensions\Microsoft.TestPlatform.Extensions.BlameDataCollector.dll
C:\Program Files\dotnet\sdk\8.0.100\Extensions\Microsoft.TestPlatform.Extensions.EventLogCollector.dll
C:\Program Files\dotnet\sdk\8.0.100\Extensions\Microsoft.TestPlatform.TestHostRuntimeProvider.dll
C:\Program Files\dotnet\sdk\8.0.100\Extensions\Microsoft.VisualStudio.TestPlatform.Extensions.Html.TestLogger.dll
C:\Program Files\dotnet\sdk\8.0.100\Extensions\Microsoft.VisualStudio.TestPlatform.Extensions.Trx.TestLogger.dll
TpTrace Information: 0 : 28704, 1, 2024/03/16, 07:41:07.191, 65781552615, vstest.console.dll, AssemblyResolver.AddSearchDirectories: Adding more searchDirectories C:\Program Files\dotnet\sdk\8.0.100\Extensions,C:\Program Files\dotnet\sdk\8.0.100
TpTrace Information: 0 : 28704, 1, 2024/03/16, 07:41:07.191, 65781552850, vstest.console.dll, AssemblyResolver.AddSearchDirectories: Adding more searchDirectories C:\Program Files\dotnet\sdk\8.0.100\Extensions,C:\Program Files\dotnet\sdk\8.0.100
TpTrace Information: 0 : 28704, 1, 2024/03/16, 07:41:07.191, 65781553020, vstest.console.dll, AssemblyResolver.AddSearchDirectories: Adding more searchDirectories C:\Program Files\dotnet\sdk\8.0.100\Extensions,C:\Program Files\dotnet\sdk\8.0.100
TpTrace Information: 0 : 28704, 1, 2024/03/16, 07:41:07.191, 65781553135, vstest.console.dll, AssemblyResolver.AddSearchDirectories: Adding more searchDirectories C:\Program Files\dotnet\sdk\8.0.100\Extensions,C:\Program Files\dotnet\sdk\8.0.100
TpTrace Information: 0 : 28704, 1, 2024/03/16, 07:41:07.191, 65781553246, vstest.console.dll, AssemblyResolver.AddSearchDirectories: Adding more searchDirectories C:\Program Files\dotnet\sdk\8.0.100\Extensions,C:\Program Files\dotnet\sdk\8.0.100
TpTrace Information: 0 : 28704, 1, 2024/03/16, 07:41:07.191, 65781553390, vstest.console.dll, AssemblyResolver.AddSearchDirectories: Adding more searchDirectories C:\Program Files\dotnet\sdk\8.0.100\Extensions,C:\Program Files\dotnet\sdk\8.0.100
TpTrace Verbose: 0 : 28704, 1, 2024/03/16, 07:41:07.191, 65781553970, vstest.console.dll, MetadataReaderExtensionsHelper: Discovering extensions inside assembly 'Microsoft.Diagnostics.NETCore.Client, Version=0.2.8.21101, Culture=neutral, PublicKeyToken=31bf3856ad364e35' file path 'C:\Program Files\dotnet\sdk\8.0.100\Extensions\Microsoft.Diagnostics.NETCore.Client.dll'
TpTrace Information: 0 : 28704, 1, 2024/03/16, 07:41:07.191, 65781558059, vstest.console.dll, AssemblyResolver.OnResolve: Microsoft.Bcl.AsyncInterfaces: Resolving assembly.
TpTrace Information: 0 : 28704, 1, 2024/03/16, 07:41:07.191, 65781558390, vstest.console.dll, AssemblyResolver.OnResolve: Microsoft.Bcl.AsyncInterfaces: Resolved from cache.
TpTrace Verbose: 0 : 28704, 1, 2024/03/16, 07:41:07.191, 65781558536, vstest.console.dll, CurrentDomainAssemblyResolve: Resolving assembly 'Microsoft.Bcl.AsyncInterfaces'.
TpTrace Information: 0 : 28704, 1, 2024/03/16, 07:41:07.191, 65781559135, vstest.console.dll, AssemblyResolver.OnResolve: Microsoft.Bcl.AsyncInterfaces: Resolving assembly.
TpTrace Information: 0 : 28704, 1, 2024/03/16, 07:41:07.191, 65781559375, vstest.console.dll, AssemblyResolver.OnResolve: Microsoft.Bcl.AsyncInterfaces: Resolved from cache.
TpTrace Verbose: 0 : 28704, 1, 2024/03/16, 07:41:07.191, 65781559499, vstest.console.dll, CurrentDomainAssemblyResolve: Resolving assembly 'Microsoft.Bcl.AsyncInterfaces'.
TpTrace Verbose: 0 : 28704, 1, 2024/03/16, 07:41:07.191, 65781559616, vstest.console.dll, CurrentDomainAssemblyResolve: Failed to resolve assembly 'Microsoft.Bcl.AsyncInterfaces'.
TpTrace Verbose: 0 : 28704, 1, 2024/03/16, 07:41:07.192, 65781560314, vstest.console.dll, CurrentDomainAssemblyResolve: Failed to resolve assembly 'Microsoft.Bcl.AsyncInterfaces'.
TpTrace Warning: 0 : 28704, 1, 2024/03/16, 07:41:07.192, 65781562082, vstest.console.dll, TestPluginDiscoverer: Failed to get types from assembly 'Microsoft.Diagnostics.NETCore.Client, Version=0.2.8.21101, Culture=neutral, PublicKeyToken=31bf3856ad364e35'. Error: System.Reflection.ReflectionTypeLoadException: Unable to load one or more of the requested types.
Could not load file or assembly 'Microsoft.Bcl.AsyncInterfaces, Version=1.0.0.0, Culture=neutral, PublicKeyToken=cc7b13ffcd2ddd51'. The system cannot find the file specified.
   at System.Reflection.RuntimeModule.GetTypes(RuntimeModule module)
   at System.Reflection.RuntimeModule.GetTypes()
   at Microsoft.VisualStudio.TestPlatform.Common.ExtensionFramework.TestPluginDiscoverer.GetTestExtensionsFromAssembly[TPluginInfo,TExtension](Assembly assembly, Dictionary`2 pluginInfos, String filePath) in /_/src/Microsoft.TestPlatform.Common/ExtensionFramework/TestPluginDiscoverer.cs:line 158
System.IO.FileNotFoundException: Could not load file or assembly 'Microsoft.Bcl.AsyncInterfaces, Version=1.0.0.0, Culture=neutral, PublicKeyToken=cc7b13ffcd2ddd51'. The system cannot find the file specified.
File name: 'Microsoft.Bcl.AsyncInterfaces, Version=1.0.0.0, Culture=neutral, PublicKeyToken=cc7b13ffcd2ddd51'
 ---> System.IO.FileNotFoundException: Could not load file or assembly 'Microsoft.Bcl.AsyncInterfaces, Culture=neutral, PublicKeyToken=null'. The system cannot find the file specified.
File name: 'Microsoft.Bcl.AsyncInterfaces, Culture=neutral, PublicKeyToken=null'
   at System.Reflection.RuntimeAssembly.InternalLoad(AssemblyName assemblyName, StackCrawlMark& stackMark, AssemblyLoadContext assemblyLoadContext, RuntimeAssembly requestingAssembly, Boolean throwOnFileNotFound)
   at System.Reflection.Assembly.Load(AssemblyName assemblyRef)
   at Microsoft.VisualStudio.TestPlatform.Common.ExtensionFramework.TestPluginCache.CurrentDomainAssemblyResolve(Object sender, AssemblyResolveEventArgs args) in /_/src/Microsoft.TestPlatform.Common/ExtensionFramework/TestPluginCache.cs:line 513
   at System.Runtime.Loader.AssemblyLoadContext.GetFirstResolvedAssemblyFromResolvingEvent(AssemblyName assemblyName)
   at System.Runtime.Loader.AssemblyLoadContext.ResolveUsingEvent(AssemblyName assemblyName)
   at System.Runtime.Loader.AssemblyLoadContext.ResolveUsingResolvingEvent(IntPtr gchManagedAssemblyLoadContext, AssemblyName assemblyName)
TpTrace Warning: 0 : 28704, 1, 2024/03/16, 07:41:07.192, 65781564201, vstest.console.dll, LoaderExceptions: System.IO.FileNotFoundException: Could not load file or assembly 'Microsoft.Bcl.AsyncInterfaces, Version=1.0.0.0, Culture=neutral, PublicKeyToken=cc7b13ffcd2ddd51'. The system cannot find the file specified.
File name: 'Microsoft.Bcl.AsyncInterfaces, Version=1.0.0.0, Culture=neutral, PublicKeyToken=cc7b13ffcd2ddd51'
 ---> System.IO.FileNotFoundException: Could not load file or assembly 'Microsoft.Bcl.AsyncInterfaces, Culture=neutral, PublicKeyToken=null'. The system cannot find the file specified.
File name: 'Microsoft.Bcl.AsyncInterfaces, Culture=neutral, PublicKeyToken=null'
   at System.Reflection.RuntimeAssembly.InternalLoad(AssemblyName assemblyName, StackCrawlMark& stackMark, AssemblyLoadContext assemblyLoadContext, RuntimeAssembly requestingAssembly, Boolean throwOnFileNotFound)
   at System.Reflection.Assembly.Load(AssemblyName assemblyRef)
   at Microsoft.VisualStudio.TestPlatform.Common.ExtensionFramework.TestPluginCache.CurrentDomainAssemblyResolve(Object sender, AssemblyResolveEventArgs args) in /_/src/Microsoft.TestPlatform.Common/ExtensionFramework/TestPluginCache.cs:line 513
   at System.Runtime.Loader.AssemblyLoadContext.GetFirstResolvedAssemblyFromResolvingEvent(AssemblyName assemblyName)
   at System.Runtime.Loader.AssemblyLoadContext.ResolveUsingEvent(AssemblyName assemblyName)
   at System.Runtime.Loader.AssemblyLoadContext.ResolveUsingResolvingEvent(IntPtr gchManagedAssemblyLoadContext, AssemblyName assemblyName)
TpTrace Verbose: 0 : 28704, 1, 2024/03/16, 07:41:07.192, 65781564617, vstest.console.dll, MetadataReaderExtensionsHelper: Discovering extensions inside assembly 'Microsoft.TestPlatform.Extensions.BlameDataCollector, Version=15.0.0.0, Culture=neutral, PublicKeyToken=b03f5f7f11d50a3a' file path 'C:\Program Files\dotnet\sdk\8.0.100\Extensions\Microsoft.TestPlatform.Extensions.BlameDataCollector.dll'
TpTrace Information: 0 : 28704, 1, 2024/03/16, 07:41:07.192, 65781567408, vstest.console.dll, GetTestExtensionFromType: Register extension with identifier data 'logger://Microsoft/TestPlatform/Extensions/Blame/v1' and type 'Microsoft.TestPlatform.Extensions.BlameDataCollector.BlameLogger, Microsoft.TestPlatform.Extensions.BlameDataCollector, Version=15.0.0.0, Culture=neutral, PublicKeyToken=b03f5f7f11d50a3a' inside file 'C:\Program Files\dotnet\sdk\8.0.100\Extensions\Microsoft.TestPlatform.Extensions.BlameDataCollector.dll'
TpTrace Verbose: 0 : 28704, 1, 2024/03/16, 07:41:07.192, 65781568263, vstest.console.dll, MetadataReaderExtensionsHelper: Discovering extensions inside assembly 'Microsoft.TestPlatform.Extensions.EventLogCollector, Version=15.0.0.0, Culture=neutral, PublicKeyToken=b03f5f7f11d50a3a' file path 'C:\Program Files\dotnet\sdk\8.0.100\Extensions\Microsoft.TestPlatform.Extensions.EventLogCollector.dll'
TpTrace Verbose: 0 : 28704, 1, 2024/03/16, 07:41:07.193, 65781570470, vstest.console.dll, MetadataReaderExtensionsHelper: Discovering extensions inside assembly 'Microsoft.TestPlatform.TestHostRuntimeProvider, Version=15.0.0.0, Culture=neutral, PublicKeyToken=b03f5f7f11d50a3a' file path 'C:\Program Files\dotnet\sdk\8.0.100\Extensions\Microsoft.TestPlatform.TestHostRuntimeProvider.dll'
TpTrace Verbose: 0 : 28704, 1, 2024/03/16, 07:41:07.193, 65781572110, vstest.console.dll, MetadataReaderExtensionsHelper: Discovering extensions inside assembly 'Microsoft.VisualStudio.TestPlatform.Extensions.Html.TestLogger, Version=15.0.0.0, Culture=neutral, PublicKeyToken=b03f5f7f11d50a3a' file path 'C:\Program Files\dotnet\sdk\8.0.100\Extensions\Microsoft.VisualStudio.TestPlatform.Extensions.Html.TestLogger.dll'
TpTrace Information: 0 : 28704, 1, 2024/03/16, 07:41:07.193, 65781574637, vstest.console.dll, GetTestExtensionFromType: Register extension with identifier data 'logger://Microsoft/TestPlatform/HtmlLogger/v1' and type 'Microsoft.VisualStudio.TestPlatform.Extensions.HtmlLogger.HtmlLogger, Microsoft.VisualStudio.TestPlatform.Extensions.Html.TestLogger, Version=15.0.0.0, Culture=neutral, PublicKeyToken=b03f5f7f11d50a3a' inside file 'C:\Program Files\dotnet\sdk\8.0.100\Extensions\Microsoft.VisualStudio.TestPlatform.Extensions.Html.TestLogger.dll'
TpTrace Verbose: 0 : 28704, 1, 2024/03/16, 07:41:07.193, 65781575022, vstest.console.dll, MetadataReaderExtensionsHelper: Discovering extensions inside assembly 'Microsoft.VisualStudio.TestPlatform.Extensions.Trx.TestLogger, Version=15.0.0.0, Culture=neutral, PublicKeyToken=b03f5f7f11d50a3a' file path 'C:\Program Files\dotnet\sdk\8.0.100\Extensions\Microsoft.VisualStudio.TestPlatform.Extensions.Trx.TestLogger.dll'
TpTrace Information: 0 : 28704, 1, 2024/03/16, 07:41:07.193, 65781577829, vstest.console.dll, GetTestExtensionFromType: Register extension with identifier data 'logger://Microsoft/TestPlatform/TrxLogger/v1' and type 'Microsoft.VisualStudio.TestPlatform.Extensions.TrxLogger.TrxLogger, Microsoft.VisualStudio.TestPlatform.Extensions.Trx.TestLogger, Version=15.0.0.0, Culture=neutral, PublicKeyToken=b03f5f7f11d50a3a' inside file 'C:\Program Files\dotnet\sdk\8.0.100\Extensions\Microsoft.VisualStudio.TestPlatform.Extensions.Trx.TestLogger.dll'
TpTrace Verbose: 0 : 28704, 1, 2024/03/16, 07:41:07.193, 65781578534, vstest.console.dll, TestPluginCache: Discovered the extensions using extension path ''.
TpTrace Verbose: 0 : 28704, 1, 2024/03/16, 07:41:07.193, 65781578720, vstest.console.dll, TestPluginCache: Discoverers are ''.
TpTrace Verbose: 0 : 28704, 1, 2024/03/16, 07:41:07.193, 65781578833, vstest.console.dll, TestPluginCache: Executors are ''.
TpTrace Verbose: 0 : 28704, 1, 2024/03/16, 07:41:07.193, 65781578934, vstest.console.dll, TestPluginCache: Executors2 are ''.
TpTrace Verbose: 0 : 28704, 1, 2024/03/16, 07:41:07.193, 65781579031, vstest.console.dll, TestPluginCache: Setting providers are ''.
TpTrace Verbose: 0 : 28704, 1, 2024/03/16, 07:41:07.193, 65781579330, vstest.console.dll, TestPluginCache: Loggers are 'logger://Microsoft/TestPlatform/Extensions/Blame/v1,logger://Microsoft/TestPlatform/HtmlLogger/v1,logger://Microsoft/TestPlatform/TrxLogger/v1'.
TpTrace Verbose: 0 : 28704, 1, 2024/03/16, 07:41:07.194, 65781579802, vstest.console.dll, TestPluginCache: TestHosts are 'HostProvider://DefaultTestHost,HostProvider://DotnetTestHost'.
TpTrace Verbose: 0 : 28704, 1, 2024/03/16, 07:41:07.194, 65781579976, vstest.console.dll, TestPluginCache: DataCollectors are ''.
TpTrace Information: 0 : 28704, 1, 2024/03/16, 07:41:07.194, 65781584367, vstest.console.dll, TestPluginManager.CreateTestExtension: Attempting to load test extension: Microsoft.TestPlatform.Extensions.BlameDataCollector.BlameLogger
TpTrace Verbose: 0 : 28704, 1, 2024/03/16, 07:41:07.199, 65781633673, vstest.console.dll, TestEngine: Initializing Parallel Execution as MaxCpuCount is set to: 1
TpTrace Information: 0 : 28704, 1, 2024/03/16, 07:41:07.200, 65781644549, vstest.console.dll, TestPluginManager.CreateTestExtension: Attempting to load test extension: Microsoft.VisualStudio.TestPlatform.CrossPlatEngine.Hosting.DefaultTestHostManager
TpTrace Information: 0 : 28704, 1, 2024/03/16, 07:41:07.200, 65781648942, vstest.console.dll, TestPluginManager.CreateTestExtension: Attempting to load test extension: Microsoft.VisualStudio.TestPlatform.CrossPlatEngine.Hosting.DotnetTestHostManager
TpTrace Information: 0 : 28704, 1, 2024/03/16, 07:41:07.201, 65781652957, vstest.console.dll, InferRunSettingsHelper.IsTestSettingsEnabled: Unable to navigate to RunSettings/MSTest. Current node: RunSettings
TpTrace Verbose: 0 : 28704, 1, 2024/03/16, 07:41:07.201, 65781655855, vstest.console.dll, ParallelOperationManager.ClearSlots: Clearing all slots. Slots should accept more work: True
TpTrace Verbose: 0 : 28704, 1, 2024/03/16, 07:41:07.201, 65781658854, vstest.console.dll, ParallelOperationManager.SetOccupiedSlotCount: Setting slot counts AvailableSlotCount = 1, OccupiedSlotCount = 0.
TpTrace Verbose: 0 : 28704, 1, 2024/03/16, 07:41:07.202, 65781661394, vstest.console.dll, Occupied slots:

TpTrace Verbose: 0 : 28704, 1, 2024/03/16, 07:41:07.203, 65781678056, vstest.console.dll, TestEngine.GetExecutionManager: Chosen execution manager 'Microsoft.VisualStudio.TestPlatform.CrossPlatEngine.Client.Parallel.ParallelProxyExecutionManager, Microsoft.TestPlatform.CrossPlatEngine, Version=15.0.0.0, Culture=neutral, PublicKeyToken=b03f5f7f11d50a3a' ParallelLevel '1'.
TpTrace Verbose: 0 : 28704, 1, 2024/03/16, 07:41:07.203, 65781678698, vstest.console.dll, TestRunRequest.ExecuteAsync: Creating test run request.
TpTrace Verbose: 0 : 28704, 1, 2024/03/16, 07:41:07.204, 65781679707, vstest.console.dll, TestRunRequest.ExecuteAsync: Starting.
TpTrace Information: 0 : 28704, 1, 2024/03/16, 07:41:07.204, 65781687451, vstest.console.dll, TestRunRequest.ExecuteAsync: Starting run with settings:TestRunCriteria:
   KeepAlive=False,FrequencyOfRunStatsChangeEvent=10,RunStatsChangeEventTimeout=00:00:01.5000000,TestCaseFilter=,TestExecutorLauncher=
   Settingsxml=<RunSettings>
  <RunConfiguration>
    <ResultsDirectory>C:\Users\petko\Downloads\RestSharpExercise\RestSharpExercise\TestGitHubApi\bin\Debug\net6.0\fine-code-coverage\coverage-tool-output</ResultsDirectory>
    <TargetPlatform>X64</TargetPlatform>
    <TargetFrameworkVersion>.NETCoreApp,Version=v6.0</TargetFrameworkVersion>
    <DesignMode>False</DesignMode>
    <CollectSourceInformation>False</CollectSourceInformation>
  </RunConfiguration>
  <LoggerRunSettings>
    <Loggers>
      <Logger friendlyName="blame" enabled="True" />
      <Logger friendlyName="Console" uri="logger://microsoft/TestPlatform/ConsoleLogger/v1" assemblyQualifiedName="Microsoft.VisualStudio.TestPlatform.CommandLine.Internal.ConsoleLogger, vstest.console, Version=15.0.0.0, Culture=neutral, PublicKeyToken=b03f5f7f11d50a3a" codeBase="C:\Program Files\dotnet\sdk\8.0.100\vstest.console.dll" enabled="True" />
    </Loggers>
  </LoggerRunSettings>
  <DataCollectionRunSettings>
    <DataCollectors>
      <DataCollector friendlyName="blame" enabled="True">
        <Configuration>
          <ResultsDirectory>C:\Users\petko\Downloads\RestSharpExercise\RestSharpExercise\TestGitHubApi\bin\Debug\net6.0\fine-code-coverage\coverage-tool-output</ResultsDirectory>
        </Configuration>
      </DataCollector>
    </DataCollectors>
  </DataCollectionRunSettings>
</RunSettings>

TpTrace Verbose: 0 : 28704, 1, 2024/03/16, 07:41:07.204, 65781688024, vstest.console.dll, TestRunRequest.ExecuteAsync: Wait for the first run request is over.
TpTrace Verbose: 0 : 28704, 1, 2024/03/16, 07:41:07.204, 65781689505, vstest.console.dll, MulticastDelegateUtilities.SafeInvoke: TestRun.TestRunStart: Invoking callbacks was skipped because there are no subscribers.
TpTrace Verbose: 0 : 28704, 4, 2024/03/16, 07:41:07.205, 65781690359, vstest.console.dll, MulticastDelegateUtilities.SafeInvoke: InternalTestLoggerEvents.SendTestRunStart: Invoking callback 1/1 for Microsoft.VisualStudio.TestPlatform.CommandLine.Internal.ConsoleLogger., took 0 ms.
TpTrace Verbose: 0 : 28704, 1, 2024/03/16, 07:41:07.205, 65781694872, vstest.console.dll, ParallelProxyExecutionManager: Start execution. Total sources: 1
TpTrace Verbose: 0 : 28704, 1, 2024/03/16, 07:41:07.205, 65781696769, vstest.console.dll, ParallelOperationManager.StartWork: Starting adding 1 workloads.
TpTrace Verbose: 0 : 28704, 1, 2024/03/16, 07:41:07.205, 65781697158, vstest.console.dll, ParallelOperationManager.ClearSlots: Clearing all slots. Slots should accept more work: True
TpTrace Verbose: 0 : 28704, 1, 2024/03/16, 07:41:07.205, 65781697472, vstest.console.dll, ParallelOperationManager.SetOccupiedSlotCount: Setting slot counts AvailableSlotCount = 1, OccupiedSlotCount = 0.
TpTrace Verbose: 0 : 28704, 1, 2024/03/16, 07:41:07.205, 65781697631, vstest.console.dll, Occupied slots:

TpTrace Verbose: 0 : 28704, 1, 2024/03/16, 07:41:07.207, 65781712973, vstest.console.dll, TestRequestSender is acting as server.
TpTrace Verbose: 0 : 28704, 1, 2024/03/16, 07:41:07.208, 65781720475, vstest.console.dll, ParallelOperationManager.RunWorkInParallel: Adding 1 workload to slot, remaining workloads 0.
TpTrace Verbose: 0 : 28704, 1, 2024/03/16, 07:41:07.208, 65781720907, vstest.console.dll, ParallelOperationManager.SetOccupiedSlotCount: Setting slot counts AvailableSlotCount = 0, OccupiedSlotCount = 1.
TpTrace Verbose: 0 : 28704, 1, 2024/03/16, 07:41:07.208, 65781721479, vstest.console.dll, Occupied slots:
0: C:\Users\petko\Downloads\RestSharpExercise\RestSharpExercise\TestGitHubApi\bin\Debug\net6.0\fine-code-coverage\build-output\TestGitHubApi.dll
TpTrace Verbose: 0 : 28704, 1, 2024/03/16, 07:41:07.208, 65781727624, vstest.console.dll, ParallelOperationManager.RunWorkInParallel: Started host in slot number 0 for work (source): C:\Users\petko\Downloads\RestSharpExercise\RestSharpExercise\TestGitHubApi\bin\Debug\net6.0\fine-code-coverage\build-output\TestGitHubApi.dll.
TpTrace Verbose: 0 : 28704, 1, 2024/03/16, 07:41:07.209, 65781735527, vstest.console.dll, ParallelOperationManager.RunWorkInParallel: We started 1 work items, which is the max parallel level. Won't start more work.
TpTrace Verbose: 0 : 28704, 5, 2024/03/16, 07:41:07.209, 65781736422, vstest.console.dll, ParallelProxyExecutionManager.StartTestRunOnConcurrentManager: Initializing uninitialized client. Started clients: 0
TpTrace Verbose: 0 : 28704, 1, 2024/03/16, 07:41:07.209, 65781736575, vstest.console.dll, ParallelOperationManager.RunWorkInParallel: We started 1 work items in here, returning True.
TpTrace Information: 0 : 28704, 1, 2024/03/16, 07:41:07.209, 65781737267, vstest.console.dll, TestRunRequest.ExecuteAsync: Started.
TpTrace Verbose: 0 : 28704, 5, 2024/03/16, 07:41:07.209, 65781738414, vstest.console.dll, DataCollectionRequestSender.InitializeCommunication : Initialize communication. 
TpTrace Verbose: 0 : 28704, 1, 2024/03/16, 07:41:07.210, 65781742046, vstest.console.dll, TestRunRequest.WaitForCompletion: Waiting with timeout -1.
TpTrace Information: 0 : 28704, 5, 2024/03/16, 07:41:07.213, 65781776624, vstest.console.dll, Listening on Endpoint : 127.0.0.1:52008
TpTrace Verbose: 0 : 28704, 5, 2024/03/16, 07:41:07.217, 65781818834, vstest.console.dll, DotnetDataCollectionLauncher: Adding  --runtimeconfig "C:\Program Files\dotnet\sdk\8.0.100\datacollector.runtimeconfig.json" in args
TpTrace Verbose: 0 : 28704, 5, 2024/03/16, 07:41:07.217, 65781819519, vstest.console.dll, DotnetDataCollectionLauncher: Adding  --depsfile "C:\Program Files\dotnet\sdk\8.0.100\datacollector.deps.json" in args
TpTrace Verbose: 0 : 28704, 5, 2024/03/16, 07:41:07.218, 65781820603, vstest.console.dll, DotnetDataCollectionLauncher: Full path of dotnet.exe is C:\Program Files\dotnet\dotnet.exe
TpTrace Information: 0 : 28704, 5, 2024/03/16, 07:41:07.228, 65781925265, vstest.console.dll, ProxyDataCollectionManager.Initialize: Launched datacollector processId: 32984 port: 52008
TpTrace Information: 0 : 28704, 5, 2024/03/16, 07:41:07.228, 65781926299, vstest.console.dll, ProxyDataCollectionManager.Initialize: waiting for connection with timeout: 90 seconds
TpTrace Verbose: 0 : 28704, 5, 2024/03/16, 07:41:07.228, 65781926715, vstest.console.dll, DataCollectionRequestSender.WaitForRequestHandlerConnection : Waiting for connection with timeout: 90000
TpTrace Information: 0 : 28704, 7, 2024/03/16, 07:41:07.323, 65782875411, vstest.console.dll, Using the buffer size of 16384 bytes
TpTrace Verbose: 0 : 28704, 5, 2024/03/16, 07:41:07.323, 65782875583, vstest.console.dll, SocketCommunicationManager.WaitForClientConnection took: 94 ms, with 90000 ms timeout, and finished with True.
TpTrace Information: 0 : 28704, 7, 2024/03/16, 07:41:07.323, 65782876246, vstest.console.dll, Accepted Client request and set the flag
TpTrace Verbose: 0 : 28704, 5, 2024/03/16, 07:41:07.323, 65782876870, vstest.console.dll, ProxyDataCollectionManager.InvokeDataCollectionServiceAction: Starting.
TpTrace Information: 0 : 28704, 5, 2024/03/16, 07:41:07.323, 65782877310, vstest.console.dll, ProxyDataCollectionManager.BeforeTestRunStart: Get environment variable and port for datacollector processId: 32984 port: 52008
TpTrace Verbose: 0 : 28704, 5, 2024/03/16, 07:41:07.323, 65782877893, vstest.console.dll, DataCollectionRequestSender.SendBeforeTestRunStartAndGetResult: Send BeforeTestRunStart message with settingsXml <RunSettings><RunConfiguration><ResultsDirectory>C:\Users\petko\Downloads\RestSharpExercise\RestSharpExercise\TestGitHubApi\bin\Debug\net6.0\fine-code-coverage\coverage-tool-output</ResultsDirectory><TargetPlatform>X64</TargetPlatform><TargetFrameworkVersion>.NETCoreApp,Version=v6.0</TargetFrameworkVersion><DesignMode>False</DesignMode><CollectSourceInformation>False</CollectSourceInformation><TestAdaptersPaths>C:\Program Files\dotnet\sdk\8.0.100\Extensions</TestAdaptersPaths></RunConfiguration><LoggerRunSettings><Loggers><Logger friendlyName="blame" enabled="True" /><Logger friendlyName="Console" uri="logger://microsoft/TestPlatform/ConsoleLogger/v1" assemblyQualifiedName="Microsoft.VisualStudio.TestPlatform.CommandLine.Internal.ConsoleLogger, vstest.console, Version=15.0.0.0, Culture=neutral, PublicKeyToken=b03f5f7f11d50a3a" codeBase="C:\Program Files\dotnet\sdk\8.0.100\vstest.console.dll" enabled="True" /></Loggers></LoggerRunSettings><DataCollectionRunSettings><DataCollectors><DataCollector friendlyName="blame" enabled="True"><Configuration><ResultsDirectory>C:\Users\petko\Downloads\RestSharpExercise\RestSharpExercise\TestGitHubApi\bin\Debug\net6.0\fine-code-coverage\coverage-tool-output</ResultsDirectory></Configuration></DataCollector></DataCollectors></DataCollectionRunSettings></RunSettings> and sources System.Collections.Generic.List`1[System.String]: 
TpTrace Verbose: 0 : 28704, 5, 2024/03/16, 07:41:07.357, 65783214124, vstest.console.dll, DataCollectionRequestSender.SendBeforeTestRunStartAndGetResult: Received message: (DataCollection.SendMessage) -> {"MessageType":"DataCollection.SendMessage","Payload":{"FriendlyName":null,"Uri":null,"TestCaseId":"00000000-0000-0000-0000-000000000000","Message":"Logging DataCollector Diagnostics in file: C:\\Users\\petko\\Downloads\\RestSharpExercise\\RestSharpExercise\\TestGitHubApi\\bin\\Debug\\net6.0\\fine-code-coverage\\coverage-tool-output\\diagnostics.datacollector.24-03-16_07-41-07_21773_5.log","Level":0}}
TpTrace Verbose: 0 : 28704, 5, 2024/03/16, 07:41:07.403, 65783676205, vstest.console.dll, DataCollectionRequestSender.SendBeforeTestRunStartAndGetResult: Received message: (DataCollection.BeforeTestRunStartResult) -> {"MessageType":"DataCollection.BeforeTestRunStartResult","Payload":{"EnvironmentVariables":{},"DataCollectionEventsPort":52010}}
TpTrace Information: 0 : 28704, 5, 2024/03/16, 07:41:07.406, 65783708177, vstest.console.dll, ProxyDataCollectionManager.BeforeTestRunStart: SendBeforeTestRunStartAndGetResult successful, env variable from datacollector:   and testhost port: 52010
TpTrace Information: 0 : 28704, 5, 2024/03/16, 07:41:07.406, 65783708676, vstest.console.dll, ProxyDataCollectionManager.InvokeDataCollectionServiceAction: Completed.
TpTrace Verbose: 0 : 28704, 5, 2024/03/16, 07:41:07.406, 65783708871, vstest.console.dll, ParallelProxyExecutionManager.StartTestRunOnConcurrentManager: Initializing test run. Started clients: 0
TpTrace Verbose: 0 : 28704, 5, 2024/03/16, 07:41:07.406, 65783709265, vstest.console.dll, ProxyExecutionManager: Test host is always Lazy initialize.
TpTrace Verbose: 0 : 28704, 5, 2024/03/16, 07:41:07.407, 65783710247, vstest.console.dll, TestRequestSender.InitializeCommunication: initialize communication. 
TpTrace Information: 0 : 28704, 5, 2024/03/16, 07:41:07.407, 65783712659, vstest.console.dll, SocketServer.Start: Listening on endpoint : 127.0.0.1:52011
TpTrace Verbose: 0 : 28704, 5, 2024/03/16, 07:41:07.407, 65783718321, vstest.console.dll, DotnetTestHostmanager.GetTestHostProcessStartInfo: Platform environment 'X64' target architecture 'X64' framework '.NETCoreApp,Version=v6.0' OS 'Windows'
TpTrace Verbose: 0 : 28704, 5, 2024/03/16, 07:41:07.407, 65783719608, vstest.console.dll, DotnetTestHostmanager: Adding  --runtimeconfig "C:\Users\petko\Downloads\RestSharpExercise\RestSharpExercise\TestGitHubApi\bin\Debug\net6.0\fine-code-coverage\build-output\TestGitHubApi.runtimeconfig.json" in args
TpTrace Verbose: 0 : 28704, 5, 2024/03/16, 07:41:07.408, 65783720460, vstest.console.dll, DotnetTestHostmanager: Adding  --depsfile "C:\Users\petko\Downloads\RestSharpExercise\RestSharpExercise\TestGitHubApi\bin\Debug\net6.0\fine-code-coverage\build-output\TestGitHubApi.deps.json" in args
TpTrace Verbose: 0 : 28704, 5, 2024/03/16, 07:41:07.408, 65783721416, vstest.console.dll, DotnetTestHostmanager.IsWinOnArm: Current PROCESSOR_ARCHITECTURE from environment variable 'AMD64'
TpTrace Verbose: 0 : 28704, 5, 2024/03/16, 07:41:07.408, 65783721707, vstest.console.dll, DotnetTestHostmanager.IsWinOnArm: Is Windows on ARM 'False'
TpTrace Verbose: 0 : 28704, 5, 2024/03/16, 07:41:07.408, 65783722255, vstest.console.dll, DotnetTestHostManager: testhost.exe found at path: C:\Users\petko\Downloads\RestSharpExercise\RestSharpExercise\TestGitHubApi\bin\Debug\net6.0\fine-code-coverage\build-output\testhost.exe
TpTrace Verbose: 0 : 28704, 5, 2024/03/16, 07:41:07.408, 65783722440, vstest.console.dll, DotnetTestHostmanager: Full path of host exe is C:\Users\petko\Downloads\RestSharpExercise\RestSharpExercise\TestGitHubApi\bin\Debug\net6.0\fine-code-coverage\build-output\testhost.exe
TpTrace Verbose: 0 : 28704, 5, 2024/03/16, 07:41:07.408, 65783723276, vstest.console.dll, DotnetTestHostmanager.LaunchTestHostAsync: Found 'VSTEST_WINAPPHOST_DOTNET_ROOT' in env variables, value 'C:\Program Files\dotnet', forwarding to 'DOTNET_ROOT'
TpTrace Verbose: 0 : 28704, 5, 2024/03/16, 07:41:07.408, 65783724227, vstest.console.dll, DotnetTestHostManager: Starting process 'C:\Users\petko\Downloads\RestSharpExercise\RestSharpExercise\TestGitHubApi\bin\Debug\net6.0\fine-code-coverage\build-output\testhost.exe' with command line ' --runtimeconfig "C:\Users\petko\Downloads\RestSharpExercise\RestSharpExercise\TestGitHubApi\bin\Debug\net6.0\fine-code-coverage\build-output\TestGitHubApi.runtimeconfig.json" --depsfile "C:\Users\petko\Downloads\RestSharpExercise\RestSharpExercise\TestGitHubApi\bin\Debug\net6.0\fine-code-coverage\build-output\TestGitHubApi.deps.json" --port 52011 --endpoint 127.0.0.1:052011 --role client --parentprocessid 28704 --diag "C:\Users\petko\Downloads\RestSharpExercise\RestSharpExercise\TestGitHubApi\bin\Debug\net6.0\fine-code-coverage\coverage-tool-output\diagnostics.host.24-03-16_07-41-07_40748_5.log" --tracelevel 4 --datacollectionport 52010 --telemetryoptedin false'
TpTrace Verbose: 0 : 28704, 5, 2024/03/16, 07:41:07.421, 65783857771, vstest.console.dll, MulticastDelegateUtilities.SafeInvoke: HostProviderEvents.OnHostLaunched: Invoking callback 1/2 for Microsoft.VisualStudio.TestPlatform.CrossPlatEngine.Client.ProxyExecutionManagerWithDataCollection., took 0 ms.
TpTrace Verbose: 0 : 28704, 5, 2024/03/16, 07:41:07.422, 65783859777, vstest.console.dll, Test Runtime launched
TpTrace Verbose: 0 : 28704, 5, 2024/03/16, 07:41:07.422, 65783860355, vstest.console.dll, MulticastDelegateUtilities.SafeInvoke: HostProviderEvents.OnHostLaunched: Invoking callback 2/2 for Microsoft.VisualStudio.TestPlatform.CrossPlatEngine.Client.ProxyOperationManager., took 0 ms.
TpTrace Verbose: 0 : 28704, 5, 2024/03/16, 07:41:07.422, 65783861035, vstest.console.dll, TestRequestSender.WaitForRequestHandlerConnection: waiting for connection with timeout: 90000.
TpTrace Verbose: 0 : 28704, 7, 2024/03/16, 07:41:07.522, 65784868499, vstest.console.dll, MulticastDelegateUtilities.SafeInvoke: SocketServer: ClientConnected: Invoking callback 1/1 for Microsoft.VisualStudio.TestPlatform.CommunicationUtilities.TestRequestSender., took 0 ms.
TpTrace Verbose: 0 : 28704, 5, 2024/03/16, 07:41:07.522, 65784868498, vstest.console.dll, TestRequestSender.WaitForRequestHandlerConnection: waiting took 100 ms, with timeout 90000 ms, and result 0, which is success.
TpTrace Verbose: 0 : 28704, 7, 2024/03/16, 07:41:07.522, 65784869184, vstest.console.dll, SocketServer.OnClientConnected: Client connected for endPoint: 127.0.0.1:52011, starting MessageLoopAsync:
TpTrace Verbose: 0 : 28704, 7, 2024/03/16, 07:41:07.523, 65784875378, vstest.console.dll, TcpClientExtensions.MessageLoopAsync: Polling on remoteEndPoint: 127.0.0.1:52012 localEndPoint: 127.0.0.1:52011
TpTrace Verbose: 0 : 28704, 5, 2024/03/16, 07:41:07.523, 65784878827, vstest.console.dll, TestRequestSender.CheckVersionWithTestHost: Sending check version message: {"MessageType":"ProtocolVersion","Payload":7}
TpTrace Verbose: 0 : 28704, 7, 2024/03/16, 07:41:07.609, 65785732887, vstest.console.dll, TcpClientExtensions.MessageLoopAsync: NotifyDataAvailable remoteEndPoint: 127.0.0.1:52012 localEndPoint: 127.0.0.1:52011
TpTrace Verbose: 0 : 28704, 7, 2024/03/16, 07:41:07.609, 65785734566, vstest.console.dll, TestRequestSender.CheckVersionWithTestHost: onMessageReceived received message: (ProtocolVersion) -> {"MessageType":"ProtocolVersion","Payload":7}
TpTrace Verbose: 0 : 28704, 7, 2024/03/16, 07:41:07.609, 65785739417, vstest.console.dll, MulticastDelegateUtilities.SafeInvoke: LengthPrefixCommunicationChannel: MessageReceived: Invoking callback 1/1 for Microsoft.VisualStudio.TestPlatform.CommunicationUtilities.TestRequestSender+<>c__DisplayClass29_0., took 0 ms.
TpTrace Verbose: 0 : 28704, 7, 2024/03/16, 07:41:07.610, 65785739995, vstest.console.dll, TcpClientExtensions.MessageLoopAsync: Polling on remoteEndPoint: 127.0.0.1:52012 localEndPoint: 127.0.0.1:52011
TpTrace Verbose: 0 : 28704, 5, 2024/03/16, 07:41:07.610, 65785739930, vstest.console.dll, TestPluginCache.GetExtensionPaths: Filtered extension paths: 
TpTrace Verbose: 0 : 28704, 5, 2024/03/16, 07:41:07.610, 65785741127, vstest.console.dll, TestPluginCache.GetExtensionPaths: Added default extension paths: C:\Program Files\dotnet\sdk\8.0.100\Extensions\Microsoft.Diagnostics.NETCore.Client.dll
C:\Program Files\dotnet\sdk\8.0.100\Extensions\Microsoft.TestPlatform.Extensions.BlameDataCollector.dll
C:\Program Files\dotnet\sdk\8.0.100\Extensions\Microsoft.TestPlatform.Extensions.EventLogCollector.dll
C:\Program Files\dotnet\sdk\8.0.100\Extensions\Microsoft.TestPlatform.TestHostRuntimeProvider.dll
C:\Program Files\dotnet\sdk\8.0.100\Extensions\Microsoft.VisualStudio.TestPlatform.Extensions.Html.TestLogger.dll
C:\Program Files\dotnet\sdk\8.0.100\Extensions\Microsoft.VisualStudio.TestPlatform.Extensions.Trx.TestLogger.dll
TpTrace Verbose: 0 : 28704, 5, 2024/03/16, 07:41:07.610, 65785741869, vstest.console.dll, TestPluginCache.GetExtensionPaths: Added unfilterableExtensionPaths: 
TpTrace Verbose: 0 : 28704, 5, 2024/03/16, 07:41:07.612, 65785759857, vstest.console.dll, TestRequestSender.InitializeExecution: Sending initialize execution with message: {"Version":7,"MessageType":"TestExecution.Initialize","Payload":["C:\\Users\\petko\\Downloads\\RestSharpExercise\\RestSharpExercise\\TestGitHubApi\\bin\\Debug\\net6.0\\fine-code-coverage\\build-output\\NUnit3.TestAdapter.dll"]}
TpTrace Verbose: 0 : 28704, 5, 2024/03/16, 07:41:07.612, 65785760959, vstest.console.dll, ParallelProxyExecutionManager.StartTestRunOnConcurrentManager: Execution starting. Started clients: 1
TpTrace Verbose: 0 : 28704, 5, 2024/03/16, 07:41:07.612, 65785762376, vstest.console.dll, TestRunRequest:SendTestRunMessage: Starting.
TpTrace Verbose: 0 : 28704, 5, 2024/03/16, 07:41:07.612, 65785763171, vstest.console.dll, MulticastDelegateUtilities.SafeInvoke: TestRun.LogMessages: Invoking callback 1/1 for Microsoft.VisualStudio.TestPlatform.CommandLine.TestRunResultAggregator., took 0 ms.
TpTrace Information: 0 : 28704, 5, 2024/03/16, 07:41:07.612, 65785763393, vstest.console.dll, TestRunRequest:SendTestRunMessage: Completed.
TpTrace Verbose: 0 : 28704, 4, 2024/03/16, 07:41:07.612, 65785764507, vstest.console.dll, MulticastDelegateUtilities.SafeInvoke: InternalTestLoggerEvents.SendTestRunMessage: Invoking callback 1/1 for Microsoft.VisualStudio.TestPlatform.CommandLine.Internal.ConsoleLogger., took 0 ms.
TpTrace Warning: 0 : 28704, 5, 2024/03/16, 07:41:07.612, 65785765353, vstest.console.dll, InferRunSettingsHelper.MakeRunsettingsCompatible: Removing the following settings: TargetPlatform from RunSettings file. To use those settings please move to latest version of Microsoft.NET.Test.Sdk
TpTrace Verbose: 0 : 28704, 7, 2024/03/16, 07:41:07.612, 65785766560, vstest.console.dll, TcpClientExtensions.MessageLoopAsync: NotifyDataAvailable remoteEndPoint: 127.0.0.1:52012 localEndPoint: 127.0.0.1:52011
TpTrace Verbose: 0 : 28704, 7, 2024/03/16, 07:41:07.612, 65785767000, vstest.console.dll, LengthPrefixCommunicationChannel.NotifyDataAvailable: New data are waiting to be received, but there is no subscriber to be notified. Not reading them from the stream.
TpTrace Verbose: 0 : 28704, 7, 2024/03/16, 07:41:07.612, 65785767275, vstest.console.dll, TcpClientExtensions.MessageLoopAsync: Polling on remoteEndPoint: 127.0.0.1:52012 localEndPoint: 127.0.0.1:52011
TpTrace Verbose: 0 : 28704, 7, 2024/03/16, 07:41:07.612, 65785767462, vstest.console.dll, TcpClientExtensions.MessageLoopAsync: NotifyDataAvailable remoteEndPoint: 127.0.0.1:52012 localEndPoint: 127.0.0.1:52011
TpTrace Verbose: 0 : 28704, 7, 2024/03/16, 07:41:07.612, 65785769432, vstest.console.dll, TestRequestSender.OnExecutionMessageReceived: Received message: {"Version":7,"MessageType":"TestSession.Message","Payload":{"MessageLevel":0,"Message":"Logging TestHost Diagnostics in file: C:\\Users\\petko\\Downloads\\RestSharpExercise\\RestSharpExercise\\TestGitHubApi\\bin\\Debug\\net6.0\\fine-code-coverage\\coverage-tool-output\\diagnostics.host.24-03-16_07-41-07_40748_5.log"}}
TpTrace Verbose: 0 : 28704, 7, 2024/03/16, 07:41:07.614, 65785786205, vstest.console.dll, TestRunRequest:SendTestRunMessage: Starting.
TpTrace Verbose: 0 : 28704, 7, 2024/03/16, 07:41:07.614, 65785786885, vstest.console.dll, MulticastDelegateUtilities.SafeInvoke: TestRun.LogMessages: Invoking callback 1/1 for Microsoft.VisualStudio.TestPlatform.CommandLine.TestRunResultAggregator., took 0 ms.
TpTrace Verbose: 0 : 28704, 4, 2024/03/16, 07:41:07.614, 65785786959, vstest.console.dll, MulticastDelegateUtilities.SafeInvoke: InternalTestLoggerEvents.SendTestRunMessage: Invoking callback 1/1 for Microsoft.VisualStudio.TestPlatform.CommandLine.Internal.ConsoleLogger., took 0 ms.
TpTrace Information: 0 : 28704, 7, 2024/03/16, 07:41:07.614, 65785787077, vstest.console.dll, TestRunRequest:SendTestRunMessage: Completed.
TpTrace Verbose: 0 : 28704, 7, 2024/03/16, 07:41:07.614, 65785787930, vstest.console.dll, MulticastDelegateUtilities.SafeInvoke: LengthPrefixCommunicationChannel: MessageReceived: Invoking callback 1/1 for Microsoft.VisualStudio.TestPlatform.CommunicationUtilities.TestRequestSender+<>c__DisplayClass34_0., took 2 ms.
TpTrace Verbose: 0 : 28704, 7, 2024/03/16, 07:41:07.614, 65785788153, vstest.console.dll, TcpClientExtensions.MessageLoopAsync: Polling on remoteEndPoint: 127.0.0.1:52012 localEndPoint: 127.0.0.1:52011
TpTrace Verbose: 0 : 28704, 5, 2024/03/16, 07:41:07.616, 65785807606, vstest.console.dll, TestRequestSender.StartTestRun: Sending test run with message: {"Version":7,"MessageType":"TestExecution.StartWithSources","Payload":{"AdapterSourceMap":{"_none_":["C:\\Users\\petko\\Downloads\\RestSharpExercise\\RestSharpExercise\\TestGitHubApi\\bin\\Debug\\net6.0\\fine-code-coverage\\build-output\\TestGitHubApi.dll"]},"RunSettings":"<RunSettings>\r\n  <RunConfiguration>\r\n    <ResultsDirectory>C:\\Users\\petko\\Downloads\\RestSharpExercise\\RestSharpExercise\\TestGitHubApi\\bin\\Debug\\net6.0\\fine-code-coverage\\coverage-tool-output</ResultsDirectory>\r\n    <TargetFrameworkVersion>.NETCoreApp,Version=v6.0</TargetFrameworkVersion>\r\n    <DesignMode>False</DesignMode>\r\n    <CollectSourceInformation>False</CollectSourceInformation>\r\n  </RunConfiguration>\r\n  <LoggerRunSettings>\r\n    <Loggers>\r\n      <Logger friendlyName=\"blame\" enabled=\"True\" />\r\n      <Logger friendlyName=\"Console\" uri=\"logger://microsoft/TestPlatform/ConsoleLogger/v1\" assemblyQualifiedName=\"Microsoft.VisualStudio.TestPlatform.CommandLine.Internal.ConsoleLogger, vstest.console, Version=15.0.0.0, Culture=neutral, PublicKeyToken=b03f5f7f11d50a3a\" codeBase=\"C:\\Program Files\\dotnet\\sdk\\8.0.100\\vstest.console.dll\" enabled=\"True\" />\r\n    </Loggers>\r\n  </LoggerRunSettings>\r\n  <DataCollectionRunSettings>\r\n    <DataCollectors>\r\n      <DataCollector friendlyName=\"blame\" enabled=\"True\">\r\n        <Configuration>\r\n          <ResultsDirectory>C:\\Users\\petko\\Downloads\\RestSharpExercise\\RestSharpExercise\\TestGitHubApi\\bin\\Debug\\net6.0\\fine-code-coverage\\coverage-tool-output</ResultsDirectory>\r\n        </Configuration>\r\n      </DataCollector>\r\n    </DataCollectors>\r\n  </DataCollectionRunSettings>\r\n</RunSettings>","TestExecutionContext":{"FrequencyOfRunStatsChangeEvent":10,"RunStatsChangeEventTimeout":"00:00:01.5000000","InIsolation":false,"KeepAlive":false,"AreTestCaseLevelEventsRequired":false,"IsDebug":false,"TestCaseFilter":null,"FilterOptions":null},"Package":null}}
TpTrace Verbose: 0 : 28704, 5, 2024/03/16, 07:41:07.616, 65785808454, vstest.console.dll, ParallelProxyExecutionManager.StartTestRunOnConcurrentManager: Execution started. Started clients: 1
TpTrace Verbose: 0 : 28704, 7, 2024/03/16, 07:41:07.724, 65786887837, vstest.console.dll, TcpClientExtensions.MessageLoopAsync: NotifyDataAvailable remoteEndPoint: 127.0.0.1:52012 localEndPoint: 127.0.0.1:52011
TpTrace Verbose: 0 : 28704, 7, 2024/03/16, 07:41:07.724, 65786888905, vstest.console.dll, TestRequestSender.OnExecutionMessageReceived: Received message: {"Version":7,"MessageType":"TestSession.Message","Payload":{"MessageLevel":0,"Message":"NUnit Adapter 4.4.0.0: Test execution started"}}
TpTrace Verbose: 0 : 28704, 7, 2024/03/16, 07:41:07.725, 65786890087, vstest.console.dll, TestRunRequest:SendTestRunMessage: Starting.
TpTrace Verbose: 0 : 28704, 7, 2024/03/16, 07:41:07.725, 65786890508, vstest.console.dll, MulticastDelegateUtilities.SafeInvoke: TestRun.LogMessages: Invoking callback 1/1 for Microsoft.VisualStudio.TestPlatform.CommandLine.TestRunResultAggregator., took 0 ms.
TpTrace Information: 0 : 28704, 7, 2024/03/16, 07:41:07.725, 65786890665, vstest.console.dll, TestRunRequest:SendTestRunMessage: Completed.
TpTrace Verbose: 0 : 28704, 7, 2024/03/16, 07:41:07.725, 65786890798, vstest.console.dll, MulticastDelegateUtilities.SafeInvoke: LengthPrefixCommunicationChannel: MessageReceived: Invoking callback 1/1 for Microsoft.VisualStudio.TestPlatform.CommunicationUtilities.TestRequestSender+<>c__DisplayClass34_0., took 0 ms.
TpTrace Verbose: 0 : 28704, 4, 2024/03/16, 07:41:07.725, 65786891094, vstest.console.dll, MulticastDelegateUtilities.SafeInvoke: InternalTestLoggerEvents.SendTestRunMessage: Invoking callback 1/1 for Microsoft.VisualStudio.TestPlatform.CommandLine.Internal.ConsoleLogger., took 0 ms.
TpTrace Verbose: 0 : 28704, 7, 2024/03/16, 07:41:07.725, 65786891231, vstest.console.dll, TcpClientExtensions.MessageLoopAsync: Polling on remoteEndPoint: 127.0.0.1:52012 localEndPoint: 127.0.0.1:52011
TpTrace Verbose: 0 : 28704, 7, 2024/03/16, 07:41:07.742, 65787069273, vstest.console.dll, TcpClientExtensions.MessageLoopAsync: NotifyDataAvailable remoteEndPoint: 127.0.0.1:52012 localEndPoint: 127.0.0.1:52011
TpTrace Verbose: 0 : 28704, 7, 2024/03/16, 07:41:07.743, 65787070129, vstest.console.dll, TestRequestSender.OnExecutionMessageReceived: Received message: {"Version":7,"MessageType":"TestSession.Message","Payload":{"MessageLevel":0,"Message":"Running all tests in C:\\Users\\petko\\Downloads\\RestSharpExercise\\RestSharpExercise\\TestGitHubApi\\bin\\Debug\\net6.0\\fine-code-coverage\\build-output\\TestGitHubApi.dll"}}
TpTrace Verbose: 0 : 28704, 7, 2024/03/16, 07:41:07.743, 65787070818, vstest.console.dll, TestRunRequest:SendTestRunMessage: Starting.
TpTrace Verbose: 0 : 28704, 7, 2024/03/16, 07:41:07.743, 65787071109, vstest.console.dll, MulticastDelegateUtilities.SafeInvoke: TestRun.LogMessages: Invoking callback 1/1 for Microsoft.VisualStudio.TestPlatform.CommandLine.TestRunResultAggregator., took 0 ms.
TpTrace Information: 0 : 28704, 7, 2024/03/16, 07:41:07.743, 65787071264, vstest.console.dll, TestRunRequest:SendTestRunMessage: Completed.
TpTrace Verbose: 0 : 28704, 4, 2024/03/16, 07:41:07.743, 65787071311, vstest.console.dll, MulticastDelegateUtilities.SafeInvoke: InternalTestLoggerEvents.SendTestRunMessage: Invoking callback 1/1 for Microsoft.VisualStudio.TestPlatform.CommandLine.Internal.ConsoleLogger., took 0 ms.
TpTrace Verbose: 0 : 28704, 7, 2024/03/16, 07:41:07.743, 65787071401, vstest.console.dll, MulticastDelegateUtilities.SafeInvoke: LengthPrefixCommunicationChannel: MessageReceived: Invoking callback 1/1 for Microsoft.VisualStudio.TestPlatform.CommunicationUtilities.TestRequestSender+<>c__DisplayClass34_0., took 0 ms.
TpTrace Verbose: 0 : 28704, 7, 2024/03/16, 07:41:07.743, 65787071909, vstest.console.dll, TcpClientExtensions.MessageLoopAsync: Polling on remoteEndPoint: 127.0.0.1:52012 localEndPoint: 127.0.0.1:52011
TpTrace Verbose: 0 : 28704, 7, 2024/03/16, 07:41:08.238, 65792023131, vstest.console.dll, TcpClientExtensions.MessageLoopAsync: NotifyDataAvailable remoteEndPoint: 127.0.0.1:52012 localEndPoint: 127.0.0.1:52011
TpTrace Verbose: 0 : 28704, 7, 2024/03/16, 07:41:08.238, 65792024540, vstest.console.dll, TestRequestSender.OnExecutionMessageReceived: Received message: {"Version":7,"MessageType":"TestSession.Message","Payload":{"MessageLevel":0,"Message":"   NUnit3TestExecutor discovered 9 of 9 NUnit test cases using Current Discovery mode, Non-Explicit run"}}
TpTrace Verbose: 0 : 28704, 7, 2024/03/16, 07:41:08.238, 65792025575, vstest.console.dll, TestRunRequest:SendTestRunMessage: Starting.
TpTrace Verbose: 0 : 28704, 7, 2024/03/16, 07:41:08.238, 65792025966, vstest.console.dll, MulticastDelegateUtilities.SafeInvoke: TestRun.LogMessages: Invoking callback 1/1 for Microsoft.VisualStudio.TestPlatform.CommandLine.TestRunResultAggregator., took 0 ms.
TpTrace Information: 0 : 28704, 7, 2024/03/16, 07:41:08.238, 65792026140, vstest.console.dll, TestRunRequest:SendTestRunMessage: Completed.
TpTrace Verbose: 0 : 28704, 7, 2024/03/16, 07:41:08.238, 65792026324, vstest.console.dll, MulticastDelegateUtilities.SafeInvoke: LengthPrefixCommunicationChannel: MessageReceived: Invoking callback 1/1 for Microsoft.VisualStudio.TestPlatform.CommunicationUtilities.TestRequestSender+<>c__DisplayClass34_0., took 0 ms.
TpTrace Verbose: 0 : 28704, 7, 2024/03/16, 07:41:08.238, 65792026487, vstest.console.dll, TcpClientExtensions.MessageLoopAsync: Polling on remoteEndPoint: 127.0.0.1:52012 localEndPoint: 127.0.0.1:52011
TpTrace Verbose: 0 : 28704, 4, 2024/03/16, 07:41:08.238, 65792027317, vstest.console.dll, MulticastDelegateUtilities.SafeInvoke: InternalTestLoggerEvents.SendTestRunMessage: Invoking callback 1/1 for Microsoft.VisualStudio.TestPlatform.CommandLine.Internal.ConsoleLogger., took 0 ms.
TpTrace Verbose: 0 : 28704, 7, 2024/03/16, 07:41:09.190, 65801545344, vstest.console.dll, TcpClientExtensions.MessageLoopAsync: NotifyDataAvailable remoteEndPoint: 127.0.0.1:52012 localEndPoint: 127.0.0.1:52011
TpTrace Verbose: 0 : 28704, 7, 2024/03/16, 07:41:09.190, 65801547346, vstest.console.dll, TestRequestSender.OnExecutionMessageReceived: Received message: {"Version":7,"MessageType":"TestExecution.StatsChange","Payload":{"NewTestResults":[{"TestCase":{"Id":"ad0ee1ca-f1d8-3e4c-9a49-7e5b44071485","FullyQualifiedName":"TestGitHubApi.TestGitHubApi.Test_GetAllIssuesFromARepo","DisplayName":"Test_GetAllIssuesFromARepo","ExecutorUri":"executor://NUnit3TestExecutor","Source":"C:\\Users\\petko\\Downloads\\RestSharpExercise\\RestSharpExercise\\TestGitHubApi\\bin\\Debug\\net6.0\\fine-code-coverage\\build-output\\TestGitHubApi.dll","CodeFilePath":null,"LineNumber":0,"Properties":[{"Key":{"Id":"NUnit.Seed","Label":"Seed","Category":"","Description":"","Attributes":0,"ValueType":"System.String"},"Value":"1255715082"}]},"Attachments":[],"Outcome":2,"ErrorMessage":"System.Text.Json.JsonException : The JSON value could not be converted to System.Collections.Generic.List`1[RestSharpServices.Models.Issue]. Path: $ | LineNumber: 0 | BytePositionInLine: 1.","ErrorStackTrace":"   at System.Text.Json.ThrowHelper.ThrowJsonException_DeserializeUnableToConvertValue(Type propertyType)\r\n   at System.Text.Json.Serialization.JsonCollectionConverter`2.OnTryRead(Utf8JsonReader& reader, Type typeToConvert, JsonSerializerOptions options, ReadStack& state, TCollection& value)\r\n   at System.Text.Json.Serialization.JsonConverter`1.TryRead(Utf8JsonReader& reader, Type typeToConvert, JsonSerializerOptions options, ReadStack& state, T& value)\r\n   at System.Text.Json.Serialization.JsonConverter`1.ReadCore(Utf8JsonReader& reader, JsonSerializerOptions options, ReadStack& state)\r\n   at System.Text.Json.JsonSerializer.ReadFromSpan[TValue](ReadOnlySpan`1 utf8Json, JsonTypeInfo jsonTypeInfo, Nullable`1 actualByteCount)\r\n   at System.Text.Json.JsonSerializer.ReadFromSpan[TValue](ReadOnlySpan`1 json, JsonTypeInfo jsonTypeInfo)\r\n   at System.Text.Json.JsonSerializer.Deserialize[TValue](String json, JsonSerializerOptions options)\r\n   at RestSharpServices.GitHubApiClient.GetAllIssues(String repo) in C:\\Users\\petko\\Downloads\\RestSharpExercise\\RestSharpExercise\\RestSharpServices\\RestSharpServices.cs:line 29\r\n   at TestGitHubApi.TestGitHubApi.Test_GetAllIssuesFromARepo() in C:\\Users\\petko\\Downloads\\RestSharpExercise\\RestSharpExercise\\TestGitHubApi\\TestGitHubApi.cs:line 31\n","DisplayName":"Test_GetAllIssuesFromARepo","Messages":[],"ComputerName":"KONSTANTIN","Duration":"00:00:00.7291820","StartTime":"2024-03-16T07:41:08.2522404+00:00","EndTime":"2024-03-16T07:41:08.9813882+00:00","Properties":[{"Key":{"Id":"NUnit.Seed","Label":"Seed","Category":"","Description":"","Attributes":0,"ValueType":"System.String"},"Value":"1255715082"}]}],"TestRunStatistics":{"ExecutedTests":1,"Stats":{"Failed":1}},"ActiveTests":[{"Id":"52f4ea97-c28b-3ae4-5d25-e2f64d5064f4","FullyQualifiedName":"TestGitHubApi.TestGitHubApi.Test_GetIssueByValidNumber","DisplayName":"Test_GetIssueByValidNumber","ExecutorUri":"executor://NUnit3TestExecutor","Source":"C:\\Users\\petko\\Downloads\\RestSharpExercise\\RestSharpExercise\\TestGitHubApi\\bin\\Debug\\net6.0\\fine-code-coverage\\build-output\\TestGitHubApi.dll","CodeFilePath":null,"LineNumber":0,"Properties":[{"Key":{"Id":"NUnit.Seed","Label":"Seed","Category":"","Description":"","Attributes":0,"ValueType":"System.String"},"Value":"677627323"}]}]}}
TpTrace Verbose: 0 : 28704, 7, 2024/03/16, 07:41:09.203, 65801673698, vstest.console.dll, TestRunRequest:SendTestRunStatsChange: Starting.
TpTrace Verbose: 0 : 28704, 7, 2024/03/16, 07:41:09.203, 65801674452, vstest.console.dll, InProgress is Test_GetIssueByValidNumber
TpTrace Verbose: 0 : 28704, 7, 2024/03/16, 07:41:09.203, 65801675417, vstest.console.dll, MulticastDelegateUtilities.SafeInvoke: TestRun.RunStatsChanged: Invoking callbacks was skipped because there are no subscribers.
TpTrace Information: 0 : 28704, 7, 2024/03/16, 07:41:09.203, 65801675730, vstest.console.dll, TestRunRequest:SendTestRunStatsChange: Completed.
TpTrace Verbose: 0 : 28704, 7, 2024/03/16, 07:41:09.203, 65801675940, vstest.console.dll, MulticastDelegateUtilities.SafeInvoke: LengthPrefixCommunicationChannel: MessageReceived: Invoking callback 1/1 for Microsoft.VisualStudio.TestPlatform.CommunicationUtilities.TestRequestSender+<>c__DisplayClass34_0., took 12 ms.
TpTrace Verbose: 0 : 28704, 7, 2024/03/16, 07:41:09.203, 65801676187, vstest.console.dll, TcpClientExtensions.MessageLoopAsync: Polling on remoteEndPoint: 127.0.0.1:52012 localEndPoint: 127.0.0.1:52011
TpTrace Verbose: 0 : 28704, 4, 2024/03/16, 07:41:09.204, 65801687001, vstest.console.dll, MulticastDelegateUtilities.SafeInvoke: InternalTestLoggerEvents.SendTestResult: Invoking callback 1/1 for Microsoft.VisualStudio.TestPlatform.CommandLine.Internal.ConsoleLogger., took 1 ms.
TpTrace Verbose: 0 : 28704, 7, 2024/03/16, 07:41:09.962, 65809260381, vstest.console.dll, TcpClientExtensions.MessageLoopAsync: NotifyDataAvailable remoteEndPoint: 127.0.0.1:52012 localEndPoint: 127.0.0.1:52011
TpTrace Verbose: 0 : 28704, 7, 2024/03/16, 07:41:09.962, 65809261958, vstest.console.dll, TestRequestSender.OnExecutionMessageReceived: Received message: {"Version":7,"MessageType":"TestSession.Message","Payload":{"MessageLevel":0,"Message":"NUnit Adapter 4.4.0.0: Test execution complete"}}
TpTrace Verbose: 0 : 28704, 7, 2024/03/16, 07:41:09.962, 65809262944, vstest.console.dll, TestRunRequest:SendTestRunMessage: Starting.
TpTrace Verbose: 0 : 28704, 7, 2024/03/16, 07:41:09.962, 65809263399, vstest.console.dll, MulticastDelegateUtilities.SafeInvoke: TestRun.LogMessages: Invoking callback 1/1 for Microsoft.VisualStudio.TestPlatform.CommandLine.TestRunResultAggregator., took 0 ms.
TpTrace Information: 0 : 28704, 7, 2024/03/16, 07:41:09.962, 65809263613, vstest.console.dll, TestRunRequest:SendTestRunMessage: Completed.
TpTrace Verbose: 0 : 28704, 7, 2024/03/16, 07:41:09.962, 65809263755, vstest.console.dll, MulticastDelegateUtilities.SafeInvoke: LengthPrefixCommunicationChannel: MessageReceived: Invoking callback 1/1 for Microsoft.VisualStudio.TestPlatform.CommunicationUtilities.TestRequestSender+<>c__DisplayClass34_0., took 0 ms.
TpTrace Verbose: 0 : 28704, 7, 2024/03/16, 07:41:09.962, 65809263912, vstest.console.dll, TcpClientExtensions.MessageLoopAsync: Polling on remoteEndPoint: 127.0.0.1:52012 localEndPoint: 127.0.0.1:52011
TpTrace Verbose: 0 : 28704, 4, 2024/03/16, 07:41:09.962, 65809264276, vstest.console.dll, MulticastDelegateUtilities.SafeInvoke: InternalTestLoggerEvents.SendTestRunMessage: Invoking callback 1/1 for Microsoft.VisualStudio.TestPlatform.CommandLine.Internal.ConsoleLogger., took 0 ms.
TpTrace Verbose: 0 : 28704, 7, 2024/03/16, 07:41:09.973, 65809371787, vstest.console.dll, TcpClientExtensions.MessageLoopAsync: NotifyDataAvailable remoteEndPoint: 127.0.0.1:52012 localEndPoint: 127.0.0.1:52011
TpTrace Verbose: 0 : 28704, 7, 2024/03/16, 07:41:09.973, 65809373981, vstest.console.dll, TestRequestSender.OnExecutionMessageReceived: Received message: {"Version":7,"MessageType":"TestExecution.Completed","Payload":{"TestRunCompleteArgs":{"TestRunStatistics":{"ExecutedTests":9,"Stats":{"Failed":6,"Passed":3}},"IsCanceled":false,"IsAborted":false,"Error":null,"AttachmentSets":[],"InvokedDataCollectors":[],"ElapsedTimeInRunningTests":"00:00:02.2548129","Metrics":{},"DiscoveredExtensions":{"TestDiscoverers":["NUnit.VisualStudio.TestAdapter.NUnit3TestDiscoverer, NUnit3.TestAdapter, Version=4.4.0.0, Culture=neutral, PublicKeyToken=4cb40d35494691ac"],"TestExecutors":["executor://NUnit3TestExecutor"],"TestExecutors2":[],"TestSettingsProviders":[]}},"LastRunTests":{"NewTestResults":[{"TestCase":{"Id":"52f4ea97-c28b-3ae4-5d25-e2f64d5064f4","FullyQualifiedName":"TestGitHubApi.TestGitHubApi.Test_GetIssueByValidNumber","DisplayName":"Test_GetIssueByValidNumber","ExecutorUri":"executor://NUnit3TestExecutor","Source":"C:\\Users\\petko\\Downloads\\RestSharpExercise\\RestSharpExercise\\TestGitHubApi\\bin\\Debug\\net6.0\\fine-code-coverage\\build-output\\TestGitHubApi.dll","CodeFilePath":null,"LineNumber":0,"Properties":[{"Key":{"Id":"NUnit.Seed","Label":"Seed","Category":"","Description":"","Attributes":0,"ValueType":"System.String"},"Value":"677627323"}]},"Attachments":[],"Outcome":2,"ErrorMessage":"  Issue ID should be greater than 0.\r\n  Expected: greater than 0\r\n  But was:  0\r\n","ErrorStackTrace":"   at TestGitHubApi.TestGitHubApi.Test_GetIssueByValidNumber() in C:\\Users\\petko\\Downloads\\RestSharpExercise\\RestSharpExercise\\TestGitHubApi\\TestGitHubApi.cs:line 49\r\n\n1)    at TestGitHubApi.TestGitHubApi.Test_GetIssueByValidNumber() in C:\\Users\\petko\\Downloads\\RestSharpExercise\\RestSharpExercise\\TestGitHubApi\\TestGitHubApi.cs:line 49\r\n\n","DisplayName":"Test_GetIssueByValidNumber","Messages":[],"ComputerName":"KONSTANTIN","Duration":"00:00:00.2055190","StartTime":"2024-03-16T07:41:08.9821881+00:00","EndTime":"2024-03-16T07:41:09.1877066+00:00","Properties":[{"Key":{"Id":"NUnit.Seed","Label":"Seed","Category":"","Description":"","Attributes":0,"ValueType":"System.String"},"Value":"677627323"}]},{"TestCase":{"Id":"8d3912ce-81a1-e4ee-19e5-78e1f97f9559","FullyQualifiedName":"TestGitHubApi.TestGitHubApi.Test_GetAllLabelsForIssue","DisplayName":"Test_GetAllLabelsForIssue","ExecutorUri":"executor://NUnit3TestExecutor","Source":"C:\\Users\\petko\\Downloads\\RestSharpExercise\\RestSharpExercise\\TestGitHubApi\\bin\\Debug\\net6.0\\fine-code-coverage\\build-output\\TestGitHubApi.dll","CodeFilePath":null,"LineNumber":0,"Properties":[{"Key":{"Id":"NUnit.Seed","Label":"Seed","Category":"","Description":"","Attributes":0,"ValueType":"System.String"},"Value":"893922589"}]},"Attachments":[],"Outcome":2,"ErrorMessage":"System.Text.Json.JsonException : The JSON value could not be converted to System.Collections.Generic.List`1[RestSharpServices.Models.Comment]. Path: $ | LineNumber: 0 | BytePositionInLine: 1.","ErrorStackTrace":"   at System.Text.Json.ThrowHelper.ThrowJsonException_DeserializeUnableToConvertValue(Type propertyType)\r\n   at System.Text.Json.Serialization.JsonCollectionConverter`2.OnTryRead(Utf8JsonReader& reader, Type typeToConvert, JsonSerializerOptions options, ReadStack& state, TCollection& value)\r\n   at System.Text.Json.Serialization.JsonConverter`1.TryRead(Utf8JsonReader& reader, Type typeToConvert, JsonSerializerOptions options, ReadStack& state, T& value)\r\n   at System.Text.Json.Serialization.JsonConverter`1.ReadCore(Utf8JsonReader& reader, JsonSerializerOptions options, ReadStack& state)\r\n   at System.Text.Json.JsonSerializer.ReadFromSpan[TValue](ReadOnlySpan`1 utf8Json, JsonTypeInfo jsonTypeInfo, Nullable`1 actualByteCount)\r\n   at System.Text.Json.JsonSerializer.ReadFromSpan[TValue](ReadOnlySpan`1 json, JsonTypeInfo jsonTypeInfo)\r\n   at System.Text.Json.JsonSerializer.Deserialize[TValue](String json, JsonSerializerOptions options)\r\n   at RestSharpServices.GitHubApiClient.GetAllLabelsForIssue(String repo, Int32 issueNumber) in C:\\Users\\petko\\Downloads\\RestSharpExercise\\RestSharpExercise\\RestSharpServices\\RestSharpServices.cs:line 53\r\n   at TestGitHubApi.TestGitHubApi.Test_GetAllLabelsForIssue() in C:\\Users\\petko\\Downloads\\RestSharpExercise\\RestSharpExercise\\TestGitHubApi\\TestGitHubApi.cs:line 58\n","DisplayName":"Test_GetAllLabelsForIssue","Messages":[],"ComputerName":"KONSTANTIN","Duration":"00:00:00.2061890","StartTime":"2024-03-16T07:41:09.1877353+00:00","EndTime":"2024-03-16T07:41:09.393924+00:00","Properties":[{"Key":{"Id":"NUnit.Seed","Label":"Seed","Category":"","Description":"","Attributes":0,"ValueType":"System.String"},"Value":"893922589"}]},{"TestCase":{"Id":"514e4e9f-ae63-d219-cf76-ede45df8627b","FullyQualifiedName":"TestGitHubApi.TestGitHubApi.Test_GetAllCommentsForIssue","DisplayName":"Test_GetAllCommentsForIssue","ExecutorUri":"executor://NUnit3TestExecutor","Source":"C:\\Users\\petko\\Downloads\\RestSharpExercise\\RestSharpExercise\\TestGitHubApi\\bin\\Debug\\net6.0\\fine-code-coverage\\build-output\\TestGitHubApi.dll","CodeFilePath":null,"LineNumber":0,"Properties":[{"Key":{"Id":"NUnit.Seed","Label":"Seed","Category":"","Description":"","Attributes":0,"ValueType":"System.String"},"Value":"1558561944"}]},"Attachments":[],"Outcome":2,"ErrorMessage":"System.Text.Json.JsonException : The JSON value could not be converted to System.Collections.Generic.List`1[RestSharpServices.Models.Comment]. Path: $ | LineNumber: 0 | BytePositionInLine: 1.","ErrorStackTrace":"   at System.Text.Json.ThrowHelper.ThrowJsonException_DeserializeUnableToConvertValue(Type propertyType)\r\n   at System.Text.Json.Serialization.JsonCollectionConverter`2.OnTryRead(Utf8JsonReader& reader, Type typeToConvert, JsonSerializerOptions options, ReadStack& state, TCollection& value)\r\n   at System.Text.Json.Serialization.JsonConverter`1.TryRead(Utf8JsonReader& reader, Type typeToConvert, JsonSerializerOptions options, ReadStack& state, T& value)\r\n   at System.Text.Json.Serialization.JsonConverter`1.ReadCore(Utf8JsonReader& reader, JsonSerializerOptions options, ReadStack& state)\r\n   at System.Text.Json.JsonSerializer.ReadFromSpan[TValue](ReadOnlySpan`1 utf8Json, JsonTypeInfo jsonTypeInfo, Nullable`1 actualByteCount)\r\n   at System.Text.Json.JsonSerializer.ReadFromSpan[TValue](ReadOnlySpan`1 json, JsonTypeInfo jsonTypeInfo)\r\n   at System.Text.Json.JsonSerializer.Deserialize[TValue](String json, JsonSerializerOptions options)\r\n   at RestSharpServices.GitHubApiClient.GetAllCommentsForIssue(String repo, Int32 issueNumber) in C:\\Users\\petko\\Downloads\\RestSharpExercise\\RestSharpExercise\\RestSharpServices\\RestSharpServices.cs:line 61\r\n   at TestGitHubApi.TestGitHubApi.Test_GetAllCommentsForIssue() in C:\\Users\\petko\\Downloads\\RestSharpExercise\\RestSharpExercise\\TestGitHubApi\\TestGitHubApi.cs:line 77\n","DisplayName":"Test_GetAllCommentsForIssue","Messages":[],"ComputerName":"KONSTANTIN","Duration":"00:00:00.1861900","StartTime":"2024-03-16T07:41:09.3939459+00:00","EndTime":"2024-03-16T07:41:09.5801356+00:00","Properties":[{"Key":{"Id":"NUnit.Seed","Label":"Seed","Category":"","Description":"","Attributes":0,"ValueType":"System.String"},"Value":"1558561944"}]},{"TestCase":{"Id":"1e28e6d2-0768-a909-90d7-d89d27a53ba4","FullyQualifiedName":"TestGitHubApi.TestGitHubApi.Test_CreateGitHubIssue","DisplayName":"Test_CreateGitHubIssue","ExecutorUri":"executor://NUnit3TestExecutor","Source":"C:\\Users\\petko\\Downloads\\RestSharpExercise\\RestSharpExercise\\TestGitHubApi\\bin\\Debug\\net6.0\\fine-code-coverage\\build-output\\TestGitHubApi.dll","CodeFilePath":null,"LineNumber":0,"Properties":[{"Key":{"Id":"NUnit.Seed","Label":"Seed","Category":"","Description":"","Attributes":0,"ValueType":"System.String"},"Value":"1940910324"}]},"Attachments":[],"Outcome":2,"ErrorMessage":"Multiple failures or warnings in test:\r\n  1)   The new issue should have ID\r\n  Expected: greater than 0\r\n  But was:  0\r\n\r\n  2)   Expected: greater than 0\r\n  But was:  0\r\n\r\n  3)   Expected: \"New Issue\"\r\n  But was:  null\r\n\r\n","ErrorStackTrace":"   at TestGitHubApi.TestGitHubApi.Test_CreateGitHubIssue() in C:\\Users\\petko\\Downloads\\RestSharpExercise\\RestSharpExercise\\TestGitHubApi\\TestGitHubApi.cs:line 97\r\n\n1)    at TestGitHubApi.TestGitHubApi.<>c__DisplayClass9_0.<Test_CreateGitHubIssue>b__0() in C:\\Users\\petko\\Downloads\\RestSharpExercise\\RestSharpExercise\\TestGitHubApi\\TestGitHubApi.cs:line 101\r\n   at NUnit.Framework.Assert.Multiple(TestDelegate testDelegate)\r\n   at TestGitHubApi.TestGitHubApi.Test_CreateGitHubIssue() in C:\\Users\\petko\\Downloads\\RestSharpExercise\\RestSharpExercise\\TestGitHubApi\\TestGitHubApi.cs:line 97\r\n\n2)    at TestGitHubApi.TestGitHubApi.<>c__DisplayClass9_0.<Test_CreateGitHubIssue>b__0() in C:\\Users\\petko\\Downloads\\RestSharpExercise\\RestSharpExercise\\TestGitHubApi\\TestGitHubApi.cs:line 102\r\n   at NUnit.Framework.Assert.Multiple(TestDelegate testDelegate)\r\n   at TestGitHubApi.TestGitHubApi.Test_CreateGitHubIssue() in C:\\Users\\petko\\Downloads\\RestSharpExercise\\RestSharpExercise\\TestGitHubApi\\TestGitHubApi.cs:line 97\r\n\n3)    at TestGitHubApi.TestGitHubApi.<>c__DisplayClass9_0.<Test_CreateGitHubIssue>b__0() in C:\\Users\\petko\\Downloads\\RestSharpExercise\\RestSharpExercise\\TestGitHubApi\\TestGitHubApi.cs:line 104\r\n   at NUnit.Framework.Assert.Multiple(TestDelegate testDelegate)\r\n   at TestGitHubApi.TestGitHubApi.Test_CreateGitHubIssue() in C:\\Users\\petko\\Downloads\\RestSharpExercise\\RestSharpExercise\\TestGitHubApi\\TestGitHubApi.cs:line 97\r\n\n","DisplayName":"Test_CreateGitHubIssue","Messages":[],"ComputerName":"KONSTANTIN","Duration":"00:00:00.1938050","StartTime":"2024-03-16T07:41:09.5807844+00:00","EndTime":"2024-03-16T07:41:09.7745898+00:00","Properties":[{"Key":{"Id":"NUnit.Seed","Label":"Seed","Category":"","Description":"","Attributes":0,"ValueType":"System.String"},"Value":"1940910324"}]},{"TestCase":{"Id":"9b973e98-df50-10a9-9952-35a3e72323af","FullyQualifiedName":"TestGitHubApi.TestGitHubApi.Test_CreateCommentOnGitHubIssue","DisplayName":"Test_CreateCommentOnGitHubIssue","ExecutorUri":"executor://NUnit3TestExecutor","Source":"C:\\Users\\petko\\Downloads\\RestSharpExercise\\RestSharpExercise\\TestGitHubApi\\bin\\Debug\\net6.0\\fine-code-coverage\\build-output\\TestGitHubApi.dll","CodeFilePath":null,"LineNumber":0,"Properties":[{"Key":{"Id":"NUnit.Seed","Label":"Seed","Category":"","Description":"","Attributes":0,"ValueType":"System.String"},"Value":"2062540903"}]},"Attachments":[],"Outcome":2,"ErrorMessage":"  Expected: \"This is the body of the new issue\"\r\n  But was:  null\r\n","ErrorStackTrace":"   at TestGitHubApi.TestGitHubApi.Test_CreateCommentOnGitHubIssue() in C:\\Users\\petko\\Downloads\\RestSharpExercise\\RestSharpExercise\\TestGitHubApi\\TestGitHubApi.cs:line 119\r\n\n1)    at TestGitHubApi.TestGitHubApi.Test_CreateCommentOnGitHubIssue() in C:\\Users\\petko\\Downloads\\RestSharpExercise\\RestSharpExercise\\TestGitHubApi\\TestGitHubApi.cs:line 119\r\n\n","DisplayName":"Test_CreateCommentOnGitHubIssue","Messages":[],"ComputerName":"KONSTANTIN","Duration":"00:00:00.1793480","StartTime":"2024-03-16T07:41:09.7746135+00:00","EndTime":"2024-03-16T07:41:09.9539609+00:00","Properties":[{"Key":{"Id":"NUnit.Seed","Label":"Seed","Category":"","Description":"","Attributes":0,"ValueType":"System.String"},"Value":"2062540903"}]},{"TestCase":{"Id":"ba8422e4-816b-be3d-39c2-90f78f8a2e73","FullyQualifiedName":"TestGitHubApi.TestGitHubApi.Test_GetCommentById","DisplayName":"Test_GetCommentById","ExecutorUri":"executor://NUnit3TestExecutor","Source":"C:\\Users\\petko\\Downloads\\RestSharpExercise\\RestSharpExercise\\TestGitHubApi\\bin\\Debug\\net6.0\\fine-code-coverage\\build-output\\TestGitHubApi.dll","CodeFilePath":null,"LineNumber":0,"Properties":[{"Key":{"Id":"NUnit.Seed","Label":"Seed","Category":"","Description":"","Attributes":0,"ValueType":"System.String"},"Value":"976438661"}]},"Attachments":[],"Outcome":1,"ErrorMessage":null,"ErrorStackTrace":null,"DisplayName":"Test_GetCommentById","Messages":[],"ComputerName":"KONSTANTIN","Duration":"00:00:00.0001350","StartTime":"2024-03-16T07:41:09.9539806+00:00","EndTime":"2024-03-16T07:41:09.9541156+00:00","Properties":[{"Key":{"Id":"NUnit.Seed","Label":"Seed","Category":"","Description":"","Attributes":0,"ValueType":"System.String"},"Value":"976438661"}]},{"TestCase":{"Id":"d6a3635e-d2fe-bc45-05a7-09c31e8c048b","FullyQualifiedName":"TestGitHubApi.TestGitHubApi.Test_EditCommentOnGitHubIssue","DisplayName":"Test_EditCommentOnGitHubIssue","ExecutorUri":"executor://NUnit3TestExecutor","Source":"C:\\Users\\petko\\Downloads\\RestSharpExercise\\RestSharpExercise\\TestGitHubApi\\bin\\Debug\\net6.0\\fine-code-coverage\\build-output\\TestGitHubApi.dll","CodeFilePath":null,"LineNumber":0,"Properties":[{"Key":{"Id":"NUnit.Seed","Label":"Seed","Category":"","Description":"","Attributes":0,"ValueType":"System.String"},"Value":"621803932"}]},"Attachments":[],"Outcome":1,"ErrorMessage":null,"ErrorStackTrace":null,"DisplayName":"Test_EditCommentOnGitHubIssue","Messages":[],"ComputerName":"KONSTANTIN","Duration":"00:00:00.0000370","StartTime":"2024-03-16T07:41:09.9541221+00:00","EndTime":"2024-03-16T07:41:09.9541589+00:00","Properties":[{"Key":{"Id":"NUnit.Seed","Label":"Seed","Category":"","Description":"","Attributes":0,"ValueType":"System.String"},"Value":"621803932"}]},{"TestCase":{"Id":"07976bf7-9d79-a829-1c3c-ea26405746e5","FullyQualifiedName":"TestGitHubApi.TestGitHubApi.Test_DeleteCommentOnGitHubIssue","DisplayName":"Test_DeleteCommentOnGitHubIssue","ExecutorUri":"executor://NUnit3TestExecutor","Source":"C:\\Users\\petko\\Downloads\\RestSharpExercise\\RestSharpExercise\\TestGitHubApi\\bin\\Debug\\net6.0\\fine-code-coverage\\build-output\\TestGitHubApi.dll","CodeFilePath":null,"LineNumber":0,"Properties":[{"Key":{"Id":"NUnit.Seed","Label":"Seed","Category":"","Description":"","Attributes":0,"ValueType":"System.String"},"Value":"843648563"}]},"Attachments":[],"Outcome":1,"ErrorMessage":null,"ErrorStackTrace":null,"DisplayName":"Test_DeleteCommentOnGitHubIssue","Messages":[],"ComputerName":"KONSTANTIN","Duration":"00:00:00.0000270","StartTime":"2024-03-16T07:41:09.9541629+00:00","EndTime":"2024-03-16T07:41:09.9541896+00:00","Properties":[{"Key":{"Id":"NUnit.Seed","Label":"Seed","Category":"","Description":"","Attributes":0,"ValueType":"System.String"},"Value":"843648563"}]}],"TestRunStatistics":{"ExecutedTests":9,"Stats":{"Failed":6,"Passed":3}},"ActiveTests":[]},"RunAttachments":[],"ExecutorUris":["executor://nunit3testexecutor/"]}}
TpTrace Verbose: 0 : 28704, 7, 2024/03/16, 07:41:09.973, 65809375139, vstest.console.dll, TestRequestSender.EndSession: Sending end session.
TpTrace Verbose: 0 : 28704, 7, 2024/03/16, 07:41:09.973, 65809376129, vstest.console.dll, ProxyOperationManager.Close: waiting for test host to exit for 100 ms
TpTrace Verbose: 0 : 28704, 13, 2024/03/16, 07:41:09.980, 65809440835, vstest.console.dll, TestHostManagerCallbacks.ctor: Experimental forwarding output is disabled.
TpTrace Warning: 0 : 28704, 13, 2024/03/16, 07:41:09.980, 65809441596, vstest.console.dll, TestHostManagerCallbacks.ErrorReceivedCallback Test host standard error line: 
TpTrace Verbose: 0 : 28704, 13, 2024/03/16, 07:41:09.985, 65809492613, vstest.console.dll, TestHostProvider.ExitCallBack: Host exited starting callback.
TpTrace Information: 0 : 28704, 13, 2024/03/16, 07:41:09.985, 65809493673, vstest.console.dll, TestHostManagerCallbacks.ExitCallBack: Testhost processId: 1096 exited with exitcode: 0 error: ''
TpTrace Verbose: 0 : 28704, 13, 2024/03/16, 07:41:09.985, 65809493978, vstest.console.dll, DotnetTestHostManager.OnHostExited: invoking OnHostExited callback
TpTrace Verbose: 0 : 28704, 13, 2024/03/16, 07:41:09.985, 65809494319, vstest.console.dll, CrossPlatEngine.TestHostManagerHostExited: calling on client process exit callback.
TpTrace Information: 0 : 28704, 13, 2024/03/16, 07:41:09.985, 65809494665, vstest.console.dll, TestRequestSender.OnClientProcessExit: Test host process exited. Standard error: 
TpTrace Information: 0 : 28704, 7, 2024/03/16, 07:41:09.985, 65809494872, vstest.console.dll, SocketServer.Stop: Stop server endPoint: 127.0.0.1:52011
TpTrace Information: 0 : 28704, 13, 2024/03/16, 07:41:09.985, 65809494983, vstest.console.dll, SocketServer.Stop: Stop server endPoint: 127.0.0.1:52011
TpTrace Information: 0 : 28704, 7, 2024/03/16, 07:41:09.985, 65809495172, vstest.console.dll, SocketServer.Stop: Cancellation requested. Stopping message loop.
TpTrace Information: 0 : 28704, 13, 2024/03/16, 07:41:09.985, 65809495308, vstest.console.dll, SocketServer.Stop: Cancellation requested. Stopping message loop.
TpTrace Verbose: 0 : 28704, 13, 2024/03/16, 07:41:09.985, 65809495616, vstest.console.dll, MulticastDelegateUtilities.SafeInvoke: HostProviderEvents.OnHostExited: Invoking callback 1/1 for Microsoft.VisualStudio.TestPlatform.CrossPlatEngine.Client.ProxyOperationManager., took 0 ms.
TpTrace Information: 0 : 28704, 7, 2024/03/16, 07:41:09.985, 65809496089, vstest.console.dll, Closing the connection
TpTrace Verbose: 0 : 28704, 7, 2024/03/16, 07:41:09.985, 65809497565, vstest.console.dll, ProxyDataCollectionManager.InvokeDataCollectionServiceAction: Starting.
TpTrace Information: 0 : 28704, 7, 2024/03/16, 07:41:09.985, 65809497868, vstest.console.dll, ProxyDataCollectionManager.AfterTestRunEnd: Get attachment set and invoked data collectors processId: 32984 port: 52008
TpTrace Verbose: 0 : 28704, 7, 2024/03/16, 07:41:09.985, 65809498154, vstest.console.dll, DataCollectionRequestSender.SendAfterTestRunStartAndGetResult: Send AfterTestRunEnd message with isCancelled: False
TpTrace Verbose: 0 : 28704, 7, 2024/03/16, 07:41:09.989, 65809530739, vstest.console.dll, DataCollectionRequestSender.SendAfterTestRunStartAndGetResult: Received message: (DataCollection.AfterTestRunEndResult) -> {"MessageType":"DataCollection.AfterTestRunEndResult","Payload":{"AttachmentSets":[],"InvokedDataCollectors":[{"Uri":"datacollector://Microsoft/TestPlatform/Extensions/Blame/v1","FriendlyName":"Blame","AssemblyQualifiedName":"Microsoft.TestPlatform.Extensions.BlameDataCollector.BlameCollector, Microsoft.TestPlatform.Extensions.BlameDataCollector, Version=15.0.0.0, Culture=neutral, PublicKeyToken=b03f5f7f11d50a3a","FilePath":"C:\\Program Files\\dotnet\\sdk\\8.0.100\\Extensions\\Microsoft.TestPlatform.Extensions.BlameDataCollector.dll","HasAttachmentProcessor":false}],"Metrics":{}}}
TpTrace Warning: 0 : 28704, 11, 2024/03/16, 07:41:09.991, 65809554259, vstest.console.dll, DataCollectionLauncher.ErrorReceivedCallback datacollector standard error line: 
TpTrace Information: 0 : 28704, 7, 2024/03/16, 07:41:09.992, 65809560351, vstest.console.dll, ProxyDataCollectionManager.InvokeDataCollectionServiceAction: Completed.
TpTrace Information: 0 : 28704, 11, 2024/03/16, 07:41:09.996, 65809602337, vstest.console.dll, DataCollectionLauncher.ExitCallBack: Data collector exited with exitcode: 0 error: ''
TpTrace Verbose: 0 : 28704, 7, 2024/03/16, 07:41:10.009, 65809737697, vstest.console.dll, TestRunRequest:SendTestRunStatsChange: Starting.
TpTrace Verbose: 0 : 28704, 7, 2024/03/16, 07:41:10.009, 65809738352, vstest.console.dll, MulticastDelegateUtilities.SafeInvoke: TestRun.RunStatsChanged: Invoking callbacks was skipped because there are no subscribers.
TpTrace Information: 0 : 28704, 7, 2024/03/16, 07:41:10.009, 65809738573, vstest.console.dll, TestRunRequest:SendTestRunStatsChange: Completed.
TpTrace Verbose: 0 : 28704, 7, 2024/03/16, 07:41:10.010, 65809740158, vstest.console.dll, ParallelProxyExecutionManager: HandlePartialRunComplete: Total workloads = 1, Total started clients = 1 Total completed clients = 1, Run complete = True, Run canceled: False.
TpTrace Verbose: 0 : 28704, 7, 2024/03/16, 07:41:10.010, 65809740426, vstest.console.dll, ParallelProxyExecutionManager: HandlePartialRunComplete: All runs completed stopping all managers.
TpTrace Verbose: 0 : 28704, 7, 2024/03/16, 07:41:10.010, 65809740597, vstest.console.dll, ParallelOperationManager.StopAllManagers: Stopping all managers.
TpTrace Verbose: 0 : 28704, 7, 2024/03/16, 07:41:10.010, 65809740725, vstest.console.dll, ParallelOperationManager.ClearSlots: Clearing all slots. Slots should accept more work: False
TpTrace Verbose: 0 : 28704, 7, 2024/03/16, 07:41:10.010, 65809740957, vstest.console.dll, ParallelOperationManager.SetOccupiedSlotCount: Setting slot counts AvailableSlotCount = 1, OccupiedSlotCount = 0.
TpTrace Verbose: 0 : 28704, 7, 2024/03/16, 07:41:10.010, 65809741171, vstest.console.dll, Occupied slots:

TpTrace Verbose: 0 : 28704, 4, 2024/03/16, 07:41:10.010, 65809741686, vstest.console.dll, MulticastDelegateUtilities.SafeInvoke: InternalTestLoggerEvents.SendTestResult: Invoking callback 1/1 for Microsoft.VisualStudio.TestPlatform.CommandLine.Internal.ConsoleLogger., took 0 ms.
TpTrace Verbose: 0 : 28704, 4, 2024/03/16, 07:41:10.010, 65809742822, vstest.console.dll, MulticastDelegateUtilities.SafeInvoke: InternalTestLoggerEvents.SendTestResult: Invoking callback 1/1 for Microsoft.VisualStudio.TestPlatform.CommandLine.Internal.ConsoleLogger., took 0 ms.
TpTrace Verbose: 0 : 28704, 4, 2024/03/16, 07:41:10.010, 65809743642, vstest.console.dll, MulticastDelegateUtilities.SafeInvoke: InternalTestLoggerEvents.SendTestResult: Invoking callback 1/1 for Microsoft.VisualStudio.TestPlatform.CommandLine.Internal.ConsoleLogger., took 0 ms.
TpTrace Verbose: 0 : 28704, 4, 2024/03/16, 07:41:10.010, 65809744396, vstest.console.dll, MulticastDelegateUtilities.SafeInvoke: InternalTestLoggerEvents.SendTestResult: Invoking callback 1/1 for Microsoft.VisualStudio.TestPlatform.CommandLine.Internal.ConsoleLogger., took 0 ms.
TpTrace Verbose: 0 : 28704, 4, 2024/03/16, 07:41:10.010, 65809744994, vstest.console.dll, MulticastDelegateUtilities.SafeInvoke: InternalTestLoggerEvents.SendTestResult: Invoking callback 1/1 for Microsoft.VisualStudio.TestPlatform.CommandLine.Internal.ConsoleLogger., took 0 ms.
TpTrace Verbose: 0 : 28704, 4, 2024/03/16, 07:41:10.010, 65809745220, vstest.console.dll, MulticastDelegateUtilities.SafeInvoke: InternalTestLoggerEvents.SendTestResult: Invoking callback 1/1 for Microsoft.VisualStudio.TestPlatform.CommandLine.Internal.ConsoleLogger., took 0 ms.
TpTrace Verbose: 0 : 28704, 4, 2024/03/16, 07:41:10.010, 65809746037, vstest.console.dll, MulticastDelegateUtilities.SafeInvoke: InternalTestLoggerEvents.SendTestResult: Invoking callback 1/1 for Microsoft.VisualStudio.TestPlatform.CommandLine.Internal.ConsoleLogger., took 0 ms.
TpTrace Verbose: 0 : 28704, 4, 2024/03/16, 07:41:10.011, 65809753103, vstest.console.dll, MulticastDelegateUtilities.SafeInvoke: InternalTestLoggerEvents.SendTestResult: Invoking callback 1/1 for Microsoft.VisualStudio.TestPlatform.CommandLine.Internal.ConsoleLogger., took 0 ms.
TpTrace Verbose: 0 : 28704, 4, 2024/03/16, 07:41:10.014, 65809780855, vstest.console.dll, MulticastDelegateUtilities.SafeInvoke: InternalTestLoggerEvents.SendTestRunComplete: Invoking callback 1/2 for Microsoft.TestPlatform.Extensions.BlameDataCollector.BlameLogger., took 0 ms.
TpTrace Verbose: 0 : 28704, 4, 2024/03/16, 07:41:10.016, 65809806001, vstest.console.dll, MulticastDelegateUtilities.SafeInvoke: InternalTestLoggerEvents.SendTestRunComplete: Invoking callback 2/2 for Microsoft.VisualStudio.TestPlatform.CommandLine.Internal.ConsoleLogger., took 2 ms.
TpTrace Verbose: 0 : 28704, 7, 2024/03/16, 07:41:10.017, 65809809770, vstest.console.dll, TestRunRequest:TestRunComplete: Starting. IsAborted:False IsCanceled:False.
TpTrace Verbose: 0 : 28704, 7, 2024/03/16, 07:41:10.017, 65809810557, vstest.console.dll, ParallelOperationManager.DoActionOnAllManagers: Calling an action on all managers.
TpTrace Verbose: 0 : 28704, 7, 2024/03/16, 07:41:10.017, 65809814233, vstest.console.dll, TestLoggerManager.HandleTestRunComplete: Ignoring as the object is disposed.
TpTrace Verbose: 0 : 28704, 7, 2024/03/16, 07:41:10.017, 65809815076, vstest.console.dll, MulticastDelegateUtilities.SafeInvoke: TestRun.TestRunComplete: Invoking callback 1/2 for Microsoft.VisualStudio.TestPlatform.CommandLine.TestRunResultAggregator., took 0 ms.
TpTrace Verbose: 0 : 28704, 7, 2024/03/16, 07:41:10.017, 65809815580, vstest.console.dll, MulticastDelegateUtilities.SafeInvoke: TestRun.TestRunComplete: Invoking callback 2/2 for Microsoft.VisualStudio.TestPlatform.CommandLine.Processors.RunTestsArgumentExecutor+TestRunRequestEventsRegistrar., took 0 ms.
TpTrace Information: 0 : 28704, 7, 2024/03/16, 07:41:10.017, 65809816008, vstest.console.dll, TestRunRequest:TestRunComplete: Completed.
TpTrace Verbose: 0 : 28704, 7, 2024/03/16, 07:41:10.017, 65809816198, vstest.console.dll, TestRequestSender.SetOperationComplete: Setting operation complete.
TpTrace Information: 0 : 28704, 7, 2024/03/16, 07:41:10.017, 65809816351, vstest.console.dll, SocketServer.Stop: Stop server endPoint: 127.0.0.1:52011
TpTrace Information: 0 : 28704, 7, 2024/03/16, 07:41:10.017, 65809816457, vstest.console.dll, SocketServer.Stop: Cancellation requested. Stopping message loop.
TpTrace Verbose: 0 : 28704, 7, 2024/03/16, 07:41:10.017, 65809816613, vstest.console.dll, MulticastDelegateUtilities.SafeInvoke: LengthPrefixCommunicationChannel: MessageReceived: Invoking callback 1/1 for Microsoft.VisualStudio.TestPlatform.CommunicationUtilities.TestRequestSender+<>c__DisplayClass34_0., took 44 ms.
TpTrace Information: 0 : 28704, 7, 2024/03/16, 07:41:10.017, 65809816794, vstest.console.dll, SocketServer.PrivateStop: Stopping server endPoint: 127.0.0.1:52011 error: 
TpTrace Verbose: 0 : 28704, 1, 2024/03/16, 07:41:10.017, 65809817189, vstest.console.dll, TestRunRequest.Dispose: Starting.
TpTrace Information: 0 : 28704, 1, 2024/03/16, 07:41:10.017, 65809817604, vstest.console.dll, TestRunRequest.Dispose: Completed.
TpTrace Information: 0 : 28704, 1, 2024/03/16, 07:41:10.017, 65809817791, vstest.console.dll, TestRequestManager.RunTests: run tests completed.
TpTrace Information: 0 : 28704, 1, 2024/03/16, 07:41:10.017, 65809818097, vstest.console.dll, RunTestsArgumentProcessor:Execute: Test run is completed.
TpTrace Verbose: 0 : 28704, 1, 2024/03/16, 07:41:10.017, 65809819198, vstest.console.dll, Executor.Execute: Exiting with exit code of 1
TpTrace Verbose: 0 : 28704, 7, 2024/03/16, 07:41:10.017, 65809819326, vstest.console.dll, LengthPrefixCommunicationChannel.Dispose: Dispose reader and writer.
TpTrace Information: 0 : 28704, 7, 2024/03/16, 07:41:10.018, 65809819733, vstest.console.dll, SocketServer.Stop: Raise disconnected event endPoint: 127.0.0.1:52011 error: 
TpTrace Verbose: 0 : 28704, 7, 2024/03/16, 07:41:10.018, 65809820128, vstest.console.dll, TestRequestSender: OnTestRunAbort: Operation is already complete. Skip error message.
TpTrace Verbose: 0 : 28704, 7, 2024/03/16, 07:41:10.018, 65809820273, vstest.console.dll, MulticastDelegateUtilities.SafeInvoke: SocketServer: ClientDisconnected: Invoking callback 1/1 for Microsoft.VisualStudio.TestPlatform.CommunicationUtilities.TestRequestSender., took 0 ms.
TpTrace Verbose: 0 : 28704, 7, 2024/03/16, 07:41:10.018, 65809820399, vstest.console.dll, TcpClientExtensions.MessageLoopAsync: exiting MessageLoopAsync remoteEndPoint: 127.0.0.1:52012 localEndPoint: 127.0.0.1:52011
